2026-05-29T18:45:06.197303078Z SERVER 4 VOTES VOTE FOR SERVER 2
2026-05-29T18:45:06.218536433Z FOLLOWER 4 RECEIVES REQUEST 1
2026-05-29T18:45:06.23585471Z FOLLOWER 4 RECEIVES REQUEST 2
2026-05-29T18:45:06.255726304Z FOLLOWER 4 RECEIVES REQUEST 3
2026-05-29T18:45:06.276082643Z FOLLOWER 4 RECEIVES REQUEST 4
2026-05-29T18:45:06.295937128Z FOLLOWER 4 RECEIVES REQUEST 5
2026-05-29T18:45:06.312827981Z FOLLOWER 4 RECEIVES REQUEST 6
2026-05-29T18:45:06.340130601Z FOLLOWER 4 RECEIVES REQUEST 7
2026-05-29T18:45:06.35853293Z FOLLOWER 4 RECEIVES REQUEST 8
2026-05-29T18:45:06.378253426Z FOLLOWER 4 RECEIVES REQUEST 9
2026-05-29T18:45:06.399653392Z FOLLOWER 4 RECEIVES REQUEST 10
2026-05-29T18:45:06.422387222Z FOLLOWER 4 RECEIVES REQUEST 11
2026-05-29T18:45:06.446005265Z FOLLOWER 4 RECEIVES REQUEST 12
2026-05-29T18:45:06.462038853Z FOLLOWER 4 RECEIVES REQUEST 13
2026-05-29T18:45:06.492449427Z FOLLOWER 4 RECEIVES REQUEST 14
2026-05-29T18:45:06.512801565Z FOLLOWER 4 RECEIVES REQUEST 15
2026-05-29T18:45:06.536343842Z FOLLOWER 4 RECEIVES REQUEST 16
2026-05-29T18:45:06.559473624Z FOLLOWER 4 RECEIVES REQUEST 17
2026-05-29T18:45:06.595079007Z FOLLOWER 4 RECEIVES REQUEST 18
2026-05-29T18:45:06.624919566Z FOLLOWER 4 RECEIVES REQUEST 19
2026-05-29T18:45:06.664479614Z FOLLOWER 4 RECEIVES REQUEST 20
2026-05-29T18:45:07.80403502Z SERVER 4 VOTES VOTE FOR SERVER 1
2026-05-29T18:45:07.921024888Z FOLLOWER 4 RECEIVES REQUEST 21
2026-05-29T18:45:07.935211719Z FOLLOWER 4 RECEIVES REQUEST 22
2026-05-29T18:45:07.954306427Z FOLLOWER 4 RECEIVES REQUEST 23
2026-05-29T18:45:07.969292407Z FOLLOWER 4 RECEIVES REQUEST 24
2026-05-29T18:45:07.98966325Z FOLLOWER 4 RECEIVES REQUEST 25
2026-05-29T18:45:08.012261Z FOLLOWER 4 RECEIVES REQUEST 26
2026-05-29T18:45:08.036774776Z FOLLOWER 4 RECEIVES REQUEST 27
2026-05-29T18:45:08.059868569Z FOLLOWER 4 RECEIVES REQUEST 28
2026-05-29T18:45:08.083488772Z FOLLOWER 4 RECEIVES REQUEST 29
2026-05-29T18:45:08.102807704Z FOLLOWER 4 RECEIVES REQUEST 30
2026-05-29T18:45:08.122913672Z FOLLOWER 4 RECEIVES REQUEST 31
2026-05-29T18:45:08.159261072Z FOLLOWER 4 RECEIVES REQUEST 32
2026-05-29T18:45:08.183017632Z FOLLOWER 4 RECEIVES REQUEST 33
2026-05-29T18:45:08.218744536Z FOLLOWER 4 RECEIVES REQUEST 34
2026-05-29T18:45:08.258487633Z FOLLOWER 4 RECEIVES REQUEST 35
2026-05-29T18:45:08.295706012Z FOLLOWER 4 RECEIVES REQUEST 36
2026-05-29T18:45:08.341020339Z FOLLOWER 4 RECEIVES REQUEST 37
2026-05-29T18:45:08.380457943Z FOLLOWER 4 RECEIVES REQUEST 38
2026-05-29T18:45:08.442682765Z FOLLOWER 4 RECEIVES REQUEST 39
2026-05-29T18:45:08.490922288Z FOLLOWER 4 RECEIVES REQUEST 40
2026-05-29T18:45:08.555201976Z FOLLOWER 4 RECEIVES REQUEST 41
2026-05-29T18:45:08.62112185Z FOLLOWER 4 RECEIVES REQUEST 42
2026-05-29T18:45:08.684233903Z FOLLOWER 4 RECEIVES REQUEST 43
2026-05-29T18:45:08.687614354Z FOLLOWER 4 RECEIVES REQUEST 43
2026-05-29T18:45:08.744512334Z FOLLOWER 4 RECEIVES REQUEST 44
2026-05-29T18:45:08.815677419Z FOLLOWER 4 RECEIVES REQUEST 45
2026-05-29T18:45:08.872004675Z FOLLOWER 4 RECEIVES REQUEST 46
2026-05-29T18:45:08.926752941Z FOLLOWER 4 RECEIVES REQUEST 47
2026-05-29T18:45:08.979584354Z FOLLOWER 4 RECEIVES REQUEST 48
2026-05-29T18:45:09.026962948Z FOLLOWER 4 RECEIVES REQUEST 49
2026-05-29T18:45:09.060051444Z FOLLOWER 4 RECEIVES REQUEST 50
2026-05-29T18:45:10.238783532Z SERVER 4 VOTES VOTE FOR SERVER 1
2026-05-29T18:45:10.360709983Z FOLLOWER 4 RECEIVES REQUEST 51
2026-05-29T18:45:10.376458857Z FOLLOWER 4 RECEIVES REQUEST 52
2026-05-29T18:45:10.40152559Z FOLLOWER 4 RECEIVES REQUEST 53
2026-05-29T18:45:10.419148551Z FOLLOWER 4 RECEIVES REQUEST 54
2026-05-29T18:45:10.437100726Z FOLLOWER 4 RECEIVES REQUEST 55
2026-05-29T18:45:10.454329281Z FOLLOWER 4 RECEIVES REQUEST 56
2026-05-29T18:45:10.481170279Z FOLLOWER 4 RECEIVES REQUEST 57
2026-05-29T18:45:10.499289291Z FOLLOWER 4 RECEIVES REQUEST 58
2026-05-29T18:45:10.520476681Z FOLLOWER 4 RECEIVES REQUEST 59
2026-05-29T18:45:10.537891745Z FOLLOWER 4 RECEIVES REQUEST 60
2026-05-29T18:45:10.542273491Z FOLLOWER 4 RECEIVES REQUEST 60
2026-05-29T18:45:10.570062933Z FOLLOWER 4 RECEIVES REQUEST 61
2026-05-29T18:45:10.587437579Z FOLLOWER 4 RECEIVES REQUEST 62
2026-05-29T18:45:10.609513744Z FOLLOWER 4 RECEIVES REQUEST 63
2026-05-29T18:45:10.625162642Z FOLLOWER 4 RECEIVES REQUEST 64
2026-05-29T18:45:10.651533609Z FOLLOWER 4 RECEIVES REQUEST 65
2026-05-29T18:45:10.669638706Z FOLLOWER 4 RECEIVES REQUEST 66
2026-05-29T18:45:10.690542711Z FOLLOWER 4 RECEIVES REQUEST 67
2026-05-29T18:45:10.708568912Z FOLLOWER 4 RECEIVES REQUEST 68
2026-05-29T18:45:10.7264087Z FOLLOWER 4 RECEIVES REQUEST 69
2026-05-29T18:45:10.750202152Z FOLLOWER 4 RECEIVES REQUEST 70
2026-05-29T18:45:10.771167287Z FOLLOWER 4 RECEIVES REQUEST 71
2026-05-29T18:45:10.791851593Z FOLLOWER 4 RECEIVES REQUEST 72
2026-05-29T18:45:10.808979512Z FOLLOWER 4 RECEIVES REQUEST 73
2026-05-29T18:45:10.813074788Z FOLLOWER 4 RECEIVES REQUEST 73
2026-05-29T18:45:10.830716151Z FOLLOWER 4 RECEIVES REQUEST 74
2026-05-29T18:45:10.849148632Z FOLLOWER 4 RECEIVES REQUEST 75
2026-05-29T18:45:10.868622756Z FOLLOWER 4 RECEIVES REQUEST 76
2026-05-29T18:45:10.892262234Z FOLLOWER 4 RECEIVES REQUEST 77
2026-05-29T18:45:10.912896628Z FOLLOWER 4 RECEIVES REQUEST 78
2026-05-29T18:45:10.931158837Z FOLLOWER 4 RECEIVES REQUEST 79
2026-05-29T18:45:10.994514422Z FOLLOWER 4 RECEIVES REQUEST 80
2026-05-29T18:45:11.016296189Z FOLLOWER 4 RECEIVES REQUEST 81
2026-05-29T18:45:11.045074731Z FOLLOWER 4 RECEIVES REQUEST 82
2026-05-29T18:45:11.069998252Z FOLLOWER 4 RECEIVES REQUEST 83
2026-05-29T18:45:11.088113079Z FOLLOWER 4 RECEIVES REQUEST 84
2026-05-29T18:45:11.110927603Z FOLLOWER 4 RECEIVES REQUEST 85
2026-05-29T18:45:11.127995292Z FOLLOWER 4 RECEIVES REQUEST 86
2026-05-29T18:45:11.15411646Z FOLLOWER 4 RECEIVES REQUEST 87
2026-05-29T18:45:11.173805626Z FOLLOWER 4 RECEIVES REQUEST 88
2026-05-29T18:45:11.194544286Z FOLLOWER 4 RECEIVES REQUEST 89
2026-05-29T18:45:11.214363249Z FOLLOWER 4 RECEIVES REQUEST 90
2026-05-29T11:55:28.8042313-07:00 SERVER 4 VOTES VOTE FOR SERVER 1
2026-05-29T11:56:30.1424708-07:00 CANDIDATE SERVER 4 SENDING A VOTING REQUEST
2026-05-29T11:56:30.1464109-07:00 CANDIDATE SERVER 4 WINS THE ELECTION FOR TERM 2
2026-05-29T11:56:45.8015349-07:00 LEADER SERVER 4 RECEIVES REQUEST 21 FROM CLIENT
2026-05-29T11:56:45.8027427-07:00 LEADER SENDS REQUEST 21 TO SERVER 3
2026-05-29T11:56:45.803257-07:00 LEADER SENDS REQUEST 21 TO SERVER 1
2026-05-29T11:56:45.8044438-07:00 LEADER SENDS REQUEST 21 TO SERVER 5
2026-05-29T11:56:45.8049602-07:00 LEADER SENDS REQUEST 21 TO SERVER 2
2026-05-29T11:56:45.8054765-07:00 LEADER RECEIVES ACK FROM SERVER 3 FOR REQUEST 21
2026-05-29T11:56:45.8060046-07:00 LEADER RECEIVES ACK FROM SERVER 2 FOR REQUEST 21
2026-05-29T11:56:45.8070313-07:00 LEADER SERVER 4 RECEIVES REQUEST 22 FROM CLIENT
2026-05-29T11:56:45.8075539-07:00 LEADER SENDS REQUEST 22 TO SERVER 5
2026-05-29T11:56:45.8080665-07:00 LEADER SENDS REQUEST 22 TO SERVER 2
2026-05-29T11:56:45.8085912-07:00 LEADER SENDS REQUEST 22 TO SERVER 1
2026-05-29T11:56:45.8096315-07:00 LEADER SENDS REQUEST 22 TO SERVER 3
2026-05-29T11:56:45.8101468-07:00 LEADER RECEIVES ACK FROM SERVER 2 FOR REQUEST 22
2026-05-29T11:56:45.8106632-07:00 LEADER RECEIVES ACK FROM SERVER 3 FOR REQUEST 22
2026-05-29T11:56:45.8117011-07:00 LEADER SERVER 4 RECEIVES REQUEST 23 FROM CLIENT
2026-05-29T11:56:45.8122237-07:00 LEADER SENDS REQUEST 23 TO SERVER 1
2026-05-29T11:56:45.8127463-07:00 LEADER SENDS REQUEST 23 TO SERVER 3
2026-05-29T11:56:45.8132638-07:00 LEADER SENDS REQUEST 23 TO SERVER 2
2026-05-29T11:56:45.8137825-07:00 LEADER SENDS REQUEST 23 TO SERVER 5
2026-05-29T11:56:45.8148206-07:00 LEADER RECEIVES ACK FROM SERVER 3 FOR REQUEST 23
2026-05-29T11:56:45.8153366-07:00 LEADER RECEIVES ACK FROM SERVER 2 FOR REQUEST 23
2026-05-29T11:56:45.8163653-07:00 LEADER SERVER 4 RECEIVES REQUEST 24 FROM CLIENT
2026-05-29T11:56:45.8174038-07:00 LEADER SENDS REQUEST 24 TO SERVER 5
2026-05-29T11:56:45.8179953-07:00 LEADER SENDS REQUEST 24 TO SERVER 2
2026-05-29T11:56:45.8185195-07:00 LEADER SENDS REQUEST 24 TO SERVER 1
2026-05-29T11:56:45.8190388-07:00 LEADER SENDS REQUEST 24 TO SERVER 3
2026-05-29T11:56:45.819556-07:00 LEADER RECEIVES ACK FROM SERVER 2 FOR REQUEST 24
2026-05-29T11:56:45.8205955-07:00 LEADER RECEIVES ACK FROM SERVER 3 FOR REQUEST 24
2026-05-29T11:56:45.821684-07:00 LEADER SERVER 4 RECEIVES REQUEST 25 FROM CLIENT
2026-05-29T11:56:45.8227346-07:00 LEADER SENDS REQUEST 25 TO SERVER 3
2026-05-29T11:56:45.823249-07:00 LEADER SENDS REQUEST 25 TO SERVER 1
2026-05-29T11:56:45.8237729-07:00 LEADER SENDS REQUEST 25 TO SERVER 5
2026-05-29T11:56:45.8242931-07:00 LEADER SENDS REQUEST 25 TO SERVER 2
2026-05-29T11:56:45.8248058-07:00 LEADER RECEIVES ACK FROM SERVER 3 FOR REQUEST 25
2026-05-29T11:56:45.8253325-07:00 LEADER RECEIVES ACK FROM SERVER 2 FOR REQUEST 25
2026-05-29T11:56:45.8268866-07:00 LEADER SERVER 4 RECEIVES REQUEST 26 FROM CLIENT
2026-05-29T11:56:45.82742-07:00 LEADER SENDS REQUEST 26 TO SERVER 3
2026-05-29T11:56:45.8279316-07:00 LEADER SENDS REQUEST 26 TO SERVER 1
2026-05-29T11:56:45.828453-07:00 LEADER SENDS REQUEST 26 TO SERVER 5
2026-05-29T11:56:45.8289782-07:00 LEADER SENDS REQUEST 26 TO SERVER 2
2026-05-29T11:56:45.8295103-07:00 LEADER RECEIVES ACK FROM SERVER 3 FOR REQUEST 26
2026-05-29T11:56:45.830551-07:00 LEADER RECEIVES ACK FROM SERVER 2 FOR REQUEST 26
2026-05-29T11:56:45.8322406-07:00 LEADER SERVER 4 RECEIVES REQUEST 27 FROM CLIENT
2026-05-29T11:56:45.8327631-07:00 LEADER SENDS REQUEST 27 TO SERVER 2
2026-05-29T11:56:45.8337692-07:00 LEADER SENDS REQUEST 27 TO SERVER 5
2026-05-29T11:56:45.8347942-07:00 LEADER SENDS REQUEST 27 TO SERVER 3
2026-05-29T11:56:45.8353169-07:00 LEADER SENDS REQUEST 27 TO SERVER 1
2026-05-29T11:56:45.8358383-07:00 LEADER RECEIVES ACK FROM SERVER 2 FOR REQUEST 27
2026-05-29T11:56:45.8369524-07:00 LEADER RECEIVES ACK FROM SERVER 3 FOR REQUEST 27
2026-05-29T11:56:45.8385075-07:00 LEADER SERVER 4 RECEIVES REQUEST 28 FROM CLIENT
2026-05-29T11:56:45.8390302-07:00 LEADER SENDS REQUEST 28 TO SERVER 3
2026-05-29T11:56:45.8395553-07:00 LEADER SENDS REQUEST 28 TO SERVER 1
2026-05-29T11:56:45.8406014-07:00 LEADER SENDS REQUEST 28 TO SERVER 5
2026-05-29T11:56:45.8411324-07:00 LEADER SENDS REQUEST 28 TO SERVER 2
2026-05-29T11:56:45.8416577-07:00 LEADER RECEIVES ACK FROM SERVER 3 FOR REQUEST 28
2026-05-29T11:56:45.8426925-07:00 LEADER RECEIVES ACK FROM SERVER 2 FOR REQUEST 28
2026-05-29T11:56:45.8442508-07:00 LEADER SERVER 4 RECEIVES REQUEST 29 FROM CLIENT
2026-05-29T11:56:45.8447703-07:00 LEADER SENDS REQUEST 29 TO SERVER 3
2026-05-29T11:56:45.8452907-07:00 LEADER SENDS REQUEST 29 TO SERVER 1
2026-05-29T11:56:45.8463174-07:00 LEADER SENDS REQUEST 29 TO SERVER 5
2026-05-29T11:56:45.8468439-07:00 LEADER SENDS REQUEST 29 TO SERVER 2
2026-05-29T11:56:45.8478876-07:00 LEADER RECEIVES ACK FROM SERVER 3 FOR REQUEST 29
2026-05-29T11:56:45.8483978-07:00 LEADER RECEIVES ACK FROM SERVER 2 FOR REQUEST 29
2026-05-29T11:56:45.8499572-07:00 LEADER SERVER 4 RECEIVES REQUEST 30 FROM CLIENT
2026-05-29T11:56:45.8505505-07:00 LEADER SENDS REQUEST 30 TO SERVER 5
2026-05-29T11:56:45.8511149-07:00 LEADER SENDS REQUEST 30 TO SERVER 2
2026-05-29T11:56:45.8517263-07:00 LEADER SENDS REQUEST 30 TO SERVER 1
2026-05-29T11:56:45.8522561-07:00 LEADER SENDS REQUEST 30 TO SERVER 3
2026-05-29T11:56:45.8527749-07:00 LEADER RECEIVES ACK FROM SERVER 2 FOR REQUEST 30
2026-05-29T11:56:45.8538258-07:00 LEADER RECEIVES ACK FROM SERVER 3 FOR REQUEST 30
2026-05-29T11:56:45.8554204-07:00 LEADER SERVER 4 RECEIVES REQUEST 31 FROM CLIENT
2026-05-29T11:56:45.8559552-07:00 LEADER SENDS REQUEST 31 TO SERVER 5
2026-05-29T11:56:45.8564761-07:00 LEADER SENDS REQUEST 31 TO SERVER 2
2026-05-29T11:56:45.8575259-07:00 LEADER SENDS REQUEST 31 TO SERVER 1
2026-05-29T11:56:45.8580498-07:00 LEADER SENDS REQUEST 31 TO SERVER 3
2026-05-29T11:56:45.8585729-07:00 LEADER RECEIVES ACK FROM SERVER 2 FOR REQUEST 31
2026-05-29T11:56:45.8596878-07:00 LEADER RECEIVES ACK FROM SERVER 3 FOR REQUEST 31
2026-05-29T11:56:45.8607429-07:00 LEADER SERVER 4 RECEIVES REQUEST 32 FROM CLIENT
2026-05-29T11:56:45.8617809-07:00 LEADER SENDS REQUEST 32 TO SERVER 5
2026-05-29T11:56:45.8622993-07:00 LEADER SENDS REQUEST 32 TO SERVER 2
2026-05-29T11:56:45.8628241-07:00 LEADER SENDS REQUEST 32 TO SERVER 1
2026-05-29T11:56:45.8633462-07:00 LEADER SENDS REQUEST 32 TO SERVER 3
2026-05-29T11:56:45.8643907-07:00 LEADER RECEIVES ACK FROM SERVER 2 FOR REQUEST 32
2026-05-29T11:56:45.8649059-07:00 LEADER RECEIVES ACK FROM SERVER 3 FOR REQUEST 32
2026-05-29T11:56:45.865945-07:00 LEADER SERVER 4 RECEIVES REQUEST 33 FROM CLIENT
2026-05-29T11:56:45.8665061-07:00 LEADER SENDS REQUEST 33 TO SERVER 3
2026-05-29T11:56:45.8676644-07:00 LEADER SENDS REQUEST 33 TO SERVER 1
2026-05-29T11:56:45.8681764-07:00 LEADER SENDS REQUEST 33 TO SERVER 5
2026-05-29T11:56:45.8687011-07:00 LEADER SENDS REQUEST 33 TO SERVER 2
2026-05-29T11:56:45.8692263-07:00 LEADER RECEIVES ACK FROM SERVER 3 FOR REQUEST 33
2026-05-29T11:56:45.869743-07:00 LEADER RECEIVES ACK FROM SERVER 2 FOR REQUEST 33
2026-05-29T11:56:45.871321-07:00 LEADER SERVER 4 RECEIVES REQUEST 34 FROM CLIENT
2026-05-29T11:56:45.8718432-07:00 LEADER SENDS REQUEST 34 TO SERVER 3
2026-05-29T11:56:45.8723608-07:00 LEADER SENDS REQUEST 34 TO SERVER 1
2026-05-29T11:56:45.8728757-07:00 LEADER SENDS REQUEST 34 TO SERVER 5
2026-05-29T11:56:45.8734564-07:00 LEADER SENDS REQUEST 34 TO SERVER 2
2026-05-29T11:56:45.8739736-07:00 LEADER RECEIVES ACK FROM SERVER 3 FOR REQUEST 34
2026-05-29T11:56:45.8750439-07:00 LEADER RECEIVES ACK FROM SERVER 2 FOR REQUEST 34
2026-05-29T11:56:45.8760832-07:00 LEADER SERVER 4 RECEIVES REQUEST 35 FROM CLIENT
2026-05-29T11:56:45.8766107-07:00 LEADER SENDS REQUEST 35 TO SERVER 1
2026-05-29T11:56:45.8771351-07:00 LEADER SENDS REQUEST 35 TO SERVER 3
2026-05-29T11:56:45.8776486-07:00 LEADER SENDS REQUEST 35 TO SERVER 5
2026-05-29T11:56:45.8786981-07:00 LEADER SENDS REQUEST 35 TO SERVER 2
2026-05-29T11:56:45.8792414-07:00 LEADER RECEIVES ACK FROM SERVER 3 FOR REQUEST 35
2026-05-29T11:56:45.8797659-07:00 LEADER RECEIVES ACK FROM SERVER 2 FOR REQUEST 35
2026-05-29T11:56:45.8808005-07:00 LEADER SERVER 4 RECEIVES REQUEST 36 FROM CLIENT
2026-05-29T11:56:45.881318-07:00 LEADER SENDS REQUEST 36 TO SERVER 5
2026-05-29T11:56:45.8819065-07:00 LEADER SENDS REQUEST 36 TO SERVER 2
2026-05-29T11:56:45.8824291-07:00 LEADER SENDS REQUEST 36 TO SERVER 1
2026-05-29T11:56:45.882951-07:00 LEADER SENDS REQUEST 36 TO SERVER 3
2026-05-29T11:56:45.8839798-07:00 LEADER RECEIVES ACK FROM SERVER 2 FOR REQUEST 36
2026-05-29T11:56:45.8844913-07:00 LEADER RECEIVES ACK FROM SERVER 3 FOR REQUEST 36
2026-05-29T11:56:45.8860443-07:00 LEADER SERVER 4 RECEIVES REQUEST 37 FROM CLIENT
2026-05-29T11:56:45.8865669-07:00 LEADER SENDS REQUEST 37 TO SERVER 1
2026-05-29T11:56:45.88709-07:00 LEADER SENDS REQUEST 37 TO SERVER 3
2026-05-29T11:56:45.8876102-07:00 LEADER SENDS REQUEST 37 TO SERVER 2
2026-05-29T11:56:45.8881192-07:00 LEADER SENDS REQUEST 37 TO SERVER 5
2026-05-29T11:56:45.8891547-07:00 LEADER RECEIVES ACK FROM SERVER 3 FOR REQUEST 37
2026-05-29T11:56:45.8896788-07:00 LEADER RECEIVES ACK FROM SERVER 2 FOR REQUEST 37
2026-05-29T11:56:45.8907117-07:00 LEADER SERVER 4 RECEIVES REQUEST 38 FROM CLIENT
2026-05-29T11:56:45.891742-07:00 LEADER SENDS REQUEST 38 TO SERVER 3
2026-05-29T11:56:45.8922757-07:00 LEADER SENDS REQUEST 38 TO SERVER 1
2026-05-29T11:56:45.8927889-07:00 LEADER SENDS REQUEST 38 TO SERVER 5
2026-05-29T11:56:45.8933119-07:00 LEADER SENDS REQUEST 38 TO SERVER 2
2026-05-29T11:56:45.8938267-07:00 LEADER RECEIVES ACK FROM SERVER 3 FOR REQUEST 38
2026-05-29T11:56:45.89434-07:00 LEADER RECEIVES ACK FROM SERVER 2 FOR REQUEST 38
2026-05-29T11:56:45.8958928-07:00 LEADER SERVER 4 RECEIVES REQUEST 39 FROM CLIENT
2026-05-29T11:56:45.8964054-07:00 LEADER SENDS REQUEST 39 TO SERVER 5
2026-05-29T11:56:45.8969277-07:00 LEADER SENDS REQUEST 39 TO SERVER 2
2026-05-29T11:56:45.8974929-07:00 LEADER SENDS REQUEST 39 TO SERVER 1
2026-05-29T11:56:45.8985193-07:00 LEADER SENDS REQUEST 39 TO SERVER 3
2026-05-29T11:56:45.8990359-07:00 LEADER RECEIVES ACK FROM SERVER 2 FOR REQUEST 39
2026-05-29T11:56:45.8995575-07:00 LEADER RECEIVES ACK FROM SERVER 3 FOR REQUEST 39
2026-05-29T11:56:45.9006089-07:00 LEADER SERVER 4 RECEIVES REQUEST 40 FROM CLIENT
2026-05-29T11:56:45.9016781-07:00 LEADER SENDS REQUEST 40 TO SERVER 1
2026-05-29T11:56:45.9022023-07:00 LEADER SENDS REQUEST 40 TO SERVER 3
2026-05-29T11:56:45.9027183-07:00 LEADER SENDS REQUEST 40 TO SERVER 2
2026-05-29T11:56:45.9032395-07:00 LEADER SENDS REQUEST 40 TO SERVER 5
2026-05-29T11:56:45.9042874-07:00 LEADER RECEIVES ACK FROM SERVER 3 FOR REQUEST 40
2026-05-29T11:56:45.904807-07:00 LEADER RECEIVES ACK FROM SERVER 2 FOR REQUEST 40
2026-05-29T11:56:45.9058422-07:00 LEADER SERVER 4 RECEIVES REQUEST 41 FROM CLIENT
2026-05-29T11:56:45.9068921-07:00 LEADER SENDS REQUEST 41 TO SERVER 2
2026-05-29T11:56:45.9074014-07:00 LEADER SENDS REQUEST 41 TO SERVER 5
2026-05-29T11:56:45.9079317-07:00 LEADER SENDS REQUEST 41 TO SERVER 3
2026-05-29T11:56:45.9084509-07:00 LEADER SENDS REQUEST 41 TO SERVER 1
2026-05-29T11:56:45.9089677-07:00 LEADER RECEIVES ACK FROM SERVER 2 FOR REQUEST 41
2026-05-29T11:56:45.909494-07:00 LEADER RECEIVES ACK FROM SERVER 3 FOR REQUEST 41
2026-05-29T11:56:45.9110378-07:00 LEADER SERVER 4 RECEIVES REQUEST 42 FROM CLIENT
2026-05-29T11:56:45.9115499-07:00 LEADER SENDS REQUEST 42 TO SERVER 3
2026-05-29T11:56:45.9120663-07:00 LEADER SENDS REQUEST 42 TO SERVER 1
2026-05-29T11:56:45.9126334-07:00 LEADER SENDS REQUEST 42 TO SERVER 5
2026-05-29T11:56:45.9136728-07:00 LEADER SENDS REQUEST 42 TO SERVER 2
2026-05-29T11:56:45.9141946-07:00 LEADER RECEIVES ACK FROM SERVER 3 FOR REQUEST 42
2026-05-29T11:56:45.9147055-07:00 LEADER RECEIVES ACK FROM SERVER 2 FOR REQUEST 42
2026-05-29T11:56:45.9157395-07:00 LEADER SERVER 4 RECEIVES REQUEST 43 FROM CLIENT
2026-05-29T11:56:45.9162517-07:00 LEADER SENDS REQUEST 43 TO SERVER 1
2026-05-29T11:56:45.9167735-07:00 LEADER SENDS REQUEST 43 TO SERVER 3
2026-05-29T11:56:45.9177933-07:00 LEADER SENDS REQUEST 43 TO SERVER 2
2026-05-29T11:56:45.9183079-07:00 LEADER SENDS REQUEST 43 TO SERVER 5
2026-05-29T11:56:45.9188321-07:00 LEADER RECEIVES ACK FROM SERVER 3 FOR REQUEST 43
2026-05-29T11:56:45.9193486-07:00 LEADER RECEIVES ACK FROM SERVER 2 FOR REQUEST 43
2026-05-29T11:56:45.9209407-07:00 LEADER SERVER 4 RECEIVES REQUEST 44 FROM CLIENT
2026-05-29T11:56:45.921464-07:00 LEADER SENDS REQUEST 44 TO SERVER 1
2026-05-29T11:56:45.921988-07:00 LEADER SENDS REQUEST 44 TO SERVER 3
2026-05-29T11:56:45.9225077-07:00 LEADER SENDS REQUEST 44 TO SERVER 2
2026-05-29T11:56:45.9235474-07:00 LEADER SENDS REQUEST 44 TO SERVER 5
2026-05-29T11:56:45.9240683-07:00 LEADER RECEIVES ACK FROM SERVER 3 FOR REQUEST 44
2026-05-29T11:56:45.9245903-07:00 LEADER RECEIVES ACK FROM SERVER 2 FOR REQUEST 44
2026-05-29T11:56:45.9256298-07:00 LEADER SERVER 4 RECEIVES REQUEST 45 FROM CLIENT
2026-05-29T11:56:45.9261444-07:00 LEADER SENDS REQUEST 45 TO SERVER 2
2026-05-29T11:56:45.9271786-07:00 LEADER SENDS REQUEST 45 TO SERVER 5
2026-05-29T11:56:45.9277307-07:00 LEADER SENDS REQUEST 45 TO SERVER 3
2026-05-29T11:56:45.9282408-07:00 LEADER SENDS REQUEST 45 TO SERVER 1
2026-05-29T11:56:45.9287736-07:00 LEADER RECEIVES ACK FROM SERVER 2 FOR REQUEST 45
2026-05-29T11:56:45.9292974-07:00 LEADER RECEIVES ACK FROM SERVER 3 FOR REQUEST 45
2026-05-29T11:56:45.9303245-07:00 LEADER SERVER 4 RECEIVES REQUEST 46 FROM CLIENT
2026-05-29T11:56:45.9313627-07:00 LEADER SENDS REQUEST 46 TO SERVER 3
2026-05-29T11:56:45.9319079-07:00 LEADER SENDS REQUEST 46 TO SERVER 1
2026-05-29T11:56:45.9324234-07:00 LEADER RECEIVES ACK FROM SERVER 3 FOR REQUEST 46
2026-05-29T11:56:45.9329376-07:00 LEADER SENDS REQUEST 46 TO SERVER 2
2026-05-29T11:56:45.9334642-07:00 LEADER SENDS REQUEST 46 TO SERVER 5
2026-05-29T11:56:45.9339841-07:00 LEADER RECEIVES ACK FROM SERVER 2 FOR REQUEST 46
2026-05-29T11:56:45.9350152-07:00 LEADER SERVER 4 RECEIVES REQUEST 47 FROM CLIENT
2026-05-29T11:56:45.9360766-07:00 LEADER SENDS REQUEST 47 TO SERVER 2
2026-05-29T11:56:45.9365954-07:00 LEADER SENDS REQUEST 47 TO SERVER 5
2026-05-29T11:56:45.9371408-07:00 LEADER SENDS REQUEST 47 TO SERVER 3
2026-05-29T11:56:45.9376538-07:00 LEADER SENDS REQUEST 47 TO SERVER 1
2026-05-29T11:56:45.9381729-07:00 LEADER RECEIVES ACK FROM SERVER 2 FOR REQUEST 47
2026-05-29T11:56:45.9386825-07:00 LEADER RECEIVES ACK FROM SERVER 3 FOR REQUEST 47
2026-05-29T11:56:45.9402881-07:00 LEADER SERVER 4 RECEIVES REQUEST 48 FROM CLIENT
2026-05-29T11:56:45.9408052-07:00 LEADER SENDS REQUEST 48 TO SERVER 1
2026-05-29T11:56:45.9413266-07:00 LEADER SENDS REQUEST 48 TO SERVER 3
2026-05-29T11:56:45.9418409-07:00 LEADER SENDS REQUEST 48 TO SERVER 2
2026-05-29T11:56:45.9423562-07:00 LEADER SENDS REQUEST 48 TO SERVER 5
2026-05-29T11:56:45.9434578-07:00 LEADER RECEIVES ACK FROM SERVER 3 FOR REQUEST 48
2026-05-29T11:56:45.9439864-07:00 LEADER RECEIVES ACK FROM SERVER 2 FOR REQUEST 48
2026-05-29T11:56:45.9455566-07:00 LEADER SERVER 4 RECEIVES REQUEST 49 FROM CLIENT
2026-05-29T11:56:45.94607-07:00 LEADER SENDS REQUEST 49 TO SERVER 1
2026-05-29T11:56:45.9471153-07:00 LEADER SENDS REQUEST 49 TO SERVER 3
2026-05-29T11:56:45.947633-07:00 LEADER SENDS REQUEST 49 TO SERVER 2
2026-05-29T11:56:45.9481433-07:00 LEADER SENDS REQUEST 49 TO SERVER 5
2026-05-29T11:56:45.9486652-07:00 LEADER RECEIVES ACK FROM SERVER 3 FOR REQUEST 49
2026-05-29T11:56:45.9491825-07:00 LEADER RECEIVES ACK FROM SERVER 2 FOR REQUEST 49
2026-05-29T11:56:45.9502251-07:00 LEADER SERVER 4 RECEIVES REQUEST 50 FROM CLIENT
2026-05-29T11:56:45.9512561-07:00 LEADER SENDS REQUEST 50 TO SERVER 3
2026-05-29T11:56:45.9517713-07:00 LEADER SENDS REQUEST 50 TO SERVER 5
2026-05-29T11:56:45.9522875-07:00 LEADER SENDS REQUEST 50 TO SERVER 1
2026-05-29T11:56:45.9528097-07:00 LEADER SENDS REQUEST 50 TO SERVER 2
2026-05-29T11:56:45.9533254-07:00 LEADER RECEIVES ACK FROM SERVER 3 FOR REQUEST 50
2026-05-29T11:56:45.9538409-07:00 LEADER RECEIVES ACK FROM SERVER 2 FOR REQUEST 50
