2026-05-29T18:45:06.197215118Z SERVER 3 VOTES VOTE FOR SERVER 2
2026-05-29T18:45:06.216956138Z FOLLOWER 3 RECEIVES REQUEST 1
2026-05-29T18:45:06.237244786Z FOLLOWER 3 RECEIVES REQUEST 2
2026-05-29T18:45:06.254384162Z FOLLOWER 3 RECEIVES REQUEST 3
2026-05-29T18:45:06.27505284Z FOLLOWER 3 RECEIVES REQUEST 4
2026-05-29T18:45:06.293314042Z FOLLOWER 3 RECEIVES REQUEST 5
2026-05-29T18:45:06.318248889Z FOLLOWER 3 RECEIVES REQUEST 6
2026-05-29T18:45:06.337661962Z FOLLOWER 3 RECEIVES REQUEST 7
2026-05-29T18:45:06.356362609Z FOLLOWER 3 RECEIVES REQUEST 8
2026-05-29T18:45:06.376967499Z FOLLOWER 3 RECEIVES REQUEST 9
2026-05-29T18:45:06.398860651Z FOLLOWER 3 RECEIVES REQUEST 10
2026-05-29T18:45:06.421323288Z FOLLOWER 3 RECEIVES REQUEST 11
2026-05-29T18:45:06.441309143Z FOLLOWER 3 RECEIVES REQUEST 12
2026-05-29T18:45:06.465455707Z FOLLOWER 3 RECEIVES REQUEST 13
2026-05-29T18:45:06.491474817Z FOLLOWER 3 RECEIVES REQUEST 14
2026-05-29T18:45:06.511489491Z FOLLOWER 3 RECEIVES REQUEST 15
2026-05-29T18:45:06.533641923Z FOLLOWER 3 RECEIVES REQUEST 16
2026-05-29T18:45:06.568289548Z FOLLOWER 3 RECEIVES REQUEST 17
2026-05-29T18:45:06.592866218Z FOLLOWER 3 RECEIVES REQUEST 18
2026-05-29T18:45:06.628465492Z FOLLOWER 3 RECEIVES REQUEST 19
2026-05-29T18:45:06.663184935Z FOLLOWER 3 RECEIVES REQUEST 20
2026-05-29T18:45:07.804026797Z SERVER 3 VOTES VOTE FOR SERVER 1
2026-05-29T18:45:07.919875824Z FOLLOWER 3 RECEIVES REQUEST 21
2026-05-29T18:45:07.93857985Z FOLLOWER 3 RECEIVES REQUEST 22
2026-05-29T18:45:07.95330143Z FOLLOWER 3 RECEIVES REQUEST 23
2026-05-29T18:45:07.968209968Z FOLLOWER 3 RECEIVES REQUEST 24
2026-05-29T18:45:07.991688095Z FOLLOWER 3 RECEIVES REQUEST 25
2026-05-29T18:45:08.011546967Z FOLLOWER 3 RECEIVES REQUEST 26
2026-05-29T18:45:08.034618331Z FOLLOWER 3 RECEIVES REQUEST 27
2026-05-29T18:45:08.0589306Z FOLLOWER 3 RECEIVES REQUEST 28
2026-05-29T18:45:08.076804173Z FOLLOWER 3 RECEIVES REQUEST 29
2026-05-29T18:45:08.10660812Z FOLLOWER 3 RECEIVES REQUEST 30
2026-05-29T18:45:08.110908254Z FOLLOWER 3 RECEIVES REQUEST 30
2026-05-29T18:45:08.121953912Z FOLLOWER 3 RECEIVES REQUEST 31
2026-05-29T18:45:08.158387594Z FOLLOWER 3 RECEIVES REQUEST 32
2026-05-29T18:45:08.182154115Z FOLLOWER 3 RECEIVES REQUEST 33
2026-05-29T18:45:08.214304039Z FOLLOWER 3 RECEIVES REQUEST 34
2026-05-29T18:45:08.252951824Z FOLLOWER 3 RECEIVES REQUEST 35
2026-05-29T18:45:08.294749028Z FOLLOWER 3 RECEIVES REQUEST 36
2026-05-29T18:45:08.340032026Z FOLLOWER 3 RECEIVES REQUEST 37
2026-05-29T18:45:08.38158538Z FOLLOWER 3 RECEIVES REQUEST 38
2026-05-29T18:45:08.441800291Z FOLLOWER 3 RECEIVES REQUEST 39
2026-05-29T18:45:08.494079303Z FOLLOWER 3 RECEIVES REQUEST 40
2026-05-29T18:45:08.556288542Z FOLLOWER 3 RECEIVES REQUEST 41
2026-05-29T18:45:08.608851934Z FOLLOWER 3 RECEIVES REQUEST 42
2026-05-29T18:45:08.683342793Z FOLLOWER 3 RECEIVES REQUEST 43
2026-05-29T18:45:08.686778452Z FOLLOWER 3 RECEIVES REQUEST 43
2026-05-29T18:45:08.766414068Z FOLLOWER 3 RECEIVES REQUEST 44
2026-05-29T18:45:08.816756971Z FOLLOWER 3 RECEIVES REQUEST 45
2026-05-29T18:45:08.871193237Z FOLLOWER 3 RECEIVES REQUEST 46
2026-05-29T18:45:08.924633843Z FOLLOWER 3 RECEIVES REQUEST 47
2026-05-29T18:45:08.982799791Z FOLLOWER 3 RECEIVES REQUEST 48
2026-05-29T18:45:08.988993896Z FOLLOWER 3 RECEIVES REQUEST 48
2026-05-29T18:45:09.009034336Z FOLLOWER 3 RECEIVES REQUEST 49
2026-05-29T18:45:09.065618247Z FOLLOWER 3 RECEIVES REQUEST 50
2026-05-29T18:45:10.238841225Z SERVER 3 VOTES VOTE FOR SERVER 1
2026-05-29T18:45:10.36282773Z FOLLOWER 3 RECEIVES REQUEST 51
2026-05-29T18:45:10.37998983Z FOLLOWER 3 RECEIVES REQUEST 52
2026-05-29T18:45:10.398188462Z FOLLOWER 3 RECEIVES REQUEST 53
2026-05-29T18:45:10.416653501Z FOLLOWER 3 RECEIVES REQUEST 54
2026-05-29T18:45:10.436062763Z FOLLOWER 3 RECEIVES REQUEST 55
2026-05-29T18:45:10.453565486Z FOLLOWER 3 RECEIVES REQUEST 56
2026-05-29T18:45:10.479779931Z FOLLOWER 3 RECEIVES REQUEST 57
2026-05-29T18:45:10.497919612Z FOLLOWER 3 RECEIVES REQUEST 58
2026-05-29T18:45:10.514254007Z FOLLOWER 3 RECEIVES REQUEST 59
2026-05-29T18:45:10.536893952Z FOLLOWER 3 RECEIVES REQUEST 60
2026-05-29T18:45:10.541276472Z FOLLOWER 3 RECEIVES REQUEST 60
2026-05-29T18:45:10.559903364Z FOLLOWER 3 RECEIVES REQUEST 61
2026-05-29T18:45:10.584600298Z FOLLOWER 3 RECEIVES REQUEST 62
2026-05-29T18:45:10.608345825Z FOLLOWER 3 RECEIVES REQUEST 63
2026-05-29T18:45:10.629292383Z FOLLOWER 3 RECEIVES REQUEST 64
2026-05-29T18:45:10.648515914Z FOLLOWER 3 RECEIVES REQUEST 65
2026-05-29T18:45:10.666452905Z FOLLOWER 3 RECEIVES REQUEST 66
2026-05-29T18:45:10.68752442Z FOLLOWER 3 RECEIVES REQUEST 67
2026-05-29T18:45:10.705551393Z FOLLOWER 3 RECEIVES REQUEST 68
2026-05-29T18:45:10.728686583Z FOLLOWER 3 RECEIVES REQUEST 69
2026-05-29T18:45:10.748599106Z FOLLOWER 3 RECEIVES REQUEST 70
2026-05-29T18:45:10.767887454Z FOLLOWER 3 RECEIVES REQUEST 71
2026-05-29T18:45:10.790560778Z FOLLOWER 3 RECEIVES REQUEST 72
2026-05-29T18:45:10.810416879Z FOLLOWER 3 RECEIVES REQUEST 73
2026-05-29T18:45:10.814611671Z FOLLOWER 3 RECEIVES REQUEST 73
2026-05-29T18:45:10.827856277Z FOLLOWER 3 RECEIVES REQUEST 74
2026-05-29T18:45:10.84778027Z FOLLOWER 3 RECEIVES REQUEST 75
2026-05-29T18:45:10.872823584Z FOLLOWER 3 RECEIVES REQUEST 76
2026-05-29T18:45:10.893541279Z FOLLOWER 3 RECEIVES REQUEST 77
2026-05-29T18:45:10.910134672Z FOLLOWER 3 RECEIVES REQUEST 78
2026-05-29T18:45:10.933080905Z FOLLOWER 3 RECEIVES REQUEST 79
2026-05-29T18:45:10.949996747Z FOLLOWER 3 RECEIVES REQUEST 80
2026-05-29T18:45:11.012090491Z FOLLOWER 3 RECEIVES REQUEST 81
2026-05-29T18:45:11.046179596Z FOLLOWER 3 RECEIVES REQUEST 82
2026-05-29T18:45:11.068902073Z FOLLOWER 3 RECEIVES REQUEST 83
2026-05-29T18:45:11.08925056Z FOLLOWER 3 RECEIVES REQUEST 84
2026-05-29T18:45:11.093698386Z FOLLOWER 3 RECEIVES REQUEST 84
2026-05-29T18:45:11.108048488Z FOLLOWER 3 RECEIVES REQUEST 85
2026-05-29T18:45:11.132622688Z FOLLOWER 3 RECEIVES REQUEST 86
2026-05-29T18:45:11.150940172Z FOLLOWER 3 RECEIVES REQUEST 87
2026-05-29T18:45:11.17065939Z FOLLOWER 3 RECEIVES REQUEST 88
2026-05-29T18:45:11.191917614Z FOLLOWER 3 RECEIVES REQUEST 89
2026-05-29T18:45:11.215545644Z FOLLOWER 3 RECEIVES REQUEST 90
2026-05-29T11:55:28.8042313-07:00 SERVER 3 VOTES VOTE FOR SERVER 1
2026-05-29T11:56:30.1448441-07:00 SERVER 3 VOTES VOTE FOR SERVER 4
2026-05-29T11:56:56.1132416-07:00 SERVER 3 VOTES VOTE FOR SERVER 2
2026-05-29T11:56:57.3587936-07:00 CANDIDATE SERVER 3 SENDING A VOTING REQUEST
2026-05-29T11:56:57.3622318-07:00 CANDIDATE SERVER 3 LOSES THE ELECTION FOR TERM 4
2026-05-29T11:56:57.3627848-07:00 ELECTION TIE, TIMEOUT BEGINS
2026-05-29T11:56:58.598677-07:00 CANDIDATE SERVER 3 SENDING A VOTING REQUEST
2026-05-29T11:56:58.6066395-07:00 CANDIDATE SERVER 3 LOSES THE ELECTION FOR TERM 5
2026-05-29T11:56:58.607776-07:00 ELECTION TIE, TIMEOUT BEGINS
2026-05-29T11:56:59.7967372-07:00 CANDIDATE SERVER 3 SENDING A VOTING REQUEST
2026-05-29T11:56:59.8008457-07:00 CANDIDATE SERVER 3 LOSES THE ELECTION FOR TERM 6
2026-05-29T11:56:59.8015667-07:00 ELECTION TIE, TIMEOUT BEGINS
2026-05-29T11:57:01.0584102-07:00 CANDIDATE SERVER 3 SENDING A VOTING REQUEST
2026-05-29T11:57:01.067067-07:00 CANDIDATE SERVER 3 LOSES THE ELECTION FOR TERM 7
2026-05-29T11:57:01.067067-07:00 ELECTION TIE, TIMEOUT BEGINS
2026-05-29T11:57:02.416688-07:00 SERVER 3 VOTES VOTE FOR SERVER 2
2026-05-29T11:57:03.3537267-07:00 SERVER 3 VOTES VOTE FOR SERVER 2
2026-05-29T11:57:04.6165477-07:00 SERVER 3 VOTES VOTE FOR SERVER 2
