2026-05-26T21:43:12.466262311Z CANDIDATE SERVER 2 SENDING A VOTING REQUEST
2026-05-26T21:43:12.513811438Z CANDIDATE SERVER 2 WINS THE ELECTION FOR TERM 1
2026-05-26T21:43:24.806792883Z LEADER SERVER 2 RECEIVES REQUEST 1 FROM CLIENT
2026-05-26T21:43:24.830409389Z LEADER SERVER 2 ADDS REQUEST 1 TO LOG ENTRY 1
2026-05-26T21:43:24.834882284Z LEADER SENDS REQUEST 1 TO SERVER 5
2026-05-26T21:43:24.841319439Z LEADER SENDS REQUEST 1 TO SERVER 3
2026-05-26T21:43:24.845854075Z LEADER SENDS REQUEST 1 TO SERVER 1
2026-05-26T21:43:24.848991075Z LEADER SENDS REQUEST 1 TO SERVER 4
2026-05-26T21:43:24.861833842Z LEADER RECEIVES ACK FROM SERVER 3 FOR REQUEST 1
2026-05-26T21:43:24.866786188Z LEADER RECEIVES ACK FROM SERVER 1 FOR REQUEST 1
2026-05-26T21:43:24.871458587Z LEADER RECEIVES ACK FROM SERVER 4 FOR REQUEST 1
2026-05-26T21:43:24.88860453Z LEADER SERVER 2 RECEIVES REQUEST 2 FROM CLIENT
2026-05-26T21:43:24.898448328Z LEADER SERVER 2 ADDS REQUEST 2 TO LOG ENTRY 2
2026-05-26T21:43:24.901452986Z LEADER SENDS REQUEST 2 TO SERVER 5
2026-05-26T21:43:24.904465825Z LEADER SENDS REQUEST 2 TO SERVER 3
2026-05-26T21:43:24.907349976Z LEADER SENDS REQUEST 2 TO SERVER 1
2026-05-26T21:43:24.910313401Z LEADER SENDS REQUEST 2 TO SERVER 4
2026-05-26T21:43:24.922166013Z LEADER RECEIVES ACK FROM SERVER 3 FOR REQUEST 2
2026-05-26T21:43:24.925413422Z LEADER RECEIVES ACK FROM SERVER 1 FOR REQUEST 2
2026-05-26T21:43:24.927737302Z LEADER RECEIVES ACK FROM SERVER 4 FOR REQUEST 2
2026-05-26T21:43:24.94390157Z LEADER SERVER 2 RECEIVES REQUEST 3 FROM CLIENT
2026-05-26T21:43:24.954621316Z LEADER SERVER 2 ADDS REQUEST 3 TO LOG ENTRY 3
2026-05-26T21:43:24.957352137Z LEADER SENDS REQUEST 3 TO SERVER 3
2026-05-26T21:43:24.959886541Z LEADER SENDS REQUEST 3 TO SERVER 5
2026-05-26T21:43:24.962634923Z LEADER SENDS REQUEST 3 TO SERVER 4
2026-05-26T21:43:24.965729534Z LEADER SENDS REQUEST 3 TO SERVER 1
2026-05-26T21:43:24.974994804Z LEADER RECEIVES ACK FROM SERVER 3 FOR REQUEST 3
2026-05-26T21:43:24.979625899Z LEADER RECEIVES ACK FROM SERVER 4 FOR REQUEST 3
2026-05-26T21:43:24.983766147Z LEADER RECEIVES ACK FROM SERVER 1 FOR REQUEST 3
2026-05-26T21:43:25.001077306Z LEADER SERVER 2 RECEIVES REQUEST 4 FROM CLIENT
2026-05-26T21:43:25.010769918Z LEADER SERVER 2 ADDS REQUEST 4 TO LOG ENTRY 4
2026-05-26T21:43:25.013538924Z LEADER SENDS REQUEST 4 TO SERVER 5
2026-05-26T21:43:25.016287864Z LEADER SENDS REQUEST 4 TO SERVER 3
2026-05-26T21:43:25.019175765Z LEADER SENDS REQUEST 4 TO SERVER 1
2026-05-26T21:43:25.022049468Z LEADER SENDS REQUEST 4 TO SERVER 4
2026-05-26T21:43:25.035176787Z LEADER RECEIVES ACK FROM SERVER 3 FOR REQUEST 4
2026-05-26T21:43:25.038050216Z LEADER RECEIVES ACK FROM SERVER 1 FOR REQUEST 4
2026-05-26T21:43:25.040949716Z LEADER RECEIVES ACK FROM SERVER 4 FOR REQUEST 4
2026-05-26T21:43:25.0569489Z LEADER SERVER 2 RECEIVES REQUEST 5 FROM CLIENT
2026-05-26T21:43:25.065500592Z LEADER SERVER 2 ADDS REQUEST 5 TO LOG ENTRY 5
2026-05-26T21:43:25.068539001Z LEADER SENDS REQUEST 5 TO SERVER 5
2026-05-26T21:43:25.071183185Z LEADER SENDS REQUEST 5 TO SERVER 3
2026-05-26T21:43:25.073690033Z LEADER SENDS REQUEST 5 TO SERVER 1
2026-05-26T21:43:25.076744006Z LEADER SENDS REQUEST 5 TO SERVER 4
2026-05-26T21:43:25.087613521Z LEADER RECEIVES ACK FROM SERVER 3 FOR REQUEST 5
2026-05-26T21:43:25.090546879Z LEADER RECEIVES ACK FROM SERVER 1 FOR REQUEST 5
2026-05-26T21:43:25.093604112Z LEADER RECEIVES ACK FROM SERVER 4 FOR REQUEST 5
2026-05-26T21:43:25.110761442Z LEADER SERVER 2 RECEIVES REQUEST 6 FROM CLIENT
2026-05-26T21:43:25.119988148Z LEADER SERVER 2 ADDS REQUEST 6 TO LOG ENTRY 6
2026-05-26T21:43:25.122627646Z LEADER SENDS REQUEST 6 TO SERVER 1
2026-05-26T21:43:25.125288412Z LEADER SENDS REQUEST 6 TO SERVER 5
2026-05-26T21:43:25.127815347Z LEADER SENDS REQUEST 6 TO SERVER 3
2026-05-26T21:43:25.130920957Z LEADER SENDS REQUEST 6 TO SERVER 4
2026-05-26T21:43:25.138687638Z LEADER RECEIVES ACK FROM SERVER 1 FOR REQUEST 6
2026-05-26T21:43:25.145147888Z LEADER RECEIVES ACK FROM SERVER 3 FOR REQUEST 6
2026-05-26T21:43:25.145047821Z LEADER RECEIVES ACK FROM SERVER 4 FOR REQUEST 6
2026-05-26T21:43:25.161022873Z LEADER SERVER 2 RECEIVES REQUEST 7 FROM CLIENT
2026-05-26T21:43:25.170216346Z LEADER SERVER 2 ADDS REQUEST 7 TO LOG ENTRY 7
2026-05-26T21:43:25.172920023Z LEADER SENDS REQUEST 7 TO SERVER 5
2026-05-26T21:43:25.175229761Z LEADER SENDS REQUEST 7 TO SERVER 3
2026-05-26T21:43:25.177955236Z LEADER SENDS REQUEST 7 TO SERVER 1
2026-05-26T21:43:25.180737236Z LEADER SENDS REQUEST 7 TO SERVER 4
2026-05-26T21:43:25.192331922Z LEADER RECEIVES ACK FROM SERVER 3 FOR REQUEST 7
2026-05-26T21:43:25.195053918Z LEADER RECEIVES ACK FROM SERVER 1 FOR REQUEST 7
2026-05-26T21:43:25.197307268Z LEADER RECEIVES ACK FROM SERVER 4 FOR REQUEST 7
2026-05-26T21:43:25.214330709Z LEADER SERVER 2 RECEIVES REQUEST 8 FROM CLIENT
2026-05-26T21:43:25.22355999Z LEADER SERVER 2 ADDS REQUEST 8 TO LOG ENTRY 8
2026-05-26T21:43:25.226133744Z LEADER SENDS REQUEST 8 TO SERVER 3
2026-05-26T21:43:25.228573063Z LEADER SENDS REQUEST 8 TO SERVER 1
2026-05-26T21:43:25.231771008Z LEADER SENDS REQUEST 8 TO SERVER 4
2026-05-26T21:43:25.235587046Z LEADER SENDS REQUEST 8 TO SERVER 5
2026-05-26T21:43:25.24294848Z LEADER RECEIVES ACK FROM SERVER 3 FOR REQUEST 8
2026-05-26T21:43:25.246035685Z LEADER RECEIVES ACK FROM SERVER 1 FOR REQUEST 8
2026-05-26T21:43:25.248439079Z LEADER RECEIVES ACK FROM SERVER 4 FOR REQUEST 8
2026-05-26T21:43:25.263620892Z LEADER SERVER 2 RECEIVES REQUEST 9 FROM CLIENT
2026-05-26T21:43:25.272361975Z LEADER SERVER 2 ADDS REQUEST 9 TO LOG ENTRY 9
2026-05-26T21:43:25.274970489Z LEADER SENDS REQUEST 9 TO SERVER 5
2026-05-26T21:43:25.277515762Z LEADER SENDS REQUEST 9 TO SERVER 3
2026-05-26T21:43:25.280290872Z LEADER SENDS REQUEST 9 TO SERVER 1
2026-05-26T21:43:25.282968362Z LEADER SENDS REQUEST 9 TO SERVER 4
2026-05-26T21:43:25.294030046Z LEADER RECEIVES ACK FROM SERVER 3 FOR REQUEST 9
2026-05-26T21:43:25.29818686Z LEADER RECEIVES ACK FROM SERVER 1 FOR REQUEST 9
2026-05-26T21:43:25.302015907Z LEADER RECEIVES ACK FROM SERVER 4 FOR REQUEST 9
2026-05-26T21:43:25.318692576Z LEADER SERVER 2 RECEIVES REQUEST 10 FROM CLIENT
2026-05-26T21:43:25.32717423Z LEADER SERVER 2 ADDS REQUEST 10 TO LOG ENTRY 10
2026-05-26T21:43:25.329878101Z LEADER SENDS REQUEST 10 TO SERVER 1
2026-05-26T21:43:25.332558543Z LEADER SENDS REQUEST 10 TO SERVER 5
2026-05-26T21:43:25.335634667Z LEADER SENDS REQUEST 10 TO SERVER 3
2026-05-26T21:43:25.338685204Z LEADER SENDS REQUEST 10 TO SERVER 4
2026-05-26T21:43:25.345420635Z LEADER RECEIVES ACK FROM SERVER 1 FOR REQUEST 10
2026-05-26T21:43:25.352136846Z LEADER RECEIVES ACK FROM SERVER 3 FOR REQUEST 10
2026-05-26T21:43:25.354609624Z LEADER RECEIVES ACK FROM SERVER 4 FOR REQUEST 10
2026-05-26T21:43:25.370262026Z LEADER SERVER 2 RECEIVES REQUEST 11 FROM CLIENT
2026-05-26T21:43:25.379350211Z LEADER SERVER 2 ADDS REQUEST 11 TO LOG ENTRY 11
2026-05-26T21:43:25.382051921Z LEADER SENDS REQUEST 11 TO SERVER 1
2026-05-26T21:43:25.384629001Z LEADER SENDS REQUEST 11 TO SERVER 4
2026-05-26T21:43:25.387340904Z LEADER SENDS REQUEST 11 TO SERVER 3
2026-05-26T21:43:25.39021614Z LEADER SENDS REQUEST 11 TO SERVER 5
2026-05-26T21:43:25.39723432Z LEADER RECEIVES ACK FROM SERVER 1 FOR REQUEST 11
2026-05-26T21:43:25.399918558Z LEADER RECEIVES ACK FROM SERVER 4 FOR REQUEST 11
2026-05-26T21:43:25.402436229Z LEADER RECEIVES ACK FROM SERVER 3 FOR REQUEST 11
2026-05-26T21:43:25.418840647Z LEADER SERVER 2 RECEIVES REQUEST 12 FROM CLIENT
2026-05-26T21:43:25.428185276Z LEADER SERVER 2 ADDS REQUEST 12 TO LOG ENTRY 12
2026-05-26T21:43:25.430774303Z LEADER SENDS REQUEST 12 TO SERVER 1
2026-05-26T21:43:25.433404749Z LEADER SENDS REQUEST 12 TO SERVER 5
2026-05-26T21:43:25.435857448Z LEADER SENDS REQUEST 12 TO SERVER 3
2026-05-26T21:43:25.438492354Z LEADER SENDS REQUEST 12 TO SERVER 4
2026-05-26T21:43:25.445829992Z LEADER RECEIVES ACK FROM SERVER 1 FOR REQUEST 12
2026-05-26T21:43:25.450481555Z LEADER RECEIVES ACK FROM SERVER 3 FOR REQUEST 12
2026-05-26T21:43:25.453717182Z LEADER RECEIVES ACK FROM SERVER 4 FOR REQUEST 12
2026-05-26T21:43:25.471707071Z LEADER SERVER 2 RECEIVES REQUEST 13 FROM CLIENT
2026-05-26T21:43:25.480794732Z LEADER SERVER 2 ADDS REQUEST 13 TO LOG ENTRY 13
2026-05-26T21:43:25.483341287Z LEADER SENDS REQUEST 13 TO SERVER 4
2026-05-26T21:43:25.485790482Z LEADER SENDS REQUEST 13 TO SERVER 1
2026-05-26T21:43:25.488847619Z LEADER SENDS REQUEST 13 TO SERVER 5
2026-05-26T21:43:25.491914125Z LEADER SENDS REQUEST 13 TO SERVER 3
2026-05-26T21:43:25.49890387Z LEADER RECEIVES ACK FROM SERVER 4 FOR REQUEST 13
2026-05-26T21:43:25.501926307Z LEADER RECEIVES ACK FROM SERVER 1 FOR REQUEST 13
2026-05-26T21:43:25.507912727Z LEADER RECEIVES ACK FROM SERVER 3 FOR REQUEST 13
2026-05-26T21:43:25.524232276Z LEADER SERVER 2 RECEIVES REQUEST 14 FROM CLIENT
2026-05-26T21:43:25.532953412Z LEADER SERVER 2 ADDS REQUEST 14 TO LOG ENTRY 14
2026-05-26T21:43:25.535160968Z LEADER SENDS REQUEST 14 TO SERVER 5
2026-05-26T21:43:25.537980375Z LEADER SENDS REQUEST 14 TO SERVER 3
2026-05-26T21:43:25.540523067Z LEADER SENDS REQUEST 14 TO SERVER 1
2026-05-26T21:43:25.542933404Z LEADER SENDS REQUEST 14 TO SERVER 4
2026-05-26T21:43:25.553522692Z LEADER RECEIVES ACK FROM SERVER 3 FOR REQUEST 14
2026-05-26T21:43:25.555895755Z LEADER RECEIVES ACK FROM SERVER 1 FOR REQUEST 14
2026-05-26T21:43:25.558743111Z LEADER RECEIVES ACK FROM SERVER 4 FOR REQUEST 14
2026-05-26T21:43:25.577331094Z LEADER SERVER 2 RECEIVES REQUEST 15 FROM CLIENT
2026-05-26T21:43:25.587171801Z LEADER SERVER 2 ADDS REQUEST 15 TO LOG ENTRY 15
2026-05-26T21:43:25.589923424Z LEADER SENDS REQUEST 15 TO SERVER 4
2026-05-26T21:43:25.592955902Z LEADER SENDS REQUEST 15 TO SERVER 1
2026-05-26T21:43:25.595707931Z LEADER SENDS REQUEST 15 TO SERVER 5
2026-05-26T21:43:25.598940512Z LEADER SENDS REQUEST 15 TO SERVER 3
2026-05-26T21:43:25.607640868Z LEADER RECEIVES ACK FROM SERVER 4 FOR REQUEST 15
2026-05-26T21:43:25.610027574Z LEADER RECEIVES ACK FROM SERVER 1 FOR REQUEST 15
2026-05-26T21:43:25.614193783Z LEADER RECEIVES ACK FROM SERVER 3 FOR REQUEST 15
2026-05-26T21:43:25.631630222Z LEADER SERVER 2 RECEIVES REQUEST 16 FROM CLIENT
2026-05-26T21:43:25.641321421Z LEADER SERVER 2 ADDS REQUEST 16 TO LOG ENTRY 16
2026-05-26T21:43:25.643751991Z LEADER SENDS REQUEST 16 TO SERVER 5
2026-05-26T21:43:25.646113441Z LEADER SENDS REQUEST 16 TO SERVER 3
2026-05-26T21:43:25.649513027Z LEADER SENDS REQUEST 16 TO SERVER 1
2026-05-26T21:43:25.652017626Z LEADER SENDS REQUEST 16 TO SERVER 4
2026-05-26T21:43:25.661412518Z LEADER RECEIVES ACK FROM SERVER 3 FOR REQUEST 16
2026-05-26T21:43:25.664302841Z LEADER RECEIVES ACK FROM SERVER 1 FOR REQUEST 16
2026-05-26T21:43:25.668575136Z LEADER RECEIVES ACK FROM SERVER 4 FOR REQUEST 16
2026-05-26T21:43:25.684922174Z LEADER SERVER 2 RECEIVES REQUEST 17 FROM CLIENT
2026-05-26T21:43:25.693333642Z LEADER SERVER 2 ADDS REQUEST 17 TO LOG ENTRY 17
2026-05-26T21:43:25.69600944Z LEADER SENDS REQUEST 17 TO SERVER 4
2026-05-26T21:43:25.699120805Z LEADER SENDS REQUEST 17 TO SERVER 1
2026-05-26T21:43:25.701674857Z LEADER SENDS REQUEST 17 TO SERVER 5
2026-05-26T21:43:25.705263455Z LEADER SENDS REQUEST 17 TO SERVER 3
2026-05-26T21:43:25.71154484Z LEADER RECEIVES ACK FROM SERVER 4 FOR REQUEST 17
2026-05-26T21:43:25.714913748Z LEADER RECEIVES ACK FROM SERVER 1 FOR REQUEST 17
2026-05-26T21:43:25.720174456Z LEADER RECEIVES ACK FROM SERVER 3 FOR REQUEST 17
2026-05-26T21:43:25.736542343Z LEADER SERVER 2 RECEIVES REQUEST 18 FROM CLIENT
2026-05-26T21:43:25.745498545Z LEADER SERVER 2 ADDS REQUEST 18 TO LOG ENTRY 18
2026-05-26T21:43:25.748042389Z LEADER SENDS REQUEST 18 TO SERVER 1
2026-05-26T21:43:25.753825691Z LEADER SENDS REQUEST 18 TO SERVER 4
2026-05-26T21:43:25.756392387Z LEADER SENDS REQUEST 18 TO SERVER 3
2026-05-26T21:43:25.759598203Z LEADER SENDS REQUEST 18 TO SERVER 5
2026-05-26T21:43:25.76733901Z LEADER RECEIVES ACK FROM SERVER 1 FOR REQUEST 18
2026-05-26T21:43:25.769510933Z LEADER RECEIVES ACK FROM SERVER 4 FOR REQUEST 18
2026-05-26T21:43:25.773713248Z LEADER RECEIVES ACK FROM SERVER 3 FOR REQUEST 18
2026-05-26T21:43:25.794457317Z LEADER SERVER 2 RECEIVES REQUEST 19 FROM CLIENT
2026-05-26T21:43:25.804436476Z LEADER SERVER 2 ADDS REQUEST 19 TO LOG ENTRY 19
2026-05-26T21:43:25.806976555Z LEADER SENDS REQUEST 19 TO SERVER 5
2026-05-26T21:43:25.809380707Z LEADER SENDS REQUEST 19 TO SERVER 3
2026-05-26T21:43:25.812464691Z LEADER SENDS REQUEST 19 TO SERVER 1
2026-05-26T21:43:25.815734634Z LEADER SENDS REQUEST 19 TO SERVER 4
2026-05-26T21:43:25.827083249Z LEADER RECEIVES ACK FROM SERVER 3 FOR REQUEST 19
2026-05-26T21:43:25.831337249Z LEADER RECEIVES ACK FROM SERVER 1 FOR REQUEST 19
2026-05-26T21:43:25.834570837Z LEADER RECEIVES ACK FROM SERVER 4 FOR REQUEST 19
2026-05-26T21:43:25.855847251Z LEADER SERVER 2 RECEIVES REQUEST 20 FROM CLIENT
2026-05-26T21:43:25.865121354Z LEADER SERVER 2 ADDS REQUEST 20 TO LOG ENTRY 20
2026-05-26T21:43:25.867608286Z LEADER SENDS REQUEST 20 TO SERVER 5
2026-05-26T21:43:25.86981111Z LEADER SENDS REQUEST 20 TO SERVER 1
2026-05-26T21:43:25.872117004Z LEADER SENDS REQUEST 20 TO SERVER 3
2026-05-26T21:43:25.874324108Z LEADER SENDS REQUEST 20 TO SERVER 4
2026-05-26T21:43:25.884953261Z LEADER RECEIVES ACK FROM SERVER 1 FOR REQUEST 20
2026-05-26T21:43:25.887770818Z LEADER RECEIVES ACK FROM SERVER 3 FOR REQUEST 20
2026-05-26T21:43:25.890234558Z LEADER RECEIVES ACK FROM SERVER 4 FOR REQUEST 20
2026-05-26T21:43:30.06679213Z SERVER 2 VOTES VOTE FOR SERVER 1
