2026-05-26T21:43:12.507710482Z SERVER 4 VOTES VOTE FOR SERVER 2
2026-05-26T21:43:24.854692571Z FOLLOWER 4 RECEIVES REQUEST 1
2026-05-26T21:43:24.915442764Z FOLLOWER 4 RECEIVES REQUEST 2
2026-05-26T21:43:24.967463769Z FOLLOWER 4 RECEIVES REQUEST 3
2026-05-26T21:43:25.027537463Z FOLLOWER 4 RECEIVES REQUEST 4
2026-05-26T21:43:25.081956047Z FOLLOWER 4 RECEIVES REQUEST 5
2026-05-26T21:43:25.13651704Z FOLLOWER 4 RECEIVES REQUEST 6
2026-05-26T21:43:25.186485579Z FOLLOWER 4 RECEIVES REQUEST 7
2026-05-26T21:43:25.237615891Z FOLLOWER 4 RECEIVES REQUEST 8
2026-05-26T21:43:25.287815684Z FOLLOWER 4 RECEIVES REQUEST 9
2026-05-26T21:43:25.342913038Z FOLLOWER 4 RECEIVES REQUEST 10
2026-05-26T21:43:25.389449728Z FOLLOWER 4 RECEIVES REQUEST 11
2026-05-26T21:43:25.442901687Z FOLLOWER 4 RECEIVES REQUEST 12
2026-05-26T21:43:25.488383822Z FOLLOWER 4 RECEIVES REQUEST 13
2026-05-26T21:43:25.548007743Z FOLLOWER 4 RECEIVES REQUEST 14
2026-05-26T21:43:25.595555962Z FOLLOWER 4 RECEIVES REQUEST 15
2026-05-26T21:43:25.657932158Z FOLLOWER 4 RECEIVES REQUEST 16
2026-05-26T21:43:25.701050036Z FOLLOWER 4 RECEIVES REQUEST 17
2026-05-26T21:43:25.758371081Z FOLLOWER 4 RECEIVES REQUEST 18
2026-05-26T21:43:25.821411017Z FOLLOWER 4 RECEIVES REQUEST 19
2026-05-26T21:43:25.879132226Z FOLLOWER 4 RECEIVES REQUEST 20
2026-05-26T21:43:27.021518971Z CANDIDATE SERVER 4 SENDING A VOTING REQUEST
2026-05-26T21:43:27.058405332Z CANDIDATE SERVER 4 WINS THE ELECTION FOR TERM 2
2026-05-26T21:43:27.218001421Z LEADER SERVER 4 RECEIVES REQUEST 21 FROM CLIENT
2026-05-26T21:43:27.239657237Z LEADER SERVER 4 ADDS REQUEST 21 TO LOG ENTRY 21
2026-05-26T21:43:27.242666051Z LEADER SENDS REQUEST 21 TO SERVER 2
2026-05-26T21:43:27.246401371Z LEADER SENDS REQUEST 21 TO SERVER 1
2026-05-26T21:43:27.251134162Z LEADER SENDS REQUEST 21 TO SERVER 3
2026-05-26T21:43:27.254753317Z LEADER SENDS REQUEST 21 TO SERVER 5
2026-05-26T21:43:27.266005373Z LEADER RECEIVES ACK FROM SERVER 1 FOR REQUEST 21
2026-05-26T21:43:27.268958302Z LEADER RECEIVES ACK FROM SERVER 3 FOR REQUEST 21
2026-05-26T21:43:27.297328043Z LEADER SERVER 4 RECEIVES REQUEST 22 FROM CLIENT
2026-05-26T21:43:27.307800844Z LEADER SERVER 4 ADDS REQUEST 22 TO LOG ENTRY 22
2026-05-26T21:43:27.310425607Z LEADER SENDS REQUEST 22 TO SERVER 5
2026-05-26T21:43:27.313310683Z LEADER SENDS REQUEST 22 TO SERVER 3
2026-05-26T21:43:27.316252427Z LEADER SENDS REQUEST 22 TO SERVER 2
2026-05-26T21:43:27.319106165Z LEADER SENDS REQUEST 22 TO SERVER 1
2026-05-26T21:43:27.330236615Z LEADER RECEIVES ACK FROM SERVER 3 FOR REQUEST 22
2026-05-26T21:43:27.335802515Z LEADER RECEIVES ACK FROM SERVER 1 FOR REQUEST 22
2026-05-26T21:43:27.362631902Z LEADER SERVER 4 RECEIVES REQUEST 23 FROM CLIENT
2026-05-26T21:43:27.372232608Z LEADER SERVER 4 ADDS REQUEST 23 TO LOG ENTRY 23
2026-05-26T21:43:27.374966984Z LEADER SENDS REQUEST 23 TO SERVER 5
2026-05-26T21:43:27.37746368Z LEADER SENDS REQUEST 23 TO SERVER 2
2026-05-26T21:43:27.379988364Z LEADER SENDS REQUEST 23 TO SERVER 1
2026-05-26T21:43:27.382944787Z LEADER SENDS REQUEST 23 TO SERVER 3
2026-05-26T21:43:27.3953456Z LEADER RECEIVES ACK FROM SERVER 1 FOR REQUEST 23
2026-05-26T21:43:27.398220037Z LEADER RECEIVES ACK FROM SERVER 3 FOR REQUEST 23
2026-05-26T21:43:27.422089883Z LEADER SERVER 4 RECEIVES REQUEST 24 FROM CLIENT
2026-05-26T21:43:27.43191174Z LEADER SERVER 4 ADDS REQUEST 24 TO LOG ENTRY 24
2026-05-26T21:43:27.434615949Z LEADER SENDS REQUEST 24 TO SERVER 1
2026-05-26T21:43:27.437663747Z LEADER SENDS REQUEST 24 TO SERVER 3
2026-05-26T21:43:27.441000082Z LEADER SENDS REQUEST 24 TO SERVER 2
2026-05-26T21:43:27.443865761Z LEADER SENDS REQUEST 24 TO SERVER 5
2026-05-26T21:43:27.452382606Z LEADER RECEIVES ACK FROM SERVER 1 FOR REQUEST 24
2026-05-26T21:43:27.456039616Z LEADER RECEIVES ACK FROM SERVER 3 FOR REQUEST 24
2026-05-26T21:43:27.484754345Z LEADER SERVER 4 RECEIVES REQUEST 25 FROM CLIENT
2026-05-26T21:43:27.493635338Z LEADER SERVER 4 ADDS REQUEST 25 TO LOG ENTRY 25
2026-05-26T21:43:27.495912917Z LEADER SENDS REQUEST 25 TO SERVER 5
2026-05-26T21:43:27.498327849Z LEADER SENDS REQUEST 25 TO SERVER 2
2026-05-26T21:43:27.501070851Z LEADER SENDS REQUEST 25 TO SERVER 1
2026-05-26T21:43:27.503847582Z LEADER SENDS REQUEST 25 TO SERVER 3
2026-05-26T21:43:27.516507952Z LEADER RECEIVES ACK FROM SERVER 1 FOR REQUEST 25
2026-05-26T21:43:27.519450391Z LEADER RECEIVES ACK FROM SERVER 3 FOR REQUEST 25
2026-05-26T21:43:27.543593275Z LEADER SERVER 4 RECEIVES REQUEST 26 FROM CLIENT
2026-05-26T21:43:27.553505287Z LEADER SERVER 4 ADDS REQUEST 26 TO LOG ENTRY 26
2026-05-26T21:43:27.556127729Z LEADER SENDS REQUEST 26 TO SERVER 5
2026-05-26T21:43:27.559101807Z LEADER SENDS REQUEST 26 TO SERVER 2
2026-05-26T21:43:27.561243074Z LEADER SENDS REQUEST 26 TO SERVER 1
2026-05-26T21:43:27.563767063Z LEADER SENDS REQUEST 26 TO SERVER 3
2026-05-26T21:43:27.577452168Z LEADER RECEIVES ACK FROM SERVER 1 FOR REQUEST 26
2026-05-26T21:43:27.580229422Z LEADER RECEIVES ACK FROM SERVER 3 FOR REQUEST 26
2026-05-26T21:43:27.607860534Z LEADER SERVER 4 RECEIVES REQUEST 27 FROM CLIENT
2026-05-26T21:43:27.616204955Z LEADER SERVER 4 ADDS REQUEST 27 TO LOG ENTRY 27
2026-05-26T21:43:27.61884147Z LEADER SENDS REQUEST 27 TO SERVER 3
2026-05-26T21:43:27.621614281Z LEADER SENDS REQUEST 27 TO SERVER 1
2026-05-26T21:43:27.624245947Z LEADER SENDS REQUEST 27 TO SERVER 5
2026-05-26T21:43:27.628235562Z LEADER SENDS REQUEST 27 TO SERVER 2
2026-05-26T21:43:27.634957019Z LEADER RECEIVES ACK FROM SERVER 3 FOR REQUEST 27
2026-05-26T21:43:27.637586249Z LEADER RECEIVES ACK FROM SERVER 1 FOR REQUEST 27
2026-05-26T21:43:27.663230332Z LEADER SERVER 4 RECEIVES REQUEST 28 FROM CLIENT
2026-05-26T21:43:27.673128785Z LEADER SERVER 4 ADDS REQUEST 28 TO LOG ENTRY 28
2026-05-26T21:43:27.676270959Z LEADER SENDS REQUEST 28 TO SERVER 1
2026-05-26T21:43:27.678831095Z LEADER SENDS REQUEST 28 TO SERVER 2
2026-05-26T21:43:27.681603965Z LEADER SENDS REQUEST 28 TO SERVER 3
2026-05-26T21:43:27.68472969Z LEADER SENDS REQUEST 28 TO SERVER 5
2026-05-26T21:43:27.6918859Z LEADER RECEIVES ACK FROM SERVER 1 FOR REQUEST 28
2026-05-26T21:43:27.697439572Z LEADER RECEIVES ACK FROM SERVER 3 FOR REQUEST 28
2026-05-26T21:43:27.722918179Z LEADER SERVER 4 RECEIVES REQUEST 29 FROM CLIENT
2026-05-26T21:43:27.732540079Z LEADER SERVER 4 ADDS REQUEST 29 TO LOG ENTRY 29
2026-05-26T21:43:27.735006292Z LEADER SENDS REQUEST 29 TO SERVER 5
2026-05-26T21:43:27.737818812Z LEADER SENDS REQUEST 29 TO SERVER 2
2026-05-26T21:43:27.740316171Z LEADER SENDS REQUEST 29 TO SERVER 1
2026-05-26T21:43:27.742668567Z LEADER SENDS REQUEST 29 TO SERVER 3
2026-05-26T21:43:27.753892266Z LEADER RECEIVES ACK FROM SERVER 1 FOR REQUEST 29
2026-05-26T21:43:27.757553007Z LEADER RECEIVES ACK FROM SERVER 3 FOR REQUEST 29
2026-05-26T21:43:27.783814783Z LEADER SERVER 4 RECEIVES REQUEST 30 FROM CLIENT
2026-05-26T21:43:27.794011145Z LEADER SERVER 4 ADDS REQUEST 30 TO LOG ENTRY 30
2026-05-26T21:43:27.796845529Z LEADER SENDS REQUEST 30 TO SERVER 5
2026-05-26T21:43:27.799538523Z LEADER SENDS REQUEST 30 TO SERVER 2
2026-05-26T21:43:27.802198602Z LEADER SENDS REQUEST 30 TO SERVER 1
2026-05-26T21:43:27.805162711Z LEADER SENDS REQUEST 30 TO SERVER 3
2026-05-26T21:43:27.818844927Z LEADER RECEIVES ACK FROM SERVER 1 FOR REQUEST 30
2026-05-26T21:43:27.822600107Z LEADER RECEIVES ACK FROM SERVER 3 FOR REQUEST 30
2026-05-26T21:43:27.854110793Z LEADER SERVER 4 RECEIVES REQUEST 31 FROM CLIENT
2026-05-26T21:43:27.864872537Z LEADER SERVER 4 ADDS REQUEST 31 TO LOG ENTRY 31
2026-05-26T21:43:27.867253203Z LEADER SENDS REQUEST 31 TO SERVER 1
2026-05-26T21:43:27.869812518Z LEADER SENDS REQUEST 31 TO SERVER 3
2026-05-26T21:43:27.872215841Z LEADER SENDS REQUEST 31 TO SERVER 2
2026-05-26T21:43:27.875148814Z LEADER SENDS REQUEST 31 TO SERVER 5
2026-05-26T21:43:27.882252872Z LEADER RECEIVES ACK FROM SERVER 1 FOR REQUEST 31
2026-05-26T21:43:27.884645473Z LEADER RECEIVES ACK FROM SERVER 3 FOR REQUEST 31
2026-05-26T21:43:27.909561568Z LEADER SERVER 4 RECEIVES REQUEST 32 FROM CLIENT
2026-05-26T21:43:27.919263807Z LEADER SERVER 4 ADDS REQUEST 32 TO LOG ENTRY 32
2026-05-26T21:43:27.921827372Z LEADER SENDS REQUEST 32 TO SERVER 5
2026-05-26T21:43:27.92428973Z LEADER SENDS REQUEST 32 TO SERVER 2
2026-05-26T21:43:27.926738643Z LEADER SENDS REQUEST 32 TO SERVER 1
2026-05-26T21:43:27.929672985Z LEADER SENDS REQUEST 32 TO SERVER 3
2026-05-26T21:43:27.943350471Z LEADER RECEIVES ACK FROM SERVER 1 FOR REQUEST 32
2026-05-26T21:43:27.945994065Z LEADER RECEIVES ACK FROM SERVER 3 FOR REQUEST 32
2026-05-26T21:43:27.969990467Z LEADER SERVER 4 RECEIVES REQUEST 33 FROM CLIENT
2026-05-26T21:43:27.978394952Z LEADER SERVER 4 ADDS REQUEST 33 TO LOG ENTRY 33
2026-05-26T21:43:27.981191916Z LEADER SENDS REQUEST 33 TO SERVER 1
2026-05-26T21:43:27.983649202Z LEADER SENDS REQUEST 33 TO SERVER 5
2026-05-26T21:43:27.985821241Z LEADER SENDS REQUEST 33 TO SERVER 2
2026-05-26T21:43:27.989942386Z LEADER SENDS REQUEST 33 TO SERVER 3
2026-05-26T21:43:27.99621329Z LEADER RECEIVES ACK FROM SERVER 1 FOR REQUEST 33
2026-05-26T21:43:28.003953966Z LEADER RECEIVES ACK FROM SERVER 3 FOR REQUEST 33
2026-05-26T21:43:28.034036825Z LEADER SERVER 4 RECEIVES REQUEST 34 FROM CLIENT
2026-05-26T21:43:28.04327446Z LEADER SERVER 4 ADDS REQUEST 34 TO LOG ENTRY 34
2026-05-26T21:43:28.046079494Z LEADER SENDS REQUEST 34 TO SERVER 3
2026-05-26T21:43:28.048573651Z LEADER SENDS REQUEST 34 TO SERVER 1
2026-05-26T21:43:28.051714894Z LEADER SENDS REQUEST 34 TO SERVER 5
2026-05-26T21:43:28.054645555Z LEADER SENDS REQUEST 34 TO SERVER 2
2026-05-26T21:43:28.062575127Z LEADER RECEIVES ACK FROM SERVER 3 FOR REQUEST 34
2026-05-26T21:43:28.065271613Z LEADER RECEIVES ACK FROM SERVER 1 FOR REQUEST 34
2026-05-26T21:43:28.089760045Z LEADER SERVER 4 RECEIVES REQUEST 35 FROM CLIENT
2026-05-26T21:43:28.098547371Z LEADER SERVER 4 ADDS REQUEST 35 TO LOG ENTRY 35
2026-05-26T21:43:28.101189249Z LEADER SENDS REQUEST 35 TO SERVER 5
2026-05-26T21:43:28.103677936Z LEADER SENDS REQUEST 35 TO SERVER 2
2026-05-26T21:43:28.106215101Z LEADER SENDS REQUEST 35 TO SERVER 1
2026-05-26T21:43:28.109192723Z LEADER SENDS REQUEST 35 TO SERVER 3
2026-05-26T21:43:28.120529064Z LEADER RECEIVES ACK FROM SERVER 1 FOR REQUEST 35
2026-05-26T21:43:28.123359772Z LEADER RECEIVES ACK FROM SERVER 3 FOR REQUEST 35
2026-05-26T21:43:28.150321582Z LEADER SERVER 4 RECEIVES REQUEST 36 FROM CLIENT
2026-05-26T21:43:28.158592667Z LEADER SERVER 4 ADDS REQUEST 36 TO LOG ENTRY 36
2026-05-26T21:43:28.161274734Z LEADER SENDS REQUEST 36 TO SERVER 5
2026-05-26T21:43:28.16405372Z LEADER SENDS REQUEST 36 TO SERVER 2
2026-05-26T21:43:28.16637056Z LEADER SENDS REQUEST 36 TO SERVER 1
2026-05-26T21:43:28.1690641Z LEADER SENDS REQUEST 36 TO SERVER 3
2026-05-26T21:43:28.181369624Z LEADER RECEIVES ACK FROM SERVER 1 FOR REQUEST 36
2026-05-26T21:43:28.185041756Z LEADER RECEIVES ACK FROM SERVER 3 FOR REQUEST 36
2026-05-26T21:43:28.209892587Z LEADER SERVER 4 RECEIVES REQUEST 37 FROM CLIENT
2026-05-26T21:43:28.219811Z LEADER SERVER 4 ADDS REQUEST 37 TO LOG ENTRY 37
2026-05-26T21:43:28.222293791Z LEADER SENDS REQUEST 37 TO SERVER 5
2026-05-26T21:43:28.225089842Z LEADER SENDS REQUEST 37 TO SERVER 2
2026-05-26T21:43:28.227760363Z LEADER SENDS REQUEST 37 TO SERVER 1
2026-05-26T21:43:28.230255777Z LEADER SENDS REQUEST 37 TO SERVER 3
2026-05-26T21:43:28.241475112Z LEADER RECEIVES ACK FROM SERVER 1 FOR REQUEST 37
2026-05-26T21:43:28.244755872Z LEADER RECEIVES ACK FROM SERVER 3 FOR REQUEST 37
2026-05-26T21:43:28.271563829Z LEADER SERVER 4 RECEIVES REQUEST 38 FROM CLIENT
2026-05-26T21:43:28.280648687Z LEADER SERVER 4 ADDS REQUEST 38 TO LOG ENTRY 38
2026-05-26T21:43:28.283193315Z LEADER SENDS REQUEST 38 TO SERVER 2
2026-05-26T21:43:28.285878582Z LEADER SENDS REQUEST 38 TO SERVER 5
2026-05-26T21:43:28.28849181Z LEADER SENDS REQUEST 38 TO SERVER 3
2026-05-26T21:43:28.29127124Z LEADER SENDS REQUEST 38 TO SERVER 1
2026-05-26T21:43:28.304852812Z LEADER RECEIVES ACK FROM SERVER 3 FOR REQUEST 38
2026-05-26T21:43:28.307395725Z LEADER RECEIVES ACK FROM SERVER 1 FOR REQUEST 38
2026-05-26T21:43:28.335324414Z LEADER SERVER 4 RECEIVES REQUEST 39 FROM CLIENT
2026-05-26T21:43:28.344370682Z LEADER SERVER 4 ADDS REQUEST 39 TO LOG ENTRY 39
2026-05-26T21:43:28.346670322Z LEADER SENDS REQUEST 39 TO SERVER 3
2026-05-26T21:43:28.3498134Z LEADER SENDS REQUEST 39 TO SERVER 1
2026-05-26T21:43:28.351929671Z LEADER SENDS REQUEST 39 TO SERVER 5
2026-05-26T21:43:28.354947297Z LEADER SENDS REQUEST 39 TO SERVER 2
2026-05-26T21:43:28.364736241Z LEADER RECEIVES ACK FROM SERVER 3 FOR REQUEST 39
2026-05-26T21:43:28.367018935Z LEADER RECEIVES ACK FROM SERVER 1 FOR REQUEST 39
2026-05-26T21:43:28.392865707Z LEADER SERVER 4 RECEIVES REQUEST 40 FROM CLIENT
2026-05-26T21:43:28.401867341Z LEADER SERVER 4 ADDS REQUEST 40 TO LOG ENTRY 40
2026-05-26T21:43:28.404470403Z LEADER SENDS REQUEST 40 TO SERVER 5
2026-05-26T21:43:28.406999054Z LEADER SENDS REQUEST 40 TO SERVER 2
2026-05-26T21:43:28.409528832Z LEADER SENDS REQUEST 40 TO SERVER 1
2026-05-26T21:43:28.412357095Z LEADER SENDS REQUEST 40 TO SERVER 3
2026-05-26T21:43:28.424445773Z LEADER RECEIVES ACK FROM SERVER 1 FOR REQUEST 40
2026-05-26T21:43:28.427052962Z LEADER RECEIVES ACK FROM SERVER 3 FOR REQUEST 40
2026-05-26T21:43:28.453518226Z LEADER SERVER 4 RECEIVES REQUEST 41 FROM CLIENT
2026-05-26T21:43:28.46212331Z LEADER SERVER 4 ADDS REQUEST 41 TO LOG ENTRY 41
2026-05-26T21:43:28.464681199Z LEADER SENDS REQUEST 41 TO SERVER 5
2026-05-26T21:43:28.466981399Z LEADER SENDS REQUEST 41 TO SERVER 2
2026-05-26T21:43:28.469533652Z LEADER SENDS REQUEST 41 TO SERVER 1
2026-05-26T21:43:28.472620587Z LEADER SENDS REQUEST 41 TO SERVER 3
2026-05-26T21:43:28.485466189Z LEADER RECEIVES ACK FROM SERVER 1 FOR REQUEST 41
2026-05-26T21:43:28.488807447Z LEADER RECEIVES ACK FROM SERVER 3 FOR REQUEST 41
2026-05-26T21:43:28.513459491Z LEADER SERVER 4 RECEIVES REQUEST 42 FROM CLIENT
2026-05-26T21:43:28.522310063Z LEADER SERVER 4 ADDS REQUEST 42 TO LOG ENTRY 42
2026-05-26T21:43:28.524786744Z LEADER SENDS REQUEST 42 TO SERVER 5
2026-05-26T21:43:28.526859563Z LEADER SENDS REQUEST 42 TO SERVER 2
2026-05-26T21:43:28.529707357Z LEADER SENDS REQUEST 42 TO SERVER 1
2026-05-26T21:43:28.532445988Z LEADER SENDS REQUEST 42 TO SERVER 3
2026-05-26T21:43:28.543178092Z LEADER RECEIVES ACK FROM SERVER 1 FOR REQUEST 42
2026-05-26T21:43:28.546641087Z LEADER RECEIVES ACK FROM SERVER 3 FOR REQUEST 42
2026-05-26T21:43:28.570349708Z LEADER SERVER 4 RECEIVES REQUEST 43 FROM CLIENT
2026-05-26T21:43:28.580917638Z LEADER SERVER 4 ADDS REQUEST 43 TO LOG ENTRY 43
2026-05-26T21:43:28.583467548Z LEADER SENDS REQUEST 43 TO SERVER 5
2026-05-26T21:43:28.585922735Z LEADER SENDS REQUEST 43 TO SERVER 2
2026-05-26T21:43:28.588806109Z LEADER SENDS REQUEST 43 TO SERVER 1
2026-05-26T21:43:28.591818453Z LEADER SENDS REQUEST 43 TO SERVER 3
2026-05-26T21:43:28.604438283Z LEADER RECEIVES ACK FROM SERVER 1 FOR REQUEST 43
2026-05-26T21:43:28.607127856Z LEADER RECEIVES ACK FROM SERVER 3 FOR REQUEST 43
2026-05-26T21:43:28.637608138Z LEADER SERVER 4 RECEIVES REQUEST 44 FROM CLIENT
2026-05-26T21:43:28.647556096Z LEADER SERVER 4 ADDS REQUEST 44 TO LOG ENTRY 44
2026-05-26T21:43:28.650148742Z LEADER SENDS REQUEST 44 TO SERVER 5
2026-05-26T21:43:28.652578866Z LEADER SENDS REQUEST 44 TO SERVER 2
2026-05-26T21:43:28.655180696Z LEADER SENDS REQUEST 44 TO SERVER 1
2026-05-26T21:43:28.657724328Z LEADER SENDS REQUEST 44 TO SERVER 3
2026-05-26T21:43:28.669741969Z LEADER RECEIVES ACK FROM SERVER 1 FOR REQUEST 44
2026-05-26T21:43:28.672662325Z LEADER RECEIVES ACK FROM SERVER 3 FOR REQUEST 44
2026-05-26T21:43:28.69885366Z LEADER SERVER 4 RECEIVES REQUEST 45 FROM CLIENT
2026-05-26T21:43:28.708598017Z LEADER SERVER 4 ADDS REQUEST 45 TO LOG ENTRY 45
2026-05-26T21:43:28.711375652Z LEADER SENDS REQUEST 45 TO SERVER 1
2026-05-26T21:43:28.713881628Z LEADER SENDS REQUEST 45 TO SERVER 3
2026-05-26T21:43:28.716592514Z LEADER SENDS REQUEST 45 TO SERVER 2
2026-05-26T21:43:28.719675392Z LEADER SENDS REQUEST 45 TO SERVER 5
2026-05-26T21:43:28.7271191Z LEADER RECEIVES ACK FROM SERVER 1 FOR REQUEST 45
2026-05-26T21:43:28.729911139Z LEADER RECEIVES ACK FROM SERVER 3 FOR REQUEST 45
2026-05-26T21:43:28.756796284Z LEADER SERVER 4 RECEIVES REQUEST 46 FROM CLIENT
2026-05-26T21:43:28.76645135Z LEADER SERVER 4 ADDS REQUEST 46 TO LOG ENTRY 46
2026-05-26T21:43:28.769005832Z LEADER SENDS REQUEST 46 TO SERVER 1
2026-05-26T21:43:28.771402072Z LEADER SENDS REQUEST 46 TO SERVER 3
2026-05-26T21:43:28.773996688Z LEADER SENDS REQUEST 46 TO SERVER 2
2026-05-26T21:43:28.77705447Z LEADER SENDS REQUEST 46 TO SERVER 5
2026-05-26T21:43:28.78392698Z LEADER RECEIVES ACK FROM SERVER 1 FOR REQUEST 46
2026-05-26T21:43:28.786468013Z LEADER RECEIVES ACK FROM SERVER 3 FOR REQUEST 46
2026-05-26T21:43:28.812008992Z LEADER SERVER 4 RECEIVES REQUEST 47 FROM CLIENT
2026-05-26T21:43:28.821062377Z LEADER SERVER 4 ADDS REQUEST 47 TO LOG ENTRY 47
2026-05-26T21:43:28.823941943Z LEADER SENDS REQUEST 47 TO SERVER 3
2026-05-26T21:43:28.826206967Z LEADER SENDS REQUEST 47 TO SERVER 2
2026-05-26T21:43:28.828690717Z LEADER SENDS REQUEST 47 TO SERVER 5
2026-05-26T21:43:28.83160005Z LEADER SENDS REQUEST 47 TO SERVER 1
2026-05-26T21:43:28.839700778Z LEADER RECEIVES ACK FROM SERVER 3 FOR REQUEST 47
2026-05-26T21:43:28.846574579Z LEADER RECEIVES ACK FROM SERVER 1 FOR REQUEST 47
2026-05-26T21:43:28.873088444Z LEADER SERVER 4 RECEIVES REQUEST 48 FROM CLIENT
2026-05-26T21:43:28.882249224Z LEADER SERVER 4 ADDS REQUEST 48 TO LOG ENTRY 48
2026-05-26T21:43:28.885075752Z LEADER SENDS REQUEST 48 TO SERVER 1
2026-05-26T21:43:28.887378203Z LEADER SENDS REQUEST 48 TO SERVER 3
2026-05-26T21:43:28.890165042Z LEADER SENDS REQUEST 48 TO SERVER 2
2026-05-26T21:43:28.892932309Z LEADER SENDS REQUEST 48 TO SERVER 5
2026-05-26T21:43:28.900703351Z LEADER RECEIVES ACK FROM SERVER 1 FOR REQUEST 48
2026-05-26T21:43:28.904372925Z LEADER RECEIVES ACK FROM SERVER 3 FOR REQUEST 48
2026-05-26T21:43:28.930957484Z LEADER SERVER 4 RECEIVES REQUEST 49 FROM CLIENT
2026-05-26T21:43:28.940189156Z LEADER SERVER 4 ADDS REQUEST 49 TO LOG ENTRY 49
2026-05-26T21:43:28.942483286Z LEADER SENDS REQUEST 49 TO SERVER 5
2026-05-26T21:43:28.945043715Z LEADER SENDS REQUEST 49 TO SERVER 2
2026-05-26T21:43:28.948088028Z LEADER SENDS REQUEST 49 TO SERVER 1
2026-05-26T21:43:28.950373831Z LEADER SENDS REQUEST 49 TO SERVER 3
2026-05-26T21:43:28.962143877Z LEADER RECEIVES ACK FROM SERVER 1 FOR REQUEST 49
2026-05-26T21:43:28.964302804Z LEADER RECEIVES ACK FROM SERVER 3 FOR REQUEST 49
2026-05-26T21:43:28.990908105Z LEADER SERVER 4 RECEIVES REQUEST 50 FROM CLIENT
2026-05-26T21:43:29.000068807Z LEADER SERVER 4 ADDS REQUEST 50 TO LOG ENTRY 50
2026-05-26T21:43:29.002491372Z LEADER SENDS REQUEST 50 TO SERVER 5
2026-05-26T21:43:29.005157305Z LEADER SENDS REQUEST 50 TO SERVER 1
2026-05-26T21:43:29.007813009Z LEADER SENDS REQUEST 50 TO SERVER 2
2026-05-26T21:43:29.010944029Z LEADER SENDS REQUEST 50 TO SERVER 3
2026-05-26T21:43:29.021521612Z LEADER RECEIVES ACK FROM SERVER 1 FOR REQUEST 50
2026-05-26T21:43:29.025146766Z LEADER RECEIVES ACK FROM SERVER 3 FOR REQUEST 50
2026-05-26T21:43:30.067008701Z SERVER 4 VOTES VOTE FOR SERVER 1
2026-05-26T21:43:30.416310517Z FOLLOWER 4 RECEIVES REQUEST 51
2026-05-26T21:43:30.468687157Z FOLLOWER 4 RECEIVES REQUEST 52
2026-05-26T21:43:30.519956868Z FOLLOWER 4 RECEIVES REQUEST 53
2026-05-26T21:43:30.566841154Z FOLLOWER 4 RECEIVES REQUEST 54
2026-05-26T21:43:30.61789036Z FOLLOWER 4 RECEIVES REQUEST 55
2026-05-26T21:43:30.668553893Z FOLLOWER 4 RECEIVES REQUEST 56
2026-05-26T21:43:30.714471809Z FOLLOWER 4 RECEIVES REQUEST 57
2026-05-26T21:43:30.764856387Z FOLLOWER 4 RECEIVES REQUEST 58
2026-05-26T21:43:30.823548499Z FOLLOWER 4 RECEIVES REQUEST 59
2026-05-26T21:43:30.873489332Z FOLLOWER 4 RECEIVES REQUEST 60
2026-05-26T21:43:30.92248473Z FOLLOWER 4 RECEIVES REQUEST 61
2026-05-26T21:43:30.968345081Z FOLLOWER 4 RECEIVES REQUEST 62
2026-05-26T21:43:31.014877033Z FOLLOWER 4 RECEIVES REQUEST 63
2026-05-26T21:43:31.061881307Z FOLLOWER 4 RECEIVES REQUEST 64
2026-05-26T21:43:31.101446695Z FOLLOWER 4 RECEIVES REQUEST 65
2026-05-26T21:43:31.152960563Z FOLLOWER 4 RECEIVES REQUEST 66
2026-05-26T21:43:31.199601103Z FOLLOWER 4 RECEIVES REQUEST 67
2026-05-26T21:43:31.242849725Z FOLLOWER 4 RECEIVES REQUEST 68
2026-05-26T21:43:31.283896178Z FOLLOWER 4 RECEIVES REQUEST 69
2026-05-26T21:43:31.337223529Z FOLLOWER 4 RECEIVES REQUEST 70
2026-05-26T21:43:31.382316528Z FOLLOWER 4 RECEIVES REQUEST 71
2026-05-26T21:43:31.428826144Z FOLLOWER 4 RECEIVES REQUEST 72
2026-05-26T21:43:31.466622947Z FOLLOWER 4 RECEIVES REQUEST 73
2026-05-26T21:43:31.51504718Z FOLLOWER 4 RECEIVES REQUEST 74
2026-05-26T21:43:31.564883346Z FOLLOWER 4 RECEIVES REQUEST 75
2026-05-26T21:43:31.615768589Z FOLLOWER 4 RECEIVES REQUEST 76
2026-05-26T21:43:31.663096556Z FOLLOWER 4 RECEIVES REQUEST 77
2026-05-26T21:43:31.710795826Z FOLLOWER 4 RECEIVES REQUEST 78
2026-05-26T21:43:31.75017621Z FOLLOWER 4 RECEIVES REQUEST 79
2026-05-26T21:43:31.799564358Z FOLLOWER 4 RECEIVES REQUEST 80
2026-05-26T21:43:31.842525347Z FOLLOWER 4 RECEIVES REQUEST 81
2026-05-26T21:43:31.893231912Z FOLLOWER 4 RECEIVES REQUEST 82
2026-05-26T21:43:31.941385756Z FOLLOWER 4 RECEIVES REQUEST 83
2026-05-26T21:43:31.991770137Z FOLLOWER 4 RECEIVES REQUEST 84
2026-05-26T21:43:32.036109524Z FOLLOWER 4 RECEIVES REQUEST 85
2026-05-26T21:43:32.081579156Z FOLLOWER 4 RECEIVES REQUEST 86
2026-05-26T21:43:32.128874745Z FOLLOWER 4 RECEIVES REQUEST 87
2026-05-26T21:43:32.170852407Z FOLLOWER 4 RECEIVES REQUEST 88
2026-05-26T21:43:32.220459101Z FOLLOWER 4 RECEIVES REQUEST 89
2026-05-26T21:43:32.258521199Z FOLLOWER 4 RECEIVES REQUEST 90
