2026-05-26T21:43:12.508161911Z SERVER 1 VOTES VOTE FOR SERVER 2
2026-05-26T21:43:24.850777747Z FOLLOWER 1 RECEIVES REQUEST 1
2026-05-26T21:43:24.911820277Z FOLLOWER 1 RECEIVES REQUEST 2
2026-05-26T21:43:24.971360862Z FOLLOWER 1 RECEIVES REQUEST 3
2026-05-26T21:43:25.024126332Z FOLLOWER 1 RECEIVES REQUEST 4
2026-05-26T21:43:25.07861366Z FOLLOWER 1 RECEIVES REQUEST 5
2026-05-26T21:43:25.127081082Z FOLLOWER 1 RECEIVES REQUEST 6
2026-05-26T21:43:25.182953784Z FOLLOWER 1 RECEIVES REQUEST 7
2026-05-26T21:43:25.233985433Z FOLLOWER 1 RECEIVES REQUEST 8
2026-05-26T21:43:25.28523687Z FOLLOWER 1 RECEIVES REQUEST 9
2026-05-26T21:43:25.335224206Z FOLLOWER 1 RECEIVES REQUEST 10
2026-05-26T21:43:25.387022144Z FOLLOWER 1 RECEIVES REQUEST 11
2026-05-26T21:43:25.435523159Z FOLLOWER 1 RECEIVES REQUEST 12
2026-05-26T21:43:25.491111039Z FOLLOWER 1 RECEIVES REQUEST 13
2026-05-26T21:43:25.545074621Z FOLLOWER 1 RECEIVES REQUEST 14
2026-05-26T21:43:25.597342473Z FOLLOWER 1 RECEIVES REQUEST 15
2026-05-26T21:43:25.654110332Z FOLLOWER 1 RECEIVES REQUEST 16
2026-05-26T21:43:25.70416621Z FOLLOWER 1 RECEIVES REQUEST 17
2026-05-26T21:43:25.756331105Z FOLLOWER 1 RECEIVES REQUEST 18
2026-05-26T21:43:25.818059429Z FOLLOWER 1 RECEIVES REQUEST 19
2026-05-26T21:43:25.874143875Z FOLLOWER 1 RECEIVES REQUEST 20
2026-05-26T21:43:27.042510954Z SERVER 1 VOTES VOTE FOR SERVER 4
2026-05-26T21:43:27.252663078Z FOLLOWER 1 RECEIVES REQUEST 21
2026-05-26T21:43:27.324724874Z FOLLOWER 1 RECEIVES REQUEST 22
2026-05-26T21:43:27.384979121Z FOLLOWER 1 RECEIVES REQUEST 23
2026-05-26T21:43:27.440706864Z FOLLOWER 1 RECEIVES REQUEST 24
2026-05-26T21:43:27.506289885Z FOLLOWER 1 RECEIVES REQUEST 25
2026-05-26T21:43:27.565327561Z FOLLOWER 1 RECEIVES REQUEST 26
2026-05-26T21:43:27.626898157Z FOLLOWER 1 RECEIVES REQUEST 27
2026-05-26T21:43:27.681124962Z FOLLOWER 1 RECEIVES REQUEST 28
2026-05-26T21:43:27.744283142Z FOLLOWER 1 RECEIVES REQUEST 29
2026-05-26T21:43:27.807964118Z FOLLOWER 1 RECEIVES REQUEST 30
2026-05-26T21:43:27.871777769Z FOLLOWER 1 RECEIVES REQUEST 31
2026-05-26T21:43:27.932262092Z FOLLOWER 1 RECEIVES REQUEST 32
2026-05-26T21:43:27.985581185Z FOLLOWER 1 RECEIVES REQUEST 33
2026-05-26T21:43:28.053759417Z FOLLOWER 1 RECEIVES REQUEST 34
2026-05-26T21:43:28.111022978Z FOLLOWER 1 RECEIVES REQUEST 35
2026-05-26T21:43:28.171119386Z FOLLOWER 1 RECEIVES REQUEST 36
2026-05-26T21:43:28.232339617Z FOLLOWER 1 RECEIVES REQUEST 37
2026-05-26T21:43:28.296358895Z FOLLOWER 1 RECEIVES REQUEST 38
2026-05-26T21:43:28.354211039Z FOLLOWER 1 RECEIVES REQUEST 39
2026-05-26T21:43:28.413973166Z FOLLOWER 1 RECEIVES REQUEST 40
2026-05-26T21:43:28.475079917Z FOLLOWER 1 RECEIVES REQUEST 41
2026-05-26T21:43:28.533910902Z FOLLOWER 1 RECEIVES REQUEST 42
2026-05-26T21:43:28.594060703Z FOLLOWER 1 RECEIVES REQUEST 43
2026-05-26T21:43:28.659891789Z FOLLOWER 1 RECEIVES REQUEST 44
2026-05-26T21:43:28.71607378Z FOLLOWER 1 RECEIVES REQUEST 45
2026-05-26T21:43:28.773388803Z FOLLOWER 1 RECEIVES REQUEST 46
2026-05-26T21:43:28.837094132Z FOLLOWER 1 RECEIVES REQUEST 47
2026-05-26T21:43:28.88954073Z FOLLOWER 1 RECEIVES REQUEST 48
2026-05-26T21:43:28.952937661Z FOLLOWER 1 RECEIVES REQUEST 49
2026-05-26T21:43:29.010775631Z FOLLOWER 1 RECEIVES REQUEST 50
2026-05-26T21:43:30.048950906Z CANDIDATE SERVER 1 SENDING A VOTING REQUEST
2026-05-26T21:43:30.07259439Z CANDIDATE SERVER 1 WINS THE ELECTION FOR TERM 3
2026-05-26T21:43:30.374291582Z LEADER SERVER 1 RECEIVES REQUEST 51 FROM CLIENT
2026-05-26T21:43:30.395390617Z LEADER SERVER 1 ADDS REQUEST 51 TO LOG ENTRY 51
2026-05-26T21:43:30.398007661Z LEADER SENDS REQUEST 51 TO SERVER 5
2026-05-26T21:43:30.402130623Z LEADER SENDS REQUEST 51 TO SERVER 3
2026-05-26T21:43:30.405745257Z LEADER SENDS REQUEST 51 TO SERVER 2
2026-05-26T21:43:30.410772055Z LEADER SENDS REQUEST 51 TO SERVER 4
2026-05-26T21:43:30.421204858Z LEADER RECEIVES ACK FROM SERVER 3 FOR REQUEST 51
2026-05-26T21:43:30.429062798Z LEADER RECEIVES ACK FROM SERVER 4 FOR REQUEST 51
2026-05-26T21:43:30.44168297Z LEADER SERVER 1 RECEIVES REQUEST 52 FROM CLIENT
2026-05-26T21:43:30.452624166Z LEADER SERVER 1 ADDS REQUEST 52 TO LOG ENTRY 52
2026-05-26T21:43:30.456218845Z LEADER SENDS REQUEST 52 TO SERVER 3
2026-05-26T21:43:30.459230012Z LEADER SENDS REQUEST 52 TO SERVER 5
2026-05-26T21:43:30.46280072Z LEADER SENDS REQUEST 52 TO SERVER 4
2026-05-26T21:43:30.466743147Z LEADER SENDS REQUEST 52 TO SERVER 2
2026-05-26T21:43:30.472561066Z LEADER RECEIVES ACK FROM SERVER 3 FOR REQUEST 52
2026-05-26T21:43:30.480224415Z LEADER RECEIVES ACK FROM SERVER 4 FOR REQUEST 52
2026-05-26T21:43:30.494447229Z LEADER SERVER 1 RECEIVES REQUEST 53 FROM CLIENT
2026-05-26T21:43:30.504370654Z LEADER SERVER 1 ADDS REQUEST 53 TO LOG ENTRY 53
2026-05-26T21:43:30.506927415Z LEADER SENDS REQUEST 53 TO SERVER 5
2026-05-26T21:43:30.510081454Z LEADER SENDS REQUEST 53 TO SERVER 3
2026-05-26T21:43:30.512633164Z LEADER SENDS REQUEST 53 TO SERVER 2
2026-05-26T21:43:30.515663811Z LEADER SENDS REQUEST 53 TO SERVER 4
2026-05-26T21:43:30.524559785Z LEADER RECEIVES ACK FROM SERVER 3 FOR REQUEST 53
2026-05-26T21:43:30.530169429Z LEADER RECEIVES ACK FROM SERVER 4 FOR REQUEST 53
2026-05-26T21:43:30.543295737Z LEADER SERVER 1 RECEIVES REQUEST 54 FROM CLIENT
2026-05-26T21:43:30.55342859Z LEADER SERVER 1 ADDS REQUEST 54 TO LOG ENTRY 54
2026-05-26T21:43:30.555910189Z LEADER SENDS REQUEST 54 TO SERVER 3
2026-05-26T21:43:30.558681014Z LEADER SENDS REQUEST 54 TO SERVER 5
2026-05-26T21:43:30.561204896Z LEADER SENDS REQUEST 54 TO SERVER 4
2026-05-26T21:43:30.564495708Z LEADER SENDS REQUEST 54 TO SERVER 2
2026-05-26T21:43:30.572553197Z LEADER RECEIVES ACK FROM SERVER 3 FOR REQUEST 54
2026-05-26T21:43:30.578406959Z LEADER RECEIVES ACK FROM SERVER 4 FOR REQUEST 54
2026-05-26T21:43:30.591742701Z LEADER SERVER 1 RECEIVES REQUEST 55 FROM CLIENT
2026-05-26T21:43:30.601906661Z LEADER SERVER 1 ADDS REQUEST 55 TO LOG ENTRY 55
2026-05-26T21:43:30.604933005Z LEADER SENDS REQUEST 55 TO SERVER 5
2026-05-26T21:43:30.607811606Z LEADER SENDS REQUEST 55 TO SERVER 3
2026-05-26T21:43:30.610079629Z LEADER SENDS REQUEST 55 TO SERVER 2
2026-05-26T21:43:30.61317614Z LEADER SENDS REQUEST 55 TO SERVER 4
2026-05-26T21:43:30.62308672Z LEADER RECEIVES ACK FROM SERVER 3 FOR REQUEST 55
2026-05-26T21:43:30.628907034Z LEADER RECEIVES ACK FROM SERVER 4 FOR REQUEST 55
2026-05-26T21:43:30.642672792Z LEADER SERVER 1 RECEIVES REQUEST 56 FROM CLIENT
2026-05-26T21:43:30.651643221Z LEADER SERVER 1 ADDS REQUEST 56 TO LOG ENTRY 56
2026-05-26T21:43:30.655050309Z LEADER SENDS REQUEST 56 TO SERVER 5
2026-05-26T21:43:30.657896369Z LEADER SENDS REQUEST 56 TO SERVER 3
2026-05-26T21:43:30.660617993Z LEADER SENDS REQUEST 56 TO SERVER 2
2026-05-26T21:43:30.663530032Z LEADER SENDS REQUEST 56 TO SERVER 4
2026-05-26T21:43:30.67209363Z LEADER RECEIVES ACK FROM SERVER 3 FOR REQUEST 56
2026-05-26T21:43:30.679327309Z LEADER RECEIVES ACK FROM SERVER 4 FOR REQUEST 56
2026-05-26T21:43:30.691890331Z LEADER SERVER 1 RECEIVES REQUEST 57 FROM CLIENT
2026-05-26T21:43:30.701194232Z LEADER SERVER 1 ADDS REQUEST 57 TO LOG ENTRY 57
2026-05-26T21:43:30.70410573Z LEADER SENDS REQUEST 57 TO SERVER 3
2026-05-26T21:43:30.706670361Z LEADER SENDS REQUEST 57 TO SERVER 5
2026-05-26T21:43:30.70938888Z LEADER SENDS REQUEST 57 TO SERVER 4
2026-05-26T21:43:30.712451117Z LEADER SENDS REQUEST 57 TO SERVER 2
2026-05-26T21:43:30.719716968Z LEADER RECEIVES ACK FROM SERVER 3 FOR REQUEST 57
2026-05-26T21:43:30.724996158Z LEADER RECEIVES ACK FROM SERVER 4 FOR REQUEST 57
2026-05-26T21:43:30.73783629Z LEADER SERVER 1 RECEIVES REQUEST 58 FROM CLIENT
2026-05-26T21:43:30.747711944Z LEADER SERVER 1 ADDS REQUEST 58 TO LOG ENTRY 58
2026-05-26T21:43:30.750270804Z LEADER SENDS REQUEST 58 TO SERVER 5
2026-05-26T21:43:30.753720997Z LEADER SENDS REQUEST 58 TO SERVER 3
2026-05-26T21:43:30.756485085Z LEADER SENDS REQUEST 58 TO SERVER 2
2026-05-26T21:43:30.75922423Z LEADER SENDS REQUEST 58 TO SERVER 4
2026-05-26T21:43:30.769187286Z LEADER RECEIVES ACK FROM SERVER 3 FOR REQUEST 58
2026-05-26T21:43:30.776077045Z LEADER RECEIVES ACK FROM SERVER 4 FOR REQUEST 58
2026-05-26T21:43:30.792984908Z LEADER SERVER 1 RECEIVES REQUEST 59 FROM CLIENT
2026-05-26T21:43:30.804020354Z LEADER SERVER 1 ADDS REQUEST 59 TO LOG ENTRY 59
2026-05-26T21:43:30.806719841Z LEADER SENDS REQUEST 59 TO SERVER 5
2026-05-26T21:43:30.810034299Z LEADER SENDS REQUEST 59 TO SERVER 3
2026-05-26T21:43:30.813253356Z LEADER SENDS REQUEST 59 TO SERVER 2
2026-05-26T21:43:30.816598545Z LEADER SENDS REQUEST 59 TO SERVER 4
2026-05-26T21:43:30.826331972Z LEADER RECEIVES ACK FROM SERVER 3 FOR REQUEST 59
2026-05-26T21:43:30.834220481Z LEADER RECEIVES ACK FROM SERVER 4 FOR REQUEST 59
2026-05-26T21:43:30.848557538Z LEADER SERVER 1 RECEIVES REQUEST 60 FROM CLIENT
2026-05-26T21:43:30.858393147Z LEADER SERVER 1 ADDS REQUEST 60 TO LOG ENTRY 60
2026-05-26T21:43:30.860840029Z LEADER SENDS REQUEST 60 TO SERVER 5
2026-05-26T21:43:30.863247532Z LEADER SENDS REQUEST 60 TO SERVER 3
2026-05-26T21:43:30.865714145Z LEADER SENDS REQUEST 60 TO SERVER 2
2026-05-26T21:43:30.868449142Z LEADER SENDS REQUEST 60 TO SERVER 4
2026-05-26T21:43:30.877438248Z LEADER RECEIVES ACK FROM SERVER 3 FOR REQUEST 60
2026-05-26T21:43:30.884161461Z LEADER RECEIVES ACK FROM SERVER 4 FOR REQUEST 60
2026-05-26T21:43:30.897569881Z LEADER SERVER 1 RECEIVES REQUEST 61 FROM CLIENT
2026-05-26T21:43:30.906723486Z LEADER SERVER 1 ADDS REQUEST 61 TO LOG ENTRY 61
2026-05-26T21:43:30.909395525Z LEADER SENDS REQUEST 61 TO SERVER 5
2026-05-26T21:43:30.911778343Z LEADER SENDS REQUEST 61 TO SERVER 2
2026-05-26T21:43:30.914586619Z LEADER SENDS REQUEST 61 TO SERVER 3
2026-05-26T21:43:30.917012229Z LEADER SENDS REQUEST 61 TO SERVER 4
2026-05-26T21:43:30.929917761Z LEADER RECEIVES ACK FROM SERVER 3 FOR REQUEST 61
2026-05-26T21:43:30.932786769Z LEADER RECEIVES ACK FROM SERVER 4 FOR REQUEST 61
2026-05-26T21:43:30.944884951Z LEADER SERVER 1 RECEIVES REQUEST 62 FROM CLIENT
2026-05-26T21:43:30.953629366Z LEADER SERVER 1 ADDS REQUEST 62 TO LOG ENTRY 62
2026-05-26T21:43:30.956099068Z LEADER SENDS REQUEST 62 TO SERVER 5
2026-05-26T21:43:30.958583069Z LEADER SENDS REQUEST 62 TO SERVER 2
2026-05-26T21:43:30.961341549Z LEADER SENDS REQUEST 62 TO SERVER 3
2026-05-26T21:43:30.963720095Z LEADER SENDS REQUEST 62 TO SERVER 4
2026-05-26T21:43:30.975320667Z LEADER RECEIVES ACK FROM SERVER 3 FOR REQUEST 62
2026-05-26T21:43:30.977772413Z LEADER RECEIVES ACK FROM SERVER 4 FOR REQUEST 62
2026-05-26T21:43:30.990030161Z LEADER SERVER 1 RECEIVES REQUEST 63 FROM CLIENT
2026-05-26T21:43:30.998770174Z LEADER SERVER 1 ADDS REQUEST 63 TO LOG ENTRY 63
2026-05-26T21:43:31.001366795Z LEADER SENDS REQUEST 63 TO SERVER 5
2026-05-26T21:43:31.004300505Z LEADER SENDS REQUEST 63 TO SERVER 3
2026-05-26T21:43:31.006754252Z LEADER SENDS REQUEST 63 TO SERVER 2
2026-05-26T21:43:31.009880158Z LEADER SENDS REQUEST 63 TO SERVER 4
2026-05-26T21:43:31.019070407Z LEADER RECEIVES ACK FROM SERVER 3 FOR REQUEST 63
2026-05-26T21:43:31.024749887Z LEADER RECEIVES ACK FROM SERVER 4 FOR REQUEST 63
2026-05-26T21:43:31.036806378Z LEADER SERVER 1 RECEIVES REQUEST 64 FROM CLIENT
2026-05-26T21:43:31.04594542Z LEADER SERVER 1 ADDS REQUEST 64 TO LOG ENTRY 64
2026-05-26T21:43:31.048739295Z LEADER SENDS REQUEST 64 TO SERVER 5
2026-05-26T21:43:31.051803446Z LEADER SENDS REQUEST 64 TO SERVER 3
2026-05-26T21:43:31.054098936Z LEADER SENDS REQUEST 64 TO SERVER 2
2026-05-26T21:43:31.056606814Z LEADER SENDS REQUEST 64 TO SERVER 4
2026-05-26T21:43:31.066872819Z LEADER RECEIVES ACK FROM SERVER 3 FOR REQUEST 64
2026-05-26T21:43:31.071329365Z LEADER RECEIVES ACK FROM SERVER 4 FOR REQUEST 64
2026-05-26T21:43:31.08334761Z LEADER SERVER 1 RECEIVES REQUEST 65 FROM CLIENT
2026-05-26T21:43:31.092194729Z LEADER SERVER 1 ADDS REQUEST 65 TO LOG ENTRY 65
2026-05-26T21:43:31.094798633Z LEADER SENDS REQUEST 65 TO SERVER 2
2026-05-26T21:43:31.096959288Z LEADER SENDS REQUEST 65 TO SERVER 4
2026-05-26T21:43:31.099733342Z LEADER SENDS REQUEST 65 TO SERVER 3
2026-05-26T21:43:31.102358676Z LEADER SENDS REQUEST 65 TO SERVER 5
2026-05-26T21:43:31.11197848Z LEADER RECEIVES ACK FROM SERVER 4 FOR REQUEST 65
2026-05-26T21:43:31.11511561Z LEADER RECEIVES ACK FROM SERVER 3 FOR REQUEST 65
2026-05-26T21:43:31.12720905Z LEADER SERVER 1 RECEIVES REQUEST 66 FROM CLIENT
2026-05-26T21:43:31.136587163Z LEADER SERVER 1 ADDS REQUEST 66 TO LOG ENTRY 66
2026-05-26T21:43:31.139203737Z LEADER SENDS REQUEST 66 TO SERVER 5
2026-05-26T21:43:31.142154717Z LEADER SENDS REQUEST 66 TO SERVER 3
2026-05-26T21:43:31.144555948Z LEADER SENDS REQUEST 66 TO SERVER 2
2026-05-26T21:43:31.147352423Z LEADER SENDS REQUEST 66 TO SERVER 4
2026-05-26T21:43:31.157702696Z LEADER RECEIVES ACK FROM SERVER 3 FOR REQUEST 66
2026-05-26T21:43:31.162856634Z LEADER RECEIVES ACK FROM SERVER 4 FOR REQUEST 66
2026-05-26T21:43:31.17570362Z LEADER SERVER 1 RECEIVES REQUEST 67 FROM CLIENT
2026-05-26T21:43:31.184566165Z LEADER SERVER 1 ADDS REQUEST 67 TO LOG ENTRY 67
2026-05-26T21:43:31.186781834Z LEADER SENDS REQUEST 67 TO SERVER 5
2026-05-26T21:43:31.189818163Z LEADER SENDS REQUEST 67 TO SERVER 2
2026-05-26T21:43:31.192435622Z LEADER SENDS REQUEST 67 TO SERVER 3
2026-05-26T21:43:31.194740817Z LEADER SENDS REQUEST 67 TO SERVER 4
2026-05-26T21:43:31.207217514Z LEADER RECEIVES ACK FROM SERVER 3 FOR REQUEST 67
2026-05-26T21:43:31.209740438Z LEADER RECEIVES ACK FROM SERVER 4 FOR REQUEST 67
2026-05-26T21:43:31.22108331Z LEADER SERVER 1 RECEIVES REQUEST 68 FROM CLIENT
2026-05-26T21:43:31.230349134Z LEADER SERVER 1 ADDS REQUEST 68 TO LOG ENTRY 68
2026-05-26T21:43:31.233113474Z LEADER SENDS REQUEST 68 TO SERVER 3
2026-05-26T21:43:31.235536903Z LEADER SENDS REQUEST 68 TO SERVER 5
2026-05-26T21:43:31.238253013Z LEADER SENDS REQUEST 68 TO SERVER 4
2026-05-26T21:43:31.240921457Z LEADER SENDS REQUEST 68 TO SERVER 2
2026-05-26T21:43:31.249200586Z LEADER RECEIVES ACK FROM SERVER 3 FOR REQUEST 68
2026-05-26T21:43:31.253202974Z LEADER RECEIVES ACK FROM SERVER 4 FOR REQUEST 68
2026-05-26T21:43:31.266414443Z LEADER SERVER 1 RECEIVES REQUEST 69 FROM CLIENT
2026-05-26T21:43:31.276061314Z LEADER SERVER 1 ADDS REQUEST 69 TO LOG ENTRY 69
2026-05-26T21:43:31.278653065Z LEADER SENDS REQUEST 69 TO SERVER 4
2026-05-26T21:43:31.281725901Z LEADER SENDS REQUEST 69 TO SERVER 2
2026-05-26T21:43:31.284121296Z LEADER SENDS REQUEST 69 TO SERVER 5
2026-05-26T21:43:31.287253446Z LEADER SENDS REQUEST 69 TO SERVER 3
2026-05-26T21:43:31.294614732Z LEADER RECEIVES ACK FROM SERVER 4 FOR REQUEST 69
2026-05-26T21:43:31.301320524Z LEADER RECEIVES ACK FROM SERVER 3 FOR REQUEST 69
2026-05-26T21:43:31.313362113Z LEADER SERVER 1 RECEIVES REQUEST 70 FROM CLIENT
2026-05-26T21:43:31.322011718Z LEADER SERVER 1 ADDS REQUEST 70 TO LOG ENTRY 70
2026-05-26T21:43:31.324297137Z LEADER SENDS REQUEST 70 TO SERVER 5
2026-05-26T21:43:31.326979693Z LEADER SENDS REQUEST 70 TO SERVER 3
2026-05-26T21:43:31.32981214Z LEADER SENDS REQUEST 70 TO SERVER 2
2026-05-26T21:43:31.331993271Z LEADER SENDS REQUEST 70 TO SERVER 4
2026-05-26T21:43:31.3432538Z LEADER RECEIVES ACK FROM SERVER 3 FOR REQUEST 70
2026-05-26T21:43:31.348106545Z LEADER RECEIVES ACK FROM SERVER 4 FOR REQUEST 70
2026-05-26T21:43:31.359182229Z LEADER SERVER 1 RECEIVES REQUEST 71 FROM CLIENT
2026-05-26T21:43:31.367705674Z LEADER SERVER 1 ADDS REQUEST 71 TO LOG ENTRY 71
2026-05-26T21:43:31.370247674Z LEADER SENDS REQUEST 71 TO SERVER 5
2026-05-26T21:43:31.372820346Z LEADER SENDS REQUEST 71 TO SERVER 3
2026-05-26T21:43:31.375218507Z LEADER SENDS REQUEST 71 TO SERVER 2
2026-05-26T21:43:31.378259572Z LEADER SENDS REQUEST 71 TO SERVER 4
2026-05-26T21:43:31.388008619Z LEADER RECEIVES ACK FROM SERVER 3 FOR REQUEST 71
2026-05-26T21:43:31.39354547Z LEADER RECEIVES ACK FROM SERVER 4 FOR REQUEST 71
2026-05-26T21:43:31.40548759Z LEADER SERVER 1 RECEIVES REQUEST 72 FROM CLIENT
2026-05-26T21:43:31.414255017Z LEADER SERVER 1 ADDS REQUEST 72 TO LOG ENTRY 72
2026-05-26T21:43:31.416617765Z LEADER SENDS REQUEST 72 TO SERVER 5
2026-05-26T21:43:31.419255434Z LEADER SENDS REQUEST 72 TO SERVER 3
2026-05-26T21:43:31.421695741Z LEADER SENDS REQUEST 72 TO SERVER 2
2026-05-26T21:43:31.424180221Z LEADER SENDS REQUEST 72 TO SERVER 4
2026-05-26T21:43:31.433754035Z LEADER RECEIVES ACK FROM SERVER 3 FOR REQUEST 72
2026-05-26T21:43:31.438288575Z LEADER RECEIVES ACK FROM SERVER 4 FOR REQUEST 72
2026-05-26T21:43:31.450047283Z LEADER SERVER 1 RECEIVES REQUEST 73 FROM CLIENT
2026-05-26T21:43:31.45882832Z LEADER SERVER 1 ADDS REQUEST 73 TO LOG ENTRY 73
2026-05-26T21:43:31.461615122Z LEADER SENDS REQUEST 73 TO SERVER 4
2026-05-26T21:43:31.464361287Z LEADER SENDS REQUEST 73 TO SERVER 2
2026-05-26T21:43:31.466951896Z LEADER SENDS REQUEST 73 TO SERVER 5
2026-05-26T21:43:31.469908578Z LEADER SENDS REQUEST 73 TO SERVER 3
2026-05-26T21:43:31.47694789Z LEADER RECEIVES ACK FROM SERVER 4 FOR REQUEST 73
2026-05-26T21:43:31.484647478Z LEADER RECEIVES ACK FROM SERVER 3 FOR REQUEST 73
2026-05-26T21:43:31.497139258Z LEADER SERVER 1 RECEIVES REQUEST 74 FROM CLIENT
2026-05-26T21:43:31.505544423Z LEADER SERVER 1 ADDS REQUEST 74 TO LOG ENTRY 74
2026-05-26T21:43:31.507946717Z LEADER SENDS REQUEST 74 TO SERVER 2
2026-05-26T21:43:31.510690883Z LEADER SENDS REQUEST 74 TO SERVER 4
2026-05-26T21:43:31.513430859Z LEADER SENDS REQUEST 74 TO SERVER 3
2026-05-26T21:43:31.516198391Z LEADER SENDS REQUEST 74 TO SERVER 5
2026-05-26T21:43:31.525249349Z LEADER RECEIVES ACK FROM SERVER 4 FOR REQUEST 74
2026-05-26T21:43:31.528675659Z LEADER RECEIVES ACK FROM SERVER 3 FOR REQUEST 74
2026-05-26T21:43:31.541049641Z LEADER SERVER 1 RECEIVES REQUEST 75 FROM CLIENT
2026-05-26T21:43:31.550733947Z LEADER SERVER 1 ADDS REQUEST 75 TO LOG ENTRY 75
2026-05-26T21:43:31.553374913Z LEADER SENDS REQUEST 75 TO SERVER 2
2026-05-26T21:43:31.555518483Z LEADER SENDS REQUEST 75 TO SERVER 5
2026-05-26T21:43:31.557814169Z LEADER SENDS REQUEST 75 TO SERVER 3
2026-05-26T21:43:31.560152258Z LEADER SENDS REQUEST 75 TO SERVER 4
2026-05-26T21:43:31.571819521Z LEADER RECEIVES ACK FROM SERVER 3 FOR REQUEST 75
2026-05-26T21:43:31.574998151Z LEADER RECEIVES ACK FROM SERVER 4 FOR REQUEST 75
2026-05-26T21:43:31.594125125Z LEADER SERVER 1 RECEIVES REQUEST 76 FROM CLIENT
2026-05-26T21:43:31.603573989Z LEADER SERVER 1 ADDS REQUEST 76 TO LOG ENTRY 76
2026-05-26T21:43:31.606425114Z LEADER SENDS REQUEST 76 TO SERVER 3
2026-05-26T21:43:31.608745376Z LEADER SENDS REQUEST 76 TO SERVER 5
2026-05-26T21:43:31.610909412Z LEADER SENDS REQUEST 76 TO SERVER 4
2026-05-26T21:43:31.613981177Z LEADER SENDS REQUEST 76 TO SERVER 2
2026-05-26T21:43:31.62157469Z LEADER RECEIVES ACK FROM SERVER 3 FOR REQUEST 76
2026-05-26T21:43:31.625189633Z LEADER RECEIVES ACK FROM SERVER 4 FOR REQUEST 76
2026-05-26T21:43:31.637348507Z LEADER SERVER 1 RECEIVES REQUEST 77 FROM CLIENT
2026-05-26T21:43:31.646734148Z LEADER SERVER 1 ADDS REQUEST 77 TO LOG ENTRY 77
2026-05-26T21:43:31.649599952Z LEADER SENDS REQUEST 77 TO SERVER 5
2026-05-26T21:43:31.65185218Z LEADER SENDS REQUEST 77 TO SERVER 3
2026-05-26T21:43:31.655037318Z LEADER SENDS REQUEST 77 TO SERVER 2
2026-05-26T21:43:31.657961783Z LEADER SENDS REQUEST 77 TO SERVER 4
2026-05-26T21:43:31.668143975Z LEADER RECEIVES ACK FROM SERVER 3 FOR REQUEST 77
2026-05-26T21:43:31.673260441Z LEADER RECEIVES ACK FROM SERVER 4 FOR REQUEST 77
2026-05-26T21:43:31.685431967Z LEADER SERVER 1 RECEIVES REQUEST 78 FROM CLIENT
2026-05-26T21:43:31.695375619Z LEADER SERVER 1 ADDS REQUEST 78 TO LOG ENTRY 78
2026-05-26T21:43:31.698004372Z LEADER SENDS REQUEST 78 TO SERVER 5
2026-05-26T21:43:31.700303712Z LEADER SENDS REQUEST 78 TO SERVER 3
2026-05-26T21:43:31.702895888Z LEADER SENDS REQUEST 78 TO SERVER 2
2026-05-26T21:43:31.705756266Z LEADER SENDS REQUEST 78 TO SERVER 4
2026-05-26T21:43:31.715242554Z LEADER RECEIVES ACK FROM SERVER 3 FOR REQUEST 78
2026-05-26T21:43:31.720495933Z LEADER RECEIVES ACK FROM SERVER 4 FOR REQUEST 78
2026-05-26T21:43:31.732235106Z LEADER SERVER 1 RECEIVES REQUEST 79 FROM CLIENT
2026-05-26T21:43:31.740637901Z LEADER SERVER 1 ADDS REQUEST 79 TO LOG ENTRY 79
2026-05-26T21:43:31.743094463Z LEADER SENDS REQUEST 79 TO SERVER 3
2026-05-26T21:43:31.745958351Z LEADER SENDS REQUEST 79 TO SERVER 4
2026-05-26T21:43:31.748418708Z LEADER SENDS REQUEST 79 TO SERVER 5
2026-05-26T21:43:31.751144173Z LEADER SENDS REQUEST 79 TO SERVER 2
2026-05-26T21:43:31.758870609Z LEADER RECEIVES ACK FROM SERVER 3 FOR REQUEST 79
2026-05-26T21:43:31.761931684Z LEADER RECEIVES ACK FROM SERVER 4 FOR REQUEST 79
2026-05-26T21:43:31.773411547Z LEADER SERVER 1 RECEIVES REQUEST 80 FROM CLIENT
2026-05-26T21:43:31.782526308Z LEADER SERVER 1 ADDS REQUEST 80 TO LOG ENTRY 80
2026-05-26T21:43:31.785552327Z LEADER SENDS REQUEST 80 TO SERVER 5
2026-05-26T21:43:31.78911392Z LEADER SENDS REQUEST 80 TO SERVER 3
2026-05-26T21:43:31.791513759Z LEADER SENDS REQUEST 80 TO SERVER 2
2026-05-26T21:43:31.79448162Z LEADER SENDS REQUEST 80 TO SERVER 4
2026-05-26T21:43:31.806243459Z LEADER RECEIVES ACK FROM SERVER 3 FOR REQUEST 80
2026-05-26T21:43:31.8106663Z LEADER RECEIVES ACK FROM SERVER 4 FOR REQUEST 80
2026-05-26T21:43:31.824441377Z LEADER SERVER 1 RECEIVES REQUEST 81 FROM CLIENT
2026-05-26T21:43:31.833931173Z LEADER SERVER 1 ADDS REQUEST 81 TO LOG ENTRY 81
2026-05-26T21:43:31.837012889Z LEADER SENDS REQUEST 81 TO SERVER 4
2026-05-26T21:43:31.840031347Z LEADER SENDS REQUEST 81 TO SERVER 2
2026-05-26T21:43:31.843501402Z LEADER SENDS REQUEST 81 TO SERVER 5
2026-05-26T21:43:31.846214118Z LEADER SENDS REQUEST 81 TO SERVER 3
2026-05-26T21:43:31.852370699Z LEADER RECEIVES ACK FROM SERVER 4 FOR REQUEST 81
2026-05-26T21:43:31.861164347Z LEADER RECEIVES ACK FROM SERVER 3 FOR REQUEST 81
2026-05-26T21:43:31.873704009Z LEADER SERVER 1 RECEIVES REQUEST 82 FROM CLIENT
2026-05-26T21:43:31.883210422Z LEADER SERVER 1 ADDS REQUEST 82 TO LOG ENTRY 82
2026-05-26T21:43:31.885959005Z LEADER SENDS REQUEST 82 TO SERVER 2
2026-05-26T21:43:31.88858561Z LEADER SENDS REQUEST 82 TO SERVER 4
2026-05-26T21:43:31.890992111Z LEADER SENDS REQUEST 82 TO SERVER 3
2026-05-26T21:43:31.89376766Z LEADER SENDS REQUEST 82 TO SERVER 5
2026-05-26T21:43:31.904496856Z LEADER RECEIVES ACK FROM SERVER 4 FOR REQUEST 82
2026-05-26T21:43:31.907553152Z LEADER RECEIVES ACK FROM SERVER 3 FOR REQUEST 82
2026-05-26T21:43:31.920265308Z LEADER SERVER 1 RECEIVES REQUEST 83 FROM CLIENT
2026-05-26T21:43:31.928758692Z LEADER SERVER 1 ADDS REQUEST 83 TO LOG ENTRY 83
2026-05-26T21:43:31.931292956Z LEADER SENDS REQUEST 83 TO SERVER 3
2026-05-26T21:43:31.934439566Z LEADER SENDS REQUEST 83 TO SERVER 2
2026-05-26T21:43:31.936626758Z LEADER SENDS REQUEST 83 TO SERVER 4
2026-05-26T21:43:31.939803557Z LEADER SENDS REQUEST 83 TO SERVER 5
2026-05-26T21:43:31.947681712Z LEADER RECEIVES ACK FROM SERVER 3 FOR REQUEST 83
2026-05-26T21:43:31.952471896Z LEADER RECEIVES ACK FROM SERVER 4 FOR REQUEST 83
2026-05-26T21:43:31.964080179Z LEADER SERVER 1 RECEIVES REQUEST 84 FROM CLIENT
2026-05-26T21:43:31.973163941Z LEADER SERVER 1 ADDS REQUEST 84 TO LOG ENTRY 84
2026-05-26T21:43:31.976075568Z LEADER SENDS REQUEST 84 TO SERVER 5
2026-05-26T21:43:31.978642705Z LEADER SENDS REQUEST 84 TO SERVER 3
2026-05-26T21:43:31.981758477Z LEADER SENDS REQUEST 84 TO SERVER 2
2026-05-26T21:43:31.98648224Z LEADER SENDS REQUEST 84 TO SERVER 4
2026-05-26T21:43:31.996683723Z LEADER RECEIVES ACK FROM SERVER 3 FOR REQUEST 84
2026-05-26T21:43:32.001153507Z LEADER RECEIVES ACK FROM SERVER 4 FOR REQUEST 84
2026-05-26T21:43:32.012942615Z LEADER SERVER 1 RECEIVES REQUEST 85 FROM CLIENT
2026-05-26T21:43:32.022282084Z LEADER SERVER 1 ADDS REQUEST 85 TO LOG ENTRY 85
2026-05-26T21:43:32.025726443Z LEADER SENDS REQUEST 85 TO SERVER 2
2026-05-26T21:43:32.028230485Z LEADER SENDS REQUEST 85 TO SERVER 3
2026-05-26T21:43:32.031330235Z LEADER SENDS REQUEST 85 TO SERVER 4
2026-05-26T21:43:32.033895215Z LEADER SENDS REQUEST 85 TO SERVER 5
2026-05-26T21:43:32.043892935Z LEADER RECEIVES ACK FROM SERVER 3 FOR REQUEST 85
2026-05-26T21:43:32.046728298Z LEADER RECEIVES ACK FROM SERVER 4 FOR REQUEST 85
2026-05-26T21:43:32.058417139Z LEADER SERVER 1 RECEIVES REQUEST 86 FROM CLIENT
2026-05-26T21:43:32.067074728Z LEADER SERVER 1 ADDS REQUEST 86 TO LOG ENTRY 86
2026-05-26T21:43:32.069523498Z LEADER SENDS REQUEST 86 TO SERVER 5
2026-05-26T21:43:32.072099037Z LEADER SENDS REQUEST 86 TO SERVER 3
2026-05-26T21:43:32.074618175Z LEADER SENDS REQUEST 86 TO SERVER 2
2026-05-26T21:43:32.077179996Z LEADER SENDS REQUEST 86 TO SERVER 4
2026-05-26T21:43:32.086040203Z LEADER RECEIVES ACK FROM SERVER 3 FOR REQUEST 86
2026-05-26T21:43:32.091681323Z LEADER RECEIVES ACK FROM SERVER 4 FOR REQUEST 86
2026-05-26T21:43:32.104428618Z LEADER SERVER 1 RECEIVES REQUEST 87 FROM CLIENT
2026-05-26T21:43:32.113435464Z LEADER SERVER 1 ADDS REQUEST 87 TO LOG ENTRY 87
2026-05-26T21:43:32.115828343Z LEADER SENDS REQUEST 87 TO SERVER 5
2026-05-26T21:43:32.118362094Z LEADER SENDS REQUEST 87 TO SERVER 3
2026-05-26T21:43:32.121505593Z LEADER SENDS REQUEST 87 TO SERVER 2
2026-05-26T21:43:32.123746876Z LEADER SENDS REQUEST 87 TO SERVER 4
2026-05-26T21:43:32.134529332Z LEADER RECEIVES ACK FROM SERVER 3 FOR REQUEST 87
2026-05-26T21:43:32.138403541Z LEADER RECEIVES ACK FROM SERVER 4 FOR REQUEST 87
2026-05-26T21:43:32.151163797Z LEADER SERVER 1 RECEIVES REQUEST 88 FROM CLIENT
2026-05-26T21:43:32.160182875Z LEADER SERVER 1 ADDS REQUEST 88 TO LOG ENTRY 88
2026-05-26T21:43:32.162992682Z LEADER SENDS REQUEST 88 TO SERVER 2
2026-05-26T21:43:32.165708972Z LEADER SENDS REQUEST 88 TO SERVER 4
2026-05-26T21:43:32.168767957Z LEADER SENDS REQUEST 88 TO SERVER 3
2026-05-26T21:43:32.171383119Z LEADER SENDS REQUEST 88 TO SERVER 5
2026-05-26T21:43:32.1803267Z LEADER RECEIVES ACK FROM SERVER 4 FOR REQUEST 88
2026-05-26T21:43:32.183739035Z LEADER RECEIVES ACK FROM SERVER 3 FOR REQUEST 88
2026-05-26T21:43:32.196284128Z LEADER SERVER 1 RECEIVES REQUEST 89 FROM CLIENT
2026-05-26T21:43:32.205665128Z LEADER SERVER 1 ADDS REQUEST 89 TO LOG ENTRY 89
2026-05-26T21:43:32.207986113Z LEADER SENDS REQUEST 89 TO SERVER 5
2026-05-26T21:43:32.210699223Z LEADER SENDS REQUEST 89 TO SERVER 3
2026-05-26T21:43:32.213219676Z LEADER SENDS REQUEST 89 TO SERVER 2
2026-05-26T21:43:32.215815131Z LEADER SENDS REQUEST 89 TO SERVER 4
2026-05-26T21:43:32.226099907Z LEADER RECEIVES ACK FROM SERVER 3 FOR REQUEST 89
2026-05-26T21:43:32.230598998Z LEADER RECEIVES ACK FROM SERVER 4 FOR REQUEST 89
2026-05-26T21:43:32.242564819Z LEADER SERVER 1 RECEIVES REQUEST 90 FROM CLIENT
2026-05-26T21:43:32.251245088Z LEADER SERVER 1 ADDS REQUEST 90 TO LOG ENTRY 90
2026-05-26T21:43:32.253876369Z LEADER SENDS REQUEST 90 TO SERVER 4
2026-05-26T21:43:32.256248639Z LEADER SENDS REQUEST 90 TO SERVER 2
2026-05-26T21:43:32.259201607Z LEADER SENDS REQUEST 90 TO SERVER 5
2026-05-26T21:43:32.261952111Z LEADER SENDS REQUEST 90 TO SERVER 3
2026-05-26T21:43:32.268292566Z LEADER RECEIVES ACK FROM SERVER 4 FOR REQUEST 90
2026-05-26T21:43:32.275974156Z LEADER RECEIVES ACK FROM SERVER 3 FOR REQUEST 90
