2026-05-29T19:32:29.480776922Z SERVER 3 VOTES VOTE FOR SERVER 2
2026-05-29T19:32:43.545221235Z FOLLOWER 3 RECEIVES REQUEST 1
2026-05-29T19:32:43.619770831Z FOLLOWER 3 RECEIVES REQUEST 2
2026-05-29T19:32:43.633810799Z FOLLOWER 3 RECEIVES REQUEST 2
2026-05-29T19:32:43.685593601Z FOLLOWER 3 RECEIVES REQUEST 3
2026-05-29T19:32:43.758040052Z FOLLOWER 3 RECEIVES REQUEST 4
2026-05-29T19:32:43.833813769Z FOLLOWER 3 RECEIVES REQUEST 5
2026-05-29T19:32:43.930833649Z FOLLOWER 3 RECEIVES REQUEST 6
2026-05-29T19:32:43.942012469Z FOLLOWER 3 RECEIVES REQUEST 6
2026-05-29T19:32:44.021317691Z FOLLOWER 3 RECEIVES REQUEST 7
2026-05-29T19:32:44.12382183Z FOLLOWER 3 RECEIVES REQUEST 8
2026-05-29T19:32:44.222978822Z FOLLOWER 3 RECEIVES REQUEST 9
2026-05-29T19:32:44.289580255Z FOLLOWER 3 RECEIVES REQUEST 10
2026-05-29T19:32:44.431450894Z FOLLOWER 3 RECEIVES REQUEST 11
2026-05-29T19:32:44.566753996Z FOLLOWER 3 RECEIVES REQUEST 12
2026-05-29T19:32:44.579169309Z FOLLOWER 3 RECEIVES REQUEST 12
2026-05-29T19:32:44.692532815Z FOLLOWER 3 RECEIVES REQUEST 13
2026-05-29T19:32:44.886175467Z FOLLOWER 3 RECEIVES REQUEST 14
2026-05-29T19:32:44.900909194Z FOLLOWER 3 RECEIVES REQUEST 14
2026-05-29T19:32:45.073567325Z FOLLOWER 3 RECEIVES REQUEST 15
2026-05-29T19:32:45.240252258Z FOLLOWER 3 RECEIVES REQUEST 16
2026-05-29T19:32:45.274323593Z FOLLOWER 3 RECEIVES REQUEST 16
2026-05-29T19:32:45.451741437Z FOLLOWER 3 RECEIVES REQUEST 17
2026-05-29T19:32:45.644786576Z FOLLOWER 3 RECEIVES REQUEST 18
2026-05-29T19:32:45.815246912Z FOLLOWER 3 RECEIVES REQUEST 19
2026-05-29T19:32:45.962386707Z FOLLOWER 3 RECEIVES REQUEST 20
2026-05-29T19:32:47.144003094Z SERVER 3 VOTES VOTE FOR SERVER 1
2026-05-29T19:32:48.140178301Z CANDIDATE SERVER 3 SENDING A VOTING REQUEST
2026-05-29T19:32:48.173321429Z CANDIDATE SERVER 3 LOSES THE ELECTION FOR TERM 3
2026-05-29T19:32:48.176600467Z ELECTION TIE, TIMEOUT BEGINS
2026-05-29T19:32:49.401698001Z CANDIDATE SERVER 3 SENDING A VOTING REQUEST
2026-05-29T19:32:49.405466878Z SERVER 3 DENIES VOTE FOR SERVER 1
2026-05-29T19:32:49.410685415Z CANDIDATE SERVER 3 LOSES THE ELECTION FOR TERM 4
2026-05-29T19:32:49.41310386Z ELECTION TIE, TIMEOUT BEGINS
2026-05-29T19:32:50.668089739Z SERVER 3 VOTES VOTE FOR SERVER 1
2026-05-29T19:32:50.727550101Z FOLLOWER 3 RECEIVES REQUEST 21
2026-05-29T19:32:51.09344003Z FOLLOWER 3 RECEIVES REQUEST 22
2026-05-29T19:32:51.226010862Z FOLLOWER 3 RECEIVES REQUEST 23
2026-05-29T19:32:51.282453712Z FOLLOWER 3 RECEIVES REQUEST 24
2026-05-29T19:32:51.371152224Z FOLLOWER 3 RECEIVES REQUEST 25
2026-05-29T19:32:51.422119573Z FOLLOWER 3 RECEIVES REQUEST 26
2026-05-29T19:32:51.538691994Z FOLLOWER 3 RECEIVES REQUEST 27
2026-05-29T19:32:51.553291029Z FOLLOWER 3 RECEIVES REQUEST 27
2026-05-29T19:32:51.630213157Z FOLLOWER 3 RECEIVES REQUEST 28
2026-05-29T19:32:51.72303784Z FOLLOWER 3 RECEIVES REQUEST 29
2026-05-29T19:32:51.833194167Z FOLLOWER 3 RECEIVES REQUEST 30
2026-05-29T19:32:51.889702536Z FOLLOWER 3 RECEIVES REQUEST 31
2026-05-29T19:32:51.998563065Z FOLLOWER 3 RECEIVES REQUEST 32
2026-05-29T19:32:52.168416209Z FOLLOWER 3 RECEIVES REQUEST 33
2026-05-29T19:32:52.206320072Z FOLLOWER 3 RECEIVES REQUEST 33
2026-05-29T19:32:52.358953944Z FOLLOWER 3 RECEIVES REQUEST 34
2026-05-29T19:32:52.507729416Z FOLLOWER 3 RECEIVES REQUEST 35
2026-05-29T19:32:52.537112634Z FOLLOWER 3 RECEIVES REQUEST 35
2026-05-29T19:32:52.7083814Z FOLLOWER 3 RECEIVES REQUEST 36
2026-05-29T19:32:52.869524578Z FOLLOWER 3 RECEIVES REQUEST 37
2026-05-29T19:32:52.912664509Z FOLLOWER 3 RECEIVES REQUEST 37
2026-05-29T19:32:53.047075332Z FOLLOWER 3 RECEIVES REQUEST 38
2026-05-29T19:32:53.160890207Z FOLLOWER 3 RECEIVES REQUEST 39
2026-05-29T19:32:53.173133242Z FOLLOWER 3 RECEIVES REQUEST 39
2026-05-29T19:32:53.30054854Z FOLLOWER 3 RECEIVES REQUEST 40
2026-05-29T19:32:53.453439819Z FOLLOWER 3 RECEIVES REQUEST 41
2026-05-29T19:32:53.576937486Z FOLLOWER 3 RECEIVES REQUEST 42
2026-05-29T19:32:53.710541049Z FOLLOWER 3 RECEIVES REQUEST 43
2026-05-29T19:32:53.835901596Z FOLLOWER 3 RECEIVES REQUEST 44
2026-05-29T19:32:53.883497929Z FOLLOWER 3 RECEIVES REQUEST 44
2026-05-29T19:32:54.029801909Z FOLLOWER 3 RECEIVES REQUEST 45
2026-05-29T19:32:54.179245631Z FOLLOWER 3 RECEIVES REQUEST 46
2026-05-29T19:32:54.190082885Z FOLLOWER 3 RECEIVES REQUEST 46
2026-05-29T19:32:54.300441363Z FOLLOWER 3 RECEIVES REQUEST 47
2026-05-29T19:32:54.470012846Z FOLLOWER 3 RECEIVES REQUEST 48
2026-05-29T19:32:54.515866029Z FOLLOWER 3 RECEIVES REQUEST 48
2026-05-29T19:32:54.625227645Z FOLLOWER 3 RECEIVES REQUEST 49
2026-05-29T19:32:54.773712762Z FOLLOWER 3 RECEIVES REQUEST 50
2026-05-29T19:32:54.784159044Z FOLLOWER 3 RECEIVES REQUEST 50
2026-05-29T19:32:55.919676228Z CANDIDATE SERVER 3 SENDING A VOTING REQUEST
2026-05-29T19:32:55.94619462Z CANDIDATE SERVER 3 WINS THE ELECTION FOR TERM 6
2026-05-29T19:32:56.236933135Z LEADER SERVER 3 RECEIVES REQUEST 51 FROM CLIENT
2026-05-29T19:32:56.2616923Z LEADER SERVER 3 ADDS REQUEST 51 TO LOG ENTRY 51
2026-05-29T19:32:56.264900385Z LEADER SENDS REQUEST 51 TO SERVER 5
2026-05-29T19:32:56.268404053Z LEADER SENDS REQUEST 51 TO SERVER 1
2026-05-29T19:32:56.271304782Z LEADER SENDS REQUEST 51 TO SERVER 2
2026-05-29T19:32:56.2740316Z LEADER SENDS REQUEST 51 TO SERVER 4
2026-05-29T19:32:56.284921625Z LEADER RECEIVES ACK FROM SERVER 1 FOR REQUEST 51
2026-05-29T19:32:56.291893424Z LEADER RECEIVES ACK FROM SERVER 4 FOR REQUEST 51
2026-05-29T19:32:56.302949691Z LEADER SENDS REQUEST 51 TO SERVER 2
2026-05-29T19:32:56.306952154Z LEADER SENDS REQUEST 51 TO SERVER 5
2026-05-29T19:32:56.322641947Z LEADER SERVER 3 RECEIVES REQUEST 52 FROM CLIENT
2026-05-29T19:32:56.333043147Z LEADER SERVER 3 ADDS REQUEST 52 TO LOG ENTRY 52
2026-05-29T19:32:56.335463121Z LEADER SENDS REQUEST 52 TO SERVER 5
2026-05-29T19:32:56.339573584Z LEADER SENDS REQUEST 52 TO SERVER 1
2026-05-29T19:32:56.343059068Z LEADER SENDS REQUEST 52 TO SERVER 2
2026-05-29T19:32:56.345923661Z LEADER SENDS REQUEST 52 TO SERVER 4
2026-05-29T19:32:56.350153066Z LEADER SENDS REQUEST 51 TO SERVER 2
2026-05-29T19:32:56.353986107Z LEADER SENDS REQUEST 51 TO SERVER 5
2026-05-29T19:32:56.359117493Z LEADER RECEIVES ACK FROM SERVER 1 FOR REQUEST 52
2026-05-29T19:32:56.365094316Z LEADER RECEIVES ACK FROM SERVER 4 FOR REQUEST 52
2026-05-29T19:32:56.384083863Z LEADER SENDS REQUEST 52 TO SERVER 2
2026-05-29T19:32:56.387418477Z LEADER SENDS REQUEST 51 TO SERVER 2
2026-05-29T19:32:56.390281548Z LEADER SENDS REQUEST 52 TO SERVER 5
2026-05-29T19:32:56.393475507Z LEADER SENDS REQUEST 51 TO SERVER 5
2026-05-29T19:32:56.42282995Z LEADER SENDS REQUEST 52 TO SERVER 5
2026-05-29T19:32:56.427382382Z LEADER SENDS REQUEST 51 TO SERVER 5
2026-05-29T19:32:56.456871428Z LEADER SENDS REQUEST 52 TO SERVER 5
2026-05-29T19:32:56.460601073Z LEADER SENDS REQUEST 51 TO SERVER 5
2026-05-29T19:32:56.491026623Z LEADER SENDS REQUEST 52 TO SERVER 5
2026-05-29T19:32:56.494865956Z LEADER SENDS REQUEST 51 TO SERVER 5
2026-05-29T19:32:56.498651042Z LEADER SERVER 3 RECEIVES REQUEST 53 FROM CLIENT
2026-05-29T19:32:56.508273796Z LEADER SERVER 3 ADDS REQUEST 53 TO LOG ENTRY 53
2026-05-29T19:32:56.5112164Z LEADER SENDS REQUEST 53 TO SERVER 4
2026-05-29T19:32:56.514725306Z LEADER SENDS REQUEST 53 TO SERVER 5
2026-05-29T19:32:56.517754161Z LEADER SENDS REQUEST 53 TO SERVER 1
2026-05-29T19:32:56.521483514Z LEADER SENDS REQUEST 53 TO SERVER 2
2026-05-29T19:32:56.528902416Z LEADER RECEIVES ACK FROM SERVER 4 FOR REQUEST 53
2026-05-29T19:32:56.538767555Z LEADER RECEIVES ACK FROM SERVER 1 FOR REQUEST 53
2026-05-29T19:32:56.544110144Z LEADER SENDS REQUEST 51 TO SERVER 5
2026-05-29T19:32:56.547243295Z LEADER SENDS REQUEST 52 TO SERVER 5
2026-05-29T19:32:56.550921241Z LEADER SENDS REQUEST 53 TO SERVER 5
2026-05-29T19:32:56.577176175Z LEADER SENDS REQUEST 51 TO SERVER 5
2026-05-29T19:32:56.580327879Z LEADER SENDS REQUEST 52 TO SERVER 5
2026-05-29T19:32:56.583322481Z LEADER SENDS REQUEST 53 TO SERVER 5
2026-05-29T19:32:56.611680329Z LEADER SENDS REQUEST 51 TO SERVER 5
2026-05-29T19:32:56.615143212Z LEADER SENDS REQUEST 53 TO SERVER 5
2026-05-29T19:32:56.619360943Z LEADER SENDS REQUEST 52 TO SERVER 5
2026-05-29T19:32:56.648308255Z LEADER SENDS REQUEST 53 TO SERVER 5
2026-05-29T19:32:56.652069226Z LEADER SENDS REQUEST 51 TO SERVER 5
2026-05-29T19:32:56.657171233Z LEADER SENDS REQUEST 52 TO SERVER 5
2026-05-29T19:32:56.69218636Z LEADER SENDS REQUEST 51 TO SERVER 5
2026-05-29T19:32:56.695648161Z LEADER SENDS REQUEST 52 TO SERVER 5
2026-05-29T19:32:56.69846318Z LEADER SENDS REQUEST 53 TO SERVER 5
2026-05-29T19:32:56.702188863Z LEADER RECEIVES ACK FROM SERVER 2 FOR REQUEST 52
2026-05-29T19:32:56.728679817Z LEADER SENDS REQUEST 51 TO SERVER 5
2026-05-29T19:32:56.731691126Z LEADER SENDS REQUEST 53 TO SERVER 5
2026-05-29T19:32:56.735592846Z LEADER SENDS REQUEST 52 TO SERVER 5
2026-05-29T19:32:56.766682779Z LEADER SENDS REQUEST 53 TO SERVER 5
2026-05-29T19:32:56.770367173Z LEADER SENDS REQUEST 51 TO SERVER 5
2026-05-29T19:32:56.774601097Z LEADER SENDS REQUEST 52 TO SERVER 5
2026-05-29T19:32:56.803846753Z LEADER SENDS REQUEST 51 TO SERVER 5
2026-05-29T19:32:56.807288324Z LEADER SENDS REQUEST 52 TO SERVER 5
2026-05-29T19:32:56.811891909Z LEADER SENDS REQUEST 53 TO SERVER 5
2026-05-29T19:32:56.81624805Z LEADER RECEIVES ACK FROM SERVER 2 FOR REQUEST 51
2026-05-29T19:32:56.841842822Z LEADER SENDS REQUEST 52 TO SERVER 5
2026-05-29T19:32:56.846187603Z LEADER SENDS REQUEST 51 TO SERVER 5
2026-05-29T19:32:56.848938343Z LEADER SENDS REQUEST 53 TO SERVER 5
2026-05-29T19:32:56.877992214Z LEADER SENDS REQUEST 52 TO SERVER 5
2026-05-29T19:32:56.880414444Z LEADER SENDS REQUEST 51 TO SERVER 5
2026-05-29T19:32:56.882873968Z LEADER SENDS REQUEST 53 TO SERVER 5
2026-05-29T19:32:56.911393591Z LEADER SENDS REQUEST 52 TO SERVER 5
2026-05-29T19:32:56.914510352Z LEADER SENDS REQUEST 53 TO SERVER 5
2026-05-29T19:32:56.917003034Z LEADER SENDS REQUEST 51 TO SERVER 5
2026-05-29T19:32:56.922100614Z LEADER RECEIVES ACK FROM SERVER 2 FOR REQUEST 53
2026-05-29T19:32:56.941077045Z LEADER SERVER 3 RECEIVES REQUEST 54 FROM CLIENT
2026-05-29T19:32:56.951498018Z LEADER SERVER 3 ADDS REQUEST 54 TO LOG ENTRY 54
2026-05-29T19:32:56.954571863Z LEADER SENDS REQUEST 54 TO SERVER 1
2026-05-29T19:32:56.95782987Z LEADER SENDS REQUEST 54 TO SERVER 2
2026-05-29T19:32:56.960987142Z LEADER SENDS REQUEST 53 TO SERVER 5
2026-05-29T19:32:56.964375818Z LEADER SENDS REQUEST 52 TO SERVER 5
2026-05-29T19:32:56.967168438Z LEADER SENDS REQUEST 51 TO SERVER 5
2026-05-29T19:32:56.971007999Z LEADER SENDS REQUEST 54 TO SERVER 4
2026-05-29T19:32:56.97403372Z LEADER SENDS REQUEST 54 TO SERVER 5
2026-05-29T19:32:56.978181458Z LEADER RECEIVES ACK FROM SERVER 1 FOR REQUEST 54
2026-05-29T19:32:56.981433915Z LEADER RECEIVES ACK FROM SERVER 2 FOR REQUEST 54
2026-05-29T19:32:56.989145882Z LEADER RECEIVES ACK FROM SERVER 4 FOR REQUEST 54
2026-05-29T19:32:56.996648609Z LEADER SENDS REQUEST 52 TO SERVER 5
2026-05-29T19:32:57.003418405Z LEADER SENDS REQUEST 53 TO SERVER 5
2026-05-29T19:32:57.006737241Z LEADER SENDS REQUEST 51 TO SERVER 5
2026-05-29T19:32:57.011015676Z LEADER SERVER 3 RECEIVES REQUEST 55 FROM CLIENT
2026-05-29T19:32:57.023854724Z LEADER SERVER 3 ADDS REQUEST 55 TO LOG ENTRY 55
2026-05-29T19:32:57.027762881Z LEADER SENDS REQUEST 55 TO SERVER 5
2026-05-29T19:32:57.031371656Z LEADER SENDS REQUEST 55 TO SERVER 1
2026-05-29T19:32:57.034435334Z LEADER SENDS REQUEST 54 TO SERVER 5
2026-05-29T19:32:57.037395027Z LEADER SENDS REQUEST 55 TO SERVER 2
2026-05-29T19:32:57.04008622Z LEADER SENDS REQUEST 55 TO SERVER 4
2026-05-29T19:32:57.042958934Z LEADER SENDS REQUEST 52 TO SERVER 5
2026-05-29T19:32:57.048256553Z LEADER RECEIVES ACK FROM SERVER 1 FOR REQUEST 55
2026-05-29T19:32:57.054136286Z LEADER RECEIVES ACK FROM SERVER 2 FOR REQUEST 55
2026-05-29T19:32:57.059212453Z LEADER RECEIVES ACK FROM SERVER 4 FOR REQUEST 55
2026-05-29T19:32:57.062990645Z LEADER SENDS REQUEST 53 TO SERVER 5
2026-05-29T19:32:57.07297037Z LEADER SENDS REQUEST 54 TO SERVER 5
2026-05-29T19:32:57.075514727Z LEADER SENDS REQUEST 55 TO SERVER 5
2026-05-29T19:32:57.078984331Z LEADER SENDS REQUEST 52 TO SERVER 5
2026-05-29T19:32:57.092453809Z LEADER SERVER 3 RECEIVES REQUEST 56 FROM CLIENT
2026-05-29T19:32:57.1052145Z LEADER SERVER 3 ADDS REQUEST 56 TO LOG ENTRY 56
2026-05-29T19:32:57.109348779Z LEADER SENDS REQUEST 56 TO SERVER 2
2026-05-29T19:32:57.112409265Z LEADER SENDS REQUEST 56 TO SERVER 4
2026-05-29T19:32:57.115562822Z LEADER SENDS REQUEST 53 TO SERVER 5
2026-05-29T19:32:57.119085886Z LEADER SENDS REQUEST 54 TO SERVER 5
2026-05-29T19:32:57.123853127Z LEADER SENDS REQUEST 55 TO SERVER 5
2026-05-29T19:32:57.127455001Z LEADER SENDS REQUEST 56 TO SERVER 5
2026-05-29T19:32:57.1313149Z LEADER SENDS REQUEST 56 TO SERVER 1
2026-05-29T19:32:57.135145455Z LEADER RECEIVES ACK FROM SERVER 2 FOR REQUEST 56
2026-05-29T19:32:57.13915828Z LEADER RECEIVES ACK FROM SERVER 4 FOR REQUEST 56
2026-05-29T19:32:57.149771518Z LEADER RECEIVES ACK FROM SERVER 1 FOR REQUEST 56
2026-05-29T19:32:57.161039324Z LEADER SENDS REQUEST 56 TO SERVER 5
2026-05-29T19:32:57.16435249Z LEADER SENDS REQUEST 53 TO SERVER 5
2026-05-29T19:32:57.167625821Z LEADER SENDS REQUEST 55 TO SERVER 5
2026-05-29T19:32:57.171367014Z LEADER SENDS REQUEST 54 TO SERVER 5
2026-05-29T19:32:57.182058062Z LEADER SERVER 3 RECEIVES REQUEST 57 FROM CLIENT
2026-05-29T19:32:57.192724201Z LEADER SERVER 3 ADDS REQUEST 57 TO LOG ENTRY 57
2026-05-29T19:32:57.195807282Z LEADER SENDS REQUEST 57 TO SERVER 4
2026-05-29T19:32:57.199014294Z LEADER SENDS REQUEST 57 TO SERVER 5
2026-05-29T19:32:57.201816902Z LEADER SENDS REQUEST 57 TO SERVER 1
2026-05-29T19:32:57.205802883Z LEADER SENDS REQUEST 57 TO SERVER 2
2026-05-29T19:32:57.209449587Z LEADER SENDS REQUEST 55 TO SERVER 5
2026-05-29T19:32:57.213686724Z LEADER SENDS REQUEST 53 TO SERVER 5
2026-05-29T19:32:57.218965309Z LEADER SENDS REQUEST 56 TO SERVER 5
2026-05-29T19:32:57.223915173Z LEADER SENDS REQUEST 54 TO SERVER 5
2026-05-29T19:32:57.228565856Z LEADER RECEIVES ACK FROM SERVER 4 FOR REQUEST 57
2026-05-29T19:32:57.23165902Z LEADER RECEIVES ACK FROM SERVER 1 FOR REQUEST 57
2026-05-29T19:32:57.234920458Z LEADER RECEIVES ACK FROM SERVER 2 FOR REQUEST 57
2026-05-29T19:32:57.254442108Z LEADER SENDS REQUEST 57 TO SERVER 5
2026-05-29T19:32:57.258666768Z LEADER SENDS REQUEST 53 TO SERVER 5
2026-05-29T19:32:57.261579887Z LEADER SENDS REQUEST 55 TO SERVER 5
2026-05-29T19:32:57.264755124Z LEADER SENDS REQUEST 54 TO SERVER 5
2026-05-29T19:32:57.267814476Z LEADER SENDS REQUEST 56 TO SERVER 5
2026-05-29T19:32:57.270637879Z LEADER SERVER 3 RECEIVES REQUEST 58 FROM CLIENT
2026-05-29T19:32:57.281288904Z LEADER SERVER 3 ADDS REQUEST 58 TO LOG ENTRY 58
2026-05-29T19:32:57.286423304Z LEADER SENDS REQUEST 58 TO SERVER 4
2026-05-29T19:32:57.291113855Z LEADER SENDS REQUEST 58 TO SERVER 1
2026-05-29T19:32:57.294760818Z LEADER SENDS REQUEST 58 TO SERVER 5
2026-05-29T19:32:57.29795115Z LEADER SENDS REQUEST 58 TO SERVER 2
2026-05-29T19:32:57.301879537Z LEADER SENDS REQUEST 54 TO SERVER 5
2026-05-29T19:32:57.305319017Z LEADER SENDS REQUEST 57 TO SERVER 5
2026-05-29T19:32:57.311174771Z LEADER RECEIVES ACK FROM SERVER 4 FOR REQUEST 58
2026-05-29T19:32:57.314680218Z LEADER SENDS REQUEST 55 TO SERVER 5
2026-05-29T19:32:57.322946499Z LEADER SENDS REQUEST 53 TO SERVER 5
2026-05-29T19:32:57.329465514Z LEADER SENDS REQUEST 56 TO SERVER 5
2026-05-29T19:32:57.333691401Z LEADER RECEIVES ACK FROM SERVER 1 FOR REQUEST 58
2026-05-29T19:32:57.337569607Z LEADER RECEIVES ACK FROM SERVER 2 FOR REQUEST 58
2026-05-29T19:32:57.340614542Z LEADER SENDS REQUEST 58 TO SERVER 5
2026-05-29T19:32:57.363703345Z LEADER SENDS REQUEST 54 TO SERVER 5
2026-05-29T19:32:57.368109108Z LEADER SENDS REQUEST 57 TO SERVER 5
2026-05-29T19:32:57.372398965Z LEADER SENDS REQUEST 55 TO SERVER 5
2026-05-29T19:32:57.377718029Z LEADER SERVER 3 RECEIVES REQUEST 59 FROM CLIENT
2026-05-29T19:32:57.392807062Z LEADER SERVER 3 ADDS REQUEST 59 TO LOG ENTRY 59
2026-05-29T19:32:57.396599096Z LEADER SENDS REQUEST 56 TO SERVER 5
2026-05-29T19:32:57.400396935Z LEADER SENDS REQUEST 58 TO SERVER 5
2026-05-29T19:32:57.404494185Z LEADER SENDS REQUEST 59 TO SERVER 4
2026-05-29T19:32:57.409058171Z LEADER SENDS REQUEST 59 TO SERVER 5
2026-05-29T19:32:57.413961903Z LEADER SENDS REQUEST 59 TO SERVER 1
2026-05-29T19:32:57.419471055Z LEADER SENDS REQUEST 59 TO SERVER 2
2026-05-29T19:32:57.429675421Z LEADER SENDS REQUEST 55 TO SERVER 5
2026-05-29T19:32:57.433935212Z LEADER RECEIVES ACK FROM SERVER 4 FOR REQUEST 59
2026-05-29T19:32:57.437629988Z LEADER SENDS REQUEST 54 TO SERVER 5
2026-05-29T19:32:57.441728666Z LEADER SENDS REQUEST 57 TO SERVER 5
2026-05-29T19:32:57.444751208Z LEADER RECEIVES ACK FROM SERVER 1 FOR REQUEST 59
2026-05-29T19:32:57.448084329Z LEADER RECEIVES ACK FROM SERVER 2 FOR REQUEST 59
2026-05-29T19:32:57.452530502Z LEADER SENDS REQUEST 59 TO SERVER 5
2026-05-29T19:32:57.45742334Z LEADER SENDS REQUEST 58 TO SERVER 5
2026-05-29T19:32:57.461356661Z LEADER SENDS REQUEST 56 TO SERVER 5
2026-05-29T19:32:57.465324937Z LEADER SENDS REQUEST 55 TO SERVER 5
2026-05-29T19:32:57.478415547Z LEADER SENDS REQUEST 54 TO SERVER 5
2026-05-29T19:32:57.482591177Z LEADER SENDS REQUEST 57 TO SERVER 5
2026-05-29T19:32:57.488583115Z LEADER SERVER 3 RECEIVES REQUEST 60 FROM CLIENT
2026-05-29T19:32:57.500980564Z LEADER SERVER 3 ADDS REQUEST 60 TO LOG ENTRY 60
2026-05-29T19:32:57.504357115Z LEADER SENDS REQUEST 60 TO SERVER 5
2026-05-29T19:32:57.507919784Z LEADER SENDS REQUEST 60 TO SERVER 1
2026-05-29T19:32:57.510777872Z LEADER SENDS REQUEST 59 TO SERVER 5
2026-05-29T19:32:57.513827385Z LEADER SENDS REQUEST 58 TO SERVER 5
2026-05-29T19:32:57.516868188Z LEADER SENDS REQUEST 56 TO SERVER 5
2026-05-29T19:32:57.519766107Z LEADER SENDS REQUEST 55 TO SERVER 5
2026-05-29T19:32:57.523089636Z LEADER SENDS REQUEST 60 TO SERVER 2
2026-05-29T19:32:57.52681253Z LEADER SENDS REQUEST 60 TO SERVER 4
2026-05-29T19:32:57.529856854Z LEADER SENDS REQUEST 54 TO SERVER 5
2026-05-29T19:32:57.533885221Z LEADER RECEIVES ACK FROM SERVER 1 FOR REQUEST 60
2026-05-29T19:32:57.536819296Z LEADER SENDS REQUEST 57 TO SERVER 5
2026-05-29T19:32:57.541016011Z LEADER SENDS REQUEST 60 TO SERVER 5
2026-05-29T19:32:57.544946854Z LEADER RECEIVES ACK FROM SERVER 2 FOR REQUEST 60
2026-05-29T19:32:57.547850461Z LEADER RECEIVES ACK FROM SERVER 4 FOR REQUEST 60
2026-05-29T19:32:57.550606872Z LEADER SENDS REQUEST 56 TO SERVER 5
2026-05-29T19:32:57.559190434Z LEADER SENDS REQUEST 58 TO SERVER 5
2026-05-29T19:32:57.562073965Z LEADER SENDS REQUEST 59 TO SERVER 5
2026-05-29T19:32:57.564762861Z LEADER SENDS REQUEST 55 TO SERVER 5
2026-05-29T19:32:57.570115482Z LEADER SENDS REQUEST 57 TO SERVER 5
2026-05-29T19:32:57.57389443Z LEADER SENDS REQUEST 54 TO SERVER 5
2026-05-29T19:32:57.577604896Z LEADER SERVER 3 RECEIVES REQUEST 61 FROM CLIENT
2026-05-29T19:32:57.588842609Z LEADER SERVER 3 ADDS REQUEST 61 TO LOG ENTRY 61
2026-05-29T19:32:57.591560288Z LEADER SENDS REQUEST 61 TO SERVER 5
2026-05-29T19:32:57.594424963Z LEADER SENDS REQUEST 58 TO SERVER 5
2026-05-29T19:32:57.597702852Z LEADER SENDS REQUEST 61 TO SERVER 1
2026-05-29T19:32:57.60042083Z LEADER SENDS REQUEST 60 TO SERVER 5
2026-05-29T19:32:57.603071426Z LEADER SENDS REQUEST 56 TO SERVER 5
2026-05-29T19:32:57.606961849Z LEADER SENDS REQUEST 61 TO SERVER 2
2026-05-29T19:32:57.610898217Z LEADER SENDS REQUEST 61 TO SERVER 4
2026-05-29T19:32:57.61608416Z LEADER SENDS REQUEST 59 TO SERVER 5
2026-05-29T19:32:57.619547744Z LEADER SENDS REQUEST 55 TO SERVER 5
2026-05-29T19:32:57.624260598Z LEADER RECEIVES ACK FROM SERVER 1 FOR REQUEST 61
2026-05-29T19:32:57.628880622Z LEADER SENDS REQUEST 54 TO SERVER 5
2026-05-29T19:32:57.63149866Z LEADER RECEIVES ACK FROM SERVER 2 FOR REQUEST 61
2026-05-29T19:32:57.634050794Z LEADER RECEIVES ACK FROM SERVER 4 FOR REQUEST 61
2026-05-29T19:32:57.636470553Z LEADER SENDS REQUEST 57 TO SERVER 5
2026-05-29T19:32:57.645147262Z LEADER SENDS REQUEST 58 TO SERVER 5
2026-05-29T19:32:57.648523006Z LEADER SENDS REQUEST 61 TO SERVER 5
2026-05-29T19:32:57.651664501Z LEADER SENDS REQUEST 56 TO SERVER 5
2026-05-29T19:32:57.654300638Z LEADER SENDS REQUEST 60 TO SERVER 5
2026-05-29T19:32:57.656971638Z LEADER SENDS REQUEST 59 TO SERVER 5
2026-05-29T19:32:57.660077689Z LEADER SENDS REQUEST 55 TO SERVER 5
2026-05-29T19:32:57.664352793Z LEADER SENDS REQUEST 54 TO SERVER 5
2026-05-29T19:32:57.668042199Z LEADER SENDS REQUEST 57 TO SERVER 5
2026-05-29T19:32:57.670601194Z LEADER SERVER 3 RECEIVES REQUEST 62 FROM CLIENT
2026-05-29T19:32:57.680811724Z LEADER SERVER 3 ADDS REQUEST 62 TO LOG ENTRY 62
2026-05-29T19:32:57.684310631Z LEADER SENDS REQUEST 62 TO SERVER 5
2026-05-29T19:32:57.687527276Z LEADER SENDS REQUEST 62 TO SERVER 2
2026-05-29T19:32:57.692023313Z LEADER SENDS REQUEST 58 TO SERVER 5
2026-05-29T19:32:57.694923282Z LEADER SENDS REQUEST 62 TO SERVER 4
2026-05-29T19:32:57.700740081Z LEADER SENDS REQUEST 62 TO SERVER 1
2026-05-29T19:32:57.703857927Z LEADER SENDS REQUEST 60 TO SERVER 5
2026-05-29T19:32:57.707086235Z LEADER SENDS REQUEST 56 TO SERVER 5
2026-05-29T19:32:57.711758744Z LEADER SENDS REQUEST 59 TO SERVER 5
2026-05-29T19:32:57.714819311Z LEADER SENDS REQUEST 61 TO SERVER 5
2026-05-29T19:32:57.722669937Z LEADER SENDS REQUEST 55 TO SERVER 5
2026-05-29T19:32:57.726187773Z LEADER RECEIVES ACK FROM SERVER 2 FOR REQUEST 62
2026-05-29T19:32:57.730577465Z LEADER SENDS REQUEST 57 TO SERVER 5
2026-05-29T19:32:57.734639799Z LEADER SENDS REQUEST 62 TO SERVER 5
2026-05-29T19:32:57.738123788Z LEADER RECEIVES ACK FROM SERVER 4 FOR REQUEST 62
2026-05-29T19:32:57.742779813Z LEADER RECEIVES ACK FROM SERVER 1 FOR REQUEST 62
2026-05-29T19:32:57.746349186Z LEADER SENDS REQUEST 54 TO SERVER 5
2026-05-29T19:32:57.751588254Z LEADER SENDS REQUEST 58 TO SERVER 5
2026-05-29T19:32:57.755661076Z LEADER SENDS REQUEST 56 TO SERVER 5
2026-05-29T19:32:57.758501671Z LEADER SENDS REQUEST 60 TO SERVER 5
2026-05-29T19:32:57.767880692Z LEADER SENDS REQUEST 62 TO SERVER 5
2026-05-29T19:32:57.771234199Z LEADER SERVER 3 RECEIVES REQUEST 63 FROM CLIENT
2026-05-29T19:32:57.78227563Z LEADER SERVER 3 ADDS REQUEST 63 TO LOG ENTRY 63
2026-05-29T19:32:57.786010188Z LEADER SENDS REQUEST 59 TO SERVER 5
2026-05-29T19:32:57.788962796Z LEADER SENDS REQUEST 61 TO SERVER 5
2026-05-29T19:32:57.792095773Z LEADER SENDS REQUEST 57 TO SERVER 5
2026-05-29T19:32:57.795184675Z LEADER SENDS REQUEST 55 TO SERVER 5
2026-05-29T19:32:57.798851348Z LEADER SENDS REQUEST 54 TO SERVER 5
2026-05-29T19:32:57.801662245Z LEADER SENDS REQUEST 63 TO SERVER 5
2026-05-29T19:32:57.804259728Z LEADER SENDS REQUEST 63 TO SERVER 1
2026-05-29T19:32:57.807417901Z LEADER SENDS REQUEST 63 TO SERVER 2
2026-05-29T19:32:57.811393012Z LEADER SENDS REQUEST 63 TO SERVER 4
2026-05-29T19:32:57.815274761Z LEADER SENDS REQUEST 58 TO SERVER 5
2026-05-29T19:32:57.818826519Z LEADER SENDS REQUEST 56 TO SERVER 5
2026-05-29T19:32:57.823089826Z LEADER SENDS REQUEST 60 TO SERVER 5
2026-05-29T19:32:57.826450159Z LEADER SENDS REQUEST 62 TO SERVER 5
2026-05-29T19:32:57.82895964Z LEADER RECEIVES ACK FROM SERVER 1 FOR REQUEST 63
2026-05-29T19:32:57.833109578Z LEADER RECEIVES ACK FROM SERVER 2 FOR REQUEST 63
2026-05-29T19:32:57.836343397Z LEADER RECEIVES ACK FROM SERVER 4 FOR REQUEST 63
2026-05-29T19:32:57.852257736Z LEADER SENDS REQUEST 58 TO SERVER 5
2026-05-29T19:32:57.856237764Z LEADER SENDS REQUEST 54 TO SERVER 5
2026-05-29T19:32:57.860209875Z LEADER SENDS REQUEST 63 TO SERVER 5
2026-05-29T19:32:57.864412161Z LEADER SENDS REQUEST 61 TO SERVER 5
2026-05-29T19:32:57.868241761Z LEADER SENDS REQUEST 59 TO SERVER 5
2026-05-29T19:32:57.871908131Z LEADER SENDS REQUEST 55 TO SERVER 5
2026-05-29T19:32:57.876940886Z LEADER SENDS REQUEST 57 TO SERVER 5
2026-05-29T19:32:57.881388575Z LEADER SENDS REQUEST 56 TO SERVER 5
2026-05-29T19:32:57.885026074Z LEADER SENDS REQUEST 60 TO SERVER 5
2026-05-29T19:32:57.887708483Z LEADER SENDS REQUEST 62 TO SERVER 5
2026-05-29T19:32:57.890427268Z LEADER SENDS REQUEST 58 TO SERVER 5
2026-05-29T19:32:57.893262208Z LEADER SERVER 3 RECEIVES REQUEST 64 FROM CLIENT
2026-05-29T19:32:57.9036317Z LEADER SERVER 3 ADDS REQUEST 64 TO LOG ENTRY 64
2026-05-29T19:32:57.906481877Z LEADER SENDS REQUEST 64 TO SERVER 5
2026-05-29T19:32:57.90936781Z LEADER SENDS REQUEST 64 TO SERVER 1
2026-05-29T19:32:57.912033081Z LEADER SENDS REQUEST 64 TO SERVER 2
2026-05-29T19:32:57.91484844Z LEADER SENDS REQUEST 64 TO SERVER 4
2026-05-29T19:32:57.918556425Z LEADER SENDS REQUEST 57 TO SERVER 5
2026-05-29T19:32:57.923170965Z LEADER SENDS REQUEST 60 TO SERVER 5
2026-05-29T19:32:57.926923967Z LEADER SENDS REQUEST 55 TO SERVER 5
2026-05-29T19:32:57.930068968Z LEADER SENDS REQUEST 54 TO SERVER 5
2026-05-29T19:32:57.933559213Z LEADER SENDS REQUEST 63 TO SERVER 5
2026-05-29T19:32:57.937486492Z LEADER SENDS REQUEST 61 TO SERVER 5
2026-05-29T19:32:57.941130054Z LEADER SENDS REQUEST 59 TO SERVER 5
2026-05-29T19:32:57.944353916Z LEADER SENDS REQUEST 56 TO SERVER 5
2026-05-29T19:32:57.947908499Z LEADER RECEIVES ACK FROM SERVER 2 FOR REQUEST 64
2026-05-29T19:32:57.950742899Z LEADER RECEIVES ACK FROM SERVER 1 FOR REQUEST 64
2026-05-29T19:32:57.954136362Z LEADER RECEIVES ACK FROM SERVER 4 FOR REQUEST 64
2026-05-29T19:32:57.956581974Z LEADER SENDS REQUEST 62 TO SERVER 5
2026-05-29T19:32:57.959115155Z LEADER SENDS REQUEST 58 TO SERVER 5
2026-05-29T19:32:57.973200518Z LEADER SENDS REQUEST 59 TO SERVER 5
2026-05-29T19:32:57.976427005Z LEADER SENDS REQUEST 60 TO SERVER 5
2026-05-29T19:32:57.979273761Z LEADER SENDS REQUEST 57 TO SERVER 5
2026-05-29T19:32:57.98235886Z LEADER SENDS REQUEST 54 TO SERVER 5
2026-05-29T19:32:57.985836887Z LEADER SENDS REQUEST 64 TO SERVER 5
2026-05-29T19:32:57.989306591Z LEADER SENDS REQUEST 55 TO SERVER 5
2026-05-29T19:32:57.992089203Z LEADER SENDS REQUEST 56 TO SERVER 5
2026-05-29T19:32:57.995413701Z LEADER SENDS REQUEST 63 TO SERVER 5
2026-05-29T19:32:57.999375412Z LEADER SENDS REQUEST 61 TO SERVER 5
2026-05-29T19:32:58.002668586Z LEADER SENDS REQUEST 62 TO SERVER 5
2026-05-29T19:32:58.005643967Z LEADER SENDS REQUEST 58 TO SERVER 5
2026-05-29T19:32:58.00947416Z LEADER SERVER 3 RECEIVES REQUEST 65 FROM CLIENT
2026-05-29T19:32:58.020807034Z LEADER SERVER 3 ADDS REQUEST 65 TO LOG ENTRY 65
2026-05-29T19:32:58.024438223Z LEADER SENDS REQUEST 60 TO SERVER 5
2026-05-29T19:32:58.028755666Z LEADER SENDS REQUEST 59 TO SERVER 5
2026-05-29T19:32:58.032583245Z LEADER SENDS REQUEST 57 TO SERVER 5
2026-05-29T19:32:58.037785369Z LEADER SENDS REQUEST 65 TO SERVER 1
2026-05-29T19:32:58.042663487Z LEADER SENDS REQUEST 65 TO SERVER 2
2026-05-29T19:32:58.047993655Z LEADER SENDS REQUEST 65 TO SERVER 4
2026-05-29T19:32:58.052718251Z LEADER SENDS REQUEST 65 TO SERVER 5
2026-05-29T19:32:58.056574375Z LEADER SENDS REQUEST 55 TO SERVER 5
2026-05-29T19:32:58.063352655Z LEADER SENDS REQUEST 64 TO SERVER 5
2026-05-29T19:32:58.069286058Z LEADER SENDS REQUEST 56 TO SERVER 5
2026-05-29T19:32:58.074209982Z LEADER SENDS REQUEST 62 TO SERVER 5
2026-05-29T19:32:58.084893109Z LEADER SENDS REQUEST 63 TO SERVER 5
2026-05-29T19:32:58.088906209Z LEADER SENDS REQUEST 61 TO SERVER 5
2026-05-29T19:32:58.095249191Z LEADER SENDS REQUEST 58 TO SERVER 5
2026-05-29T19:32:58.098571697Z LEADER RECEIVES ACK FROM SERVER 4 FOR REQUEST 65
2026-05-29T19:32:58.102080285Z LEADER RECEIVES ACK FROM SERVER 2 FOR REQUEST 65
2026-05-29T19:32:58.10775156Z LEADER RECEIVES ACK FROM SERVER 1 FOR REQUEST 65
2026-05-29T19:32:58.111239049Z LEADER SENDS REQUEST 60 TO SERVER 5
2026-05-29T19:32:58.114998245Z LEADER SENDS REQUEST 57 TO SERVER 5
2026-05-29T19:32:58.118522523Z LEADER SENDS REQUEST 59 TO SERVER 5
2026-05-29T19:32:58.124053581Z LEADER SENDS REQUEST 65 TO SERVER 5
2026-05-29T19:32:58.133734722Z LEADER SENDS REQUEST 64 TO SERVER 5
2026-05-29T19:32:58.14144115Z LEADER SENDS REQUEST 63 TO SERVER 5
2026-05-29T19:32:58.144958188Z LEADER SENDS REQUEST 62 TO SERVER 5
2026-05-29T19:32:58.148153001Z LEADER SENDS REQUEST 56 TO SERVER 5
2026-05-29T19:32:58.151913015Z LEADER SENDS REQUEST 57 TO SERVER 5
2026-05-29T19:32:58.155219511Z LEADER SENDS REQUEST 58 TO SERVER 5
2026-05-29T19:32:58.158294807Z LEADER SENDS REQUEST 60 TO SERVER 5
2026-05-29T19:32:58.161203202Z LEADER SENDS REQUEST 61 TO SERVER 5
2026-05-29T19:32:58.164138911Z LEADER SENDS REQUEST 59 TO SERVER 5
2026-05-29T19:32:58.16703839Z LEADER SENDS REQUEST 65 TO SERVER 5
2026-05-29T19:32:58.170136492Z LEADER SENDS REQUEST 64 TO SERVER 5
2026-05-29T19:32:58.1774648Z LEADER SERVER 3 RECEIVES REQUEST 66 FROM CLIENT
2026-05-29T19:32:58.19185691Z LEADER SERVER 3 ADDS REQUEST 66 TO LOG ENTRY 66
2026-05-29T19:32:58.19546331Z LEADER SENDS REQUEST 60 TO SERVER 5
2026-05-29T19:32:58.199163504Z LEADER SENDS REQUEST 63 TO SERVER 5
2026-05-29T19:32:58.201895606Z LEADER SENDS REQUEST 62 TO SERVER 5
2026-05-29T19:32:58.204683802Z LEADER SENDS REQUEST 57 TO SERVER 5
2026-05-29T19:32:58.20828659Z LEADER SENDS REQUEST 59 TO SERVER 5
2026-05-29T19:32:58.211008292Z LEADER SENDS REQUEST 58 TO SERVER 5
2026-05-29T19:32:58.215559133Z LEADER SENDS REQUEST 56 TO SERVER 5
2026-05-29T19:32:58.219569788Z LEADER SENDS REQUEST 66 TO SERVER 1
2026-05-29T19:32:58.224619316Z LEADER SENDS REQUEST 66 TO SERVER 2
2026-05-29T19:32:58.231713122Z LEADER SENDS REQUEST 66 TO SERVER 4
2026-05-29T19:32:58.23637959Z LEADER SENDS REQUEST 66 TO SERVER 5
2026-05-29T19:32:58.243615479Z LEADER SENDS REQUEST 65 TO SERVER 5
2026-05-29T19:32:58.249607712Z LEADER SENDS REQUEST 61 TO SERVER 5
2026-05-29T19:32:58.252710767Z LEADER SENDS REQUEST 64 TO SERVER 5
2026-05-29T19:32:58.255803999Z LEADER RECEIVES ACK FROM SERVER 1 FOR REQUEST 66
2026-05-29T19:32:58.260466031Z LEADER RECEIVES ACK FROM SERVER 2 FOR REQUEST 66
2026-05-29T19:32:58.264491772Z LEADER RECEIVES ACK FROM SERVER 4 FOR REQUEST 66
2026-05-29T19:32:58.281772034Z LEADER SENDS REQUEST 66 TO SERVER 5
2026-05-29T19:32:58.285401468Z LEADER SENDS REQUEST 59 TO SERVER 5
2026-05-29T19:32:58.288640611Z LEADER SENDS REQUEST 58 TO SERVER 5
2026-05-29T19:32:58.291319361Z LEADER SENDS REQUEST 63 TO SERVER 5
2026-05-29T19:32:58.294050593Z LEADER SENDS REQUEST 57 TO SERVER 5
2026-05-29T19:32:58.297568527Z LEADER SENDS REQUEST 60 TO SERVER 5
2026-05-29T19:32:58.300840346Z LEADER SENDS REQUEST 62 TO SERVER 5
2026-05-29T19:32:58.303982767Z LEADER SENDS REQUEST 65 TO SERVER 5
2026-05-29T19:32:58.307277625Z LEADER SENDS REQUEST 64 TO SERVER 5
2026-05-29T19:32:58.31155412Z LEADER SENDS REQUEST 61 TO SERVER 5
2026-05-29T19:32:58.31908803Z LEADER SENDS REQUEST 58 TO SERVER 5
2026-05-29T19:32:58.323622642Z LEADER SERVER 3 RECEIVES REQUEST 67 FROM CLIENT
2026-05-29T19:32:58.333615876Z LEADER SERVER 3 ADDS REQUEST 67 TO LOG ENTRY 67
2026-05-29T19:32:58.336831917Z LEADER SENDS REQUEST 67 TO SERVER 5
2026-05-29T19:32:58.339687657Z LEADER SENDS REQUEST 67 TO SERVER 1
2026-05-29T19:32:58.3430677Z LEADER SENDS REQUEST 67 TO SERVER 2
2026-05-29T19:32:58.346127739Z LEADER SENDS REQUEST 67 TO SERVER 4
2026-05-29T19:32:58.350021528Z LEADER SENDS REQUEST 66 TO SERVER 5
2026-05-29T19:32:58.354458189Z LEADER SENDS REQUEST 59 TO SERVER 5
2026-05-29T19:32:58.358043455Z LEADER SENDS REQUEST 65 TO SERVER 5
2026-05-29T19:32:58.366662447Z LEADER SENDS REQUEST 63 TO SERVER 5
2026-05-29T19:32:58.369688913Z LEADER SENDS REQUEST 60 TO SERVER 5
2026-05-29T19:32:58.372303126Z LEADER SENDS REQUEST 62 TO SERVER 5
2026-05-29T19:32:58.375053575Z LEADER SENDS REQUEST 64 TO SERVER 5
2026-05-29T19:32:58.377582316Z LEADER SENDS REQUEST 61 TO SERVER 5
2026-05-29T19:32:58.37987199Z LEADER RECEIVES ACK FROM SERVER 1 FOR REQUEST 67
2026-05-29T19:32:58.382539807Z LEADER RECEIVES ACK FROM SERVER 2 FOR REQUEST 67
2026-05-29T19:32:58.385451721Z LEADER RECEIVES ACK FROM SERVER 4 FOR REQUEST 67
2026-05-29T19:32:58.403001091Z LEADER SENDS REQUEST 67 TO SERVER 5
2026-05-29T19:32:58.406393794Z LEADER SENDS REQUEST 66 TO SERVER 5
2026-05-29T19:32:58.409339515Z LEADER SENDS REQUEST 59 TO SERVER 5
2026-05-29T19:32:58.413675017Z LEADER SENDS REQUEST 63 TO SERVER 5
2026-05-29T19:32:58.416750226Z LEADER SENDS REQUEST 65 TO SERVER 5
2026-05-29T19:32:58.419364121Z LEADER SENDS REQUEST 60 TO SERVER 5
2026-05-29T19:32:58.422606441Z LEADER SENDS REQUEST 61 TO SERVER 5
2026-05-29T19:32:58.425204363Z LEADER SENDS REQUEST 64 TO SERVER 5
2026-05-29T19:32:58.428060022Z LEADER SENDS REQUEST 62 TO SERVER 5
2026-05-29T19:32:58.431609774Z LEADER SERVER 3 RECEIVES REQUEST 68 FROM CLIENT
2026-05-29T19:32:58.44249243Z LEADER SERVER 3 ADDS REQUEST 68 TO LOG ENTRY 68
2026-05-29T19:32:58.445553291Z LEADER SENDS REQUEST 67 TO SERVER 5
2026-05-29T19:32:58.448429826Z LEADER SENDS REQUEST 66 TO SERVER 5
2026-05-29T19:32:58.451302979Z LEADER SENDS REQUEST 68 TO SERVER 2
2026-05-29T19:32:58.454502074Z LEADER SENDS REQUEST 68 TO SERVER 4
2026-05-29T19:32:58.457162297Z LEADER SENDS REQUEST 68 TO SERVER 5
2026-05-29T19:32:58.460184314Z LEADER SENDS REQUEST 68 TO SERVER 1
2026-05-29T19:32:58.463067324Z LEADER SENDS REQUEST 65 TO SERVER 5
2026-05-29T19:32:58.466340258Z LEADER SENDS REQUEST 59 TO SERVER 5
2026-05-29T19:32:58.471140566Z LEADER RECEIVES ACK FROM SERVER 2 FOR REQUEST 68
2026-05-29T19:32:58.474542884Z LEADER SENDS REQUEST 60 TO SERVER 5
2026-05-29T19:32:58.478676783Z LEADER SENDS REQUEST 63 TO SERVER 5
2026-05-29T19:32:58.482682402Z LEADER SENDS REQUEST 61 TO SERVER 5
2026-05-29T19:32:58.48570067Z LEADER SENDS REQUEST 64 TO SERVER 5
2026-05-29T19:32:58.488474288Z LEADER SENDS REQUEST 62 TO SERVER 5
2026-05-29T19:32:58.492801466Z LEADER RECEIVES ACK FROM SERVER 4 FOR REQUEST 68
2026-05-29T19:32:58.496081275Z LEADER RECEIVES ACK FROM SERVER 1 FOR REQUEST 68
2026-05-29T19:32:58.498516162Z LEADER SENDS REQUEST 66 TO SERVER 5
2026-05-29T19:32:58.501212612Z LEADER SENDS REQUEST 67 TO SERVER 5
2026-05-29T19:32:58.50380738Z LEADER SENDS REQUEST 68 TO SERVER 5
2026-05-29T19:32:58.506734351Z LEADER SENDS REQUEST 65 TO SERVER 5
2026-05-29T19:32:58.521161248Z LEADER SENDS REQUEST 59 TO SERVER 5
2026-05-29T19:32:58.524594642Z LEADER SERVER 3 RECEIVES REQUEST 69 FROM CLIENT
2026-05-29T19:32:58.537208083Z LEADER SERVER 3 ADDS REQUEST 69 TO LOG ENTRY 69
2026-05-29T19:32:58.539586045Z LEADER SENDS REQUEST 69 TO SERVER 4
2026-05-29T19:32:58.54221674Z LEADER SENDS REQUEST 69 TO SERVER 5
2026-05-29T19:32:58.545011757Z LEADER SENDS REQUEST 60 TO SERVER 5
2026-05-29T19:32:58.547681536Z LEADER SENDS REQUEST 63 TO SERVER 5
2026-05-29T19:32:58.55139006Z LEADER SENDS REQUEST 64 TO SERVER 5
2026-05-29T19:32:58.554517219Z LEADER SENDS REQUEST 62 TO SERVER 5
2026-05-29T19:32:58.557608954Z LEADER SENDS REQUEST 67 TO SERVER 5
2026-05-29T19:32:58.560471646Z LEADER SENDS REQUEST 66 TO SERVER 5
2026-05-29T19:32:58.563498117Z LEADER SENDS REQUEST 68 TO SERVER 5
2026-05-29T19:32:58.566541948Z LEADER SENDS REQUEST 65 TO SERVER 5
2026-05-29T19:32:58.570077113Z LEADER SENDS REQUEST 61 TO SERVER 5
2026-05-29T19:32:58.57290527Z LEADER SENDS REQUEST 69 TO SERVER 1
2026-05-29T19:32:58.575578495Z LEADER SENDS REQUEST 69 TO SERVER 2
2026-05-29T19:32:58.578284015Z LEADER RECEIVES ACK FROM SERVER 4 FOR REQUEST 69
2026-05-29T19:32:58.589058163Z LEADER RECEIVES ACK FROM SERVER 1 FOR REQUEST 69
2026-05-29T19:32:58.593615816Z LEADER RECEIVES ACK FROM SERVER 2 FOR REQUEST 69
2026-05-29T19:32:58.603637552Z LEADER SENDS REQUEST 64 TO SERVER 5
2026-05-29T19:32:58.606897583Z LEADER SENDS REQUEST 69 TO SERVER 5
2026-05-29T19:32:58.610076534Z LEADER SENDS REQUEST 60 TO SERVER 5
2026-05-29T19:32:58.613307919Z LEADER SENDS REQUEST 63 TO SERVER 5
2026-05-29T19:32:58.615459668Z LEADER SENDS REQUEST 61 TO SERVER 5
2026-05-29T19:32:58.618086487Z LEADER SENDS REQUEST 62 TO SERVER 5
2026-05-29T19:32:58.62081073Z LEADER SENDS REQUEST 67 TO SERVER 5
2026-05-29T19:32:58.62341621Z LEADER SENDS REQUEST 66 TO SERVER 5
2026-05-29T19:32:58.626326107Z LEADER SENDS REQUEST 68 TO SERVER 5
2026-05-29T19:32:58.629170989Z LEADER SENDS REQUEST 65 TO SERVER 5
2026-05-29T19:32:58.638012619Z LEADER SERVER 3 RECEIVES REQUEST 70 FROM CLIENT
2026-05-29T19:32:58.648263196Z LEADER SERVER 3 ADDS REQUEST 70 TO LOG ENTRY 70
2026-05-29T19:32:58.651734059Z LEADER SENDS REQUEST 70 TO SERVER 1
2026-05-29T19:32:58.654577249Z LEADER SENDS REQUEST 70 TO SERVER 4
2026-05-29T19:32:58.657898691Z LEADER SENDS REQUEST 70 TO SERVER 2
2026-05-29T19:32:58.661725082Z LEADER SENDS REQUEST 70 TO SERVER 5
2026-05-29T19:32:58.664427499Z LEADER SENDS REQUEST 66 TO SERVER 5
2026-05-29T19:32:58.667394563Z LEADER SENDS REQUEST 69 TO SERVER 5
2026-05-29T19:32:58.671229435Z LEADER SENDS REQUEST 63 TO SERVER 5
2026-05-29T19:32:58.674998049Z LEADER SENDS REQUEST 61 TO SERVER 5
2026-05-29T19:32:58.679292204Z LEADER SENDS REQUEST 62 TO SERVER 5
2026-05-29T19:32:58.682442905Z LEADER SENDS REQUEST 67 TO SERVER 5
2026-05-29T19:32:58.685594969Z LEADER SENDS REQUEST 68 TO SERVER 5
2026-05-29T19:32:58.688793723Z LEADER SENDS REQUEST 64 TO SERVER 5
2026-05-29T19:32:58.692228464Z LEADER SENDS REQUEST 65 TO SERVER 5
2026-05-29T19:32:58.695515498Z LEADER RECEIVES ACK FROM SERVER 1 FOR REQUEST 70
2026-05-29T19:32:58.699214198Z LEADER RECEIVES ACK FROM SERVER 4 FOR REQUEST 70
2026-05-29T19:32:58.702254939Z LEADER RECEIVES ACK FROM SERVER 2 FOR REQUEST 70
2026-05-29T19:32:58.705411553Z LEADER SENDS REQUEST 66 TO SERVER 5
2026-05-29T19:32:58.720801661Z LEADER SENDS REQUEST 70 TO SERVER 5
2026-05-29T19:32:58.724257527Z LEADER SENDS REQUEST 69 TO SERVER 5
2026-05-29T19:32:58.727363901Z LEADER SENDS REQUEST 63 TO SERVER 5
2026-05-29T19:32:58.730588257Z LEADER SERVER 3 RECEIVES REQUEST 71 FROM CLIENT
2026-05-29T19:32:58.740696232Z LEADER SERVER 3 ADDS REQUEST 71 TO LOG ENTRY 71
2026-05-29T19:32:58.743271977Z LEADER SENDS REQUEST 71 TO SERVER 1
2026-05-29T19:32:58.746182112Z LEADER SENDS REQUEST 71 TO SERVER 5
2026-05-29T19:32:58.749271963Z LEADER SENDS REQUEST 61 TO SERVER 5
2026-05-29T19:32:58.752764807Z LEADER SENDS REQUEST 68 TO SERVER 5
2026-05-29T19:32:58.756401226Z LEADER SENDS REQUEST 62 TO SERVER 5
2026-05-29T19:32:58.759544962Z LEADER SENDS REQUEST 67 TO SERVER 5
2026-05-29T19:32:58.762613134Z LEADER SENDS REQUEST 64 TO SERVER 5
2026-05-29T19:32:58.766755809Z LEADER SENDS REQUEST 65 TO SERVER 5
2026-05-29T19:32:58.769422892Z LEADER SENDS REQUEST 66 TO SERVER 5
2026-05-29T19:32:58.773048775Z LEADER SENDS REQUEST 71 TO SERVER 4
2026-05-29T19:32:58.775874272Z LEADER SENDS REQUEST 71 TO SERVER 2
2026-05-29T19:32:58.779654846Z LEADER RECEIVES ACK FROM SERVER 1 FOR REQUEST 71
2026-05-29T19:32:58.782157937Z LEADER SENDS REQUEST 69 TO SERVER 5
2026-05-29T19:32:58.78513526Z LEADER SENDS REQUEST 61 TO SERVER 5
2026-05-29T19:32:58.78802594Z LEADER SENDS REQUEST 68 TO SERVER 5
2026-05-29T19:32:58.790999223Z LEADER RECEIVES ACK FROM SERVER 4 FOR REQUEST 71
2026-05-29T19:32:58.793961823Z LEADER RECEIVES ACK FROM SERVER 2 FOR REQUEST 71
2026-05-29T19:32:58.797022171Z LEADER SENDS REQUEST 63 TO SERVER 5
2026-05-29T19:32:58.800294862Z LEADER SENDS REQUEST 65 TO SERVER 5
2026-05-29T19:32:58.804946731Z LEADER SENDS REQUEST 70 TO SERVER 5
2026-05-29T19:32:58.809106488Z LEADER SENDS REQUEST 71 TO SERVER 5
2026-05-29T19:32:58.812265761Z LEADER SENDS REQUEST 64 TO SERVER 5
2026-05-29T19:32:58.815655209Z LEADER SENDS REQUEST 67 TO SERVER 5
2026-05-29T19:32:58.818511032Z LEADER SENDS REQUEST 62 TO SERVER 5
2026-05-29T19:32:58.821458092Z LEADER SENDS REQUEST 66 TO SERVER 5
2026-05-29T19:32:58.824346141Z LEADER SENDS REQUEST 69 TO SERVER 5
2026-05-29T19:32:58.827004627Z LEADER SENDS REQUEST 61 TO SERVER 5
2026-05-29T19:32:58.829717855Z LEADER SENDS REQUEST 68 TO SERVER 5
2026-05-29T19:32:58.832599353Z LEADER SERVER 3 RECEIVES REQUEST 72 FROM CLIENT
2026-05-29T19:32:58.84434195Z LEADER SERVER 3 ADDS REQUEST 72 TO LOG ENTRY 72
2026-05-29T19:32:58.846940581Z LEADER SENDS REQUEST 72 TO SERVER 5
2026-05-29T19:32:58.850041188Z LEADER SENDS REQUEST 72 TO SERVER 1
2026-05-29T19:32:58.852845991Z LEADER SENDS REQUEST 63 TO SERVER 5
2026-05-29T19:32:58.857132507Z LEADER SENDS REQUEST 65 TO SERVER 5
2026-05-29T19:32:58.861671346Z LEADER SENDS REQUEST 72 TO SERVER 2
2026-05-29T19:32:58.864905434Z LEADER SENDS REQUEST 72 TO SERVER 4
2026-05-29T19:32:58.867224572Z LEADER SENDS REQUEST 67 TO SERVER 5
2026-05-29T19:32:58.871500468Z LEADER SENDS REQUEST 70 TO SERVER 5
2026-05-29T19:32:58.875287758Z LEADER SENDS REQUEST 66 TO SERVER 5
2026-05-29T19:32:58.878729704Z LEADER SENDS REQUEST 71 TO SERVER 5
2026-05-29T19:32:58.883519307Z LEADER SENDS REQUEST 64 TO SERVER 5
2026-05-29T19:32:58.888129795Z LEADER SENDS REQUEST 69 TO SERVER 5
2026-05-29T19:32:58.892272258Z LEADER SENDS REQUEST 62 TO SERVER 5
2026-05-29T19:32:58.895423843Z LEADER RECEIVES ACK FROM SERVER 1 FOR REQUEST 72
2026-05-29T19:32:58.898247585Z LEADER SENDS REQUEST 68 TO SERVER 5
2026-05-29T19:32:58.901717496Z LEADER RECEIVES ACK FROM SERVER 2 FOR REQUEST 72
2026-05-29T19:32:58.906287418Z LEADER RECEIVES ACK FROM SERVER 4 FOR REQUEST 72
2026-05-29T19:32:58.908905896Z LEADER SENDS REQUEST 72 TO SERVER 5
2026-05-29T19:32:58.921328146Z LEADER SENDS REQUEST 65 TO SERVER 5
2026-05-29T19:32:58.924882286Z LEADER SENDS REQUEST 63 TO SERVER 5
2026-05-29T19:32:58.928457213Z LEADER SENDS REQUEST 67 TO SERVER 5
2026-05-29T19:32:58.931994317Z LEADER SENDS REQUEST 70 TO SERVER 5
2026-05-29T19:32:58.936655416Z LEADER SENDS REQUEST 68 TO SERVER 5
2026-05-29T19:32:58.939652005Z LEADER SENDS REQUEST 64 TO SERVER 5
2026-05-29T19:32:58.943087078Z LEADER SENDS REQUEST 66 TO SERVER 5
2026-05-29T19:32:58.945887887Z LEADER SENDS REQUEST 71 TO SERVER 5
2026-05-29T19:32:58.948548059Z LEADER SENDS REQUEST 69 TO SERVER 5
2026-05-29T19:32:58.95117001Z LEADER SERVER 3 RECEIVES REQUEST 73 FROM CLIENT
2026-05-29T19:32:58.961618432Z LEADER SERVER 3 ADDS REQUEST 73 TO LOG ENTRY 73
2026-05-29T19:32:58.96453905Z LEADER SENDS REQUEST 73 TO SERVER 5
2026-05-29T19:32:58.967268132Z LEADER SENDS REQUEST 73 TO SERVER 1
2026-05-29T19:32:58.970820112Z LEADER SENDS REQUEST 65 TO SERVER 5
2026-05-29T19:32:58.973897229Z LEADER SENDS REQUEST 63 TO SERVER 5
2026-05-29T19:32:58.977929706Z LEADER SENDS REQUEST 67 TO SERVER 5
2026-05-29T19:32:58.980807387Z LEADER SENDS REQUEST 72 TO SERVER 5
2026-05-29T19:32:58.98383622Z LEADER SENDS REQUEST 73 TO SERVER 2
2026-05-29T19:32:58.986896718Z LEADER SENDS REQUEST 70 TO SERVER 5
2026-05-29T19:32:58.990221773Z LEADER SENDS REQUEST 73 TO SERVER 4
2026-05-29T19:32:58.99287901Z LEADER RECEIVES ACK FROM SERVER 1 FOR REQUEST 73
2026-05-29T19:32:58.995715703Z LEADER SENDS REQUEST 69 TO SERVER 5
2026-05-29T19:32:58.999273098Z LEADER SENDS REQUEST 64 TO SERVER 5
2026-05-29T19:32:59.002824269Z LEADER SENDS REQUEST 68 TO SERVER 5
2026-05-29T19:32:59.006449965Z LEADER SENDS REQUEST 71 TO SERVER 5
2026-05-29T19:32:59.010441777Z LEADER SENDS REQUEST 66 TO SERVER 5
2026-05-29T19:32:59.013878715Z LEADER RECEIVES ACK FROM SERVER 2 FOR REQUEST 73
2026-05-29T19:32:59.016646404Z LEADER SENDS REQUEST 65 TO SERVER 5
2026-05-29T19:32:59.021214209Z LEADER SENDS REQUEST 70 TO SERVER 5
2026-05-29T19:32:59.025886149Z LEADER RECEIVES ACK FROM SERVER 4 FOR REQUEST 73
2026-05-29T19:32:59.028630794Z LEADER SENDS REQUEST 72 TO SERVER 5
2026-05-29T19:32:59.032143344Z LEADER SENDS REQUEST 67 TO SERVER 5
2026-05-29T19:32:59.03487109Z LEADER SENDS REQUEST 73 TO SERVER 5
2026-05-29T19:32:59.038073994Z LEADER SENDS REQUEST 63 TO SERVER 5
2026-05-29T19:32:59.04870311Z LEADER SERVER 3 RECEIVES REQUEST 74 FROM CLIENT
2026-05-29T19:32:59.061211926Z LEADER SERVER 3 ADDS REQUEST 74 TO LOG ENTRY 74
2026-05-29T19:32:59.064367346Z LEADER SENDS REQUEST 64 TO SERVER 5
2026-05-29T19:32:59.067228257Z LEADER SENDS REQUEST 69 TO SERVER 5
2026-05-29T19:32:59.070945555Z LEADER SENDS REQUEST 68 TO SERVER 5
2026-05-29T19:32:59.073664631Z LEADER SENDS REQUEST 71 TO SERVER 5
2026-05-29T19:32:59.076471956Z LEADER SENDS REQUEST 66 TO SERVER 5
2026-05-29T19:32:59.07958901Z LEADER SENDS REQUEST 74 TO SERVER 1
2026-05-29T19:32:59.082168729Z LEADER SENDS REQUEST 74 TO SERVER 5
2026-05-29T19:32:59.085515007Z LEADER SENDS REQUEST 74 TO SERVER 2
2026-05-29T19:32:59.089148416Z LEADER SENDS REQUEST 74 TO SERVER 4
2026-05-29T19:32:59.092431318Z LEADER SENDS REQUEST 67 TO SERVER 5
2026-05-29T19:32:59.095850412Z LEADER SENDS REQUEST 72 TO SERVER 5
2026-05-29T19:32:59.099716498Z LEADER RECEIVES ACK FROM SERVER 1 FOR REQUEST 74
2026-05-29T19:32:59.103847425Z LEADER SENDS REQUEST 65 TO SERVER 5
2026-05-29T19:32:59.107064686Z LEADER SENDS REQUEST 70 TO SERVER 5
2026-05-29T19:32:59.109773653Z LEADER SENDS REQUEST 73 TO SERVER 5
2026-05-29T19:32:59.11648301Z LEADER SENDS REQUEST 68 TO SERVER 5
2026-05-29T19:32:59.119263768Z LEADER RECEIVES ACK FROM SERVER 2 FOR REQUEST 74
2026-05-29T19:32:59.123156848Z LEADER RECEIVES ACK FROM SERVER 4 FOR REQUEST 74
2026-05-29T19:32:59.126097189Z LEADER SENDS REQUEST 74 TO SERVER 5
2026-05-29T19:32:59.142021444Z LEADER SENDS REQUEST 64 TO SERVER 5
2026-05-29T19:32:59.145028311Z LEADER SENDS REQUEST 69 TO SERVER 5
2026-05-29T19:32:59.148129473Z LEADER SENDS REQUEST 67 TO SERVER 5
2026-05-29T19:32:59.150914049Z LEADER SENDS REQUEST 71 TO SERVER 5
2026-05-29T19:32:59.153983533Z LEADER SENDS REQUEST 66 TO SERVER 5
2026-05-29T19:32:59.156835198Z LEADER SENDS REQUEST 72 TO SERVER 5
2026-05-29T19:32:59.159443002Z LEADER SENDS REQUEST 65 TO SERVER 5
2026-05-29T19:32:59.162680058Z LEADER SENDS REQUEST 70 TO SERVER 5
2026-05-29T19:32:59.165421693Z LEADER SENDS REQUEST 68 TO SERVER 5
2026-05-29T19:32:59.168140045Z LEADER SERVER 3 RECEIVES REQUEST 75 FROM CLIENT
2026-05-29T19:32:59.179040258Z LEADER SERVER 3 ADDS REQUEST 75 TO LOG ENTRY 75
2026-05-29T19:32:59.182445206Z LEADER SENDS REQUEST 73 TO SERVER 5
2026-05-29T19:32:59.185216126Z LEADER SENDS REQUEST 74 TO SERVER 5
2026-05-29T19:32:59.188112279Z LEADER SENDS REQUEST 75 TO SERVER 2
2026-05-29T19:32:59.191243267Z LEADER SENDS REQUEST 75 TO SERVER 4
2026-05-29T19:32:59.194317059Z LEADER SENDS REQUEST 75 TO SERVER 5
2026-05-29T19:32:59.197669144Z LEADER SENDS REQUEST 75 TO SERVER 1
2026-05-29T19:32:59.201007368Z LEADER SENDS REQUEST 69 TO SERVER 5
2026-05-29T19:32:59.206391476Z LEADER RECEIVES ACK FROM SERVER 2 FOR REQUEST 75
2026-05-29T19:32:59.211069526Z LEADER SENDS REQUEST 67 TO SERVER 5
2026-05-29T19:32:59.214643178Z LEADER SENDS REQUEST 71 TO SERVER 5
2026-05-29T19:32:59.218609288Z LEADER RECEIVES ACK FROM SERVER 4 FOR REQUEST 75
2026-05-29T19:32:59.222188541Z LEADER SENDS REQUEST 68 TO SERVER 5
2026-05-29T19:32:59.225609088Z LEADER SENDS REQUEST 66 TO SERVER 5
2026-05-29T19:32:59.229303103Z LEADER SENDS REQUEST 70 TO SERVER 5
2026-05-29T19:32:59.232245184Z LEADER SENDS REQUEST 72 TO SERVER 5
2026-05-29T19:32:59.234871352Z LEADER SENDS REQUEST 69 TO SERVER 5
2026-05-29T19:32:59.238091993Z LEADER RECEIVES ACK FROM SERVER 1 FOR REQUEST 75
2026-05-29T19:32:59.24043486Z LEADER SENDS REQUEST 73 TO SERVER 5
2026-05-29T19:32:59.242884031Z LEADER SENDS REQUEST 75 TO SERVER 5
2026-05-29T19:32:59.245707116Z LEADER SENDS REQUEST 74 TO SERVER 5
2026-05-29T19:32:59.248529871Z LEADER SENDS REQUEST 67 TO SERVER 5
2026-05-29T19:32:59.255401115Z LEADER SERVER 3 RECEIVES REQUEST 76 FROM CLIENT
2026-05-29T19:32:59.26962795Z LEADER SERVER 3 ADDS REQUEST 76 TO LOG ENTRY 76
2026-05-29T19:32:59.272564435Z LEADER SENDS REQUEST 76 TO SERVER 2
2026-05-29T19:32:59.27533409Z LEADER SENDS REQUEST 76 TO SERVER 4
2026-05-29T19:32:59.279620977Z LEADER SENDS REQUEST 70 TO SERVER 5
2026-05-29T19:32:59.282526584Z LEADER SENDS REQUEST 71 TO SERVER 5
2026-05-29T19:32:59.286185931Z LEADER SENDS REQUEST 66 TO SERVER 5
2026-05-29T19:32:59.289596963Z LEADER SENDS REQUEST 76 TO SERVER 5
2026-05-29T19:32:59.293849328Z LEADER SENDS REQUEST 76 TO SERVER 1
2026-05-29T19:32:59.298165566Z LEADER SENDS REQUEST 68 TO SERVER 5
2026-05-29T19:32:59.300818073Z LEADER SENDS REQUEST 72 TO SERVER 5
2026-05-29T19:32:59.304689135Z LEADER SENDS REQUEST 69 TO SERVER 5
2026-05-29T19:32:59.307576763Z LEADER SENDS REQUEST 75 TO SERVER 5
2026-05-29T19:32:59.311854466Z LEADER SENDS REQUEST 73 TO SERVER 5
2026-05-29T19:32:59.31637062Z LEADER SENDS REQUEST 74 TO SERVER 5
2026-05-29T19:32:59.321388023Z LEADER SENDS REQUEST 67 TO SERVER 5
2026-05-29T19:32:59.324396199Z LEADER RECEIVES ACK FROM SERVER 2 FOR REQUEST 76
2026-05-29T19:32:59.327701375Z LEADER RECEIVES ACK FROM SERVER 4 FOR REQUEST 76
2026-05-29T19:32:59.330722209Z LEADER SENDS REQUEST 71 TO SERVER 5
2026-05-29T19:32:59.334665409Z LEADER RECEIVES ACK FROM SERVER 1 FOR REQUEST 76
2026-05-29T19:32:59.338340632Z LEADER SENDS REQUEST 76 TO SERVER 5
2026-05-29T19:32:59.349879672Z LEADER SENDS REQUEST 70 TO SERVER 5
2026-05-29T19:32:59.354438926Z LEADER SENDS REQUEST 66 TO SERVER 5
2026-05-29T19:32:59.358057517Z LEADER SENDS REQUEST 68 TO SERVER 5
2026-05-29T19:32:59.361130863Z LEADER SENDS REQUEST 69 TO SERVER 5
2026-05-29T19:32:59.364181651Z LEADER SENDS REQUEST 72 TO SERVER 5
2026-05-29T19:32:59.367518664Z LEADER SENDS REQUEST 75 TO SERVER 5
2026-05-29T19:32:59.371179517Z LEADER SENDS REQUEST 73 TO SERVER 5
2026-05-29T19:32:59.377197473Z LEADER SENDS REQUEST 74 TO SERVER 5
2026-05-29T19:32:59.383143604Z LEADER SENDS REQUEST 71 TO SERVER 5
2026-05-29T19:32:59.386996905Z LEADER SENDS REQUEST 67 TO SERVER 5
2026-05-29T19:32:59.390174714Z LEADER SENDS REQUEST 76 TO SERVER 5
2026-05-29T19:32:59.393426365Z LEADER SENDS REQUEST 70 TO SERVER 5
2026-05-29T19:32:59.400440269Z LEADER SERVER 3 RECEIVES REQUEST 77 FROM CLIENT
2026-05-29T19:32:59.412029475Z LEADER SERVER 3 ADDS REQUEST 77 TO LOG ENTRY 77
2026-05-29T19:32:59.415347569Z LEADER SENDS REQUEST 68 TO SERVER 5
2026-05-29T19:32:59.420014196Z LEADER SENDS REQUEST 69 TO SERVER 5
2026-05-29T19:32:59.424133579Z LEADER SENDS REQUEST 72 TO SERVER 5
2026-05-29T19:32:59.42853889Z LEADER SENDS REQUEST 77 TO SERVER 1
2026-05-29T19:32:59.432298311Z LEADER SENDS REQUEST 77 TO SERVER 2
2026-05-29T19:32:59.43502727Z LEADER SENDS REQUEST 77 TO SERVER 4
2026-05-29T19:32:59.439699308Z LEADER SENDS REQUEST 77 TO SERVER 5
2026-05-29T19:32:59.442933752Z LEADER SENDS REQUEST 73 TO SERVER 5
2026-05-29T19:32:59.446732974Z LEADER SENDS REQUEST 75 TO SERVER 5
2026-05-29T19:32:59.453696351Z LEADER SENDS REQUEST 71 TO SERVER 5
2026-05-29T19:32:59.460253366Z LEADER SENDS REQUEST 74 TO SERVER 5
2026-05-29T19:32:59.463696073Z LEADER SENDS REQUEST 67 TO SERVER 5
2026-05-29T19:32:59.466973235Z LEADER SENDS REQUEST 76 TO SERVER 5
2026-05-29T19:32:59.472330533Z LEADER SENDS REQUEST 70 TO SERVER 5
2026-05-29T19:32:59.477999211Z LEADER SENDS REQUEST 68 TO SERVER 5
2026-05-29T19:32:59.486661969Z LEADER RECEIVES ACK FROM SERVER 2 FOR REQUEST 77
2026-05-29T19:32:59.490822256Z LEADER RECEIVES ACK FROM SERVER 1 FOR REQUEST 77
2026-05-29T19:32:59.495588171Z LEADER RECEIVES ACK FROM SERVER 4 FOR REQUEST 77
2026-05-29T19:32:59.500255895Z LEADER SENDS REQUEST 72 TO SERVER 5
2026-05-29T19:32:59.505472768Z LEADER SENDS REQUEST 69 TO SERVER 5
2026-05-29T19:32:59.50838984Z LEADER SENDS REQUEST 71 TO SERVER 5
2026-05-29T19:32:59.511760278Z LEADER SENDS REQUEST 73 TO SERVER 5
2026-05-29T19:32:59.515186366Z LEADER SENDS REQUEST 77 TO SERVER 5
2026-05-29T19:32:59.517485065Z LEADER SENDS REQUEST 74 TO SERVER 5
2026-05-29T19:32:59.527329506Z LEADER SENDS REQUEST 75 TO SERVER 5
2026-05-29T19:32:59.531566765Z LEADER SENDS REQUEST 76 TO SERVER 5
2026-05-29T19:32:59.535999338Z LEADER SENDS REQUEST 70 TO SERVER 5
2026-05-29T19:32:59.539048648Z LEADER SENDS REQUEST 68 TO SERVER 5
2026-05-29T19:32:59.54313873Z LEADER SENDS REQUEST 72 TO SERVER 5
2026-05-29T19:32:59.546391878Z LEADER SENDS REQUEST 71 TO SERVER 5
2026-05-29T19:32:59.549578079Z LEADER SENDS REQUEST 74 TO SERVER 5
2026-05-29T19:32:59.553472911Z LEADER SENDS REQUEST 69 TO SERVER 5
2026-05-29T19:32:59.557279311Z LEADER SENDS REQUEST 73 TO SERVER 5
2026-05-29T19:32:59.561080168Z LEADER SERVER 3 RECEIVES REQUEST 78 FROM CLIENT
2026-05-29T19:32:59.570702498Z LEADER SERVER 3 ADDS REQUEST 78 TO LOG ENTRY 78
2026-05-29T19:32:59.573588878Z LEADER SENDS REQUEST 77 TO SERVER 5
2026-05-29T19:32:59.576220142Z LEADER SENDS REQUEST 70 TO SERVER 5
2026-05-29T19:32:59.579443268Z LEADER SENDS REQUEST 75 TO SERVER 5
2026-05-29T19:32:59.583310454Z LEADER SENDS REQUEST 76 TO SERVER 5
2026-05-29T19:32:59.586421191Z LEADER SENDS REQUEST 78 TO SERVER 5
2026-05-29T19:32:59.590046484Z LEADER SENDS REQUEST 78 TO SERVER 1
2026-05-29T19:32:59.593298515Z LEADER SENDS REQUEST 78 TO SERVER 2
2026-05-29T19:32:59.596193668Z LEADER SENDS REQUEST 78 TO SERVER 4
2026-05-29T19:32:59.601512299Z LEADER SENDS REQUEST 74 TO SERVER 5
2026-05-29T19:32:59.604233298Z LEADER SENDS REQUEST 71 TO SERVER 5
2026-05-29T19:32:59.607269161Z LEADER SENDS REQUEST 69 TO SERVER 5
2026-05-29T19:32:59.611174293Z LEADER SENDS REQUEST 73 TO SERVER 5
2026-05-29T19:32:59.615905551Z LEADER RECEIVES ACK FROM SERVER 4 FOR REQUEST 78
2026-05-29T19:32:59.619157258Z LEADER SENDS REQUEST 72 TO SERVER 5
2026-05-29T19:32:59.621986401Z LEADER RECEIVES ACK FROM SERVER 1 FOR REQUEST 78
2026-05-29T19:32:59.624987792Z LEADER RECEIVES ACK FROM SERVER 2 FOR REQUEST 78
2026-05-29T19:32:59.627705553Z LEADER SENDS REQUEST 78 TO SERVER 5
2026-05-29T19:32:59.630339447Z LEADER SENDS REQUEST 77 TO SERVER 5
2026-05-29T19:32:59.633013654Z LEADER SENDS REQUEST 70 TO SERVER 5
2026-05-29T19:32:59.636662883Z LEADER SENDS REQUEST 75 TO SERVER 5
2026-05-29T19:32:59.63942064Z LEADER SENDS REQUEST 76 TO SERVER 5
2026-05-29T19:32:59.642117081Z LEADER SENDS REQUEST 71 TO SERVER 5
2026-05-29T19:32:59.647549853Z LEADER SENDS REQUEST 74 TO SERVER 5
2026-05-29T19:32:59.653084197Z LEADER SERVER 3 RECEIVES REQUEST 79 FROM CLIENT
2026-05-29T19:32:59.663267481Z LEADER SERVER 3 ADDS REQUEST 79 TO LOG ENTRY 79
2026-05-29T19:32:59.666245243Z LEADER SENDS REQUEST 79 TO SERVER 2
2026-05-29T19:32:59.669263922Z LEADER SENDS REQUEST 79 TO SERVER 4
2026-05-29T19:32:59.672243698Z LEADER SENDS REQUEST 73 TO SERVER 5
2026-05-29T19:32:59.675847296Z LEADER SENDS REQUEST 69 TO SERVER 5
2026-05-29T19:32:59.678920727Z LEADER SENDS REQUEST 79 TO SERVER 5
2026-05-29T19:32:59.681285426Z LEADER SENDS REQUEST 79 TO SERVER 1
2026-05-29T19:32:59.6843285Z LEADER SENDS REQUEST 78 TO SERVER 5
2026-05-29T19:32:59.686978457Z LEADER SENDS REQUEST 72 TO SERVER 5
2026-05-29T19:32:59.690562396Z LEADER SENDS REQUEST 75 TO SERVER 5
2026-05-29T19:32:59.693608171Z LEADER SENDS REQUEST 77 TO SERVER 5
2026-05-29T19:32:59.697103129Z LEADER SENDS REQUEST 70 TO SERVER 5
2026-05-29T19:32:59.700265231Z LEADER SENDS REQUEST 76 TO SERVER 5
2026-05-29T19:32:59.703567091Z LEADER SENDS REQUEST 71 TO SERVER 5
2026-05-29T19:32:59.706527831Z LEADER RECEIVES ACK FROM SERVER 2 FOR REQUEST 79
2026-05-29T19:32:59.709661018Z LEADER RECEIVES ACK FROM SERVER 4 FOR REQUEST 79
2026-05-29T19:32:59.712507188Z LEADER RECEIVES ACK FROM SERVER 1 FOR REQUEST 79
2026-05-29T19:32:59.714987575Z LEADER SENDS REQUEST 74 TO SERVER 5
2026-05-29T19:32:59.731711475Z LEADER SENDS REQUEST 73 TO SERVER 5
2026-05-29T19:32:59.734999709Z LEADER SENDS REQUEST 79 TO SERVER 5
2026-05-29T19:32:59.738115697Z LEADER SERVER 3 RECEIVES REQUEST 80 FROM CLIENT
2026-05-29T19:32:59.748240319Z LEADER SERVER 3 ADDS REQUEST 80 TO LOG ENTRY 80
2026-05-29T19:32:59.750956498Z LEADER SENDS REQUEST 80 TO SERVER 5
2026-05-29T19:32:59.753639489Z LEADER SENDS REQUEST 80 TO SERVER 1
2026-05-29T19:32:59.756960771Z LEADER SENDS REQUEST 78 TO SERVER 5
2026-05-29T19:32:59.759899739Z LEADER SENDS REQUEST 75 TO SERVER 5
2026-05-29T19:32:59.762727489Z LEADER SENDS REQUEST 77 TO SERVER 5
2026-05-29T19:32:59.766223778Z LEADER SENDS REQUEST 70 TO SERVER 5
2026-05-29T19:32:59.769094419Z LEADER SENDS REQUEST 76 TO SERVER 5
2026-05-29T19:32:59.77173084Z LEADER SENDS REQUEST 71 TO SERVER 5
2026-05-29T19:32:59.775256376Z LEADER SENDS REQUEST 74 TO SERVER 5
2026-05-29T19:32:59.779239097Z LEADER SENDS REQUEST 72 TO SERVER 5
2026-05-29T19:32:59.782612572Z LEADER SENDS REQUEST 80 TO SERVER 2
2026-05-29T19:32:59.786541104Z LEADER SENDS REQUEST 80 TO SERVER 4
2026-05-29T19:32:59.78989183Z LEADER RECEIVES ACK FROM SERVER 1 FOR REQUEST 80
2026-05-29T19:32:59.793806644Z LEADER SENDS REQUEST 78 TO SERVER 5
2026-05-29T19:32:59.79858077Z LEADER SENDS REQUEST 73 TO SERVER 5
2026-05-29T19:32:59.802293644Z LEADER SENDS REQUEST 75 TO SERVER 5
2026-05-29T19:32:59.805910239Z LEADER SENDS REQUEST 79 TO SERVER 5
2026-05-29T19:32:59.808829327Z LEADER RECEIVES ACK FROM SERVER 4 FOR REQUEST 80
2026-05-29T19:32:59.811420951Z LEADER RECEIVES ACK FROM SERVER 2 FOR REQUEST 80
2026-05-29T19:32:59.814015498Z LEADER SENDS REQUEST 72 TO SERVER 5
2026-05-29T19:32:59.818774246Z LEADER SENDS REQUEST 77 TO SERVER 5
2026-05-29T19:32:59.823190448Z LEADER SENDS REQUEST 80 TO SERVER 5
2026-05-29T19:32:59.827790226Z LEADER SENDS REQUEST 76 TO SERVER 5
2026-05-29T19:32:59.830654511Z LEADER SENDS REQUEST 70 TO SERVER 5
2026-05-29T19:32:59.833393006Z LEADER SENDS REQUEST 71 TO SERVER 5
2026-05-29T19:32:59.836279301Z LEADER SENDS REQUEST 74 TO SERVER 5
2026-05-29T19:32:59.839308799Z LEADER SENDS REQUEST 75 TO SERVER 5
2026-05-29T19:32:59.842512514Z LEADER SENDS REQUEST 73 TO SERVER 5
2026-05-29T19:32:59.845199295Z LEADER SENDS REQUEST 78 TO SERVER 5
2026-05-29T19:32:59.848678051Z LEADER SENDS REQUEST 79 TO SERVER 5
2026-05-29T19:32:59.853136821Z LEADER SERVER 3 RECEIVES REQUEST 81 FROM CLIENT
2026-05-29T19:32:59.865509312Z LEADER SERVER 3 ADDS REQUEST 81 TO LOG ENTRY 81
2026-05-29T19:32:59.86788876Z LEADER SENDS REQUEST 81 TO SERVER 5
2026-05-29T19:32:59.870907966Z LEADER SENDS REQUEST 81 TO SERVER 1
2026-05-29T19:32:59.87440425Z LEADER SENDS REQUEST 80 TO SERVER 5
2026-05-29T19:32:59.87733438Z LEADER SENDS REQUEST 81 TO SERVER 2
2026-05-29T19:32:59.880366451Z LEADER SENDS REQUEST 81 TO SERVER 4
2026-05-29T19:32:59.883139026Z LEADER SENDS REQUEST 72 TO SERVER 5
2026-05-29T19:32:59.886541021Z LEADER SENDS REQUEST 77 TO SERVER 5
2026-05-29T19:32:59.890338916Z LEADER SENDS REQUEST 76 TO SERVER 5
2026-05-29T19:32:59.893055598Z LEADER SENDS REQUEST 73 TO SERVER 5
2026-05-29T19:32:59.896493854Z LEADER SENDS REQUEST 74 TO SERVER 5
2026-05-29T19:32:59.899464601Z LEADER SENDS REQUEST 71 TO SERVER 5
2026-05-29T19:32:59.90568113Z LEADER SENDS REQUEST 75 TO SERVER 5
2026-05-29T19:32:59.908675187Z LEADER SENDS REQUEST 78 TO SERVER 5
2026-05-29T19:32:59.91230164Z LEADER RECEIVES ACK FROM SERVER 1 FOR REQUEST 81
2026-05-29T19:32:59.915123828Z LEADER RECEIVES ACK FROM SERVER 2 FOR REQUEST 81
2026-05-29T19:32:59.918291548Z LEADER RECEIVES ACK FROM SERVER 4 FOR REQUEST 81
2026-05-29T19:32:59.921086239Z LEADER SENDS REQUEST 79 TO SERVER 5
2026-05-29T19:32:59.924113006Z LEADER SENDS REQUEST 72 TO SERVER 5
2026-05-29T19:32:59.927297506Z LEADER SENDS REQUEST 81 TO SERVER 5
2026-05-29T19:32:59.930526429Z LEADER SENDS REQUEST 76 TO SERVER 5
2026-05-29T19:32:59.938168816Z LEADER SENDS REQUEST 80 TO SERVER 5
2026-05-29T19:32:59.941684402Z LEADER SENDS REQUEST 77 TO SERVER 5
2026-05-29T19:32:59.946196714Z LEADER SENDS REQUEST 73 TO SERVER 5
2026-05-29T19:32:59.949647493Z LEADER SERVER 3 RECEIVES REQUEST 82 FROM CLIENT
2026-05-29T19:32:59.961078647Z LEADER SERVER 3 ADDS REQUEST 82 TO LOG ENTRY 82
2026-05-29T19:32:59.964075073Z LEADER SENDS REQUEST 82 TO SERVER 5
2026-05-29T19:32:59.966801371Z LEADER SENDS REQUEST 82 TO SERVER 1
2026-05-29T19:32:59.969925943Z LEADER SENDS REQUEST 75 TO SERVER 5
2026-05-29T19:32:59.973517012Z LEADER SENDS REQUEST 74 TO SERVER 5
2026-05-29T19:32:59.976791317Z LEADER SENDS REQUEST 78 TO SERVER 5
2026-05-29T19:32:59.980931909Z LEADER SENDS REQUEST 72 TO SERVER 5
2026-05-29T19:32:59.984280292Z LEADER SENDS REQUEST 79 TO SERVER 5
2026-05-29T19:32:59.988504683Z LEADER SENDS REQUEST 81 TO SERVER 5
2026-05-29T19:32:59.992190217Z LEADER SENDS REQUEST 76 TO SERVER 5
2026-05-29T19:32:59.995519901Z LEADER SENDS REQUEST 77 TO SERVER 5
2026-05-29T19:32:59.998447832Z LEADER SENDS REQUEST 82 TO SERVER 2
2026-05-29T19:33:00.00155901Z LEADER SENDS REQUEST 82 TO SERVER 4
2026-05-29T19:33:00.004716887Z LEADER SENDS REQUEST 80 TO SERVER 5
2026-05-29T19:33:00.010646198Z LEADER RECEIVES ACK FROM SERVER 1 FOR REQUEST 82
2026-05-29T19:33:00.014810943Z LEADER SENDS REQUEST 73 TO SERVER 5
2026-05-29T19:33:00.019535758Z LEADER SENDS REQUEST 72 TO SERVER 5
2026-05-29T19:33:00.023638759Z LEADER SENDS REQUEST 81 TO SERVER 5
2026-05-29T19:33:00.027649406Z LEADER RECEIVES ACK FROM SERVER 2 FOR REQUEST 82
2026-05-29T19:33:00.031541102Z LEADER RECEIVES ACK FROM SERVER 4 FOR REQUEST 82
2026-05-29T19:33:00.035046287Z LEADER SENDS REQUEST 82 TO SERVER 5
2026-05-29T19:33:00.038122706Z LEADER SENDS REQUEST 78 TO SERVER 5
2026-05-29T19:33:00.041241329Z LEADER SENDS REQUEST 75 TO SERVER 5
2026-05-29T19:33:00.044543869Z LEADER SENDS REQUEST 74 TO SERVER 5
2026-05-29T19:33:00.047334926Z LEADER SENDS REQUEST 79 TO SERVER 5
2026-05-29T19:33:00.050768827Z LEADER SENDS REQUEST 76 TO SERVER 5
2026-05-29T19:33:00.053711071Z LEADER SENDS REQUEST 77 TO SERVER 5
2026-05-29T19:33:00.056356766Z LEADER SENDS REQUEST 80 TO SERVER 5
2026-05-29T19:33:00.059314491Z LEADER SENDS REQUEST 73 TO SERVER 5
2026-05-29T19:33:00.063612335Z LEADER SENDS REQUEST 81 TO SERVER 5
2026-05-29T19:33:00.069762492Z LEADER SERVER 3 RECEIVES REQUEST 83 FROM CLIENT
2026-05-29T19:33:00.080859974Z LEADER SERVER 3 ADDS REQUEST 83 TO LOG ENTRY 83
2026-05-29T19:33:00.084504911Z LEADER SENDS REQUEST 83 TO SERVER 2
2026-05-29T19:33:00.087353135Z LEADER SENDS REQUEST 83 TO SERVER 4
2026-05-29T19:33:00.090131349Z LEADER SENDS REQUEST 82 TO SERVER 5
2026-05-29T19:33:00.093274318Z LEADER SENDS REQUEST 78 TO SERVER 5
2026-05-29T19:33:00.096324129Z LEADER SENDS REQUEST 83 TO SERVER 5
2026-05-29T19:33:00.099143694Z LEADER SENDS REQUEST 83 TO SERVER 1
2026-05-29T19:33:00.102081544Z LEADER SENDS REQUEST 74 TO SERVER 5
2026-05-29T19:33:00.10545619Z LEADER SENDS REQUEST 75 TO SERVER 5
2026-05-29T19:33:00.108727921Z LEADER SENDS REQUEST 79 TO SERVER 5
2026-05-29T19:33:00.113006935Z LEADER SENDS REQUEST 77 TO SERVER 5
2026-05-29T19:33:00.116287487Z LEADER SENDS REQUEST 76 TO SERVER 5
2026-05-29T19:33:00.120027574Z LEADER SENDS REQUEST 80 TO SERVER 5
2026-05-29T19:33:00.122686984Z LEADER SENDS REQUEST 73 TO SERVER 5
2026-05-29T19:33:00.126012115Z LEADER RECEIVES ACK FROM SERVER 2 FOR REQUEST 83
2026-05-29T19:33:00.129058543Z LEADER RECEIVES ACK FROM SERVER 4 FOR REQUEST 83
2026-05-29T19:33:00.131703954Z LEADER RECEIVES ACK FROM SERVER 1 FOR REQUEST 83
2026-05-29T19:33:00.134568356Z LEADER SENDS REQUEST 81 TO SERVER 5
2026-05-29T19:33:00.137129436Z LEADER SENDS REQUEST 83 TO SERVER 5
2026-05-29T19:33:00.151597559Z LEADER SENDS REQUEST 78 TO SERVER 5
2026-05-29T19:33:00.154367847Z LEADER SERVER 3 RECEIVES REQUEST 84 FROM CLIENT
2026-05-29T19:33:00.164276196Z LEADER SERVER 3 ADDS REQUEST 84 TO LOG ENTRY 84
2026-05-29T19:33:00.167088219Z LEADER SENDS REQUEST 82 TO SERVER 5
2026-05-29T19:33:00.169722776Z LEADER SENDS REQUEST 79 TO SERVER 5
2026-05-29T19:33:00.172421074Z LEADER SENDS REQUEST 74 TO SERVER 5
2026-05-29T19:33:00.175257997Z LEADER SENDS REQUEST 75 TO SERVER 5
2026-05-29T19:33:00.177716803Z LEADER SENDS REQUEST 77 TO SERVER 5
2026-05-29T19:33:00.180153312Z LEADER SENDS REQUEST 76 TO SERVER 5
2026-05-29T19:33:00.183047008Z LEADER SENDS REQUEST 80 TO SERVER 5
2026-05-29T19:33:00.186401449Z LEADER SENDS REQUEST 81 TO SERVER 5
2026-05-29T19:33:00.189462318Z LEADER SENDS REQUEST 84 TO SERVER 2
2026-05-29T19:33:00.192241459Z LEADER SENDS REQUEST 84 TO SERVER 4
2026-05-29T19:33:00.194986107Z LEADER SENDS REQUEST 84 TO SERVER 5
2026-05-29T19:33:00.19883911Z LEADER SENDS REQUEST 84 TO SERVER 1
2026-05-29T19:33:00.202243346Z LEADER SENDS REQUEST 83 TO SERVER 5
2026-05-29T19:33:00.205112114Z LEADER SENDS REQUEST 78 TO SERVER 5
2026-05-29T19:33:00.209098512Z LEADER RECEIVES ACK FROM SERVER 2 FOR REQUEST 84
2026-05-29T19:33:00.212334928Z LEADER RECEIVES ACK FROM SERVER 4 FOR REQUEST 84
2026-05-29T19:33:00.218829328Z LEADER RECEIVES ACK FROM SERVER 1 FOR REQUEST 84
2026-05-29T19:33:00.230426729Z LEADER SENDS REQUEST 81 TO SERVER 5
2026-05-29T19:33:00.233416668Z LEADER SENDS REQUEST 77 TO SERVER 5
2026-05-29T19:33:00.236330809Z LEADER SENDS REQUEST 76 TO SERVER 5
2026-05-29T19:33:00.239547784Z LEADER SENDS REQUEST 80 TO SERVER 5
2026-05-29T19:33:00.242461454Z LEADER SENDS REQUEST 84 TO SERVER 5
2026-05-29T19:33:00.245820891Z LEADER SENDS REQUEST 79 TO SERVER 5
2026-05-29T19:33:00.248781769Z LEADER SENDS REQUEST 82 TO SERVER 5
2026-05-29T19:33:00.251411605Z LEADER SENDS REQUEST 74 TO SERVER 5
2026-05-29T19:33:00.254354022Z LEADER SENDS REQUEST 75 TO SERVER 5
2026-05-29T19:33:00.257666133Z LEADER SENDS REQUEST 83 TO SERVER 5
2026-05-29T19:33:00.260594201Z LEADER SENDS REQUEST 78 TO SERVER 5
2026-05-29T19:33:00.263098852Z LEADER SERVER 3 RECEIVES REQUEST 85 FROM CLIENT
2026-05-29T19:33:00.27335925Z LEADER SERVER 3 ADDS REQUEST 85 TO LOG ENTRY 85
2026-05-29T19:33:00.275976938Z LEADER SENDS REQUEST 85 TO SERVER 2
2026-05-29T19:33:00.279401441Z LEADER SENDS REQUEST 85 TO SERVER 4
2026-05-29T19:33:00.283168289Z LEADER SENDS REQUEST 81 TO SERVER 5
2026-05-29T19:33:00.286094674Z LEADER SENDS REQUEST 85 TO SERVER 5
2026-05-29T19:33:00.290847676Z LEADER SENDS REQUEST 85 TO SERVER 1
2026-05-29T19:33:00.294164119Z LEADER SENDS REQUEST 77 TO SERVER 5
2026-05-29T19:33:00.299771283Z LEADER SENDS REQUEST 75 TO SERVER 5
2026-05-29T19:33:00.303348619Z LEADER SENDS REQUEST 76 TO SERVER 5
2026-05-29T19:33:00.307501675Z LEADER SENDS REQUEST 80 TO SERVER 5
2026-05-29T19:33:00.310281493Z LEADER SENDS REQUEST 84 TO SERVER 5
2026-05-29T19:33:00.313082425Z LEADER SENDS REQUEST 79 TO SERVER 5
2026-05-29T19:33:00.315911907Z LEADER SENDS REQUEST 82 TO SERVER 5
2026-05-29T19:33:00.31870537Z LEADER RECEIVES ACK FROM SERVER 2 FOR REQUEST 85
2026-05-29T19:33:00.321827533Z LEADER RECEIVES ACK FROM SERVER 4 FOR REQUEST 85
2026-05-29T19:33:00.324986016Z LEADER SENDS REQUEST 78 TO SERVER 5
2026-05-29T19:33:00.328166085Z LEADER SENDS REQUEST 83 TO SERVER 5
2026-05-29T19:33:00.331050054Z LEADER RECEIVES ACK FROM SERVER 1 FOR REQUEST 85
2026-05-29T19:33:00.344226233Z LEADER SENDS REQUEST 81 TO SERVER 5
2026-05-29T19:33:00.347648988Z LEADER SENDS REQUEST 85 TO SERVER 5
2026-05-29T19:33:00.35075924Z LEADER SENDS REQUEST 77 TO SERVER 5
2026-05-29T19:33:00.353917024Z LEADER SENDS REQUEST 75 TO SERVER 5
2026-05-29T19:33:00.356876188Z LEADER SENDS REQUEST 76 TO SERVER 5
2026-05-29T19:33:00.36019944Z LEADER SENDS REQUEST 78 TO SERVER 5
2026-05-29T19:33:00.363378439Z LEADER SENDS REQUEST 80 TO SERVER 5
2026-05-29T19:33:00.367172206Z LEADER SENDS REQUEST 79 TO SERVER 5
2026-05-29T19:33:00.370884748Z LEADER SENDS REQUEST 84 TO SERVER 5
2026-05-29T19:33:00.373347386Z LEADER SENDS REQUEST 83 TO SERVER 5
2026-05-29T19:33:00.375861966Z LEADER SENDS REQUEST 81 TO SERVER 5
2026-05-29T19:33:00.378584033Z LEADER SENDS REQUEST 82 TO SERVER 5
2026-05-29T19:33:00.381736382Z LEADER SERVER 3 RECEIVES REQUEST 86 FROM CLIENT
2026-05-29T19:33:00.391037191Z LEADER SERVER 3 ADDS REQUEST 86 TO LOG ENTRY 86
2026-05-29T19:33:00.393474556Z LEADER SENDS REQUEST 85 TO SERVER 5
2026-05-29T19:33:00.395996211Z LEADER SENDS REQUEST 77 TO SERVER 5
2026-05-29T19:33:00.398784649Z LEADER SENDS REQUEST 86 TO SERVER 2
2026-05-29T19:33:00.401693258Z LEADER SENDS REQUEST 86 TO SERVER 5
2026-05-29T19:33:00.404518709Z LEADER SENDS REQUEST 86 TO SERVER 1
2026-05-29T19:33:00.408475225Z LEADER SENDS REQUEST 86 TO SERVER 4
2026-05-29T19:33:00.411513433Z LEADER SENDS REQUEST 76 TO SERVER 5
2026-05-29T19:33:00.418909853Z LEADER SENDS REQUEST 84 TO SERVER 5
2026-05-29T19:33:00.423274958Z LEADER SENDS REQUEST 78 TO SERVER 5
2026-05-29T19:33:00.426618481Z LEADER SENDS REQUEST 79 TO SERVER 5
2026-05-29T19:33:00.429133471Z LEADER SENDS REQUEST 80 TO SERVER 5
2026-05-29T19:33:00.432257446Z LEADER SENDS REQUEST 83 TO SERVER 5
2026-05-29T19:33:00.435352652Z LEADER RECEIVES ACK FROM SERVER 2 FOR REQUEST 86
2026-05-29T19:33:00.438115407Z LEADER SENDS REQUEST 82 TO SERVER 5
2026-05-29T19:33:00.44128365Z LEADER SENDS REQUEST 81 TO SERVER 5
2026-05-29T19:33:00.444494738Z LEADER RECEIVES ACK FROM SERVER 1 FOR REQUEST 86
2026-05-29T19:33:00.447745687Z LEADER RECEIVES ACK FROM SERVER 4 FOR REQUEST 86
2026-05-29T19:33:00.45144244Z LEADER SENDS REQUEST 85 TO SERVER 5
2026-05-29T19:33:00.454827516Z LEADER SENDS REQUEST 77 TO SERVER 5
2026-05-29T19:33:00.459834279Z LEADER SENDS REQUEST 86 TO SERVER 5
2026-05-29T19:33:00.473770738Z LEADER SENDS REQUEST 84 TO SERVER 5
2026-05-29T19:33:00.477687952Z LEADER SERVER 3 RECEIVES REQUEST 87 FROM CLIENT
2026-05-29T19:33:00.490772059Z LEADER SERVER 3 ADDS REQUEST 87 TO LOG ENTRY 87
2026-05-29T19:33:00.493694107Z LEADER SENDS REQUEST 87 TO SERVER 1
2026-05-29T19:33:00.49647012Z LEADER SENDS REQUEST 87 TO SERVER 2
2026-05-29T19:33:00.50003903Z LEADER SENDS REQUEST 78 TO SERVER 5
2026-05-29T19:33:00.503097027Z LEADER SENDS REQUEST 79 TO SERVER 5
2026-05-29T19:33:00.507135719Z LEADER SENDS REQUEST 83 TO SERVER 5
2026-05-29T19:33:00.510759155Z LEADER SENDS REQUEST 85 TO SERVER 5
2026-05-29T19:33:00.514989895Z LEADER RECEIVES ACK FROM SERVER 1 FOR REQUEST 87
2026-05-29T19:33:00.517664874Z LEADER SENDS REQUEST 77 TO SERVER 5
2026-05-29T19:33:00.52090439Z LEADER SENDS REQUEST 82 TO SERVER 5
2026-05-29T19:33:00.523860106Z LEADER SENDS REQUEST 81 TO SERVER 5
2026-05-29T19:33:00.526937449Z LEADER SENDS REQUEST 86 TO SERVER 5
2026-05-29T19:33:00.529934177Z LEADER SENDS REQUEST 80 TO SERVER 5
2026-05-29T19:33:00.533118768Z LEADER SENDS REQUEST 87 TO SERVER 4
2026-05-29T19:33:00.536730595Z LEADER SENDS REQUEST 87 TO SERVER 5
2026-05-29T19:33:00.53973295Z LEADER RECEIVES ACK FROM SERVER 2 FOR REQUEST 87
2026-05-29T19:33:00.542969117Z LEADER SENDS REQUEST 84 TO SERVER 5
2026-05-29T19:33:00.545752013Z LEADER SENDS REQUEST 78 TO SERVER 5
2026-05-29T19:33:00.553394247Z LEADER RECEIVES ACK FROM SERVER 4 FOR REQUEST 87
2026-05-29T19:33:00.565504654Z LEADER SENDS REQUEST 83 TO SERVER 5
2026-05-29T19:33:00.568955662Z LEADER SENDS REQUEST 85 TO SERVER 5
2026-05-29T19:33:00.571769153Z LEADER SENDS REQUEST 77 TO SERVER 5
2026-05-29T19:33:00.575090654Z LEADER SENDS REQUEST 79 TO SERVER 5
2026-05-29T19:33:00.579518624Z LEADER SENDS REQUEST 82 TO SERVER 5
2026-05-29T19:33:00.582673419Z LEADER SENDS REQUEST 81 TO SERVER 5
2026-05-29T19:33:00.585410905Z LEADER SENDS REQUEST 86 TO SERVER 5
2026-05-29T19:33:00.588606402Z LEADER SENDS REQUEST 87 TO SERVER 5
2026-05-29T19:33:00.591680745Z LEADER SENDS REQUEST 80 TO SERVER 5
2026-05-29T19:33:00.59543134Z LEADER SENDS REQUEST 84 TO SERVER 5
2026-05-29T19:33:00.598661259Z LEADER SENDS REQUEST 78 TO SERVER 5
2026-05-29T19:33:00.601804954Z LEADER SERVER 3 RECEIVES REQUEST 88 FROM CLIENT
2026-05-29T19:33:00.613252767Z LEADER SERVER 3 ADDS REQUEST 88 TO LOG ENTRY 88
2026-05-29T19:33:00.615855628Z LEADER SENDS REQUEST 88 TO SERVER 2
2026-05-29T19:33:00.619428095Z LEADER SENDS REQUEST 88 TO SERVER 4
2026-05-29T19:33:00.62238576Z LEADER SENDS REQUEST 79 TO SERVER 5
2026-05-29T19:33:00.626821361Z LEADER SENDS REQUEST 83 TO SERVER 5
2026-05-29T19:33:00.630195976Z LEADER SENDS REQUEST 81 TO SERVER 5
2026-05-29T19:33:00.635181926Z LEADER SENDS REQUEST 88 TO SERVER 5
2026-05-29T19:33:00.640366596Z LEADER SENDS REQUEST 88 TO SERVER 1
2026-05-29T19:33:00.645601273Z LEADER SENDS REQUEST 85 TO SERVER 5
2026-05-29T19:33:00.654174557Z LEADER SENDS REQUEST 82 TO SERVER 5
2026-05-29T19:33:00.661910814Z LEADER RECEIVES ACK FROM SERVER 1 FOR REQUEST 88
2026-05-29T19:33:00.674387891Z LEADER RECEIVES ACK FROM SERVER 2 FOR REQUEST 88
2026-05-29T19:33:00.681870104Z LEADER RECEIVES ACK FROM SERVER 4 FOR REQUEST 88
2026-05-29T19:33:00.685307555Z LEADER SENDS REQUEST 78 TO SERVER 5
2026-05-29T19:33:00.688841075Z LEADER SENDS REQUEST 86 TO SERVER 5
2026-05-29T19:33:00.691902673Z LEADER SENDS REQUEST 87 TO SERVER 5
2026-05-29T19:33:00.695019277Z LEADER SENDS REQUEST 80 TO SERVER 5
2026-05-29T19:33:00.69852035Z LEADER SENDS REQUEST 84 TO SERVER 5
2026-05-29T19:33:00.70186318Z LEADER SENDS REQUEST 83 TO SERVER 5
2026-05-29T19:33:00.707549425Z LEADER SENDS REQUEST 79 TO SERVER 5
2026-05-29T19:33:00.714542564Z LEADER SENDS REQUEST 88 TO SERVER 5
2026-05-29T19:33:00.720285551Z LEADER SENDS REQUEST 81 TO SERVER 5
2026-05-29T19:33:00.728215247Z LEADER SENDS REQUEST 85 TO SERVER 5
2026-05-29T19:33:00.732219781Z LEADER SENDS REQUEST 82 TO SERVER 5
2026-05-29T19:33:00.739993717Z LEADER SENDS REQUEST 80 TO SERVER 5
2026-05-29T19:33:00.743496278Z LEADER SENDS REQUEST 87 TO SERVER 5
2026-05-29T19:33:00.747322013Z LEADER SENDS REQUEST 86 TO SERVER 5
2026-05-29T19:33:00.750384865Z LEADER SENDS REQUEST 88 TO SERVER 5
2026-05-29T19:33:00.753612969Z LEADER SERVER 3 RECEIVES REQUEST 89 FROM CLIENT
2026-05-29T19:33:00.764700931Z LEADER SERVER 3 ADDS REQUEST 89 TO LOG ENTRY 89
2026-05-29T19:33:00.767736194Z LEADER SENDS REQUEST 84 TO SERVER 5
2026-05-29T19:33:00.770735746Z LEADER SENDS REQUEST 83 TO SERVER 5
2026-05-29T19:33:00.773560964Z LEADER SENDS REQUEST 81 TO SERVER 5
2026-05-29T19:33:00.776289716Z LEADER SENDS REQUEST 79 TO SERVER 5
2026-05-29T19:33:00.778936484Z LEADER SENDS REQUEST 85 TO SERVER 5
2026-05-29T19:33:00.781574314Z LEADER SENDS REQUEST 89 TO SERVER 2
2026-05-29T19:33:00.784080746Z LEADER SENDS REQUEST 89 TO SERVER 4
2026-05-29T19:33:00.786412877Z LEADER SENDS REQUEST 89 TO SERVER 5
2026-05-29T19:33:00.790332318Z LEADER SENDS REQUEST 89 TO SERVER 1
2026-05-29T19:33:00.793569299Z LEADER SENDS REQUEST 82 TO SERVER 5
2026-05-29T19:33:00.797008302Z LEADER SENDS REQUEST 80 TO SERVER 5
2026-05-29T19:33:00.80348532Z LEADER SENDS REQUEST 87 TO SERVER 5
2026-05-29T19:33:00.807977351Z LEADER SENDS REQUEST 86 TO SERVER 5
2026-05-29T19:33:00.811824305Z LEADER SENDS REQUEST 88 TO SERVER 5
2026-05-29T19:33:00.815086846Z LEADER RECEIVES ACK FROM SERVER 2 FOR REQUEST 89
2026-05-29T19:33:00.818300752Z LEADER RECEIVES ACK FROM SERVER 4 FOR REQUEST 89
2026-05-29T19:33:00.820898445Z LEADER RECEIVES ACK FROM SERVER 1 FOR REQUEST 89
2026-05-29T19:33:00.823376706Z LEADER SENDS REQUEST 83 TO SERVER 5
2026-05-29T19:33:00.825993003Z LEADER SENDS REQUEST 84 TO SERVER 5
2026-05-29T19:33:00.828877336Z LEADER SENDS REQUEST 81 TO SERVER 5
2026-05-29T19:33:00.831218512Z LEADER SENDS REQUEST 85 TO SERVER 5
2026-05-29T19:33:00.834505991Z LEADER SENDS REQUEST 79 TO SERVER 5
2026-05-29T19:33:00.837932933Z LEADER SENDS REQUEST 89 TO SERVER 5
2026-05-29T19:33:00.841511188Z LEADER SENDS REQUEST 82 TO SERVER 5
2026-05-29T19:33:00.844306778Z LEADER SENDS REQUEST 80 TO SERVER 5
2026-05-29T19:33:00.84740591Z LEADER SENDS REQUEST 86 TO SERVER 5
2026-05-29T19:33:00.850674731Z LEADER SENDS REQUEST 87 TO SERVER 5
2026-05-29T19:33:00.854121846Z LEADER SENDS REQUEST 88 TO SERVER 5
2026-05-29T19:33:00.860743929Z LEADER SERVER 3 RECEIVES REQUEST 90 FROM CLIENT
2026-05-29T19:33:00.871708941Z LEADER SERVER 3 ADDS REQUEST 90 TO LOG ENTRY 90
2026-05-29T19:33:00.874890827Z LEADER SENDS REQUEST 90 TO SERVER 2
2026-05-29T19:33:00.877718796Z LEADER SENDS REQUEST 90 TO SERVER 5
2026-05-29T19:33:00.881892582Z LEADER SENDS REQUEST 84 TO SERVER 5
2026-05-29T19:33:00.885809655Z LEADER SENDS REQUEST 81 TO SERVER 5
2026-05-29T19:33:00.889522743Z LEADER SENDS REQUEST 85 TO SERVER 5
2026-05-29T19:33:00.893203932Z LEADER SENDS REQUEST 79 TO SERVER 5
2026-05-29T19:33:00.896349849Z LEADER SENDS REQUEST 89 TO SERVER 5
2026-05-29T19:33:00.899875019Z LEADER SENDS REQUEST 82 TO SERVER 5
2026-05-29T19:33:00.902869721Z LEADER SENDS REQUEST 83 TO SERVER 5
2026-05-29T19:33:00.905831382Z LEADER SENDS REQUEST 90 TO SERVER 1
2026-05-29T19:33:00.908629803Z LEADER SENDS REQUEST 90 TO SERVER 4
2026-05-29T19:33:00.911226823Z LEADER SENDS REQUEST 86 TO SERVER 5
2026-05-29T19:33:00.914818628Z LEADER SENDS REQUEST 80 TO SERVER 5
2026-05-29T19:33:00.918510436Z LEADER SENDS REQUEST 87 TO SERVER 5
2026-05-29T19:33:00.922502754Z LEADER SENDS REQUEST 88 TO SERVER 5
2026-05-29T19:33:00.926569754Z LEADER RECEIVES ACK FROM SERVER 2 FOR REQUEST 90
2026-05-29T19:33:00.930604Z LEADER RECEIVES ACK FROM SERVER 1 FOR REQUEST 90
2026-05-29T19:33:00.935283066Z LEADER RECEIVES ACK FROM SERVER 4 FOR REQUEST 90
2026-05-29T19:33:00.943395873Z LEADER SENDS REQUEST 86 TO SERVER 5
2026-05-29T19:33:00.951448868Z LEADER SENDS REQUEST 81 TO SERVER 5
2026-05-29T19:33:00.954982433Z LEADER SENDS REQUEST 84 TO SERVER 5
2026-05-29T19:33:00.958834859Z LEADER SENDS REQUEST 90 TO SERVER 5
2026-05-29T19:33:00.962669623Z LEADER SENDS REQUEST 80 TO SERVER 5
2026-05-29T19:33:00.966467447Z LEADER SENDS REQUEST 85 TO SERVER 5
2026-05-29T19:33:00.970943707Z LEADER SENDS REQUEST 89 TO SERVER 5
2026-05-29T19:33:00.975162537Z LEADER SENDS REQUEST 82 TO SERVER 5
2026-05-29T19:33:00.978743439Z LEADER SENDS REQUEST 83 TO SERVER 5
2026-05-29T19:33:00.981681564Z LEADER SENDS REQUEST 87 TO SERVER 5
2026-05-29T19:33:00.985047023Z LEADER SENDS REQUEST 88 TO SERVER 5
2026-05-29T19:33:01.251681176Z LEADER RECEIVES ACK FROM SERVER 5 FOR REQUEST 86
