2026-05-29T19:32:29.48113748Z SERVER 1 VOTES VOTE FOR SERVER 2
2026-05-29T19:32:43.549603612Z FOLLOWER 1 RECEIVES REQUEST 1
2026-05-29T19:32:43.613443866Z FOLLOWER 1 RECEIVES REQUEST 2
2026-05-29T19:32:43.629526448Z FOLLOWER 1 RECEIVES REQUEST 2
2026-05-29T19:32:43.682759446Z FOLLOWER 1 RECEIVES REQUEST 3
2026-05-29T19:32:43.74781639Z FOLLOWER 1 RECEIVES REQUEST 4
2026-05-29T19:32:43.820599209Z FOLLOWER 1 RECEIVES REQUEST 5
2026-05-29T19:32:43.928328284Z FOLLOWER 1 RECEIVES REQUEST 6
2026-05-29T19:32:43.939772772Z FOLLOWER 1 RECEIVES REQUEST 6
2026-05-29T19:32:44.013999722Z FOLLOWER 1 RECEIVES REQUEST 7
2026-05-29T19:32:44.102854288Z FOLLOWER 1 RECEIVES REQUEST 8
2026-05-29T19:32:44.190756252Z FOLLOWER 1 RECEIVES REQUEST 9
2026-05-29T19:32:44.287480988Z FOLLOWER 1 RECEIVES REQUEST 10
2026-05-29T19:32:44.390314759Z FOLLOWER 1 RECEIVES REQUEST 11
2026-05-29T19:32:44.564216821Z FOLLOWER 1 RECEIVES REQUEST 12
2026-05-29T19:32:44.577940238Z FOLLOWER 1 RECEIVES REQUEST 12
2026-05-29T19:32:44.742737498Z FOLLOWER 1 RECEIVES REQUEST 13
2026-05-29T19:32:44.881751574Z FOLLOWER 1 RECEIVES REQUEST 14
2026-05-29T19:32:45.071422921Z FOLLOWER 1 RECEIVES REQUEST 15
2026-05-29T19:32:45.240397104Z FOLLOWER 1 RECEIVES REQUEST 16
2026-05-29T19:32:45.272083642Z FOLLOWER 1 RECEIVES REQUEST 16
2026-05-29T19:32:45.448626893Z FOLLOWER 1 RECEIVES REQUEST 17
2026-05-29T19:32:45.641255572Z FOLLOWER 1 RECEIVES REQUEST 18
2026-05-29T19:32:45.812213453Z FOLLOWER 1 RECEIVES REQUEST 19
2026-05-29T19:32:45.959842665Z FOLLOWER 1 RECEIVES REQUEST 20
2026-05-29T19:32:47.112305186Z CANDIDATE SERVER 1 SENDING A VOTING REQUEST
2026-05-29T19:32:47.148397557Z CANDIDATE SERVER 1 LOSES THE ELECTION FOR TERM 2
2026-05-29T19:32:47.151019261Z ELECTION TIE, TIMEOUT BEGINS
2026-05-29T19:32:48.169511002Z SERVER 1 VOTES VOTE FOR SERVER 3
2026-05-29T19:32:49.385210611Z CANDIDATE SERVER 1 SENDING A VOTING REQUEST
2026-05-29T19:32:49.407519518Z SERVER 1 DENIES VOTE FOR SERVER 3
2026-05-29T19:32:49.410057172Z CANDIDATE SERVER 1 LOSES THE ELECTION FOR TERM 4
2026-05-29T19:32:49.41223974Z ELECTION TIE, TIMEOUT BEGINS
2026-05-29T19:32:50.648663498Z CANDIDATE SERVER 1 SENDING A VOTING REQUEST
2026-05-29T19:32:50.673776832Z CANDIDATE SERVER 1 WINS THE ELECTION FOR TERM 5
2026-05-29T19:32:50.701458924Z LEADER SERVER 1 RECEIVES REQUEST 21 FROM CLIENT
2026-05-29T19:32:50.712581669Z LEADER SERVER 1 ADDS REQUEST 21 TO LOG ENTRY 21
2026-05-29T19:32:50.71625394Z LEADER SENDS REQUEST 21 TO SERVER 5
2026-05-29T19:32:50.719532124Z LEADER SENDS REQUEST 21 TO SERVER 2
2026-05-29T19:32:50.722533041Z LEADER SENDS REQUEST 21 TO SERVER 3
2026-05-29T19:32:50.72545279Z LEADER SENDS REQUEST 21 TO SERVER 4
2026-05-29T19:32:50.738516164Z LEADER RECEIVES ACK FROM SERVER 3 FOR REQUEST 21
2026-05-29T19:32:50.74766619Z LEADER SENDS REQUEST 21 TO SERVER 5
2026-05-29T19:32:50.753283013Z LEADER SENDS REQUEST 21 TO SERVER 2
2026-05-29T19:32:50.756933164Z LEADER SENDS REQUEST 21 TO SERVER 4
2026-05-29T19:32:50.785320158Z LEADER SENDS REQUEST 21 TO SERVER 2
2026-05-29T19:32:50.788438776Z LEADER SENDS REQUEST 21 TO SERVER 4
2026-05-29T19:32:50.792072435Z LEADER SENDS REQUEST 21 TO SERVER 5
2026-05-29T19:32:50.821003388Z LEADER SENDS REQUEST 21 TO SERVER 4
2026-05-29T19:32:50.82468329Z LEADER SENDS REQUEST 21 TO SERVER 2
2026-05-29T19:32:50.828250643Z LEADER SENDS REQUEST 21 TO SERVER 5
2026-05-29T19:32:50.853593441Z LEADER SENDS REQUEST 21 TO SERVER 4
2026-05-29T19:32:50.857604063Z LEADER SENDS REQUEST 21 TO SERVER 2
2026-05-29T19:32:50.863042305Z LEADER SENDS REQUEST 21 TO SERVER 5
2026-05-29T19:32:50.886882756Z LEADER SENDS REQUEST 21 TO SERVER 4
2026-05-29T19:32:50.890559912Z LEADER SENDS REQUEST 21 TO SERVER 2
2026-05-29T19:32:50.894125961Z LEADER SENDS REQUEST 21 TO SERVER 5
2026-05-29T19:32:50.92017424Z LEADER SENDS REQUEST 21 TO SERVER 4
2026-05-29T19:32:50.924160331Z LEADER SENDS REQUEST 21 TO SERVER 2
2026-05-29T19:32:50.927648326Z LEADER SENDS REQUEST 21 TO SERVER 5
2026-05-29T19:32:50.955537572Z LEADER SENDS REQUEST 21 TO SERVER 2
2026-05-29T19:32:50.959318651Z LEADER SENDS REQUEST 21 TO SERVER 5
2026-05-29T19:32:50.988306994Z LEADER SENDS REQUEST 21 TO SERVER 2
2026-05-29T19:32:50.992065693Z LEADER SENDS REQUEST 21 TO SERVER 5
2026-05-29T19:32:51.020684302Z LEADER SENDS REQUEST 21 TO SERVER 2
2026-05-29T19:32:51.023932652Z LEADER SENDS REQUEST 21 TO SERVER 5
2026-05-29T19:32:51.053700959Z LEADER SENDS REQUEST 21 TO SERVER 2
2026-05-29T19:32:51.056442917Z LEADER SENDS REQUEST 21 TO SERVER 5
2026-05-29T19:32:51.059179346Z LEADER RECEIVES ACK FROM SERVER 4 FOR REQUEST 21
2026-05-29T19:32:51.074570106Z LEADER SERVER 1 RECEIVES REQUEST 22 FROM CLIENT
2026-05-29T19:32:51.084872371Z LEADER SERVER 1 ADDS REQUEST 22 TO LOG ENTRY 22
2026-05-29T19:32:51.087862946Z LEADER SENDS REQUEST 22 TO SERVER 3
2026-05-29T19:32:51.091044767Z LEADER SENDS REQUEST 21 TO SERVER 2
2026-05-29T19:32:51.094117127Z LEADER SENDS REQUEST 22 TO SERVER 5
2026-05-29T19:32:51.097426871Z LEADER SENDS REQUEST 22 TO SERVER 4
2026-05-29T19:32:51.100782922Z LEADER SENDS REQUEST 22 TO SERVER 2
2026-05-29T19:32:51.1034798Z LEADER SENDS REQUEST 21 TO SERVER 5
2026-05-29T19:32:51.107147603Z LEADER RECEIVES ACK FROM SERVER 3 FOR REQUEST 22
2026-05-29T19:32:51.123603916Z LEADER SENDS REQUEST 21 TO SERVER 2
2026-05-29T19:32:51.135455186Z LEADER SENDS REQUEST 22 TO SERVER 2
2026-05-29T19:32:51.138840071Z LEADER SENDS REQUEST 22 TO SERVER 5
2026-05-29T19:32:51.142646917Z LEADER SENDS REQUEST 21 TO SERVER 5
2026-05-29T19:32:51.154928865Z LEADER SENDS REQUEST 21 TO SERVER 2
2026-05-29T19:32:51.171780938Z LEADER SENDS REQUEST 22 TO SERVER 2
2026-05-29T19:32:51.174758091Z LEADER SENDS REQUEST 22 TO SERVER 5
2026-05-29T19:32:51.177533202Z LEADER SENDS REQUEST 21 TO SERVER 5
2026-05-29T19:32:51.186629011Z LEADER SENDS REQUEST 21 TO SERVER 2
2026-05-29T19:32:51.190190151Z LEADER RECEIVES ACK FROM SERVER 4 FOR REQUEST 22
2026-05-29T19:32:51.202975428Z LEADER SENDS REQUEST 22 TO SERVER 2
2026-05-29T19:32:51.207200763Z LEADER SERVER 1 RECEIVES REQUEST 23 FROM CLIENT
2026-05-29T19:32:51.216824047Z LEADER SERVER 1 ADDS REQUEST 23 TO LOG ENTRY 23
2026-05-29T19:32:51.21986542Z LEADER SENDS REQUEST 23 TO SERVER 3
2026-05-29T19:32:51.222895322Z LEADER SENDS REQUEST 23 TO SERVER 4
2026-05-29T19:32:51.226271388Z LEADER SENDS REQUEST 22 TO SERVER 5
2026-05-29T19:32:51.229046457Z LEADER SENDS REQUEST 21 TO SERVER 5
2026-05-29T19:32:51.232553268Z LEADER SENDS REQUEST 21 TO SERVER 2
2026-05-29T19:32:51.236020597Z LEADER SENDS REQUEST 23 TO SERVER 5
2026-05-29T19:32:51.239070795Z LEADER SENDS REQUEST 23 TO SERVER 2
2026-05-29T19:32:51.241822851Z LEADER RECEIVES ACK FROM SERVER 3 FOR REQUEST 23
2026-05-29T19:32:51.244871698Z LEADER RECEIVES ACK FROM SERVER 4 FOR REQUEST 23
2026-05-29T19:32:51.258166596Z LEADER SERVER 1 RECEIVES REQUEST 24 FROM CLIENT
2026-05-29T19:32:51.268806219Z LEADER SERVER 1 ADDS REQUEST 24 TO LOG ENTRY 24
2026-05-29T19:32:51.271868718Z LEADER SENDS REQUEST 24 TO SERVER 2
2026-05-29T19:32:51.275374697Z LEADER SENDS REQUEST 24 TO SERVER 3
2026-05-29T19:32:51.27924453Z LEADER SENDS REQUEST 21 TO SERVER 5
2026-05-29T19:32:51.282702604Z LEADER SENDS REQUEST 22 TO SERVER 5
2026-05-29T19:32:51.285623789Z LEADER SENDS REQUEST 21 TO SERVER 2
2026-05-29T19:32:51.288038861Z LEADER SENDS REQUEST 22 TO SERVER 2
2026-05-29T19:32:51.290695172Z LEADER SENDS REQUEST 24 TO SERVER 4
2026-05-29T19:32:51.293439308Z LEADER SENDS REQUEST 24 TO SERVER 5
2026-05-29T19:32:51.296681239Z LEADER SENDS REQUEST 23 TO SERVER 5
2026-05-29T19:32:51.299639797Z LEADER SENDS REQUEST 23 TO SERVER 2
2026-05-29T19:32:51.302729896Z LEADER RECEIVES ACK FROM SERVER 3 FOR REQUEST 24
2026-05-29T19:32:51.307485616Z LEADER RECEIVES ACK FROM SERVER 4 FOR REQUEST 24
2026-05-29T19:32:51.316917476Z LEADER SENDS REQUEST 21 TO SERVER 2
2026-05-29T19:32:51.32212752Z LEADER SERVER 1 RECEIVES REQUEST 25 FROM CLIENT
2026-05-29T19:32:51.332819431Z LEADER SERVER 1 ADDS REQUEST 25 TO LOG ENTRY 25
2026-05-29T19:32:51.335829508Z LEADER SENDS REQUEST 25 TO SERVER 5
2026-05-29T19:32:51.338543371Z LEADER SENDS REQUEST 25 TO SERVER 2
2026-05-29T19:32:51.34176873Z LEADER SENDS REQUEST 24 TO SERVER 5
2026-05-29T19:32:51.344998112Z LEADER SENDS REQUEST 22 TO SERVER 5
2026-05-29T19:32:51.34818928Z LEADER SENDS REQUEST 24 TO SERVER 2
2026-05-29T19:32:51.352364101Z LEADER SENDS REQUEST 21 TO SERVER 5
2026-05-29T19:32:51.35625849Z LEADER SENDS REQUEST 22 TO SERVER 2
2026-05-29T19:32:51.359505919Z LEADER SENDS REQUEST 23 TO SERVER 5
2026-05-29T19:32:51.362839561Z LEADER SENDS REQUEST 23 TO SERVER 2
2026-05-29T19:32:51.365547352Z LEADER SENDS REQUEST 25 TO SERVER 3
2026-05-29T19:32:51.368924376Z LEADER SENDS REQUEST 25 TO SERVER 4
2026-05-29T19:32:51.372444387Z LEADER SENDS REQUEST 25 TO SERVER 2
2026-05-29T19:32:51.380516462Z LEADER RECEIVES ACK FROM SERVER 3 FOR REQUEST 25
2026-05-29T19:32:51.384159783Z LEADER RECEIVES ACK FROM SERVER 4 FOR REQUEST 25
2026-05-29T19:32:51.391326281Z LEADER SENDS REQUEST 21 TO SERVER 2
2026-05-29T19:32:51.394088094Z LEADER SENDS REQUEST 23 TO SERVER 2
2026-05-29T19:32:51.39653601Z LEADER SERVER 1 RECEIVES REQUEST 26 FROM CLIENT
2026-05-29T19:32:51.407244206Z LEADER SERVER 1 ADDS REQUEST 26 TO LOG ENTRY 26
2026-05-29T19:32:51.410378968Z LEADER SENDS REQUEST 26 TO SERVER 2
2026-05-29T19:32:51.413662729Z LEADER SENDS REQUEST 26 TO SERVER 3
2026-05-29T19:32:51.418870232Z LEADER SENDS REQUEST 25 TO SERVER 5
2026-05-29T19:32:51.422509525Z LEADER SENDS REQUEST 24 TO SERVER 5
2026-05-29T19:32:51.426187624Z LEADER SENDS REQUEST 22 TO SERVER 5
2026-05-29T19:32:51.429348845Z LEADER SENDS REQUEST 23 TO SERVER 5
2026-05-29T19:32:51.432532596Z LEADER SENDS REQUEST 24 TO SERVER 2
2026-05-29T19:32:51.43550124Z LEADER SENDS REQUEST 21 TO SERVER 5
2026-05-29T19:32:51.438707803Z LEADER SENDS REQUEST 22 TO SERVER 2
2026-05-29T19:32:51.441480597Z LEADER SENDS REQUEST 25 TO SERVER 2
2026-05-29T19:32:51.444626124Z LEADER SENDS REQUEST 26 TO SERVER 4
2026-05-29T19:32:51.447524749Z LEADER SENDS REQUEST 26 TO SERVER 5
2026-05-29T19:32:51.450778944Z LEADER RECEIVES ACK FROM SERVER 3 FOR REQUEST 26
2026-05-29T19:32:51.463693396Z LEADER RECEIVES ACK FROM SERVER 4 FOR REQUEST 26
2026-05-29T19:32:51.46754146Z LEADER SENDS REQUEST 21 TO SERVER 5
2026-05-29T19:32:51.470315445Z LEADER SENDS REQUEST 23 TO SERVER 2
2026-05-29T19:32:51.473462178Z LEADER SENDS REQUEST 21 TO SERVER 2
2026-05-29T19:32:51.476475631Z LEADER SENDS REQUEST 22 TO SERVER 5
2026-05-29T19:32:51.478972939Z LEADER SENDS REQUEST 25 TO SERVER 5
2026-05-29T19:32:51.482031447Z LEADER SENDS REQUEST 26 TO SERVER 2
2026-05-29T19:32:51.484967192Z LEADER SENDS REQUEST 24 TO SERVER 5
2026-05-29T19:32:51.488557246Z LEADER SENDS REQUEST 23 TO SERVER 5
2026-05-29T19:32:51.491843373Z LEADER SENDS REQUEST 24 TO SERVER 2
2026-05-29T19:32:51.495513598Z LEADER SERVER 1 RECEIVES REQUEST 27 FROM CLIENT
2026-05-29T19:32:51.509671367Z LEADER SERVER 1 ADDS REQUEST 27 TO LOG ENTRY 27
2026-05-29T19:32:51.512576528Z LEADER SENDS REQUEST 22 TO SERVER 2
2026-05-29T19:32:51.515384869Z LEADER SENDS REQUEST 25 TO SERVER 2
2026-05-29T19:32:51.517768784Z LEADER SENDS REQUEST 26 TO SERVER 5
2026-05-29T19:32:51.520560811Z LEADER SENDS REQUEST 21 TO SERVER 5
2026-05-29T19:32:51.522974072Z LEADER SENDS REQUEST 25 TO SERVER 5
2026-05-29T19:32:51.525432765Z LEADER SENDS REQUEST 27 TO SERVER 5
2026-05-29T19:32:51.528262651Z LEADER SENDS REQUEST 27 TO SERVER 2
2026-05-29T19:32:51.531079213Z LEADER SENDS REQUEST 27 TO SERVER 3
2026-05-29T19:32:51.535256995Z LEADER SENDS REQUEST 27 TO SERVER 4
2026-05-29T19:32:51.53872529Z LEADER SENDS REQUEST 23 TO SERVER 2
2026-05-29T19:32:51.543703083Z LEADER SENDS REQUEST 26 TO SERVER 2
2026-05-29T19:32:51.547020246Z LEADER SENDS REQUEST 22 TO SERVER 5
2026-05-29T19:32:51.550025433Z LEADER SENDS REQUEST 23 TO SERVER 5
2026-05-29T19:32:51.553022152Z LEADER SENDS REQUEST 24 TO SERVER 2
2026-05-29T19:32:51.556423396Z LEADER SENDS REQUEST 24 TO SERVER 5
2026-05-29T19:32:51.55957048Z LEADER RECEIVES ACK FROM SERVER 3 FOR REQUEST 27
2026-05-29T19:32:51.561835775Z LEADER RECEIVES ACK FROM SERVER 4 FOR REQUEST 27
2026-05-29T19:32:51.572107476Z LEADER SENDS REQUEST 27 TO SERVER 2
2026-05-29T19:32:51.575348865Z LEADER SENDS REQUEST 26 TO SERVER 2
2026-05-29T19:32:51.579520864Z LEADER SENDS REQUEST 27 TO SERVER 5
2026-05-29T19:32:51.582453297Z LEADER SENDS REQUEST 26 TO SERVER 5
2026-05-29T19:32:51.585070495Z LEADER SENDS REQUEST 22 TO SERVER 2
2026-05-29T19:32:51.587754529Z LEADER SENDS REQUEST 25 TO SERVER 2
2026-05-29T19:32:51.590651371Z LEADER SENDS REQUEST 25 TO SERVER 5
2026-05-29T19:32:51.593164619Z LEADER SERVER 1 RECEIVES REQUEST 28 FROM CLIENT
2026-05-29T19:32:51.60275806Z LEADER SERVER 1 ADDS REQUEST 28 TO LOG ENTRY 28
2026-05-29T19:32:51.606011993Z LEADER SENDS REQUEST 24 TO SERVER 2
2026-05-29T19:32:51.609106057Z LEADER SENDS REQUEST 22 TO SERVER 5
2026-05-29T19:32:51.612560892Z LEADER SENDS REQUEST 23 TO SERVER 2
2026-05-29T19:32:51.615702139Z LEADER SENDS REQUEST 23 TO SERVER 5
2026-05-29T19:32:51.618735281Z LEADER SENDS REQUEST 24 TO SERVER 5
2026-05-29T19:32:51.622035445Z LEADER SENDS REQUEST 28 TO SERVER 3
2026-05-29T19:32:51.625048347Z LEADER SENDS REQUEST 28 TO SERVER 4
2026-05-29T19:32:51.628238031Z LEADER SENDS REQUEST 28 TO SERVER 5
2026-05-29T19:32:51.631474035Z LEADER SENDS REQUEST 28 TO SERVER 2
2026-05-29T19:32:51.635451842Z LEADER SENDS REQUEST 27 TO SERVER 2
2026-05-29T19:32:51.638834321Z LEADER SENDS REQUEST 26 TO SERVER 2
2026-05-29T19:32:51.642701037Z LEADER SENDS REQUEST 27 TO SERVER 5
2026-05-29T19:32:51.645419494Z LEADER SENDS REQUEST 26 TO SERVER 5
2026-05-29T19:32:51.64883241Z LEADER SENDS REQUEST 22 TO SERVER 2
2026-05-29T19:32:51.651524861Z LEADER RECEIVES ACK FROM SERVER 3 FOR REQUEST 28
2026-05-29T19:32:51.654510659Z LEADER RECEIVES ACK FROM SERVER 4 FOR REQUEST 28
2026-05-29T19:32:51.657789474Z LEADER SENDS REQUEST 25 TO SERVER 2
2026-05-29T19:32:51.660528268Z LEADER SENDS REQUEST 25 TO SERVER 5
2026-05-29T19:32:51.664159256Z LEADER SENDS REQUEST 24 TO SERVER 2
2026-05-29T19:32:51.667248956Z LEADER SENDS REQUEST 22 TO SERVER 5
2026-05-29T19:32:51.670792074Z LEADER SENDS REQUEST 23 TO SERVER 5
2026-05-29T19:32:51.673174728Z LEADER SENDS REQUEST 23 TO SERVER 2
2026-05-29T19:32:51.675653003Z LEADER SENDS REQUEST 24 TO SERVER 5
2026-05-29T19:32:51.678074209Z LEADER SENDS REQUEST 28 TO SERVER 2
2026-05-29T19:32:51.680682891Z LEADER SENDS REQUEST 28 TO SERVER 5
2026-05-29T19:32:51.683220383Z LEADER SENDS REQUEST 27 TO SERVER 2
2026-05-29T19:32:51.685638913Z LEADER SENDS REQUEST 26 TO SERVER 2
2026-05-29T19:32:51.689244531Z LEADER SERVER 1 RECEIVES REQUEST 29 FROM CLIENT
2026-05-29T19:32:51.70086099Z LEADER SERVER 1 ADDS REQUEST 29 TO LOG ENTRY 29
2026-05-29T19:32:51.703584597Z LEADER SENDS REQUEST 29 TO SERVER 5
2026-05-29T19:32:51.706076918Z LEADER SENDS REQUEST 22 TO SERVER 2
2026-05-29T19:32:51.70884981Z LEADER SENDS REQUEST 26 TO SERVER 5
2026-05-29T19:32:51.711096589Z LEADER SENDS REQUEST 27 TO SERVER 5
2026-05-29T19:32:51.7145017Z LEADER SENDS REQUEST 29 TO SERVER 2
2026-05-29T19:32:51.717369614Z LEADER SENDS REQUEST 29 TO SERVER 3
2026-05-29T19:32:51.720194682Z LEADER SENDS REQUEST 29 TO SERVER 4
2026-05-29T19:32:51.722733166Z LEADER SENDS REQUEST 25 TO SERVER 2
2026-05-29T19:32:51.725782003Z LEADER SENDS REQUEST 25 TO SERVER 5
2026-05-29T19:32:51.729051852Z LEADER SENDS REQUEST 23 TO SERVER 5
2026-05-29T19:32:51.73173217Z LEADER SENDS REQUEST 22 TO SERVER 5
2026-05-29T19:32:51.734501685Z LEADER SENDS REQUEST 24 TO SERVER 2
2026-05-29T19:32:51.736884142Z LEADER SENDS REQUEST 23 TO SERVER 2
2026-05-29T19:32:51.739915448Z LEADER SENDS REQUEST 28 TO SERVER 5
2026-05-29T19:32:51.742532566Z LEADER SENDS REQUEST 28 TO SERVER 2
2026-05-29T19:32:51.745135012Z LEADER SENDS REQUEST 24 TO SERVER 5
2026-05-29T19:32:51.747669723Z LEADER SENDS REQUEST 27 TO SERVER 2
2026-05-29T19:32:51.750059885Z LEADER RECEIVES ACK FROM SERVER 3 FOR REQUEST 29
2026-05-29T19:32:51.75252331Z LEADER RECEIVES ACK FROM SERVER 4 FOR REQUEST 29
2026-05-29T19:32:51.755137909Z LEADER SENDS REQUEST 26 TO SERVER 2
2026-05-29T19:32:51.762249949Z LEADER SENDS REQUEST 29 TO SERVER 5
2026-05-29T19:32:51.765706949Z LEADER SENDS REQUEST 22 TO SERVER 2
2026-05-29T19:32:51.772683457Z LEADER SERVER 1 RECEIVES REQUEST 30 FROM CLIENT
2026-05-29T19:32:51.783786557Z LEADER SERVER 1 ADDS REQUEST 30 TO LOG ENTRY 30
2026-05-29T19:32:51.787334355Z LEADER SENDS REQUEST 30 TO SERVER 5
2026-05-29T19:32:51.790082123Z LEADER SENDS REQUEST 26 TO SERVER 5
2026-05-29T19:32:51.79290373Z LEADER SENDS REQUEST 25 TO SERVER 5
2026-05-29T19:32:51.796531568Z LEADER SENDS REQUEST 29 TO SERVER 2
2026-05-29T19:32:51.799657347Z LEADER SENDS REQUEST 25 TO SERVER 2
2026-05-29T19:32:51.802859668Z LEADER SENDS REQUEST 27 TO SERVER 5
2026-05-29T19:32:51.806287124Z LEADER SENDS REQUEST 23 TO SERVER 5
2026-05-29T19:32:51.809299229Z LEADER SENDS REQUEST 22 TO SERVER 5
2026-05-29T19:32:51.812126327Z LEADER SENDS REQUEST 28 TO SERVER 2
2026-05-29T19:32:51.814907399Z LEADER SENDS REQUEST 24 TO SERVER 5
2026-05-29T19:32:51.817634404Z LEADER SENDS REQUEST 28 TO SERVER 5
2026-05-29T19:32:51.820236156Z LEADER SENDS REQUEST 27 TO SERVER 2
2026-05-29T19:32:51.822871403Z LEADER SENDS REQUEST 23 TO SERVER 2
2026-05-29T19:32:51.825713481Z LEADER SENDS REQUEST 24 TO SERVER 2
2026-05-29T19:32:51.8284472Z LEADER SENDS REQUEST 30 TO SERVER 3
2026-05-29T19:32:51.830755793Z LEADER SENDS REQUEST 30 TO SERVER 2
2026-05-29T19:32:51.833362921Z LEADER SENDS REQUEST 30 TO SERVER 4
2026-05-29T19:32:51.836666775Z LEADER SENDS REQUEST 26 TO SERVER 2
2026-05-29T19:32:51.839794147Z LEADER SENDS REQUEST 29 TO SERVER 5
2026-05-29T19:32:51.842685889Z LEADER SENDS REQUEST 22 TO SERVER 2
2026-05-29T19:32:51.845802943Z LEADER RECEIVES ACK FROM SERVER 3 FOR REQUEST 30
2026-05-29T19:32:51.85168221Z LEADER RECEIVES ACK FROM SERVER 4 FOR REQUEST 30
2026-05-29T19:32:51.866438579Z LEADER SERVER 1 RECEIVES REQUEST 31 FROM CLIENT
2026-05-29T19:32:51.876319472Z LEADER SERVER 1 ADDS REQUEST 31 TO LOG ENTRY 31
2026-05-29T19:32:51.87950535Z LEADER SENDS REQUEST 31 TO SERVER 2
2026-05-29T19:32:51.883221303Z LEADER SENDS REQUEST 31 TO SERVER 3
2026-05-29T19:32:51.887059315Z LEADER SENDS REQUEST 26 TO SERVER 2
2026-05-29T19:32:51.889795462Z LEADER SENDS REQUEST 30 TO SERVER 2
2026-05-29T19:32:51.893074051Z LEADER SENDS REQUEST 26 TO SERVER 5
2026-05-29T19:32:51.896108314Z LEADER SENDS REQUEST 25 TO SERVER 5
2026-05-29T19:32:51.898865957Z LEADER SENDS REQUEST 29 TO SERVER 2
2026-05-29T19:32:51.901956971Z LEADER SENDS REQUEST 25 TO SERVER 2
2026-05-29T19:32:51.904540056Z LEADER SENDS REQUEST 27 TO SERVER 5
2026-05-29T19:32:51.90808855Z LEADER SENDS REQUEST 23 TO SERVER 5
2026-05-29T19:32:51.910633123Z LEADER SENDS REQUEST 22 TO SERVER 5
2026-05-29T19:32:51.913519078Z LEADER SENDS REQUEST 27 TO SERVER 2
2026-05-29T19:32:51.916369034Z LEADER SENDS REQUEST 28 TO SERVER 2
2026-05-29T19:32:51.919812324Z LEADER SENDS REQUEST 24 TO SERVER 5
2026-05-29T19:32:51.923322517Z LEADER SENDS REQUEST 28 TO SERVER 5
2026-05-29T19:32:51.926636876Z LEADER SENDS REQUEST 24 TO SERVER 2
2026-05-29T19:32:51.930136691Z LEADER SENDS REQUEST 23 TO SERVER 2
2026-05-29T19:32:51.933304324Z LEADER SENDS REQUEST 29 TO SERVER 5
2026-05-29T19:32:51.936107598Z LEADER SENDS REQUEST 22 TO SERVER 2
2026-05-29T19:32:51.938853791Z LEADER SENDS REQUEST 30 TO SERVER 5
2026-05-29T19:32:51.942003371Z LEADER SENDS REQUEST 31 TO SERVER 4
2026-05-29T19:32:51.944457971Z LEADER SENDS REQUEST 31 TO SERVER 5
2026-05-29T19:32:51.947326201Z LEADER RECEIVES ACK FROM SERVER 3 FOR REQUEST 31
2026-05-29T19:32:51.950100304Z LEADER SENDS REQUEST 31 TO SERVER 2
2026-05-29T19:32:51.953394964Z LEADER SENDS REQUEST 26 TO SERVER 5
2026-05-29T19:32:51.956773975Z LEADER SENDS REQUEST 27 TO SERVER 5
2026-05-29T19:32:51.960155822Z LEADER RECEIVES ACK FROM SERVER 4 FOR REQUEST 31
2026-05-29T19:32:51.973142121Z LEADER SENDS REQUEST 30 TO SERVER 2
2026-05-29T19:32:51.976028444Z LEADER SENDS REQUEST 26 TO SERVER 2
2026-05-29T19:32:51.978356431Z LEADER SENDS REQUEST 23 TO SERVER 5
2026-05-29T19:32:51.980944747Z LEADER SERVER 1 RECEIVES REQUEST 32 FROM CLIENT
2026-05-29T19:32:51.990165282Z LEADER SERVER 1 ADDS REQUEST 32 TO LOG ENTRY 32
2026-05-29T19:32:51.993126462Z LEADER SENDS REQUEST 32 TO SERVER 3
2026-05-29T19:32:51.996289501Z LEADER SENDS REQUEST 32 TO SERVER 4
2026-05-29T19:32:51.999208458Z LEADER SENDS REQUEST 25 TO SERVER 5
2026-05-29T19:32:52.003101219Z LEADER SENDS REQUEST 29 TO SERVER 2
2026-05-29T19:32:52.007137554Z LEADER SENDS REQUEST 31 TO SERVER 5
2026-05-29T19:32:52.011645784Z LEADER SENDS REQUEST 28 TO SERVER 2
2026-05-29T19:32:52.014857839Z LEADER SENDS REQUEST 22 TO SERVER 5
2026-05-29T19:32:52.017655173Z LEADER SENDS REQUEST 27 TO SERVER 2
2026-05-29T19:32:52.020407387Z LEADER SENDS REQUEST 28 TO SERVER 5
2026-05-29T19:32:52.023624451Z LEADER SENDS REQUEST 24 TO SERVER 5
2026-05-29T19:32:52.026618684Z LEADER SENDS REQUEST 31 TO SERVER 2
2026-05-29T19:32:52.029067452Z LEADER SENDS REQUEST 24 TO SERVER 2
2026-05-29T19:32:52.032149398Z LEADER SENDS REQUEST 23 TO SERVER 2
2026-05-29T19:32:52.034983787Z LEADER SENDS REQUEST 29 TO SERVER 5
2026-05-29T19:32:52.038254194Z LEADER SENDS REQUEST 22 TO SERVER 2
2026-05-29T19:32:52.041403905Z LEADER SENDS REQUEST 30 TO SERVER 5
2026-05-29T19:32:52.045023129Z LEADER SENDS REQUEST 27 TO SERVER 5
2026-05-29T19:32:52.04788509Z LEADER SENDS REQUEST 26 TO SERVER 5
2026-05-29T19:32:52.05115864Z LEADER SENDS REQUEST 25 TO SERVER 2
2026-05-29T19:32:52.054166699Z LEADER SENDS REQUEST 24 TO SERVER 5
2026-05-29T19:32:52.056968743Z LEADER SENDS REQUEST 32 TO SERVER 2
2026-05-29T19:32:52.059739658Z LEADER RECEIVES ACK FROM SERVER 3 FOR REQUEST 32
2026-05-29T19:32:52.062568754Z LEADER RECEIVES ACK FROM SERVER 4 FOR REQUEST 32
2026-05-29T19:32:52.065552146Z LEADER SENDS REQUEST 31 TO SERVER 5
2026-05-29T19:32:52.068377305Z LEADER SENDS REQUEST 26 TO SERVER 2
2026-05-29T19:32:52.070888575Z LEADER SENDS REQUEST 30 TO SERVER 2
2026-05-29T19:32:52.073599517Z LEADER SENDS REQUEST 28 TO SERVER 5
2026-05-29T19:32:52.076216628Z LEADER SENDS REQUEST 23 TO SERVER 5
2026-05-29T19:32:52.078944002Z LEADER SENDS REQUEST 32 TO SERVER 5
2026-05-29T19:32:52.08183385Z LEADER SENDS REQUEST 24 TO SERVER 2
2026-05-29T19:32:52.084781985Z LEADER SENDS REQUEST 25 TO SERVER 5
2026-05-29T19:32:52.088087075Z LEADER SENDS REQUEST 22 TO SERVER 2
2026-05-29T19:32:52.091132429Z LEADER SENDS REQUEST 26 TO SERVER 5
2026-05-29T19:32:52.094100665Z LEADER SENDS REQUEST 29 TO SERVER 2
2026-05-29T19:32:52.096752528Z LEADER SENDS REQUEST 23 TO SERVER 2
2026-05-29T19:32:52.099383541Z LEADER SENDS REQUEST 28 TO SERVER 2
2026-05-29T19:32:52.102187737Z LEADER SENDS REQUEST 22 TO SERVER 5
2026-05-29T19:32:52.104551353Z LEADER SENDS REQUEST 27 TO SERVER 2
2026-05-29T19:32:52.107034547Z LEADER SENDS REQUEST 31 TO SERVER 2
2026-05-29T19:32:52.109423334Z LEADER SENDS REQUEST 29 TO SERVER 5
2026-05-29T19:32:52.112059405Z LEADER SENDS REQUEST 31 TO SERVER 5
2026-05-29T19:32:52.115439916Z LEADER SERVER 1 RECEIVES REQUEST 33 FROM CLIENT
2026-05-29T19:32:52.12634167Z LEADER SERVER 1 ADDS REQUEST 33 TO LOG ENTRY 33
2026-05-29T19:32:52.129463255Z LEADER SENDS REQUEST 27 TO SERVER 5
2026-05-29T19:32:52.131911551Z LEADER SENDS REQUEST 30 TO SERVER 5
2026-05-29T19:32:52.134453051Z LEADER SENDS REQUEST 24 TO SERVER 5
2026-05-29T19:32:52.137761902Z LEADER SENDS REQUEST 25 TO SERVER 2
2026-05-29T19:32:52.140495424Z LEADER SENDS REQUEST 32 TO SERVER 2
2026-05-29T19:32:52.14316525Z LEADER SENDS REQUEST 30 TO SERVER 2
2026-05-29T19:32:52.145290408Z LEADER SENDS REQUEST 28 TO SERVER 5
2026-05-29T19:32:52.147665357Z LEADER SENDS REQUEST 23 TO SERVER 5
2026-05-29T19:32:52.150493006Z LEADER SENDS REQUEST 26 TO SERVER 2
2026-05-29T19:32:52.153363231Z LEADER SENDS REQUEST 32 TO SERVER 5
2026-05-29T19:32:52.15614419Z LEADER SENDS REQUEST 24 TO SERVER 2
2026-05-29T19:32:52.158801355Z LEADER SENDS REQUEST 33 TO SERVER 2
2026-05-29T19:32:52.161938614Z LEADER SENDS REQUEST 33 TO SERVER 3
2026-05-29T19:32:52.165107006Z LEADER SENDS REQUEST 33 TO SERVER 4
2026-05-29T19:32:52.168291354Z LEADER SENDS REQUEST 33 TO SERVER 5
2026-05-29T19:32:52.171273531Z LEADER SENDS REQUEST 25 TO SERVER 5
2026-05-29T19:32:52.174315272Z LEADER SENDS REQUEST 22 TO SERVER 2
2026-05-29T19:32:52.176740244Z LEADER SENDS REQUEST 26 TO SERVER 5
2026-05-29T19:32:52.179291478Z LEADER SENDS REQUEST 29 TO SERVER 2
2026-05-29T19:32:52.181839711Z LEADER SENDS REQUEST 23 TO SERVER 2
2026-05-29T19:32:52.184725298Z LEADER SENDS REQUEST 28 TO SERVER 2
2026-05-29T19:32:52.187397181Z LEADER SENDS REQUEST 22 TO SERVER 5
2026-05-29T19:32:52.189908584Z LEADER SENDS REQUEST 27 TO SERVER 2
2026-05-29T19:32:52.192236541Z LEADER SENDS REQUEST 31 TO SERVER 2
2026-05-29T19:32:52.195809957Z LEADER SENDS REQUEST 29 TO SERVER 5
2026-05-29T19:32:52.199276076Z LEADER SENDS REQUEST 31 TO SERVER 5
2026-05-29T19:32:52.202561559Z LEADER RECEIVES ACK FROM SERVER 3 FOR REQUEST 33
2026-05-29T19:32:52.205990322Z LEADER RECEIVES ACK FROM SERVER 4 FOR REQUEST 33
2026-05-29T19:32:52.209288952Z LEADER SENDS REQUEST 27 TO SERVER 5
2026-05-29T19:32:52.212415418Z LEADER SENDS REQUEST 30 TO SERVER 5
2026-05-29T19:32:52.215460959Z LEADER SENDS REQUEST 32 TO SERVER 2
2026-05-29T19:32:52.218194662Z LEADER SENDS REQUEST 30 TO SERVER 2
2026-05-29T19:32:52.22087899Z LEADER SENDS REQUEST 28 TO SERVER 5
2026-05-29T19:32:52.223786771Z LEADER SENDS REQUEST 23 TO SERVER 5
2026-05-29T19:32:52.226573867Z LEADER SENDS REQUEST 26 TO SERVER 2
2026-05-29T19:32:52.22922646Z LEADER SENDS REQUEST 25 TO SERVER 2
2026-05-29T19:32:52.232080708Z LEADER SENDS REQUEST 24 TO SERVER 5
2026-05-29T19:32:52.23488455Z LEADER SENDS REQUEST 24 TO SERVER 2
2026-05-29T19:32:52.23855002Z LEADER SENDS REQUEST 32 TO SERVER 5
2026-05-29T19:32:52.24158894Z LEADER SENDS REQUEST 33 TO SERVER 2
2026-05-29T19:32:52.244371015Z LEADER SENDS REQUEST 33 TO SERVER 5
2026-05-29T19:32:52.247562749Z LEADER SENDS REQUEST 25 TO SERVER 5
2026-05-29T19:32:52.250112406Z LEADER SENDS REQUEST 22 TO SERVER 2
2026-05-29T19:32:52.2530115Z LEADER SENDS REQUEST 26 TO SERVER 5
2026-05-29T19:32:52.2556572Z LEADER SENDS REQUEST 31 TO SERVER 2
2026-05-29T19:32:52.257982323Z LEADER SENDS REQUEST 29 TO SERVER 2
2026-05-29T19:32:52.260341398Z LEADER SENDS REQUEST 23 TO SERVER 2
2026-05-29T19:32:52.262922035Z LEADER SENDS REQUEST 28 TO SERVER 2
2026-05-29T19:32:52.265619994Z LEADER SENDS REQUEST 22 TO SERVER 5
2026-05-29T19:32:52.268252665Z LEADER SENDS REQUEST 27 TO SERVER 2
2026-05-29T19:32:52.271044198Z LEADER SENDS REQUEST 29 TO SERVER 5
2026-05-29T19:32:52.273896867Z LEADER SENDS REQUEST 31 TO SERVER 5
2026-05-29T19:32:52.277185606Z LEADER SENDS REQUEST 27 TO SERVER 5
2026-05-29T19:32:52.28054921Z LEADER SENDS REQUEST 30 TO SERVER 5
2026-05-29T19:32:52.283275385Z LEADER SENDS REQUEST 30 TO SERVER 2
2026-05-29T19:32:52.286014468Z LEADER SENDS REQUEST 32 TO SERVER 2
2026-05-29T19:32:52.289221871Z LEADER SENDS REQUEST 28 TO SERVER 5
2026-05-29T19:32:52.291513548Z LEADER SENDS REQUEST 23 TO SERVER 5
2026-05-29T19:32:52.293937107Z LEADER SENDS REQUEST 26 TO SERVER 2
2026-05-29T19:32:52.296590495Z LEADER SERVER 1 RECEIVES REQUEST 34 FROM CLIENT
2026-05-29T19:32:52.307344311Z LEADER SERVER 1 ADDS REQUEST 34 TO LOG ENTRY 34
2026-05-29T19:32:52.309914717Z LEADER SENDS REQUEST 24 TO SERVER 5
2026-05-29T19:32:52.312453724Z LEADER SENDS REQUEST 25 TO SERVER 2
2026-05-29T19:32:52.31571079Z LEADER SENDS REQUEST 32 TO SERVER 5
2026-05-29T19:32:52.319105336Z LEADER SENDS REQUEST 24 TO SERVER 2
2026-05-29T19:32:52.322429684Z LEADER SENDS REQUEST 33 TO SERVER 2
2026-05-29T19:32:52.325821622Z LEADER SENDS REQUEST 26 TO SERVER 5
2026-05-29T19:32:52.328903728Z LEADER SENDS REQUEST 22 TO SERVER 2
2026-05-29T19:32:52.331731434Z LEADER SENDS REQUEST 33 TO SERVER 5
2026-05-29T19:32:52.334247934Z LEADER SENDS REQUEST 25 TO SERVER 5
2026-05-29T19:32:52.337177895Z LEADER SENDS REQUEST 29 TO SERVER 2
2026-05-29T19:32:52.339813883Z LEADER SENDS REQUEST 28 TO SERVER 2
2026-05-29T19:32:52.342191006Z LEADER SENDS REQUEST 23 TO SERVER 2
2026-05-29T19:32:52.344789926Z LEADER SENDS REQUEST 31 TO SERVER 2
2026-05-29T19:32:52.347496648Z LEADER SENDS REQUEST 34 TO SERVER 5
2026-05-29T19:32:52.350164736Z LEADER SENDS REQUEST 34 TO SERVER 2
2026-05-29T19:32:52.352706795Z LEADER SENDS REQUEST 34 TO SERVER 3
2026-05-29T19:32:52.356039783Z LEADER SENDS REQUEST 34 TO SERVER 4
2026-05-29T19:32:52.359039819Z LEADER SENDS REQUEST 22 TO SERVER 5
2026-05-29T19:32:52.362362779Z LEADER SENDS REQUEST 27 TO SERVER 2
2026-05-29T19:32:52.365170527Z LEADER SENDS REQUEST 29 TO SERVER 5
2026-05-29T19:32:52.367880813Z LEADER SENDS REQUEST 31 TO SERVER 5
2026-05-29T19:32:52.371862384Z LEADER SENDS REQUEST 28 TO SERVER 5
2026-05-29T19:32:52.375081952Z LEADER SENDS REQUEST 30 TO SERVER 5
2026-05-29T19:32:52.378061471Z LEADER SENDS REQUEST 27 TO SERVER 5
2026-05-29T19:32:52.380525756Z LEADER SENDS REQUEST 32 TO SERVER 2
2026-05-29T19:32:52.383087112Z LEADER SENDS REQUEST 30 TO SERVER 2
2026-05-29T19:32:52.386295746Z LEADER SENDS REQUEST 23 TO SERVER 5
2026-05-29T19:32:52.388849052Z LEADER SENDS REQUEST 26 TO SERVER 2
2026-05-29T19:32:52.391542174Z LEADER RECEIVES ACK FROM SERVER 3 FOR REQUEST 34
2026-05-29T19:32:52.394082985Z LEADER RECEIVES ACK FROM SERVER 4 FOR REQUEST 34
2026-05-29T19:32:52.396859563Z LEADER SENDS REQUEST 24 TO SERVER 5
2026-05-29T19:32:52.39979907Z LEADER SENDS REQUEST 32 TO SERVER 5
2026-05-29T19:32:52.402277086Z LEADER SENDS REQUEST 25 TO SERVER 2
2026-05-29T19:32:52.404742554Z LEADER SENDS REQUEST 26 TO SERVER 5
2026-05-29T19:32:52.407491097Z LEADER SENDS REQUEST 24 TO SERVER 2
2026-05-29T19:32:52.410652142Z LEADER SENDS REQUEST 33 TO SERVER 2
2026-05-29T19:32:52.413562903Z LEADER SENDS REQUEST 25 TO SERVER 5
2026-05-29T19:32:52.416463364Z LEADER SENDS REQUEST 22 TO SERVER 2
2026-05-29T19:32:52.419104254Z LEADER SENDS REQUEST 33 TO SERVER 5
2026-05-29T19:32:52.421328967Z LEADER SENDS REQUEST 31 TO SERVER 2
2026-05-29T19:32:52.42337582Z LEADER SENDS REQUEST 29 TO SERVER 2
2026-05-29T19:32:52.425683046Z LEADER SENDS REQUEST 34 TO SERVER 5
2026-05-29T19:32:52.428282667Z LEADER SENDS REQUEST 28 TO SERVER 2
2026-05-29T19:32:52.431180108Z LEADER SENDS REQUEST 34 TO SERVER 2
2026-05-29T19:32:52.434281778Z LEADER SENDS REQUEST 23 TO SERVER 2
2026-05-29T19:32:52.437136553Z LEADER SENDS REQUEST 27 TO SERVER 2
2026-05-29T19:32:52.440607587Z LEADER SENDS REQUEST 22 TO SERVER 5
2026-05-29T19:32:52.443534658Z LEADER SENDS REQUEST 29 TO SERVER 5
2026-05-29T19:32:52.446113639Z LEADER SERVER 1 RECEIVES REQUEST 35 FROM CLIENT
2026-05-29T19:32:52.457680589Z LEADER SERVER 1 ADDS REQUEST 35 TO LOG ENTRY 35
2026-05-29T19:32:52.460296466Z LEADER SENDS REQUEST 28 TO SERVER 5
2026-05-29T19:32:52.463134116Z LEADER SENDS REQUEST 32 TO SERVER 2
2026-05-29T19:32:52.466266752Z LEADER SENDS REQUEST 31 TO SERVER 5
2026-05-29T19:32:52.469419536Z LEADER SENDS REQUEST 27 TO SERVER 5
2026-05-29T19:32:52.472256128Z LEADER SENDS REQUEST 30 TO SERVER 5
2026-05-29T19:32:52.475815862Z LEADER SENDS REQUEST 30 TO SERVER 2
2026-05-29T19:32:52.478969223Z LEADER SENDS REQUEST 23 TO SERVER 5
2026-05-29T19:32:52.481788564Z LEADER SENDS REQUEST 26 TO SERVER 2
2026-05-29T19:32:52.484682948Z LEADER SENDS REQUEST 25 TO SERVER 2
2026-05-29T19:32:52.487231126Z LEADER SENDS REQUEST 24 TO SERVER 5
2026-05-29T19:32:52.490127244Z LEADER SENDS REQUEST 26 TO SERVER 5
2026-05-29T19:32:52.492932203Z LEADER SENDS REQUEST 32 TO SERVER 5
2026-05-29T19:32:52.495423354Z LEADER SENDS REQUEST 35 TO SERVER 5
2026-05-29T19:32:52.498586599Z LEADER SENDS REQUEST 35 TO SERVER 2
2026-05-29T19:32:52.501828749Z LEADER SENDS REQUEST 35 TO SERVER 3
2026-05-29T19:32:52.504956875Z LEADER SENDS REQUEST 35 TO SERVER 4
2026-05-29T19:32:52.507171072Z LEADER SENDS REQUEST 24 TO SERVER 2
2026-05-29T19:32:52.51026508Z LEADER SENDS REQUEST 33 TO SERVER 2
2026-05-29T19:32:52.51338881Z LEADER SENDS REQUEST 25 TO SERVER 5
2026-05-29T19:32:52.517168647Z LEADER SENDS REQUEST 33 TO SERVER 5
2026-05-29T19:32:52.520681357Z LEADER SENDS REQUEST 31 TO SERVER 2
2026-05-29T19:32:52.524015464Z LEADER SENDS REQUEST 29 TO SERVER 2
2026-05-29T19:32:52.526838199Z LEADER SENDS REQUEST 34 TO SERVER 5
2026-05-29T19:32:52.529340878Z LEADER SENDS REQUEST 28 TO SERVER 2
2026-05-29T19:32:52.532095743Z LEADER SENDS REQUEST 34 TO SERVER 2
2026-05-29T19:32:52.534806194Z LEADER SENDS REQUEST 23 TO SERVER 2
2026-05-29T19:32:52.537392551Z LEADER SENDS REQUEST 29 TO SERVER 5
2026-05-29T19:32:52.540524165Z LEADER SENDS REQUEST 27 TO SERVER 2
2026-05-29T19:32:52.542869905Z LEADER RECEIVES ACK FROM SERVER 3 FOR REQUEST 35
2026-05-29T19:32:52.545357366Z LEADER RECEIVES ACK FROM SERVER 4 FOR REQUEST 35
2026-05-29T19:32:52.548151781Z LEADER SENDS REQUEST 28 TO SERVER 5
2026-05-29T19:32:52.550868418Z LEADER SENDS REQUEST 23 TO SERVER 5
2026-05-29T19:32:52.553881706Z LEADER SENDS REQUEST 30 TO SERVER 2
2026-05-29T19:32:52.556996455Z LEADER SENDS REQUEST 31 TO SERVER 5
2026-05-29T19:32:52.560118598Z LEADER SENDS REQUEST 30 TO SERVER 5
2026-05-29T19:32:52.563123423Z LEADER SENDS REQUEST 32 TO SERVER 2
2026-05-29T19:32:52.566032598Z LEADER SENDS REQUEST 27 TO SERVER 5
2026-05-29T19:32:52.568539483Z LEADER SENDS REQUEST 24 TO SERVER 5
2026-05-29T19:32:52.571090412Z LEADER SENDS REQUEST 26 TO SERVER 5
2026-05-29T19:32:52.574069667Z LEADER SENDS REQUEST 25 TO SERVER 2
2026-05-29T19:32:52.57695124Z LEADER SENDS REQUEST 26 TO SERVER 2
2026-05-29T19:32:52.579580714Z LEADER SENDS REQUEST 32 TO SERVER 5
2026-05-29T19:32:52.582100751Z LEADER SENDS REQUEST 35 TO SERVER 5
2026-05-29T19:32:52.584537182Z LEADER SENDS REQUEST 35 TO SERVER 2
2026-05-29T19:32:52.587273261Z LEADER SENDS REQUEST 24 TO SERVER 2
2026-05-29T19:32:52.590127418Z LEADER SENDS REQUEST 33 TO SERVER 2
2026-05-29T19:32:52.593087463Z LEADER SENDS REQUEST 25 TO SERVER 5
2026-05-29T19:32:52.595739988Z LEADER SENDS REQUEST 33 TO SERVER 5
2026-05-29T19:32:52.599108796Z LEADER SENDS REQUEST 31 TO SERVER 2
2026-05-29T19:32:52.602012746Z LEADER SENDS REQUEST 28 TO SERVER 2
2026-05-29T19:32:52.604542254Z LEADER SENDS REQUEST 34 TO SERVER 5
2026-05-29T19:32:52.607635377Z LEADER SENDS REQUEST 29 TO SERVER 2
2026-05-29T19:32:52.609951145Z LEADER SENDS REQUEST 34 TO SERVER 2
2026-05-29T19:32:52.612205879Z LEADER SENDS REQUEST 23 TO SERVER 2
2026-05-29T19:32:52.614486258Z LEADER SENDS REQUEST 29 TO SERVER 5
2026-05-29T19:32:52.617297278Z LEADER SENDS REQUEST 27 TO SERVER 2
2026-05-29T19:32:52.62143074Z LEADER SENDS REQUEST 28 TO SERVER 5
2026-05-29T19:32:52.624167674Z LEADER SENDS REQUEST 23 TO SERVER 5
2026-05-29T19:32:52.62662598Z LEADER SENDS REQUEST 30 TO SERVER 2
2026-05-29T19:32:52.629812118Z LEADER SENDS REQUEST 30 TO SERVER 5
2026-05-29T19:32:52.633200066Z LEADER SENDS REQUEST 32 TO SERVER 2
2026-05-29T19:32:52.636560877Z LEADER SENDS REQUEST 31 TO SERVER 5
2026-05-29T19:32:52.6395224Z LEADER SENDS REQUEST 27 TO SERVER 5
2026-05-29T19:32:52.642402061Z LEADER SERVER 1 RECEIVES REQUEST 36 FROM CLIENT
2026-05-29T19:32:52.652512211Z LEADER SERVER 1 ADDS REQUEST 36 TO LOG ENTRY 36
2026-05-29T19:32:52.655490597Z LEADER SENDS REQUEST 24 TO SERVER 5
2026-05-29T19:32:52.658312155Z LEADER SENDS REQUEST 32 TO SERVER 5
2026-05-29T19:32:52.660760996Z LEADER SENDS REQUEST 35 TO SERVER 2
2026-05-29T19:32:52.663565467Z LEADER SENDS REQUEST 24 TO SERVER 2
2026-05-29T19:32:52.666024548Z LEADER SENDS REQUEST 35 TO SERVER 5
2026-05-29T19:32:52.668800616Z LEADER SENDS REQUEST 26 TO SERVER 2
2026-05-29T19:32:52.671538295Z LEADER SENDS REQUEST 25 TO SERVER 2
2026-05-29T19:32:52.674651834Z LEADER SENDS REQUEST 26 TO SERVER 5
2026-05-29T19:32:52.677580665Z LEADER SENDS REQUEST 25 TO SERVER 5
2026-05-29T19:32:52.680610248Z LEADER SENDS REQUEST 31 TO SERVER 2
2026-05-29T19:32:52.68391901Z LEADER SENDS REQUEST 33 TO SERVER 5
2026-05-29T19:32:52.686919218Z LEADER SENDS REQUEST 33 TO SERVER 2
2026-05-29T19:32:52.69052505Z LEADER SENDS REQUEST 28 TO SERVER 2
2026-05-29T19:32:52.693286093Z LEADER SENDS REQUEST 34 TO SERVER 5
2026-05-29T19:32:52.695720493Z LEADER SENDS REQUEST 29 TO SERVER 2
2026-05-29T19:32:52.698424328Z LEADER SENDS REQUEST 34 TO SERVER 2
2026-05-29T19:32:52.700842415Z LEADER SENDS REQUEST 23 TO SERVER 2
2026-05-29T19:32:52.703552821Z LEADER SENDS REQUEST 36 TO SERVER 3
2026-05-29T19:32:52.705991267Z LEADER SENDS REQUEST 36 TO SERVER 5
2026-05-29T19:32:52.708243234Z LEADER SENDS REQUEST 36 TO SERVER 2
2026-05-29T19:32:52.711064258Z LEADER SENDS REQUEST 36 TO SERVER 4
2026-05-29T19:32:52.713780104Z LEADER SENDS REQUEST 29 TO SERVER 5
2026-05-29T19:32:52.716905191Z LEADER SENDS REQUEST 28 TO SERVER 5
2026-05-29T19:32:52.719913654Z LEADER SENDS REQUEST 27 TO SERVER 2
2026-05-29T19:32:52.722542381Z LEADER SENDS REQUEST 30 TO SERVER 2
2026-05-29T19:32:52.725670751Z LEADER SENDS REQUEST 30 TO SERVER 5
2026-05-29T19:32:52.72850216Z LEADER SENDS REQUEST 32 TO SERVER 2
2026-05-29T19:32:52.731321969Z LEADER SENDS REQUEST 31 TO SERVER 5
2026-05-29T19:32:52.734136254Z LEADER RECEIVES ACK FROM SERVER 3 FOR REQUEST 36
2026-05-29T19:32:52.736518203Z LEADER SENDS REQUEST 27 TO SERVER 5
2026-05-29T19:32:52.738931426Z LEADER RECEIVES ACK FROM SERVER 4 FOR REQUEST 36
2026-05-29T19:32:52.741255339Z LEADER SENDS REQUEST 35 TO SERVER 2
2026-05-29T19:32:52.743566186Z LEADER SENDS REQUEST 32 TO SERVER 5
2026-05-29T19:32:52.746458401Z LEADER SENDS REQUEST 24 TO SERVER 5
2026-05-29T19:32:52.748841659Z LEADER SENDS REQUEST 25 TO SERVER 2
2026-05-29T19:32:52.752254794Z LEADER SENDS REQUEST 26 TO SERVER 2
2026-05-29T19:32:52.755067663Z LEADER SENDS REQUEST 35 TO SERVER 5
2026-05-29T19:32:52.75806579Z LEADER SENDS REQUEST 24 TO SERVER 2
2026-05-29T19:32:52.761218776Z LEADER SENDS REQUEST 26 TO SERVER 5
2026-05-29T19:32:52.763935624Z LEADER SENDS REQUEST 33 TO SERVER 5
2026-05-29T19:32:52.766838909Z LEADER SENDS REQUEST 25 TO SERVER 5
2026-05-29T19:32:52.769370224Z LEADER SENDS REQUEST 31 TO SERVER 2
2026-05-29T19:32:52.772010538Z LEADER SENDS REQUEST 28 TO SERVER 2
2026-05-29T19:32:52.774512859Z LEADER SENDS REQUEST 33 TO SERVER 2
2026-05-29T19:32:52.77734036Z LEADER SENDS REQUEST 34 TO SERVER 5
2026-05-29T19:32:52.78015706Z LEADER SENDS REQUEST 36 TO SERVER 2
2026-05-29T19:32:52.782766968Z LEADER SENDS REQUEST 34 TO SERVER 2
2026-05-29T19:32:52.785364128Z LEADER SENDS REQUEST 29 TO SERVER 2
2026-05-29T19:32:52.787672063Z LEADER SENDS REQUEST 36 TO SERVER 5
2026-05-29T19:32:52.790652866Z LEADER SENDS REQUEST 29 TO SERVER 5
2026-05-29T19:32:52.797139894Z LEADER SENDS REQUEST 28 TO SERVER 5
2026-05-29T19:32:52.801392727Z LEADER SENDS REQUEST 27 TO SERVER 2
2026-05-29T19:32:52.80506633Z LEADER SENDS REQUEST 30 TO SERVER 2
2026-05-29T19:32:52.808592018Z LEADER SENDS REQUEST 30 TO SERVER 5
2026-05-29T19:32:52.811910819Z LEADER SENDS REQUEST 32 TO SERVER 2
2026-05-29T19:32:52.81501901Z LEADER SENDS REQUEST 31 TO SERVER 5
2026-05-29T19:32:52.818082481Z LEADER SENDS REQUEST 27 TO SERVER 5
2026-05-29T19:32:52.821098034Z LEADER SENDS REQUEST 35 TO SERVER 2
2026-05-29T19:32:52.823682646Z LEADER SENDS REQUEST 32 TO SERVER 5
2026-05-29T19:32:52.826517724Z LEADER SERVER 1 RECEIVES REQUEST 37 FROM CLIENT
2026-05-29T19:32:52.838646427Z LEADER SERVER 1 ADDS REQUEST 37 TO LOG ENTRY 37
2026-05-29T19:32:52.843208079Z LEADER SENDS REQUEST 25 TO SERVER 2
2026-05-29T19:32:52.846783294Z LEADER SENDS REQUEST 35 TO SERVER 5
2026-05-29T19:32:52.850242426Z LEADER SENDS REQUEST 26 TO SERVER 2
2026-05-29T19:32:52.853903002Z LEADER SENDS REQUEST 26 TO SERVER 5
2026-05-29T19:32:52.857195393Z LEADER SENDS REQUEST 33 TO SERVER 5
2026-05-29T19:32:52.860872772Z LEADER SENDS REQUEST 37 TO SERVER 2
2026-05-29T19:32:52.864076133Z LEADER SENDS REQUEST 37 TO SERVER 3
2026-05-29T19:32:52.866981345Z LEADER SENDS REQUEST 37 TO SERVER 4
2026-05-29T19:32:52.869732891Z LEADER SENDS REQUEST 37 TO SERVER 5
2026-05-29T19:32:52.872989819Z LEADER SENDS REQUEST 25 TO SERVER 5
2026-05-29T19:32:52.876530256Z LEADER SENDS REQUEST 34 TO SERVER 5
2026-05-29T19:32:52.880352194Z LEADER SENDS REQUEST 36 TO SERVER 2
2026-05-29T19:32:52.884348158Z LEADER SENDS REQUEST 33 TO SERVER 2
2026-05-29T19:32:52.888238781Z LEADER SENDS REQUEST 31 TO SERVER 2
2026-05-29T19:32:52.892100379Z LEADER SENDS REQUEST 28 TO SERVER 2
2026-05-29T19:32:52.895152574Z LEADER SENDS REQUEST 36 TO SERVER 5
2026-05-29T19:32:52.89783365Z LEADER SENDS REQUEST 29 TO SERVER 5
2026-05-29T19:32:52.901096303Z LEADER SENDS REQUEST 28 TO SERVER 5
2026-05-29T19:32:52.905573577Z LEADER SENDS REQUEST 29 TO SERVER 2
2026-05-29T19:32:52.907754458Z LEADER SENDS REQUEST 34 TO SERVER 2
2026-05-29T19:32:52.910174044Z LEADER SENDS REQUEST 30 TO SERVER 5
2026-05-29T19:32:52.912901578Z LEADER SENDS REQUEST 27 TO SERVER 2
2026-05-29T19:32:52.915821823Z LEADER SENDS REQUEST 30 TO SERVER 2
2026-05-29T19:32:52.918761285Z LEADER SENDS REQUEST 32 TO SERVER 2
2026-05-29T19:32:52.921625502Z LEADER SENDS REQUEST 35 TO SERVER 2
2026-05-29T19:32:52.926540498Z LEADER SENDS REQUEST 32 TO SERVER 5
2026-05-29T19:32:52.930302227Z LEADER SENDS REQUEST 27 TO SERVER 5
2026-05-29T19:32:52.933186735Z LEADER SENDS REQUEST 31 TO SERVER 5
2026-05-29T19:32:52.936287769Z LEADER RECEIVES ACK FROM SERVER 3 FOR REQUEST 37
2026-05-29T19:32:52.939576142Z LEADER RECEIVES ACK FROM SERVER 4 FOR REQUEST 37
2026-05-29T19:32:52.942094669Z LEADER SENDS REQUEST 25 TO SERVER 2
2026-05-29T19:32:52.944575547Z LEADER SENDS REQUEST 35 TO SERVER 5
2026-05-29T19:32:52.947113531Z LEADER SENDS REQUEST 37 TO SERVER 2
2026-05-29T19:32:52.949599436Z LEADER SENDS REQUEST 33 TO SERVER 5
2026-05-29T19:32:52.952322009Z LEADER SENDS REQUEST 26 TO SERVER 5
2026-05-29T19:32:52.955126915Z LEADER SENDS REQUEST 37 TO SERVER 5
2026-05-29T19:32:52.965621617Z LEADER SENDS REQUEST 34 TO SERVER 5
2026-05-29T19:32:52.968568919Z LEADER SERVER 1 RECEIVES REQUEST 38 FROM CLIENT
2026-05-29T19:32:52.978424446Z LEADER SERVER 1 ADDS REQUEST 38 TO LOG ENTRY 38
2026-05-29T19:32:52.980810611Z LEADER SENDS REQUEST 38 TO SERVER 4
2026-05-29T19:32:52.98500756Z LEADER SENDS REQUEST 38 TO SERVER 5
2026-05-29T19:32:52.99096826Z LEADER SENDS REQUEST 36 TO SERVER 2
2026-05-29T19:32:52.994927676Z LEADER SENDS REQUEST 33 TO SERVER 2
2026-05-29T19:32:52.997882868Z LEADER SENDS REQUEST 31 TO SERVER 2
2026-05-29T19:32:53.000834806Z LEADER SENDS REQUEST 28 TO SERVER 2
2026-05-29T19:32:53.003806671Z LEADER SENDS REQUEST 28 TO SERVER 5
2026-05-29T19:32:53.006623534Z LEADER SENDS REQUEST 36 TO SERVER 5
2026-05-29T19:32:53.009486209Z LEADER SENDS REQUEST 29 TO SERVER 2
2026-05-29T19:32:53.012316301Z LEADER SENDS REQUEST 34 TO SERVER 2
2026-05-29T19:32:53.015199273Z LEADER SENDS REQUEST 29 TO SERVER 5
2026-05-29T19:32:53.018083894Z LEADER SENDS REQUEST 27 TO SERVER 2
2026-05-29T19:32:53.020418494Z LEADER SENDS REQUEST 30 TO SERVER 5
2026-05-29T19:32:53.022939651Z LEADER SENDS REQUEST 32 TO SERVER 2
2026-05-29T19:32:53.025359376Z LEADER SENDS REQUEST 35 TO SERVER 2
2026-05-29T19:32:53.02819Z LEADER SENDS REQUEST 32 TO SERVER 5
2026-05-29T19:32:53.031023887Z LEADER SENDS REQUEST 30 TO SERVER 2
2026-05-29T19:32:53.033740848Z LEADER SENDS REQUEST 31 TO SERVER 5
2026-05-29T19:32:53.036572547Z LEADER SENDS REQUEST 27 TO SERVER 5
2026-05-29T19:32:53.039540508Z LEADER SENDS REQUEST 38 TO SERVER 2
2026-05-29T19:32:53.042294313Z LEADER SENDS REQUEST 38 TO SERVER 3
2026-05-29T19:32:53.045115593Z LEADER SENDS REQUEST 35 TO SERVER 5
2026-05-29T19:32:53.04741207Z LEADER SENDS REQUEST 37 TO SERVER 2
2026-05-29T19:32:53.050023762Z LEADER SENDS REQUEST 33 TO SERVER 5
2026-05-29T19:32:53.052813358Z LEADER SENDS REQUEST 37 TO SERVER 5
2026-05-29T19:32:53.055130672Z LEADER RECEIVES ACK FROM SERVER 4 FOR REQUEST 38
2026-05-29T19:32:53.057753533Z LEADER SENDS REQUEST 31 TO SERVER 2
2026-05-29T19:32:53.060299843Z LEADER SENDS REQUEST 34 TO SERVER 2
2026-05-29T19:32:53.062710994Z LEADER RECEIVES ACK FROM SERVER 3 FOR REQUEST 38
2026-05-29T19:32:53.065212578Z LEADER SENDS REQUEST 34 TO SERVER 5
2026-05-29T19:32:53.067726087Z LEADER SENDS REQUEST 27 TO SERVER 5
2026-05-29T19:32:53.075089124Z LEADER SENDS REQUEST 35 TO SERVER 5
2026-05-29T19:32:53.078001078Z LEADER SERVER 1 RECEIVES REQUEST 39 FROM CLIENT
2026-05-29T19:32:53.088730865Z LEADER SERVER 1 ADDS REQUEST 39 TO LOG ENTRY 39
2026-05-29T19:32:53.091665776Z LEADER SENDS REQUEST 39 TO SERVER 4
2026-05-29T19:32:53.094503004Z LEADER SENDS REQUEST 39 TO SERVER 5
2026-05-29T19:32:53.097123475Z LEADER SENDS REQUEST 38 TO SERVER 5
2026-05-29T19:32:53.099498052Z LEADER SENDS REQUEST 36 TO SERVER 2
2026-05-29T19:32:53.102097843Z LEADER SENDS REQUEST 32 TO SERVER 2
2026-05-29T19:32:53.104910685Z LEADER SENDS REQUEST 28 TO SERVER 2
2026-05-29T19:32:53.108033648Z LEADER SENDS REQUEST 28 TO SERVER 5
2026-05-29T19:32:53.110935413Z LEADER SENDS REQUEST 36 TO SERVER 5
2026-05-29T19:32:53.114318294Z LEADER SENDS REQUEST 29 TO SERVER 2
2026-05-29T19:32:53.116948351Z LEADER SENDS REQUEST 29 TO SERVER 5
2026-05-29T19:32:53.119923209Z LEADER SENDS REQUEST 27 TO SERVER 2
2026-05-29T19:32:53.12284258Z LEADER SENDS REQUEST 30 TO SERVER 5
2026-05-29T19:32:53.126565048Z LEADER SENDS REQUEST 35 TO SERVER 2
2026-05-29T19:32:53.129442056Z LEADER SENDS REQUEST 32 TO SERVER 5
2026-05-29T19:32:53.132098198Z LEADER SENDS REQUEST 30 TO SERVER 2
2026-05-29T19:32:53.134982468Z LEADER SENDS REQUEST 31 TO SERVER 5
2026-05-29T19:32:53.137413855Z LEADER SENDS REQUEST 33 TO SERVER 5
2026-05-29T19:32:53.140145981Z LEADER SENDS REQUEST 38 TO SERVER 2
2026-05-29T19:32:53.142773388Z LEADER SENDS REQUEST 37 TO SERVER 2
2026-05-29T19:32:53.146141319Z LEADER SENDS REQUEST 37 TO SERVER 5
2026-05-29T19:32:53.149683588Z LEADER SENDS REQUEST 33 TO SERVER 2
2026-05-29T19:32:53.152192486Z LEADER SENDS REQUEST 39 TO SERVER 2
2026-05-29T19:32:53.155416496Z LEADER SENDS REQUEST 39 TO SERVER 3
2026-05-29T19:32:53.158656639Z LEADER SENDS REQUEST 31 TO SERVER 2
2026-05-29T19:32:53.161917488Z LEADER SENDS REQUEST 34 TO SERVER 2
2026-05-29T19:32:53.164787269Z LEADER SENDS REQUEST 34 TO SERVER 5
2026-05-29T19:32:53.167386196Z LEADER RECEIVES ACK FROM SERVER 4 FOR REQUEST 39
2026-05-29T19:32:53.170961737Z LEADER RECEIVES ACK FROM SERVER 3 FOR REQUEST 39
2026-05-29T19:32:53.173919655Z LEADER SENDS REQUEST 35 TO SERVER 5
2026-05-29T19:32:53.176971517Z LEADER SENDS REQUEST 32 TO SERVER 2
2026-05-29T19:32:53.179590801Z LEADER SENDS REQUEST 28 TO SERVER 5
2026-05-29T19:32:53.182281732Z LEADER SENDS REQUEST 36 TO SERVER 5
2026-05-29T19:32:53.185020891Z LEADER SENDS REQUEST 31 TO SERVER 5
2026-05-29T19:32:53.187481908Z LEADER SENDS REQUEST 33 TO SERVER 2
2026-05-29T19:32:53.192643849Z LEADER SENDS REQUEST 36 TO SERVER 2
2026-05-29T19:32:53.195623998Z LEADER SENDS REQUEST 29 TO SERVER 5
2026-05-29T19:32:53.198540359Z LEADER SENDS REQUEST 28 TO SERVER 2
2026-05-29T19:32:53.201663681Z LEADER SENDS REQUEST 39 TO SERVER 5
2026-05-29T19:32:53.20466206Z LEADER SENDS REQUEST 32 TO SERVER 5
2026-05-29T19:32:53.207539121Z LEADER SENDS REQUEST 38 TO SERVER 5
2026-05-29T19:32:53.210451766Z LEADER SENDS REQUEST 29 TO SERVER 2
2026-05-29T19:32:53.213867734Z LEADER SENDS REQUEST 35 TO SERVER 2
2026-05-29T19:32:53.216734541Z LEADER SENDS REQUEST 30 TO SERVER 5
2026-05-29T19:32:53.219877985Z LEADER SENDS REQUEST 30 TO SERVER 2
2026-05-29T19:32:53.222736787Z LEADER SENDS REQUEST 37 TO SERVER 2
2026-05-29T19:32:53.22542225Z LEADER SENDS REQUEST 39 TO SERVER 2
2026-05-29T19:32:53.228025751Z LEADER SENDS REQUEST 37 TO SERVER 5
2026-05-29T19:32:53.231033418Z LEADER SENDS REQUEST 31 TO SERVER 2
2026-05-29T19:32:53.233881436Z LEADER SENDS REQUEST 33 TO SERVER 5
2026-05-29T19:32:53.236946034Z LEADER SENDS REQUEST 38 TO SERVER 2
2026-05-29T19:32:53.240021673Z LEADER SENDS REQUEST 34 TO SERVER 2
2026-05-29T19:32:53.242710586Z LEADER SENDS REQUEST 34 TO SERVER 5
2026-05-29T19:32:53.245508886Z LEADER SENDS REQUEST 36 TO SERVER 5
2026-05-29T19:32:53.248727178Z LEADER SENDS REQUEST 32 TO SERVER 2
2026-05-29T19:32:53.251641982Z LEADER SENDS REQUEST 35 TO SERVER 5
2026-05-29T19:32:53.254714408Z LEADER SENDS REQUEST 31 TO SERVER 5
2026-05-29T19:32:53.258818233Z LEADER SERVER 1 RECEIVES REQUEST 40 FROM CLIENT
2026-05-29T19:32:53.270389809Z LEADER SERVER 1 ADDS REQUEST 40 TO LOG ENTRY 40
2026-05-29T19:32:53.272961662Z LEADER SENDS REQUEST 33 TO SERVER 2
2026-05-29T19:32:53.275696839Z LEADER SENDS REQUEST 29 TO SERVER 5
2026-05-29T19:32:53.278436854Z LEADER SENDS REQUEST 36 TO SERVER 2
2026-05-29T19:32:53.281389168Z LEADER SENDS REQUEST 39 TO SERVER 5
2026-05-29T19:32:53.284327524Z LEADER SENDS REQUEST 28 TO SERVER 2
2026-05-29T19:32:53.287202802Z LEADER SENDS REQUEST 32 TO SERVER 5
2026-05-29T19:32:53.290159439Z LEADER SENDS REQUEST 38 TO SERVER 5
2026-05-29T19:32:53.29293282Z LEADER SENDS REQUEST 40 TO SERVER 2
2026-05-29T19:32:53.295810457Z LEADER SENDS REQUEST 40 TO SERVER 3
2026-05-29T19:32:53.298263665Z LEADER SENDS REQUEST 40 TO SERVER 4
2026-05-29T19:32:53.301054892Z LEADER SENDS REQUEST 40 TO SERVER 5
2026-05-29T19:32:53.30373141Z LEADER SENDS REQUEST 29 TO SERVER 2
2026-05-29T19:32:53.30651383Z LEADER SENDS REQUEST 37 TO SERVER 5
2026-05-29T19:32:53.309659479Z LEADER SENDS REQUEST 30 TO SERVER 5
2026-05-29T19:32:53.312069129Z LEADER SENDS REQUEST 30 TO SERVER 2
2026-05-29T19:32:53.315084505Z LEADER SENDS REQUEST 35 TO SERVER 2
2026-05-29T19:32:53.317856287Z LEADER SENDS REQUEST 39 TO SERVER 2
2026-05-29T19:32:53.320783836Z LEADER SENDS REQUEST 37 TO SERVER 2
2026-05-29T19:32:53.323831469Z LEADER SENDS REQUEST 31 TO SERVER 2
2026-05-29T19:32:53.326468777Z LEADER SENDS REQUEST 34 TO SERVER 2
2026-05-29T19:32:53.329078898Z LEADER SENDS REQUEST 38 TO SERVER 2
2026-05-29T19:32:53.331451716Z LEADER SENDS REQUEST 33 TO SERVER 5
2026-05-29T19:32:53.334122252Z LEADER SENDS REQUEST 34 TO SERVER 5
2026-05-29T19:32:53.336624642Z LEADER RECEIVES ACK FROM SERVER 3 FOR REQUEST 40
2026-05-29T19:32:53.33896094Z LEADER RECEIVES ACK FROM SERVER 4 FOR REQUEST 40
2026-05-29T19:32:53.341770689Z LEADER SENDS REQUEST 32 TO SERVER 2
2026-05-29T19:32:53.344337275Z LEADER SENDS REQUEST 36 TO SERVER 5
2026-05-29T19:32:53.346770366Z LEADER SENDS REQUEST 35 TO SERVER 5
2026-05-29T19:32:53.349984724Z LEADER SENDS REQUEST 31 TO SERVER 5
2026-05-29T19:32:53.352437226Z LEADER SENDS REQUEST 33 TO SERVER 2
2026-05-29T19:32:53.354815154Z LEADER SENDS REQUEST 29 TO SERVER 5
2026-05-29T19:32:53.357369302Z LEADER SENDS REQUEST 38 TO SERVER 5
2026-05-29T19:32:53.359920568Z LEADER SENDS REQUEST 32 TO SERVER 5
2026-05-29T19:32:53.362811491Z LEADER SENDS REQUEST 36 TO SERVER 2
2026-05-29T19:32:53.365868571Z LEADER SENDS REQUEST 39 TO SERVER 5
2026-05-29T19:32:53.36834747Z LEADER SENDS REQUEST 40 TO SERVER 2
2026-05-29T19:32:53.370994388Z LEADER SENDS REQUEST 40 TO SERVER 5
2026-05-29T19:32:53.3738589Z LEADER SENDS REQUEST 29 TO SERVER 2
2026-05-29T19:32:53.37653763Z LEADER SENDS REQUEST 37 TO SERVER 5
2026-05-29T19:32:53.379209643Z LEADER SENDS REQUEST 30 TO SERVER 5
2026-05-29T19:32:53.381631457Z LEADER SENDS REQUEST 37 TO SERVER 2
2026-05-29T19:32:53.384579696Z LEADER SENDS REQUEST 35 TO SERVER 2
2026-05-29T19:32:53.387787819Z LEADER SENDS REQUEST 30 TO SERVER 2
2026-05-29T19:32:53.390302498Z LEADER SENDS REQUEST 39 TO SERVER 2
2026-05-29T19:32:53.392701563Z LEADER SENDS REQUEST 31 TO SERVER 2
2026-05-29T19:32:53.395077837Z LEADER SERVER 1 RECEIVES REQUEST 41 FROM CLIENT
2026-05-29T19:32:53.404237717Z LEADER SERVER 1 ADDS REQUEST 41 TO LOG ENTRY 41
2026-05-29T19:32:53.407392963Z LEADER SENDS REQUEST 34 TO SERVER 5
2026-05-29T19:32:53.410435075Z LEADER SENDS REQUEST 38 TO SERVER 2
2026-05-29T19:32:53.413956238Z LEADER SENDS REQUEST 33 TO SERVER 5
2026-05-29T19:32:53.417035062Z LEADER SENDS REQUEST 34 TO SERVER 2
2026-05-29T19:32:53.420070414Z LEADER SENDS REQUEST 32 TO SERVER 2
2026-05-29T19:32:53.423020341Z LEADER SENDS REQUEST 31 TO SERVER 5
2026-05-29T19:32:53.426378619Z LEADER SENDS REQUEST 35 TO SERVER 5
2026-05-29T19:32:53.429254513Z LEADER SENDS REQUEST 36 TO SERVER 5
2026-05-29T19:32:53.432012821Z LEADER SENDS REQUEST 33 TO SERVER 2
2026-05-29T19:32:53.434525197Z LEADER SENDS REQUEST 38 TO SERVER 5
2026-05-29T19:32:53.43702855Z LEADER SENDS REQUEST 32 TO SERVER 5
2026-05-29T19:32:53.439628807Z LEADER SENDS REQUEST 40 TO SERVER 2
2026-05-29T19:32:53.442417843Z LEADER SENDS REQUEST 41 TO SERVER 5
2026-05-29T19:32:53.445201666Z LEADER SENDS REQUEST 41 TO SERVER 2
2026-05-29T19:32:53.448046881Z LEADER SENDS REQUEST 41 TO SERVER 3
2026-05-29T19:32:53.450656906Z LEADER SENDS REQUEST 41 TO SERVER 4
2026-05-29T19:32:53.453557694Z LEADER SENDS REQUEST 40 TO SERVER 5
2026-05-29T19:32:53.456974672Z LEADER SENDS REQUEST 36 TO SERVER 2
2026-05-29T19:32:53.459705358Z LEADER SENDS REQUEST 39 TO SERVER 5
2026-05-29T19:32:53.462766302Z LEADER SENDS REQUEST 29 TO SERVER 2
2026-05-29T19:32:53.465490433Z LEADER SENDS REQUEST 37 TO SERVER 5
2026-05-29T19:32:53.468957437Z LEADER SENDS REQUEST 30 TO SERVER 5
2026-05-29T19:32:53.471635362Z LEADER SENDS REQUEST 30 TO SERVER 2
2026-05-29T19:32:53.474464533Z LEADER SENDS REQUEST 35 TO SERVER 2
2026-05-29T19:32:53.476933108Z LEADER SENDS REQUEST 37 TO SERVER 2
2026-05-29T19:32:53.479562318Z LEADER SENDS REQUEST 39 TO SERVER 2
2026-05-29T19:32:53.481790317Z LEADER SENDS REQUEST 31 TO SERVER 2
2026-05-29T19:32:53.484297033Z LEADER RECEIVES ACK FROM SERVER 3 FOR REQUEST 41
2026-05-29T19:32:53.486928163Z LEADER RECEIVES ACK FROM SERVER 4 FOR REQUEST 41
2026-05-29T19:32:53.489778628Z LEADER SENDS REQUEST 34 TO SERVER 5
2026-05-29T19:32:53.493141638Z LEADER SENDS REQUEST 38 TO SERVER 2
2026-05-29T19:32:53.496773089Z LEADER SENDS REQUEST 31 TO SERVER 5
2026-05-29T19:32:53.500116749Z LEADER SENDS REQUEST 33 TO SERVER 5
2026-05-29T19:32:53.502823433Z LEADER SENDS REQUEST 32 TO SERVER 2
2026-05-29T19:32:53.505635085Z LEADER SERVER 1 RECEIVES REQUEST 42 FROM CLIENT
2026-05-29T19:32:53.51690742Z LEADER SERVER 1 ADDS REQUEST 42 TO LOG ENTRY 42
2026-05-29T19:32:53.519452288Z LEADER SENDS REQUEST 34 TO SERVER 2
2026-05-29T19:32:53.521934652Z LEADER SENDS REQUEST 38 TO SERVER 5
2026-05-29T19:32:53.524431681Z LEADER SENDS REQUEST 32 TO SERVER 5
2026-05-29T19:32:53.527069435Z LEADER SENDS REQUEST 40 TO SERVER 2
2026-05-29T19:32:53.529690256Z LEADER SENDS REQUEST 36 TO SERVER 5
2026-05-29T19:32:53.532590599Z LEADER SENDS REQUEST 33 TO SERVER 2
2026-05-29T19:32:53.535458633Z LEADER SENDS REQUEST 35 TO SERVER 5
2026-05-29T19:32:53.538114735Z LEADER SENDS REQUEST 41 TO SERVER 2
2026-05-29T19:32:53.540939964Z LEADER SENDS REQUEST 41 TO SERVER 5
2026-05-29T19:32:53.544061487Z LEADER SENDS REQUEST 40 TO SERVER 5
2026-05-29T19:32:53.546541197Z LEADER SENDS REQUEST 36 TO SERVER 2
2026-05-29T19:32:53.54981165Z LEADER SENDS REQUEST 39 TO SERVER 5
2026-05-29T19:32:53.552561479Z LEADER SENDS REQUEST 35 TO SERVER 2
2026-05-29T19:32:53.555299516Z LEADER SENDS REQUEST 37 TO SERVER 5
2026-05-29T19:32:53.557793107Z LEADER SENDS REQUEST 30 TO SERVER 5
2026-05-29T19:32:53.56045758Z LEADER SENDS REQUEST 37 TO SERVER 2
2026-05-29T19:32:53.563014825Z LEADER SENDS REQUEST 39 TO SERVER 2
2026-05-29T19:32:53.565678614Z LEADER SENDS REQUEST 42 TO SERVER 5
2026-05-29T19:32:53.568413192Z LEADER SENDS REQUEST 42 TO SERVER 2
2026-05-29T19:32:53.571175346Z LEADER SENDS REQUEST 42 TO SERVER 3
2026-05-29T19:32:53.574145098Z LEADER SENDS REQUEST 42 TO SERVER 4
2026-05-29T19:32:53.577087908Z LEADER SENDS REQUEST 34 TO SERVER 5
2026-05-29T19:32:53.581190067Z LEADER SENDS REQUEST 38 TO SERVER 2
2026-05-29T19:32:53.583779675Z LEADER SENDS REQUEST 33 TO SERVER 5
2026-05-29T19:32:53.586925287Z LEADER SENDS REQUEST 32 TO SERVER 2
2026-05-29T19:32:53.589346013Z LEADER RECEIVES ACK FROM SERVER 3 FOR REQUEST 42
2026-05-29T19:32:53.591900871Z LEADER RECEIVES ACK FROM SERVER 4 FOR REQUEST 42
2026-05-29T19:32:53.606622061Z LEADER SENDS REQUEST 41 TO SERVER 5
2026-05-29T19:32:53.609688439Z LEADER SENDS REQUEST 40 TO SERVER 5
2026-05-29T19:32:53.614094255Z LEADER SENDS REQUEST 35 TO SERVER 5
2026-05-29T19:32:53.616900829Z LEADER SENDS REQUEST 32 TO SERVER 5
2026-05-29T19:32:53.619677189Z LEADER SENDS REQUEST 40 TO SERVER 2
2026-05-29T19:32:53.622558366Z LEADER SENDS REQUEST 33 TO SERVER 2
2026-05-29T19:32:53.625743237Z LEADER SENDS REQUEST 41 TO SERVER 2
2026-05-29T19:32:53.628821769Z LEADER SENDS REQUEST 36 TO SERVER 5
2026-05-29T19:32:53.631555816Z LEADER SENDS REQUEST 34 TO SERVER 2
2026-05-29T19:32:53.634415116Z LEADER SENDS REQUEST 38 TO SERVER 5
2026-05-29T19:32:53.63735059Z LEADER SERVER 1 RECEIVES REQUEST 43 FROM CLIENT
2026-05-29T19:32:53.648414119Z LEADER SERVER 1 ADDS REQUEST 43 TO LOG ENTRY 43
2026-05-29T19:32:53.651385348Z LEADER SENDS REQUEST 43 TO SERVER 5
2026-05-29T19:32:53.653997329Z LEADER SENDS REQUEST 33 TO SERVER 2
2026-05-29T19:32:53.656845382Z LEADER SENDS REQUEST 43 TO SERVER 2
2026-05-29T19:32:53.659681755Z LEADER SENDS REQUEST 37 TO SERVER 5
2026-05-29T19:32:53.662517159Z LEADER SENDS REQUEST 39 TO SERVER 5
2026-05-29T19:32:53.665232333Z LEADER SENDS REQUEST 36 TO SERVER 2
2026-05-29T19:32:53.66857408Z LEADER SENDS REQUEST 39 TO SERVER 2
2026-05-29T19:32:53.671523752Z LEADER SENDS REQUEST 37 TO SERVER 2
2026-05-29T19:32:53.674168453Z LEADER SENDS REQUEST 42 TO SERVER 2
2026-05-29T19:32:53.677272416Z LEADER SENDS REQUEST 42 TO SERVER 5
2026-05-29T19:32:53.680925302Z LEADER SENDS REQUEST 34 TO SERVER 5
2026-05-29T19:32:53.684045792Z LEADER SENDS REQUEST 38 TO SERVER 2
2026-05-29T19:32:53.686884566Z LEADER SENDS REQUEST 33 TO SERVER 5
2026-05-29T19:32:53.690152102Z LEADER SENDS REQUEST 32 TO SERVER 2
2026-05-29T19:32:53.693099423Z LEADER SENDS REQUEST 40 TO SERVER 5
2026-05-29T19:32:53.696542791Z LEADER SENDS REQUEST 32 TO SERVER 5
2026-05-29T19:32:53.6993963Z LEADER SENDS REQUEST 40 TO SERVER 2
2026-05-29T19:32:53.70199974Z LEADER SENDS REQUEST 35 TO SERVER 2
2026-05-29T19:32:53.704970895Z LEADER SENDS REQUEST 43 TO SERVER 3
2026-05-29T19:32:53.707874847Z LEADER SENDS REQUEST 43 TO SERVER 4
2026-05-29T19:32:53.710634377Z LEADER SENDS REQUEST 41 TO SERVER 5
2026-05-29T19:32:53.718447313Z LEADER SENDS REQUEST 41 TO SERVER 2
2026-05-29T19:32:53.721241848Z LEADER SENDS REQUEST 35 TO SERVER 5
2026-05-29T19:32:53.724549819Z LEADER SENDS REQUEST 38 TO SERVER 5
2026-05-29T19:32:53.727413832Z LEADER SENDS REQUEST 36 TO SERVER 5
2026-05-29T19:32:53.730444657Z LEADER SENDS REQUEST 34 TO SERVER 2
2026-05-29T19:32:53.733544476Z LEADER RECEIVES ACK FROM SERVER 3 FOR REQUEST 43
2026-05-29T19:32:53.736193043Z LEADER SENDS REQUEST 37 TO SERVER 2
2026-05-29T19:32:53.738692027Z LEADER RECEIVES ACK FROM SERVER 4 FOR REQUEST 43
2026-05-29T19:32:53.741595962Z LEADER SENDS REQUEST 39 TO SERVER 5
2026-05-29T19:32:53.744076498Z LEADER SENDS REQUEST 36 TO SERVER 2
2026-05-29T19:32:53.747270537Z LEADER SENDS REQUEST 39 TO SERVER 2
2026-05-29T19:32:53.750112278Z LEADER SENDS REQUEST 43 TO SERVER 5
2026-05-29T19:32:53.752734616Z LEADER SENDS REQUEST 37 TO SERVER 5
2026-05-29T19:32:53.755499744Z LEADER SENDS REQUEST 43 TO SERVER 2
2026-05-29T19:32:53.75800253Z LEADER SENDS REQUEST 33 TO SERVER 2
2026-05-29T19:32:53.760737877Z LEADER SENDS REQUEST 42 TO SERVER 2
2026-05-29T19:32:53.763199501Z LEADER SENDS REQUEST 38 TO SERVER 2
2026-05-29T19:32:53.766248738Z LEADER SENDS REQUEST 34 TO SERVER 5
2026-05-29T19:32:53.769241604Z LEADER SENDS REQUEST 33 TO SERVER 5
2026-05-29T19:32:53.772279955Z LEADER SENDS REQUEST 42 TO SERVER 5
2026-05-29T19:32:53.775495983Z LEADER SENDS REQUEST 40 TO SERVER 2
2026-05-29T19:32:53.77828557Z LEADER SENDS REQUEST 40 TO SERVER 5
2026-05-29T19:32:53.781093804Z LEADER SENDS REQUEST 35 TO SERVER 2
2026-05-29T19:32:53.784320744Z LEADER SENDS REQUEST 41 TO SERVER 5
2026-05-29T19:32:53.787857981Z LEADER SENDS REQUEST 41 TO SERVER 2
2026-05-29T19:32:53.790724832Z LEADER SENDS REQUEST 36 TO SERVER 5
2026-05-29T19:32:53.793399295Z LEADER SERVER 1 RECEIVES REQUEST 44 FROM CLIENT
2026-05-29T19:32:53.802372753Z LEADER SERVER 1 ADDS REQUEST 44 TO LOG ENTRY 44
2026-05-29T19:32:53.805208444Z LEADER SENDS REQUEST 38 TO SERVER 5
2026-05-29T19:32:53.808206131Z LEADER SENDS REQUEST 35 TO SERVER 5
2026-05-29T19:32:53.811104304Z LEADER SENDS REQUEST 39 TO SERVER 5
2026-05-29T19:32:53.814262534Z LEADER SENDS REQUEST 33 TO SERVER 2
2026-05-29T19:32:53.817168747Z LEADER SENDS REQUEST 38 TO SERVER 2
2026-05-29T19:32:53.820345324Z LEADER SENDS REQUEST 34 TO SERVER 2
2026-05-29T19:32:53.825638803Z LEADER SENDS REQUEST 42 TO SERVER 5
2026-05-29T19:32:53.828664768Z LEADER SENDS REQUEST 44 TO SERVER 5
2026-05-29T19:32:53.831255468Z LEADER SENDS REQUEST 44 TO SERVER 3
2026-05-29T19:32:53.833651551Z LEADER SENDS REQUEST 44 TO SERVER 2
2026-05-29T19:32:53.840165902Z LEADER SENDS REQUEST 44 TO SERVER 4
2026-05-29T19:32:53.842905417Z LEADER SENDS REQUEST 37 TO SERVER 2
2026-05-29T19:32:53.845819818Z LEADER SENDS REQUEST 37 TO SERVER 5
2026-05-29T19:32:53.848878644Z LEADER SENDS REQUEST 36 TO SERVER 2
2026-05-29T19:32:53.851866137Z LEADER SENDS REQUEST 39 TO SERVER 2
2026-05-29T19:32:53.854374267Z LEADER SENDS REQUEST 43 TO SERVER 5
2026-05-29T19:32:53.857161263Z LEADER SENDS REQUEST 42 TO SERVER 2
2026-05-29T19:32:53.859926851Z LEADER SENDS REQUEST 43 TO SERVER 2
2026-05-29T19:32:53.863115358Z LEADER SENDS REQUEST 34 TO SERVER 5
2026-05-29T19:32:53.865859218Z LEADER SENDS REQUEST 33 TO SERVER 5
2026-05-29T19:32:53.868308085Z LEADER SENDS REQUEST 40 TO SERVER 2
2026-05-29T19:32:53.870834801Z LEADER SENDS REQUEST 40 TO SERVER 5
2026-05-29T19:32:53.873260108Z LEADER SENDS REQUEST 35 TO SERVER 2
2026-05-29T19:32:53.875816739Z LEADER SENDS REQUEST 41 TO SERVER 5
2026-05-29T19:32:53.878581978Z LEADER SENDS REQUEST 41 TO SERVER 2
2026-05-29T19:32:53.880956233Z LEADER SENDS REQUEST 36 TO SERVER 5
2026-05-29T19:32:53.883775399Z LEADER RECEIVES ACK FROM SERVER 3 FOR REQUEST 44
2026-05-29T19:32:53.887357806Z LEADER RECEIVES ACK FROM SERVER 4 FOR REQUEST 44
2026-05-29T19:32:53.890209901Z LEADER SENDS REQUEST 38 TO SERVER 5
2026-05-29T19:32:53.893122603Z LEADER SENDS REQUEST 35 TO SERVER 5
2026-05-29T19:32:53.89572045Z LEADER SENDS REQUEST 38 TO SERVER 2
2026-05-29T19:32:53.898605217Z LEADER SENDS REQUEST 39 TO SERVER 5
2026-05-29T19:32:53.901396894Z LEADER SENDS REQUEST 44 TO SERVER 5
2026-05-29T19:32:53.904487679Z LEADER SENDS REQUEST 34 TO SERVER 2
2026-05-29T19:32:53.907502537Z LEADER SENDS REQUEST 42 TO SERVER 5
2026-05-29T19:32:53.910142916Z LEADER SENDS REQUEST 44 TO SERVER 2
2026-05-29T19:32:53.913101054Z LEADER SENDS REQUEST 37 TO SERVER 2
2026-05-29T19:32:53.915661483Z LEADER SENDS REQUEST 37 TO SERVER 5
2026-05-29T19:32:53.918466476Z LEADER SENDS REQUEST 36 TO SERVER 2
2026-05-29T19:32:53.92151258Z LEADER SENDS REQUEST 39 TO SERVER 2
2026-05-29T19:32:53.924179856Z LEADER SENDS REQUEST 43 TO SERVER 5
2026-05-29T19:32:53.927324939Z LEADER SENDS REQUEST 42 TO SERVER 2
2026-05-29T19:32:53.930439215Z LEADER SENDS REQUEST 34 TO SERVER 5
2026-05-29T19:32:53.933294988Z LEADER SENDS REQUEST 40 TO SERVER 5
2026-05-29T19:32:53.93596673Z LEADER SENDS REQUEST 40 TO SERVER 2
2026-05-29T19:32:53.938809281Z LEADER SENDS REQUEST 44 TO SERVER 5
2026-05-29T19:32:53.941980202Z LEADER SENDS REQUEST 41 TO SERVER 5
2026-05-29T19:32:53.945088907Z LEADER SENDS REQUEST 36 TO SERVER 5
2026-05-29T19:32:53.947840268Z LEADER SENDS REQUEST 41 TO SERVER 2
2026-05-29T19:32:53.950584604Z LEADER SENDS REQUEST 43 TO SERVER 2
2026-05-29T19:32:53.95339648Z LEADER SENDS REQUEST 38 TO SERVER 5
2026-05-29T19:32:53.956237115Z LEADER SENDS REQUEST 38 TO SERVER 2
2026-05-29T19:32:53.959063317Z LEADER SENDS REQUEST 35 TO SERVER 5
2026-05-29T19:32:53.962542738Z LEADER SENDS REQUEST 39 TO SERVER 5
2026-05-29T19:32:53.966819113Z LEADER SERVER 1 RECEIVES REQUEST 45 FROM CLIENT
2026-05-29T19:32:53.977701517Z LEADER SERVER 1 ADDS REQUEST 45 TO LOG ENTRY 45
2026-05-29T19:32:53.980631618Z LEADER SENDS REQUEST 45 TO SERVER 5
2026-05-29T19:32:53.983600021Z LEADER SENDS REQUEST 45 TO SERVER 2
2026-05-29T19:32:53.986360666Z LEADER SENDS REQUEST 34 TO SERVER 2
2026-05-29T19:32:53.988949526Z LEADER SENDS REQUEST 42 TO SERVER 5
2026-05-29T19:32:53.991701816Z LEADER SENDS REQUEST 43 TO SERVER 5
2026-05-29T19:32:53.994671292Z LEADER SENDS REQUEST 44 TO SERVER 2
2026-05-29T19:32:53.997283846Z LEADER SENDS REQUEST 37 TO SERVER 2
2026-05-29T19:32:53.999917912Z LEADER SENDS REQUEST 42 TO SERVER 2
2026-05-29T19:32:54.003062228Z LEADER SENDS REQUEST 40 TO SERVER 5
2026-05-29T19:32:54.00655175Z LEADER SENDS REQUEST 36 TO SERVER 2
2026-05-29T19:32:54.009666577Z LEADER SENDS REQUEST 37 TO SERVER 5
2026-05-29T19:32:54.013734924Z LEADER SENDS REQUEST 41 TO SERVER 5
2026-05-29T19:32:54.017584459Z LEADER SENDS REQUEST 39 TO SERVER 2
2026-05-29T19:32:54.021496188Z LEADER SENDS REQUEST 35 TO SERVER 2
2026-05-29T19:32:54.024851291Z LEADER SENDS REQUEST 45 TO SERVER 3
2026-05-29T19:32:54.027513896Z LEADER SENDS REQUEST 45 TO SERVER 4
2026-05-29T19:32:54.030765655Z LEADER SENDS REQUEST 38 TO SERVER 2
2026-05-29T19:32:54.033863032Z LEADER SENDS REQUEST 34 TO SERVER 5
2026-05-29T19:32:54.037076376Z LEADER SENDS REQUEST 40 TO SERVER 2
2026-05-29T19:32:54.040953043Z LEADER SENDS REQUEST 45 TO SERVER 2
2026-05-29T19:32:54.048383876Z LEADER SENDS REQUEST 44 TO SERVER 5
2026-05-29T19:32:54.052016196Z LEADER SENDS REQUEST 36 TO SERVER 5
2026-05-29T19:32:54.055666094Z LEADER SENDS REQUEST 41 TO SERVER 2
2026-05-29T19:32:54.060123497Z LEADER SENDS REQUEST 43 TO SERVER 2
2026-05-29T19:32:54.06296036Z LEADER SENDS REQUEST 43 TO SERVER 5
2026-05-29T19:32:54.065955767Z LEADER SENDS REQUEST 38 TO SERVER 5
2026-05-29T19:32:54.068779802Z LEADER SENDS REQUEST 35 TO SERVER 5
2026-05-29T19:32:54.072936573Z LEADER SENDS REQUEST 39 TO SERVER 5
2026-05-29T19:32:54.077019487Z LEADER RECEIVES ACK FROM SERVER 3 FOR REQUEST 45
2026-05-29T19:32:54.080208687Z LEADER RECEIVES ACK FROM SERVER 4 FOR REQUEST 45
2026-05-29T19:32:54.083260602Z LEADER SENDS REQUEST 45 TO SERVER 5
2026-05-29T19:32:54.086951436Z LEADER SENDS REQUEST 40 TO SERVER 5
2026-05-29T19:32:54.090027063Z LEADER SENDS REQUEST 34 TO SERVER 2
2026-05-29T19:32:54.09309805Z LEADER SENDS REQUEST 42 TO SERVER 5
2026-05-29T19:32:54.095722396Z LEADER SENDS REQUEST 44 TO SERVER 2
2026-05-29T19:32:54.098588582Z LEADER SENDS REQUEST 37 TO SERVER 2
2026-05-29T19:32:54.101384997Z LEADER SENDS REQUEST 42 TO SERVER 2
2026-05-29T19:32:54.103926705Z LEADER SENDS REQUEST 36 TO SERVER 2
2026-05-29T19:32:54.106747447Z LEADER SENDS REQUEST 37 TO SERVER 5
2026-05-29T19:32:54.109522867Z LEADER SENDS REQUEST 35 TO SERVER 2
2026-05-29T19:32:54.112254722Z LEADER SENDS REQUEST 44 TO SERVER 5
2026-05-29T19:32:54.115110001Z LEADER SENDS REQUEST 41 TO SERVER 5
2026-05-29T19:32:54.118833461Z LEADER SENDS REQUEST 39 TO SERVER 2
2026-05-29T19:32:54.122012409Z LEADER SENDS REQUEST 38 TO SERVER 2
2026-05-29T19:32:54.124775661Z LEADER SENDS REQUEST 40 TO SERVER 2
2026-05-29T19:32:54.12739605Z LEADER SENDS REQUEST 45 TO SERVER 2
2026-05-29T19:32:54.130032448Z LEADER SENDS REQUEST 36 TO SERVER 5
2026-05-29T19:32:54.133059997Z LEADER SERVER 1 RECEIVES REQUEST 46 FROM CLIENT
2026-05-29T19:32:54.142938367Z LEADER SERVER 1 ADDS REQUEST 46 TO LOG ENTRY 46
2026-05-29T19:32:54.146036106Z LEADER SENDS REQUEST 46 TO SERVER 5
2026-05-29T19:32:54.149173789Z LEADER SENDS REQUEST 46 TO SERVER 2
2026-05-29T19:32:54.152143596Z LEADER SENDS REQUEST 37 TO SERVER 2
2026-05-29T19:32:54.154687268Z LEADER SENDS REQUEST 41 TO SERVER 2
2026-05-29T19:32:54.159580903Z LEADER SENDS REQUEST 42 TO SERVER 2
2026-05-29T19:32:54.163307177Z LEADER SENDS REQUEST 43 TO SERVER 2
2026-05-29T19:32:54.1660337Z LEADER SENDS REQUEST 43 TO SERVER 5
2026-05-29T19:32:54.168651217Z LEADER SENDS REQUEST 38 TO SERVER 5
2026-05-29T19:32:54.171755597Z LEADER SENDS REQUEST 39 TO SERVER 5
2026-05-29T19:32:54.174189174Z LEADER SENDS REQUEST 35 TO SERVER 5
2026-05-29T19:32:54.17717226Z LEADER SENDS REQUEST 38 TO SERVER 2
2026-05-29T19:32:54.179837132Z LEADER SENDS REQUEST 36 TO SERVER 2
2026-05-29T19:32:54.182812545Z LEADER SENDS REQUEST 45 TO SERVER 5
2026-05-29T19:32:54.185775128Z LEADER SENDS REQUEST 46 TO SERVER 3
2026-05-29T19:32:54.188035984Z LEADER SENDS REQUEST 46 TO SERVER 4
2026-05-29T19:32:54.191085997Z LEADER SENDS REQUEST 40 TO SERVER 5
2026-05-29T19:32:54.193750506Z LEADER SENDS REQUEST 44 TO SERVER 2
2026-05-29T19:32:54.196996788Z LEADER SENDS REQUEST 42 TO SERVER 5
2026-05-29T19:32:54.200368378Z LEADER SENDS REQUEST 35 TO SERVER 2
2026-05-29T19:32:54.203196552Z LEADER SENDS REQUEST 37 TO SERVER 5
2026-05-29T19:32:54.2065637Z LEADER SENDS REQUEST 41 TO SERVER 5
2026-05-29T19:32:54.20910376Z LEADER SENDS REQUEST 39 TO SERVER 2
2026-05-29T19:32:54.212360058Z LEADER SENDS REQUEST 40 TO SERVER 2
2026-05-29T19:32:54.215066636Z LEADER RECEIVES ACK FROM SERVER 3 FOR REQUEST 46
2026-05-29T19:32:54.218186857Z LEADER SENDS REQUEST 39 TO SERVER 5
2026-05-29T19:32:54.221600298Z LEADER RECEIVES ACK FROM SERVER 4 FOR REQUEST 46
2026-05-29T19:32:54.224333441Z LEADER SENDS REQUEST 45 TO SERVER 2
2026-05-29T19:32:54.227195588Z LEADER SENDS REQUEST 38 TO SERVER 2
2026-05-29T19:32:54.229708457Z LEADER SENDS REQUEST 44 TO SERVER 5
2026-05-29T19:32:54.23248713Z LEADER SENDS REQUEST 36 TO SERVER 5
2026-05-29T19:32:54.235207799Z LEADER SENDS REQUEST 36 TO SERVER 2
2026-05-29T19:32:54.238513258Z LEADER SENDS REQUEST 40 TO SERVER 5
2026-05-29T19:32:54.241545375Z LEADER SENDS REQUEST 46 TO SERVER 2
2026-05-29T19:32:54.244369416Z LEADER SENDS REQUEST 46 TO SERVER 5
2026-05-29T19:32:54.247246562Z LEADER SENDS REQUEST 38 TO SERVER 5
2026-05-29T19:32:54.251322238Z LEADER SENDS REQUEST 37 TO SERVER 2
2026-05-29T19:32:54.25427448Z LEADER SENDS REQUEST 41 TO SERVER 2
2026-05-29T19:32:54.25713881Z LEADER SENDS REQUEST 42 TO SERVER 2
2026-05-29T19:32:54.259849441Z LEADER SENDS REQUEST 43 TO SERVER 2
2026-05-29T19:32:54.262521048Z LEADER SENDS REQUEST 43 TO SERVER 5
2026-05-29T19:32:54.265217665Z LEADER SENDS REQUEST 39 TO SERVER 2
2026-05-29T19:32:54.26801501Z LEADER SENDS REQUEST 45 TO SERVER 5
2026-05-29T19:32:54.271260722Z LEADER SENDS REQUEST 44 TO SERVER 2
2026-05-29T19:32:54.274606747Z LEADER SENDS REQUEST 42 TO SERVER 5
2026-05-29T19:32:54.277576074Z LEADER SENDS REQUEST 35 TO SERVER 2
2026-05-29T19:32:54.280690531Z LEADER SERVER 1 RECEIVES REQUEST 47 FROM CLIENT
2026-05-29T19:32:54.291112277Z LEADER SERVER 1 ADDS REQUEST 47 TO LOG ENTRY 47
2026-05-29T19:32:54.294302512Z LEADER SENDS REQUEST 47 TO SERVER 3
2026-05-29T19:32:54.297766485Z LEADER SENDS REQUEST 45 TO SERVER 2
2026-05-29T19:32:54.300365522Z LEADER SENDS REQUEST 37 TO SERVER 5
2026-05-29T19:32:54.303027358Z LEADER SENDS REQUEST 36 TO SERVER 5
2026-05-29T19:32:54.305589881Z LEADER SENDS REQUEST 40 TO SERVER 2
2026-05-29T19:32:54.308476613Z LEADER SENDS REQUEST 41 TO SERVER 5
2026-05-29T19:32:54.31203236Z LEADER SENDS REQUEST 39 TO SERVER 5
2026-05-29T19:32:54.315321162Z LEADER SENDS REQUEST 36 TO SERVER 2
2026-05-29T19:32:54.318566829Z LEADER SENDS REQUEST 37 TO SERVER 2
2026-05-29T19:32:54.321598798Z LEADER SENDS REQUEST 38 TO SERVER 2
2026-05-29T19:32:54.324276102Z LEADER SENDS REQUEST 44 TO SERVER 5
2026-05-29T19:32:54.327058516Z LEADER SENDS REQUEST 47 TO SERVER 5
2026-05-29T19:32:54.329942849Z LEADER SENDS REQUEST 47 TO SERVER 4
2026-05-29T19:32:54.332348979Z LEADER SENDS REQUEST 47 TO SERVER 2
2026-05-29T19:32:54.335006036Z LEADER SENDS REQUEST 40 TO SERVER 5
2026-05-29T19:32:54.33776257Z LEADER SENDS REQUEST 46 TO SERVER 2
2026-05-29T19:32:54.340011349Z LEADER SENDS REQUEST 46 TO SERVER 5
2026-05-29T19:32:54.342510405Z LEADER RECEIVES ACK FROM SERVER 3 FOR REQUEST 47
2026-05-29T19:32:54.344869592Z LEADER SENDS REQUEST 42 TO SERVER 2
2026-05-29T19:32:54.347250242Z LEADER SENDS REQUEST 41 TO SERVER 2
2026-05-29T19:32:54.349961397Z LEADER SENDS REQUEST 38 TO SERVER 5
2026-05-29T19:32:54.352872263Z LEADER SENDS REQUEST 43 TO SERVER 2
2026-05-29T19:32:54.355873489Z LEADER SENDS REQUEST 42 TO SERVER 5
2026-05-29T19:32:54.358723494Z LEADER SENDS REQUEST 39 TO SERVER 2
2026-05-29T19:32:54.361522979Z LEADER SENDS REQUEST 43 TO SERVER 5
2026-05-29T19:32:54.364148243Z LEADER SENDS REQUEST 44 TO SERVER 2
2026-05-29T19:32:54.366919115Z LEADER SENDS REQUEST 45 TO SERVER 5
2026-05-29T19:32:54.369758738Z LEADER RECEIVES ACK FROM SERVER 4 FOR REQUEST 47
2026-05-29T19:32:54.372198582Z LEADER SENDS REQUEST 45 TO SERVER 2
2026-05-29T19:32:54.374613829Z LEADER SENDS REQUEST 36 TO SERVER 5
2026-05-29T19:32:54.377256509Z LEADER SENDS REQUEST 37 TO SERVER 5
2026-05-29T19:32:54.380381593Z LEADER SENDS REQUEST 40 TO SERVER 2
2026-05-29T19:32:54.382571294Z LEADER SENDS REQUEST 39 TO SERVER 5
2026-05-29T19:32:54.385077631Z LEADER SENDS REQUEST 36 TO SERVER 2
2026-05-29T19:32:54.387669166Z LEADER SENDS REQUEST 41 TO SERVER 5
2026-05-29T19:32:54.39027645Z LEADER SENDS REQUEST 37 TO SERVER 2
2026-05-29T19:32:54.393253343Z LEADER SENDS REQUEST 38 TO SERVER 2
2026-05-29T19:32:54.396524871Z LEADER SENDS REQUEST 44 TO SERVER 5
2026-05-29T19:32:54.399200192Z LEADER SENDS REQUEST 47 TO SERVER 5
2026-05-29T19:32:54.401895427Z LEADER SENDS REQUEST 40 TO SERVER 5
2026-05-29T19:32:54.404798014Z LEADER SENDS REQUEST 47 TO SERVER 2
2026-05-29T19:32:54.407364102Z LEADER SENDS REQUEST 46 TO SERVER 2
2026-05-29T19:32:54.410014117Z LEADER SENDS REQUEST 46 TO SERVER 5
2026-05-29T19:32:54.41274867Z LEADER SENDS REQUEST 43 TO SERVER 5
2026-05-29T19:32:54.415343244Z LEADER SENDS REQUEST 42 TO SERVER 5
2026-05-29T19:32:54.417664884Z LEADER SENDS REQUEST 39 TO SERVER 2
2026-05-29T19:32:54.420180715Z LEADER SENDS REQUEST 43 TO SERVER 2
2026-05-29T19:32:54.423026702Z LEADER SENDS REQUEST 42 TO SERVER 2
2026-05-29T19:32:54.425807887Z LEADER SENDS REQUEST 41 TO SERVER 2
2026-05-29T19:32:54.428484412Z LEADER SENDS REQUEST 38 TO SERVER 5
2026-05-29T19:32:54.431248578Z LEADER SENDS REQUEST 45 TO SERVER 5
2026-05-29T19:32:54.434106021Z LEADER SENDS REQUEST 44 TO SERVER 2
2026-05-29T19:32:54.437067607Z LEADER SENDS REQUEST 45 TO SERVER 2
2026-05-29T19:32:54.439836554Z LEADER SENDS REQUEST 41 TO SERVER 5
2026-05-29T19:32:54.442907106Z LEADER SENDS REQUEST 39 TO SERVER 5
2026-05-29T19:32:54.445438032Z LEADER SENDS REQUEST 37 TO SERVER 5
2026-05-29T19:32:54.448304036Z LEADER SENDS REQUEST 40 TO SERVER 2
2026-05-29T19:32:54.451298131Z LEADER SENDS REQUEST 37 TO SERVER 2
2026-05-29T19:32:54.454318892Z LEADER SERVER 1 RECEIVES REQUEST 48 FROM CLIENT
2026-05-29T19:32:54.464300611Z LEADER SERVER 1 ADDS REQUEST 48 TO LOG ENTRY 48
2026-05-29T19:32:54.467044423Z LEADER SENDS REQUEST 47 TO SERVER 5
2026-05-29T19:32:54.470174278Z LEADER SENDS REQUEST 38 TO SERVER 2
2026-05-29T19:32:54.474089785Z LEADER SENDS REQUEST 46 TO SERVER 2
2026-05-29T19:32:54.476957009Z LEADER SENDS REQUEST 42 TO SERVER 5
2026-05-29T19:32:54.479657619Z LEADER SENDS REQUEST 44 TO SERVER 5
2026-05-29T19:32:54.482616093Z LEADER SENDS REQUEST 47 TO SERVER 2
2026-05-29T19:32:54.485080843Z LEADER SENDS REQUEST 40 TO SERVER 5
2026-05-29T19:32:54.487837485Z LEADER SENDS REQUEST 43 TO SERVER 5
2026-05-29T19:32:54.491122757Z LEADER SENDS REQUEST 46 TO SERVER 5
2026-05-29T19:32:54.494209952Z LEADER SENDS REQUEST 41 TO SERVER 2
2026-05-29T19:32:54.496852739Z LEADER SENDS REQUEST 38 TO SERVER 5
2026-05-29T19:32:54.499386438Z LEADER SENDS REQUEST 42 TO SERVER 2
2026-05-29T19:32:54.50178441Z LEADER SENDS REQUEST 43 TO SERVER 2
2026-05-29T19:32:54.504337981Z LEADER SENDS REQUEST 39 TO SERVER 2
2026-05-29T19:32:54.506978707Z LEADER SENDS REQUEST 48 TO SERVER 2
2026-05-29T19:32:54.509761232Z LEADER SENDS REQUEST 48 TO SERVER 3
2026-05-29T19:32:54.512480293Z LEADER SENDS REQUEST 48 TO SERVER 4
2026-05-29T19:32:54.515170651Z LEADER SENDS REQUEST 48 TO SERVER 5
2026-05-29T19:32:54.517889481Z LEADER SENDS REQUEST 45 TO SERVER 5
2026-05-29T19:32:54.520590195Z LEADER SENDS REQUEST 41 TO SERVER 5
2026-05-29T19:32:54.523525316Z LEADER SENDS REQUEST 44 TO SERVER 2
2026-05-29T19:32:54.52653338Z LEADER SENDS REQUEST 45 TO SERVER 2
2026-05-29T19:32:54.529690575Z LEADER SENDS REQUEST 39 TO SERVER 5
2026-05-29T19:32:54.532510981Z LEADER SENDS REQUEST 37 TO SERVER 5
2026-05-29T19:32:54.535112353Z LEADER SENDS REQUEST 40 TO SERVER 2
2026-05-29T19:32:54.53777704Z LEADER RECEIVES ACK FROM SERVER 3 FOR REQUEST 48
2026-05-29T19:32:54.540043855Z LEADER RECEIVES ACK FROM SERVER 4 FOR REQUEST 48
2026-05-29T19:32:54.543988375Z LEADER SENDS REQUEST 47 TO SERVER 5
2026-05-29T19:32:54.546670074Z LEADER SENDS REQUEST 46 TO SERVER 2
2026-05-29T19:32:54.549453467Z LEADER SENDS REQUEST 40 TO SERVER 5
2026-05-29T19:32:54.552371328Z LEADER SENDS REQUEST 47 TO SERVER 2
2026-05-29T19:32:54.555279741Z LEADER SENDS REQUEST 38 TO SERVER 2
2026-05-29T19:32:54.557992585Z LEADER SENDS REQUEST 44 TO SERVER 5
2026-05-29T19:32:54.560800864Z LEADER SENDS REQUEST 42 TO SERVER 5
2026-05-29T19:32:54.564148228Z LEADER SENDS REQUEST 41 TO SERVER 2
2026-05-29T19:32:54.567443024Z LEADER SENDS REQUEST 48 TO SERVER 2
2026-05-29T19:32:54.570456728Z LEADER SENDS REQUEST 38 TO SERVER 5
2026-05-29T19:32:54.573281079Z LEADER SENDS REQUEST 42 TO SERVER 2
2026-05-29T19:32:54.575897722Z LEADER SENDS REQUEST 43 TO SERVER 2
2026-05-29T19:32:54.578575185Z LEADER SENDS REQUEST 39 TO SERVER 2
2026-05-29T19:32:54.580987653Z LEADER SENDS REQUEST 43 TO SERVER 5
2026-05-29T19:32:54.583240603Z LEADER SENDS REQUEST 46 TO SERVER 5
2026-05-29T19:32:54.58704407Z LEADER SENDS REQUEST 44 TO SERVER 2
2026-05-29T19:32:54.590060876Z LEADER SENDS REQUEST 48 TO SERVER 5
2026-05-29T19:32:54.593053382Z LEADER SENDS REQUEST 45 TO SERVER 5
2026-05-29T19:32:54.596155439Z LEADER SENDS REQUEST 45 TO SERVER 2
2026-05-29T19:32:54.599095864Z LEADER SENDS REQUEST 39 TO SERVER 5
2026-05-29T19:32:54.602159128Z LEADER SENDS REQUEST 41 TO SERVER 5
2026-05-29T19:32:54.604928844Z LEADER SENDS REQUEST 40 TO SERVER 2
2026-05-29T19:32:54.608444703Z LEADER SERVER 1 RECEIVES REQUEST 49 FROM CLIENT
2026-05-29T19:32:54.618279845Z LEADER SERVER 1 ADDS REQUEST 49 TO LOG ENTRY 49
2026-05-29T19:32:54.620713825Z LEADER SENDS REQUEST 49 TO SERVER 3
2026-05-29T19:32:54.623000841Z LEADER SENDS REQUEST 49 TO SERVER 4
2026-05-29T19:32:54.625442567Z LEADER SENDS REQUEST 40 TO SERVER 5
2026-05-29T19:32:54.628675144Z LEADER SENDS REQUEST 47 TO SERVER 5
2026-05-29T19:32:54.6317652Z LEADER SENDS REQUEST 46 TO SERVER 2
2026-05-29T19:32:54.635311244Z LEADER SENDS REQUEST 47 TO SERVER 2
2026-05-29T19:32:54.638749297Z LEADER SENDS REQUEST 44 TO SERVER 5
2026-05-29T19:32:54.64241641Z LEADER SENDS REQUEST 42 TO SERVER 5
2026-05-29T19:32:54.645316214Z LEADER SENDS REQUEST 49 TO SERVER 5
2026-05-29T19:32:54.647875487Z LEADER SENDS REQUEST 49 TO SERVER 2
2026-05-29T19:32:54.650560554Z LEADER SENDS REQUEST 38 TO SERVER 5
2026-05-29T19:32:54.653690682Z LEADER SENDS REQUEST 41 TO SERVER 2
2026-05-29T19:32:54.656370939Z LEADER RECEIVES ACK FROM SERVER 3 FOR REQUEST 49
2026-05-29T19:32:54.658885739Z LEADER RECEIVES ACK FROM SERVER 4 FOR REQUEST 49
2026-05-29T19:32:54.661392277Z LEADER SENDS REQUEST 42 TO SERVER 2
2026-05-29T19:32:54.663803857Z LEADER SENDS REQUEST 48 TO SERVER 2
2026-05-29T19:32:54.666135339Z LEADER SENDS REQUEST 43 TO SERVER 5
2026-05-29T19:32:54.668445372Z LEADER SENDS REQUEST 43 TO SERVER 2
2026-05-29T19:32:54.670888954Z LEADER SENDS REQUEST 39 TO SERVER 2
2026-05-29T19:32:54.673574865Z LEADER SENDS REQUEST 40 TO SERVER 5
2026-05-29T19:32:54.676222605Z LEADER SENDS REQUEST 44 TO SERVER 2
2026-05-29T19:32:54.679080347Z LEADER SENDS REQUEST 46 TO SERVER 5
2026-05-29T19:32:54.6821443Z LEADER SENDS REQUEST 46 TO SERVER 2
2026-05-29T19:32:54.68592782Z LEADER SENDS REQUEST 47 TO SERVER 2
2026-05-29T19:32:54.688467982Z LEADER SENDS REQUEST 45 TO SERVER 5
2026-05-29T19:32:54.691587617Z LEADER SENDS REQUEST 48 TO SERVER 5
2026-05-29T19:32:54.694952099Z LEADER SENDS REQUEST 39 TO SERVER 5
2026-05-29T19:32:54.697771078Z LEADER SENDS REQUEST 45 TO SERVER 2
2026-05-29T19:32:54.700843927Z LEADER SENDS REQUEST 41 TO SERVER 5
2026-05-29T19:32:54.70353589Z LEADER SENDS REQUEST 40 TO SERVER 2
2026-05-29T19:32:54.705926619Z LEADER SENDS REQUEST 47 TO SERVER 5
2026-05-29T19:32:54.708944371Z LEADER SENDS REQUEST 49 TO SERVER 5
2026-05-29T19:32:54.711810503Z LEADER SENDS REQUEST 44 TO SERVER 5
2026-05-29T19:32:54.715682151Z LEADER SENDS REQUEST 42 TO SERVER 5
2026-05-29T19:32:54.719014737Z LEADER SENDS REQUEST 49 TO SERVER 2
2026-05-29T19:32:54.721907334Z LEADER SENDS REQUEST 41 TO SERVER 2
2026-05-29T19:32:54.7245088Z LEADER SENDS REQUEST 42 TO SERVER 2
2026-05-29T19:32:54.727338911Z LEADER SERVER 1 RECEIVES REQUEST 50 FROM CLIENT
2026-05-29T19:32:54.736615433Z LEADER SERVER 1 ADDS REQUEST 50 TO LOG ENTRY 50
2026-05-29T19:32:54.739135944Z LEADER SENDS REQUEST 43 TO SERVER 2
2026-05-29T19:32:54.742111735Z LEADER SENDS REQUEST 40 TO SERVER 5
2026-05-29T19:32:54.745179533Z LEADER SENDS REQUEST 39 TO SERVER 2
2026-05-29T19:32:54.748015605Z LEADER SENDS REQUEST 43 TO SERVER 5
2026-05-29T19:32:54.750966239Z LEADER SENDS REQUEST 48 TO SERVER 2
2026-05-29T19:32:54.75467167Z LEADER SENDS REQUEST 46 TO SERVER 5
2026-05-29T19:32:54.757718732Z LEADER SENDS REQUEST 44 TO SERVER 2
2026-05-29T19:32:54.760630587Z LEADER SENDS REQUEST 50 TO SERVER 4
2026-05-29T19:32:54.763366496Z LEADER SENDS REQUEST 50 TO SERVER 5
2026-05-29T19:32:54.766177105Z LEADER SENDS REQUEST 50 TO SERVER 2
2026-05-29T19:32:54.768983972Z LEADER SENDS REQUEST 50 TO SERVER 3
2026-05-29T19:32:54.771082047Z LEADER SENDS REQUEST 47 TO SERVER 2
2026-05-29T19:32:54.77419793Z LEADER SENDS REQUEST 45 TO SERVER 5
2026-05-29T19:32:54.776948911Z LEADER SENDS REQUEST 46 TO SERVER 2
2026-05-29T19:32:54.779892798Z LEADER SENDS REQUEST 48 TO SERVER 5
2026-05-29T19:32:54.783514386Z LEADER SENDS REQUEST 45 TO SERVER 2
2026-05-29T19:32:54.786805979Z LEADER SENDS REQUEST 40 TO SERVER 2
2026-05-29T19:32:54.789644363Z LEADER SENDS REQUEST 41 TO SERVER 5
2026-05-29T19:32:54.792577958Z LEADER SENDS REQUEST 49 TO SERVER 5
2026-05-29T19:32:54.795143165Z LEADER SENDS REQUEST 47 TO SERVER 5
2026-05-29T19:32:54.798157096Z LEADER SENDS REQUEST 42 TO SERVER 2
2026-05-29T19:32:54.801216468Z LEADER SENDS REQUEST 41 TO SERVER 2
2026-05-29T19:32:54.804061993Z LEADER SENDS REQUEST 42 TO SERVER 5
2026-05-29T19:32:54.807037227Z LEADER SENDS REQUEST 44 TO SERVER 5
2026-05-29T19:32:54.809820591Z LEADER SENDS REQUEST 49 TO SERVER 2
2026-05-29T19:32:54.812301871Z LEADER RECEIVES ACK FROM SERVER 4 FOR REQUEST 50
2026-05-29T19:32:54.81525374Z LEADER RECEIVES ACK FROM SERVER 3 FOR REQUEST 50
2026-05-29T19:32:54.817956506Z LEADER SENDS REQUEST 43 TO SERVER 2
2026-05-29T19:32:54.82359844Z LEADER SENDS REQUEST 43 TO SERVER 5
2026-05-29T19:32:54.826645295Z LEADER SENDS REQUEST 46 TO SERVER 5
2026-05-29T19:32:54.829296708Z LEADER SENDS REQUEST 48 TO SERVER 2
2026-05-29T19:32:54.83232834Z LEADER SENDS REQUEST 44 TO SERVER 2
2026-05-29T19:32:54.837749068Z LEADER SENDS REQUEST 47 TO SERVER 2
2026-05-29T19:32:54.840299332Z LEADER SENDS REQUEST 50 TO SERVER 2
2026-05-29T19:32:55.94096563Z SERVER 1 VOTES VOTE FOR SERVER 3
2026-05-29T19:32:56.273690098Z FOLLOWER 1 RECEIVES REQUEST 51
2026-05-29T19:32:56.284075986Z FOLLOWER 1 RECEIVES REQUEST 51
2026-05-29T19:32:56.346161219Z FOLLOWER 1 RECEIVES REQUEST 52
2026-05-29T19:32:56.523701497Z FOLLOWER 1 RECEIVES REQUEST 53
2026-05-29T19:32:56.960974494Z FOLLOWER 1 RECEIVES REQUEST 54
2026-05-29T19:32:57.036555724Z FOLLOWER 1 RECEIVES REQUEST 55
2026-05-29T19:32:57.138273014Z FOLLOWER 1 RECEIVES REQUEST 56
2026-05-29T19:32:57.148990912Z FOLLOWER 1 RECEIVES REQUEST 56
2026-05-29T19:32:57.208628574Z FOLLOWER 1 RECEIVES REQUEST 57
2026-05-29T19:32:57.297424345Z FOLLOWER 1 RECEIVES REQUEST 58
2026-05-29T19:32:57.422532831Z FOLLOWER 1 RECEIVES REQUEST 59
2026-05-29T19:32:57.439119624Z FOLLOWER 1 RECEIVES REQUEST 59
2026-05-29T19:32:57.513443935Z FOLLOWER 1 RECEIVES REQUEST 60
2026-05-29T19:32:57.603078599Z FOLLOWER 1 RECEIVES REQUEST 61
2026-05-29T19:32:57.70635114Z FOLLOWER 1 RECEIVES REQUEST 62
2026-05-29T19:32:57.729270679Z FOLLOWER 1 RECEIVES REQUEST 62
2026-05-29T19:32:57.810762543Z FOLLOWER 1 RECEIVES REQUEST 63
2026-05-29T19:32:57.914586863Z FOLLOWER 1 RECEIVES REQUEST 64
2026-05-29T19:32:58.047865718Z FOLLOWER 1 RECEIVES REQUEST 65
2026-05-29T19:32:58.072403801Z FOLLOWER 1 RECEIVES REQUEST 65
2026-05-29T19:32:58.234316072Z FOLLOWER 1 RECEIVES REQUEST 66
2026-05-29T19:32:58.34627055Z FOLLOWER 1 RECEIVES REQUEST 67
2026-05-29T19:32:58.465539575Z FOLLOWER 1 RECEIVES REQUEST 68
2026-05-29T19:32:58.577784648Z FOLLOWER 1 RECEIVES REQUEST 69
2026-05-29T19:32:58.588992121Z FOLLOWER 1 RECEIVES REQUEST 69
2026-05-29T19:32:58.657846403Z FOLLOWER 1 RECEIVES REQUEST 70
2026-05-29T19:32:58.748725546Z FOLLOWER 1 RECEIVES REQUEST 71
2026-05-29T19:32:58.855802615Z FOLLOWER 1 RECEIVES REQUEST 72
2026-05-29T19:32:58.869262583Z FOLLOWER 1 RECEIVES REQUEST 72
2026-05-29T19:32:58.973943684Z FOLLOWER 1 RECEIVES REQUEST 73
2026-05-29T19:32:59.085506296Z FOLLOWER 1 RECEIVES REQUEST 74
2026-05-29T19:32:59.204151253Z FOLLOWER 1 RECEIVES REQUEST 75
2026-05-29T19:32:59.300515297Z FOLLOWER 1 RECEIVES REQUEST 76
2026-05-29T19:32:59.444303878Z FOLLOWER 1 RECEIVES REQUEST 77
2026-05-29T19:32:59.480394489Z FOLLOWER 1 RECEIVES REQUEST 77
2026-05-29T19:32:59.59745526Z FOLLOWER 1 RECEIVES REQUEST 78
2026-05-29T19:32:59.686901055Z FOLLOWER 1 RECEIVES REQUEST 79
2026-05-29T19:32:59.759441865Z FOLLOWER 1 RECEIVES REQUEST 80
2026-05-29T19:32:59.877133315Z FOLLOWER 1 RECEIVES REQUEST 81
2026-05-29T19:32:59.972971979Z FOLLOWER 1 RECEIVES REQUEST 82
2026-05-29T19:33:00.104801354Z FOLLOWER 1 RECEIVES REQUEST 83
2026-05-29T19:33:00.205134292Z FOLLOWER 1 RECEIVES REQUEST 84
2026-05-29T19:33:00.298387551Z FOLLOWER 1 RECEIVES REQUEST 85
2026-05-29T19:33:00.411814474Z FOLLOWER 1 RECEIVES REQUEST 86
2026-05-29T19:33:00.499056827Z FOLLOWER 1 RECEIVES REQUEST 87
2026-05-29T19:33:00.625134829Z FOLLOWER 1 RECEIVES REQUEST 88
2026-05-29T19:33:00.648328316Z FOLLOWER 1 RECEIVES REQUEST 88
2026-05-29T19:33:00.79644822Z FOLLOWER 1 RECEIVES REQUEST 89
2026-05-29T19:33:00.911348855Z FOLLOWER 1 RECEIVES REQUEST 90
