[
  {
    "index": 1,
    "term": 1,
    "request_id": 1,
    "command": "deposit account1 11"
  },
  {
    "index": 2,
    "term": 1,
    "request_id": 2,
    "command": "deposit account2 12"
  },
  {
    "index": 3,
    "term": 1,
    "request_id": 3,
    "command": "deposit account3 13"
  },
  {
    "index": 4,
    "term": 1,
    "request_id": 4,
    "command": "deposit account4 14"
  },
  {
    "index": 5,
    "term": 1,
    "request_id": 5,
    "command": "deposit account0 15"
  },
  {
    "index": 6,
    "term": 1,
    "request_id": 6,
    "command": "deposit account1 16"
  },
  {
    "index": 7,
    "term": 1,
    "request_id": 7,
    "command": "deposit account2 17"
  },
  {
    "index": 8,
    "term": 1,
    "request_id": 8,
    "command": "deposit account3 18"
  },
  {
    "index": 9,
    "term": 1,
    "request_id": 9,
    "command": "deposit account4 19"
  },
  {
    "index": 10,
    "term": 1,
    "request_id": 10,
    "command": "deposit account0 20"
  },
  {
    "index": 11,
    "term": 1,
    "request_id": 11,
    "command": "deposit account1 21"
  },
  {
    "index": 12,
    "term": 1,
    "request_id": 12,
    "command": "deposit account2 22"
  },
  {
    "index": 13,
    "term": 1,
    "request_id": 13,
    "command": "deposit account3 23"
  },
  {
    "index": 14,
    "term": 1,
    "request_id": 14,
    "command": "deposit account4 24"
  },
  {
    "index": 15,
    "term": 1,
    "request_id": 15,
    "command": "deposit account0 25"
  },
  {
    "index": 16,
    "term": 1,
    "request_id": 16,
    "command": "deposit account1 26"
  },
  {
    "index": 17,
    "term": 1,
    "request_id": 17,
    "command": "deposit account2 27"
  },
  {
    "index": 18,
    "term": 1,
    "request_id": 18,
    "command": "deposit account3 28"
  },
  {
    "index": 19,
    "term": 1,
    "request_id": 19,
    "command": "deposit account4 29"
  },
  {
    "index": 20,
    "term": 1,
    "request_id": 20,
    "command": "deposit account0 30"
  },
  {
    "index": 21,
    "term": 5,
    "request_id": 21,
    "command": "deposit account1 31"
  },
  {
    "index": 22,
    "term": 5,
    "request_id": 22,
    "command": "deposit account2 32"
  },
  {
    "index": 23,
    "term": 5,
    "request_id": 23,
    "command": "deposit account3 33"
  },
  {
    "index": 24,
    "term": 5,
    "request_id": 24,
    "command": "deposit account4 34"
  },
  {
    "index": 25,
    "term": 5,
    "request_id": 25,
    "command": "deposit account0 35"
  },
  {
    "index": 26,
    "term": 5,
    "request_id": 26,
    "command": "deposit account1 36"
  },
  {
    "index": 27,
    "term": 5,
    "request_id": 27,
    "command": "deposit account2 37"
  },
  {
    "index": 28,
    "term": 5,
    "request_id": 28,
    "command": "deposit account3 38"
  },
  {
    "index": 29,
    "term": 5,
    "request_id": 29,
    "command": "deposit account4 39"
  },
  {
    "index": 30,
    "term": 5,
    "request_id": 30,
    "command": "deposit account0 40"
  },
  {
    "index": 31,
    "term": 5,
    "request_id": 31,
    "command": "deposit account1 41"
  },
  {
    "index": 32,
    "term": 5,
    "request_id": 32,
    "command": "deposit account2 42"
  },
  {
    "index": 33,
    "term": 5,
    "request_id": 33,
    "command": "deposit account3 43"
  },
  {
    "index": 34,
    "term": 5,
    "request_id": 34,
    "command": "deposit account4 44"
  },
  {
    "index": 35,
    "term": 5,
    "request_id": 35,
    "command": "deposit account0 45"
  },
  {
    "index": 36,
    "term": 5,
    "request_id": 36,
    "command": "deposit account1 46"
  },
  {
    "index": 37,
    "term": 5,
    "request_id": 37,
    "command": "deposit account2 47"
  },
  {
    "index": 38,
    "term": 5,
    "request_id": 38,
    "command": "deposit account3 48"
  },
  {
    "index": 39,
    "term": 5,
    "request_id": 39,
    "command": "deposit account4 49"
  },
  {
    "index": 40,
    "term": 5,
    "request_id": 40,
    "command": "deposit account0 50"
  },
  {
    "index": 41,
    "term": 5,
    "request_id": 41,
    "command": "deposit account1 51"
  },
  {
    "index": 42,
    "term": 5,
    "request_id": 42,
    "command": "deposit account2 52"
  },
  {
    "index": 43,
    "term": 5,
    "request_id": 43,
    "command": "deposit account3 53"
  },
  {
    "index": 44,
    "term": 5,
    "request_id": 44,
    "command": "deposit account4 54"
  },
  {
    "index": 45,
    "term": 5,
    "request_id": 45,
    "command": "deposit account0 55"
  },
  {
    "index": 46,
    "term": 5,
    "request_id": 46,
    "command": "deposit account1 56"
  },
  {
    "index": 47,
    "term": 5,
    "request_id": 47,
    "command": "deposit account2 57"
  },
  {
    "index": 48,
    "term": 5,
    "request_id": 48,
    "command": "deposit account3 58"
  },
  {
    "index": 49,
    "term": 5,
    "request_id": 49,
    "command": "deposit account4 59"
  },
  {
    "index": 50,
    "term": 5,
    "request_id": 50,
    "command": "deposit account0 60"
  },
  {
    "index": 51,
    "term": 6,
    "request_id": 51,
    "command": "deposit account1 61"
  },
  {
    "index": 52,
    "term": 6,
    "request_id": 52,
    "command": "deposit account2 62"
  },
  {
    "index": 53,
    "term": 6,
    "request_id": 53,
    "command": "deposit account3 63"
  },
  {
    "index": 54,
    "term": 6,
    "request_id": 54,
    "command": "deposit account4 64"
  },
  {
    "index": 55,
    "term": 6,
    "request_id": 55,
    "command": "deposit account0 65"
  },
  {
    "index": 56,
    "term": 6,
    "request_id": 56,
    "command": "deposit account1 66"
  },
  {
    "index": 57,
    "term": 6,
    "request_id": 57,
    "command": "deposit account2 67"
  },
  {
    "index": 58,
    "term": 6,
    "request_id": 58,
    "command": "deposit account3 68"
  },
  {
    "index": 59,
    "term": 6,
    "request_id": 59,
    "command": "deposit account4 69"
  },
  {
    "index": 60,
    "term": 6,
    "request_id": 60,
    "command": "deposit account0 70"
  },
  {
    "index": 61,
    "term": 6,
    "request_id": 61,
    "command": "deposit account1 71"
  },
  {
    "index": 62,
    "term": 6,
    "request_id": 62,
    "command": "deposit account2 72"
  },
  {
    "index": 63,
    "term": 6,
    "request_id": 63,
    "command": "deposit account3 73"
  },
  {
    "index": 64,
    "term": 6,
    "request_id": 64,
    "command": "deposit account4 74"
  },
  {
    "index": 65,
    "term": 6,
    "request_id": 65,
    "command": "deposit account0 75"
  },
  {
    "index": 66,
    "term": 6,
    "request_id": 66,
    "command": "deposit account1 76"
  },
  {
    "index": 67,
    "term": 6,
    "request_id": 67,
    "command": "deposit account2 77"
  },
  {
    "index": 68,
    "term": 6,
    "request_id": 68,
    "command": "deposit account3 78"
  },
  {
    "index": 69,
    "term": 6,
    "request_id": 69,
    "command": "deposit account4 79"
  },
  {
    "index": 70,
    "term": 6,
    "request_id": 70,
    "command": "deposit account0 80"
  },
  {
    "index": 71,
    "term": 6,
    "request_id": 71,
    "command": "deposit account1 81"
  },
  {
    "index": 72,
    "term": 6,
    "request_id": 72,
    "command": "deposit account2 82"
  },
  {
    "index": 73,
    "term": 6,
    "request_id": 73,
    "command": "deposit account3 83"
  },
  {
    "index": 74,
    "term": 6,
    "request_id": 74,
    "command": "deposit account4 84"
  },
  {
    "index": 75,
    "term": 6,
    "request_id": 75,
    "command": "deposit account0 85"
  },
  {
    "index": 76,
    "term": 6,
    "request_id": 76,
    "command": "deposit account1 86"
  },
  {
    "index": 77,
    "term": 6,
    "request_id": 77,
    "command": "deposit account2 87"
  },
  {
    "index": 78,
    "term": 6,
    "request_id": 78,
    "command": "deposit account3 88"
  },
  {
    "index": 79,
    "term": 6,
    "request_id": 79,
    "command": "deposit account4 89"
  },
  {
    "index": 80,
    "term": 6,
    "request_id": 80,
    "command": "deposit account0 90"
  },
  {
    "index": 81,
    "term": 6,
    "request_id": 81,
    "command": "deposit account1 91"
  },
  {
    "index": 82,
    "term": 6,
    "request_id": 82,
    "command": "deposit account2 92"
  },
  {
    "index": 83,
    "term": 6,
    "request_id": 83,
    "command": "deposit account3 93"
  },
  {
    "index": 84,
    "term": 6,
    "request_id": 84,
    "command": "deposit account4 94"
  },
  {
    "index": 85,
    "term": 6,
    "request_id": 85,
    "command": "deposit account0 95"
  },
  {
    "index": 86,
    "term": 6,
    "request_id": 86,
    "command": "deposit account1 96"
  },
  {
    "index": 87,
    "term": 6,
    "request_id": 87,
    "command": "deposit account2 97"
  },
  {
    "index": 88,
    "term": 6,
    "request_id": 88,
    "command": "deposit account3 98"
  },
  {
    "index": 89,
    "term": 6,
    "request_id": 89,
    "command": "deposit account4 99"
  },
  {
    "index": 90,
    "term": 6,
    "request_id": 90,
    "command": "deposit account0 100"
  }
]