2026-05-29T19:32:29.468842346Z CANDIDATE SERVER 2 SENDING A VOTING REQUEST
2026-05-29T19:32:29.48855238Z CANDIDATE SERVER 2 WINS THE ELECTION FOR TERM 1
2026-05-29T19:32:43.502476746Z LEADER SERVER 2 RECEIVES REQUEST 1 FROM CLIENT
2026-05-29T19:32:43.528776848Z LEADER SERVER 2 ADDS REQUEST 1 TO LOG ENTRY 1
2026-05-29T19:32:43.533173411Z LEADER SENDS REQUEST 1 TO SERVER 5
2026-05-29T19:32:43.537182618Z LEADER SENDS REQUEST 1 TO SERVER 3
2026-05-29T19:32:43.542081991Z LEADER SENDS REQUEST 1 TO SERVER 1
2026-05-29T19:32:43.546725102Z LEADER SENDS REQUEST 1 TO SERVER 4
2026-05-29T19:32:43.562185418Z LEADER RECEIVES ACK FROM SERVER 3 FOR REQUEST 1
2026-05-29T19:32:43.568592448Z LEADER RECEIVES ACK FROM SERVER 1 FOR REQUEST 1
2026-05-29T19:32:43.576128739Z LEADER SENDS REQUEST 1 TO SERVER 5
2026-05-29T19:32:43.579756727Z LEADER SENDS REQUEST 1 TO SERVER 4
2026-05-29T19:32:43.593272862Z LEADER SERVER 2 RECEIVES REQUEST 2 FROM CLIENT
2026-05-29T19:32:43.604653441Z LEADER SERVER 2 ADDS REQUEST 2 TO LOG ENTRY 2
2026-05-29T19:32:43.608143696Z LEADER SENDS REQUEST 2 TO SERVER 1
2026-05-29T19:32:43.610743017Z LEADER SENDS REQUEST 2 TO SERVER 4
2026-05-29T19:32:43.613469131Z LEADER SENDS REQUEST 2 TO SERVER 3
2026-05-29T19:32:43.616777813Z LEADER SENDS REQUEST 2 TO SERVER 5
2026-05-29T19:32:43.61942578Z LEADER SENDS REQUEST 1 TO SERVER 5
2026-05-29T19:32:43.622616649Z LEADER SENDS REQUEST 1 TO SERVER 4
2026-05-29T19:32:43.626824709Z LEADER RECEIVES ACK FROM SERVER 1 FOR REQUEST 2
2026-05-29T19:32:43.634365458Z LEADER RECEIVES ACK FROM SERVER 3 FOR REQUEST 2
2026-05-29T19:32:43.642280268Z LEADER SENDS REQUEST 2 TO SERVER 4
2026-05-29T19:32:43.652070136Z LEADER SENDS REQUEST 2 TO SERVER 5
2026-05-29T19:32:43.655118617Z LEADER SENDS REQUEST 1 TO SERVER 5
2026-05-29T19:32:43.657668307Z LEADER SERVER 2 RECEIVES REQUEST 3 FROM CLIENT
2026-05-29T19:32:43.668395854Z LEADER SERVER 2 ADDS REQUEST 3 TO LOG ENTRY 3
2026-05-29T19:32:43.671186741Z LEADER SENDS REQUEST 3 TO SERVER 5
2026-05-29T19:32:43.673921225Z LEADER SENDS REQUEST 1 TO SERVER 4
2026-05-29T19:32:43.676454287Z LEADER SENDS REQUEST 3 TO SERVER 1
2026-05-29T19:32:43.67932545Z LEADER SENDS REQUEST 3 TO SERVER 3
2026-05-29T19:32:43.682624461Z LEADER SENDS REQUEST 3 TO SERVER 4
2026-05-29T19:32:43.686310639Z LEADER SENDS REQUEST 2 TO SERVER 4
2026-05-29T19:32:43.694649142Z LEADER RECEIVES ACK FROM SERVER 1 FOR REQUEST 3
2026-05-29T19:32:43.69765306Z LEADER RECEIVES ACK FROM SERVER 3 FOR REQUEST 3
2026-05-29T19:32:43.700584883Z LEADER SENDS REQUEST 2 TO SERVER 5
2026-05-29T19:32:43.703436558Z LEADER SENDS REQUEST 1 TO SERVER 5
2026-05-29T19:32:43.714430048Z LEADER SENDS REQUEST 3 TO SERVER 5
2026-05-29T19:32:43.717337449Z LEADER SENDS REQUEST 3 TO SERVER 4
2026-05-29T19:32:43.720296977Z LEADER SENDS REQUEST 1 TO SERVER 4
2026-05-29T19:32:43.723060398Z LEADER SENDS REQUEST 2 TO SERVER 4
2026-05-29T19:32:43.725744375Z LEADER SERVER 2 RECEIVES REQUEST 4 FROM CLIENT
2026-05-29T19:32:43.735104582Z LEADER SERVER 2 ADDS REQUEST 4 TO LOG ENTRY 4
2026-05-29T19:32:43.738545768Z LEADER SENDS REQUEST 4 TO SERVER 5
2026-05-29T19:32:43.74178767Z LEADER SENDS REQUEST 4 TO SERVER 1
2026-05-29T19:32:43.744705806Z LEADER SENDS REQUEST 2 TO SERVER 5
2026-05-29T19:32:43.748786513Z LEADER SENDS REQUEST 1 TO SERVER 5
2026-05-29T19:32:43.752675831Z LEADER SENDS REQUEST 4 TO SERVER 3
2026-05-29T19:32:43.755655411Z LEADER SENDS REQUEST 4 TO SERVER 4
2026-05-29T19:32:43.759933067Z LEADER RECEIVES ACK FROM SERVER 1 FOR REQUEST 4
2026-05-29T19:32:43.76899243Z LEADER RECEIVES ACK FROM SERVER 3 FOR REQUEST 4
2026-05-29T19:32:43.771559477Z LEADER SENDS REQUEST 2 TO SERVER 4
2026-05-29T19:32:43.774374767Z LEADER SENDS REQUEST 3 TO SERVER 4
2026-05-29T19:32:43.777398378Z LEADER SENDS REQUEST 1 TO SERVER 4
2026-05-29T19:32:43.780922073Z LEADER SENDS REQUEST 3 TO SERVER 5
2026-05-29T19:32:43.78454935Z LEADER SENDS REQUEST 1 TO SERVER 5
2026-05-29T19:32:43.787525305Z LEADER SENDS REQUEST 4 TO SERVER 5
2026-05-29T19:32:43.790984077Z LEADER SENDS REQUEST 2 TO SERVER 5
2026-05-29T19:32:43.794070371Z LEADER SENDS REQUEST 4 TO SERVER 4
2026-05-29T19:32:43.800043177Z LEADER SERVER 2 RECEIVES REQUEST 5 FROM CLIENT
2026-05-29T19:32:43.80946645Z LEADER SERVER 2 ADDS REQUEST 5 TO LOG ENTRY 5
2026-05-29T19:32:43.812092566Z LEADER SENDS REQUEST 5 TO SERVER 5
2026-05-29T19:32:43.814962212Z LEADER SENDS REQUEST 5 TO SERVER 1
2026-05-29T19:32:43.817893686Z LEADER SENDS REQUEST 2 TO SERVER 4
2026-05-29T19:32:43.820836903Z LEADER SENDS REQUEST 1 TO SERVER 4
2026-05-29T19:32:43.824472399Z LEADER SENDS REQUEST 3 TO SERVER 4
2026-05-29T19:32:43.827435365Z LEADER SENDS REQUEST 5 TO SERVER 3
2026-05-29T19:32:43.830459407Z LEADER SENDS REQUEST 5 TO SERVER 4
2026-05-29T19:32:43.833940166Z LEADER SENDS REQUEST 3 TO SERVER 5
2026-05-29T19:32:43.837776152Z LEADER SENDS REQUEST 2 TO SERVER 5
2026-05-29T19:32:43.844407Z LEADER SENDS REQUEST 1 TO SERVER 5
2026-05-29T19:32:43.846855121Z LEADER SENDS REQUEST 4 TO SERVER 5
2026-05-29T19:32:43.849149151Z LEADER RECEIVES ACK FROM SERVER 1 FOR REQUEST 5
2026-05-29T19:32:43.851647175Z LEADER RECEIVES ACK FROM SERVER 3 FOR REQUEST 5
2026-05-29T19:32:43.85458277Z LEADER SENDS REQUEST 2 TO SERVER 4
2026-05-29T19:32:43.857210243Z LEADER SENDS REQUEST 4 TO SERVER 4
2026-05-29T19:32:43.860021046Z LEADER SENDS REQUEST 5 TO SERVER 5
2026-05-29T19:32:43.874587684Z LEADER SENDS REQUEST 3 TO SERVER 4
2026-05-29T19:32:43.877423663Z LEADER SENDS REQUEST 1 TO SERVER 4
2026-05-29T19:32:43.880996418Z LEADER SERVER 2 RECEIVES REQUEST 6 FROM CLIENT
2026-05-29T19:32:43.891331316Z LEADER SERVER 2 ADDS REQUEST 6 TO LOG ENTRY 6
2026-05-29T19:32:43.894178117Z LEADER SENDS REQUEST 6 TO SERVER 5
2026-05-29T19:32:43.8969997Z LEADER SENDS REQUEST 5 TO SERVER 4
2026-05-29T19:32:43.900077573Z LEADER SENDS REQUEST 3 TO SERVER 5
2026-05-29T19:32:43.903085191Z LEADER SENDS REQUEST 2 TO SERVER 5
2026-05-29T19:32:43.905753564Z LEADER SENDS REQUEST 4 TO SERVER 5
2026-05-29T19:32:43.9086823Z LEADER SENDS REQUEST 1 TO SERVER 5
2026-05-29T19:32:43.911130044Z LEADER SENDS REQUEST 4 TO SERVER 4
2026-05-29T19:32:43.914223117Z LEADER SENDS REQUEST 2 TO SERVER 4
2026-05-29T19:32:43.917958495Z LEADER SENDS REQUEST 5 TO SERVER 5
2026-05-29T19:32:43.921910962Z LEADER SENDS REQUEST 6 TO SERVER 1
2026-05-29T19:32:43.925281517Z LEADER SENDS REQUEST 6 TO SERVER 3
2026-05-29T19:32:43.928116527Z LEADER SENDS REQUEST 6 TO SERVER 4
2026-05-29T19:32:43.931167318Z LEADER SENDS REQUEST 3 TO SERVER 4
2026-05-29T19:32:43.936942187Z LEADER SENDS REQUEST 1 TO SERVER 4
2026-05-29T19:32:43.940464471Z LEADER RECEIVES ACK FROM SERVER 1 FOR REQUEST 6
2026-05-29T19:32:43.943008843Z LEADER RECEIVES ACK FROM SERVER 3 FOR REQUEST 6
2026-05-29T19:32:43.956812804Z LEADER SENDS REQUEST 5 TO SERVER 5
2026-05-29T19:32:43.9603896Z LEADER SENDS REQUEST 2 TO SERVER 4
2026-05-29T19:32:43.963108527Z LEADER SENDS REQUEST 2 TO SERVER 5
2026-05-29T19:32:43.965549506Z LEADER SENDS REQUEST 6 TO SERVER 5
2026-05-29T19:32:43.967898365Z LEADER SENDS REQUEST 5 TO SERVER 4
2026-05-29T19:32:43.970259662Z LEADER SENDS REQUEST 3 TO SERVER 5
2026-05-29T19:32:43.972687254Z LEADER SENDS REQUEST 4 TO SERVER 4
2026-05-29T19:32:43.975027624Z LEADER SENDS REQUEST 4 TO SERVER 5
2026-05-29T19:32:43.977512393Z LEADER SENDS REQUEST 1 TO SERVER 5
2026-05-29T19:32:43.981441971Z LEADER SENDS REQUEST 6 TO SERVER 4
2026-05-29T19:32:43.98454073Z LEADER SENDS REQUEST 3 TO SERVER 4
2026-05-29T19:32:43.987875051Z LEADER SENDS REQUEST 1 TO SERVER 4
2026-05-29T19:32:43.99125089Z LEADER SENDS REQUEST 2 TO SERVER 4
2026-05-29T19:32:43.994099165Z LEADER SERVER 2 RECEIVES REQUEST 7 FROM CLIENT
2026-05-29T19:32:44.004825033Z LEADER SERVER 2 ADDS REQUEST 7 TO LOG ENTRY 7
2026-05-29T19:32:44.006909525Z LEADER SENDS REQUEST 7 TO SERVER 5
2026-05-29T19:32:44.009436767Z LEADER SENDS REQUEST 7 TO SERVER 1
2026-05-29T19:32:44.011912397Z LEADER SENDS REQUEST 2 TO SERVER 5
2026-05-29T19:32:44.014889493Z LEADER SENDS REQUEST 7 TO SERVER 3
2026-05-29T19:32:44.018069292Z LEADER SENDS REQUEST 7 TO SERVER 4
2026-05-29T19:32:44.02090098Z LEADER SENDS REQUEST 4 TO SERVER 5
2026-05-29T19:32:44.023655675Z LEADER SENDS REQUEST 5 TO SERVER 5
2026-05-29T19:32:44.02790937Z LEADER SENDS REQUEST 6 TO SERVER 5
2026-05-29T19:32:44.031237021Z LEADER SENDS REQUEST 1 TO SERVER 5
2026-05-29T19:32:44.034554452Z LEADER SENDS REQUEST 4 TO SERVER 4
2026-05-29T19:32:44.037472019Z LEADER SENDS REQUEST 6 TO SERVER 4
2026-05-29T19:32:44.040483665Z LEADER SENDS REQUEST 3 TO SERVER 5
2026-05-29T19:32:44.043077046Z LEADER SENDS REQUEST 5 TO SERVER 4
2026-05-29T19:32:44.045918524Z LEADER RECEIVES ACK FROM SERVER 1 FOR REQUEST 7
2026-05-29T19:32:44.048815613Z LEADER RECEIVES ACK FROM SERVER 3 FOR REQUEST 7
2026-05-29T19:32:44.051492293Z LEADER SENDS REQUEST 3 TO SERVER 4
2026-05-29T19:32:44.0543992Z LEADER SENDS REQUEST 1 TO SERVER 4
2026-05-29T19:32:44.059072411Z LEADER SENDS REQUEST 2 TO SERVER 4
2026-05-29T19:32:44.062356561Z LEADER SENDS REQUEST 5 TO SERVER 5
2026-05-29T19:32:44.065560797Z LEADER SENDS REQUEST 2 TO SERVER 5
2026-05-29T19:32:44.0682942Z LEADER SENDS REQUEST 7 TO SERVER 5
2026-05-29T19:32:44.071033018Z LEADER SENDS REQUEST 6 TO SERVER 5
2026-05-29T19:32:44.073951294Z LEADER SENDS REQUEST 4 TO SERVER 5
2026-05-29T19:32:44.077029752Z LEADER SENDS REQUEST 7 TO SERVER 4
2026-05-29T19:32:44.082734792Z LEADER SERVER 2 RECEIVES REQUEST 8 FROM CLIENT
2026-05-29T19:32:44.091845818Z LEADER SERVER 2 ADDS REQUEST 8 TO LOG ENTRY 8
2026-05-29T19:32:44.094799994Z LEADER SENDS REQUEST 8 TO SERVER 5
2026-05-29T19:32:44.097300618Z LEADER SENDS REQUEST 8 TO SERVER 1
2026-05-29T19:32:44.100240994Z LEADER SENDS REQUEST 1 TO SERVER 5
2026-05-29T19:32:44.102749715Z LEADER SENDS REQUEST 4 TO SERVER 4
2026-05-29T19:32:44.106488681Z LEADER SENDS REQUEST 6 TO SERVER 4
2026-05-29T19:32:44.109482568Z LEADER SENDS REQUEST 3 TO SERVER 5
2026-05-29T19:32:44.112393572Z LEADER SENDS REQUEST 5 TO SERVER 4
2026-05-29T19:32:44.115004355Z LEADER RECEIVES ACK FROM SERVER 1 FOR REQUEST 8
2026-05-29T19:32:44.117616051Z LEADER SENDS REQUEST 8 TO SERVER 3
2026-05-29T19:32:44.121338352Z LEADER SENDS REQUEST 8 TO SERVER 4
2026-05-29T19:32:44.124190294Z LEADER SENDS REQUEST 3 TO SERVER 4
2026-05-29T19:32:44.126820035Z LEADER SENDS REQUEST 2 TO SERVER 5
2026-05-29T19:32:44.12947746Z LEADER SENDS REQUEST 1 TO SERVER 4
2026-05-29T19:32:44.132229326Z LEADER SENDS REQUEST 5 TO SERVER 5
2026-05-29T19:32:44.134933607Z LEADER SENDS REQUEST 2 TO SERVER 4
2026-05-29T19:32:44.138018052Z LEADER SENDS REQUEST 6 TO SERVER 5
2026-05-29T19:32:44.14058318Z LEADER SENDS REQUEST 7 TO SERVER 5
2026-05-29T19:32:44.143195699Z LEADER SENDS REQUEST 4 TO SERVER 5
2026-05-29T19:32:44.14602877Z LEADER SENDS REQUEST 7 TO SERVER 4
2026-05-29T19:32:44.149041582Z LEADER RECEIVES ACK FROM SERVER 3 FOR REQUEST 8
2026-05-29T19:32:44.151629836Z LEADER SENDS REQUEST 6 TO SERVER 4
2026-05-29T19:32:44.154653281Z LEADER SENDS REQUEST 3 TO SERVER 5
2026-05-29T19:32:44.157418998Z LEADER SENDS REQUEST 8 TO SERVER 5
2026-05-29T19:32:44.16963766Z LEADER SERVER 2 RECEIVES REQUEST 9 FROM CLIENT
2026-05-29T19:32:44.179008663Z LEADER SERVER 2 ADDS REQUEST 9 TO LOG ENTRY 9
2026-05-29T19:32:44.182366103Z LEADER SENDS REQUEST 9 TO SERVER 5
2026-05-29T19:32:44.185593697Z LEADER SENDS REQUEST 9 TO SERVER 1
2026-05-29T19:32:44.188416602Z LEADER SENDS REQUEST 2 TO SERVER 5
2026-05-29T19:32:44.191819594Z LEADER SENDS REQUEST 4 TO SERVER 4
2026-05-29T19:32:44.196139698Z LEADER SENDS REQUEST 5 TO SERVER 4
2026-05-29T19:32:44.199812376Z LEADER SENDS REQUEST 8 TO SERVER 4
2026-05-29T19:32:44.203722233Z LEADER RECEIVES ACK FROM SERVER 1 FOR REQUEST 9
2026-05-29T19:32:44.207210717Z LEADER SENDS REQUEST 3 TO SERVER 4
2026-05-29T19:32:44.21005567Z LEADER SENDS REQUEST 1 TO SERVER 4
2026-05-29T19:32:44.212943269Z LEADER SENDS REQUEST 5 TO SERVER 5
2026-05-29T19:32:44.215198367Z LEADER SENDS REQUEST 1 TO SERVER 5
2026-05-29T19:32:44.217798396Z LEADER SENDS REQUEST 9 TO SERVER 3
2026-05-29T19:32:44.220543795Z LEADER SENDS REQUEST 9 TO SERVER 4
2026-05-29T19:32:44.2232801Z LEADER SENDS REQUEST 6 TO SERVER 4
2026-05-29T19:32:44.226614402Z LEADER SENDS REQUEST 2 TO SERVER 4
2026-05-29T19:32:44.230003926Z LEADER SENDS REQUEST 7 TO SERVER 4
2026-05-29T19:32:44.233431537Z LEADER SENDS REQUEST 6 TO SERVER 5
2026-05-29T19:32:44.23676585Z LEADER SENDS REQUEST 7 TO SERVER 5
2026-05-29T19:32:44.239410131Z LEADER SENDS REQUEST 4 TO SERVER 5
2026-05-29T19:32:44.242090822Z LEADER SENDS REQUEST 3 TO SERVER 5
2026-05-29T19:32:44.244900222Z LEADER SENDS REQUEST 8 TO SERVER 5
2026-05-29T19:32:44.247516951Z LEADER RECEIVES ACK FROM SERVER 3 FOR REQUEST 9
2026-05-29T19:32:44.267775461Z LEADER SERVER 2 RECEIVES REQUEST 10 FROM CLIENT
2026-05-29T19:32:44.278840108Z LEADER SERVER 2 ADDS REQUEST 10 TO LOG ENTRY 10
2026-05-29T19:32:44.281600076Z LEADER SENDS REQUEST 10 TO SERVER 1
2026-05-29T19:32:44.284217715Z LEADER SENDS REQUEST 10 TO SERVER 3
2026-05-29T19:32:44.286865811Z LEADER SENDS REQUEST 6 TO SERVER 4
2026-05-29T19:32:44.289747301Z LEADER SENDS REQUEST 2 TO SERVER 5
2026-05-29T19:32:44.293875619Z LEADER SENDS REQUEST 4 TO SERVER 4
2026-05-29T19:32:44.296476878Z LEADER SENDS REQUEST 5 TO SERVER 4
2026-05-29T19:32:44.299747695Z LEADER SENDS REQUEST 8 TO SERVER 4
2026-05-29T19:32:44.302689948Z LEADER SENDS REQUEST 5 TO SERVER 5
2026-05-29T19:32:44.305306352Z LEADER SENDS REQUEST 3 TO SERVER 4
2026-05-29T19:32:44.307722386Z LEADER SENDS REQUEST 1 TO SERVER 4
2026-05-29T19:32:44.310457958Z LEADER SENDS REQUEST 9 TO SERVER 4
2026-05-29T19:32:44.313062925Z LEADER SENDS REQUEST 1 TO SERVER 5
2026-05-29T19:32:44.316047166Z LEADER SENDS REQUEST 2 TO SERVER 4
2026-05-29T19:32:44.318692079Z LEADER SENDS REQUEST 6 TO SERVER 4
2026-05-29T19:32:44.321484896Z LEADER SENDS REQUEST 4 TO SERVER 5
2026-05-29T19:32:44.324351056Z LEADER SENDS REQUEST 7 TO SERVER 5
2026-05-29T19:32:44.327302395Z LEADER SENDS REQUEST 7 TO SERVER 4
2026-05-29T19:32:44.330526656Z LEADER SENDS REQUEST 6 TO SERVER 5
2026-05-29T19:32:44.332761876Z LEADER SENDS REQUEST 3 TO SERVER 5
2026-05-29T19:32:44.33499978Z LEADER SENDS REQUEST 8 TO SERVER 5
2026-05-29T19:32:44.337434005Z LEADER SENDS REQUEST 9 TO SERVER 5
2026-05-29T19:32:44.34017533Z LEADER SENDS REQUEST 10 TO SERVER 4
2026-05-29T19:32:44.343064417Z LEADER SENDS REQUEST 10 TO SERVER 5
2026-05-29T19:32:44.345551341Z LEADER RECEIVES ACK FROM SERVER 1 FOR REQUEST 10
2026-05-29T19:32:44.348307979Z LEADER RECEIVES ACK FROM SERVER 3 FOR REQUEST 10
2026-05-29T19:32:44.35056456Z LEADER SENDS REQUEST 4 TO SERVER 4
2026-05-29T19:32:44.353049037Z LEADER SENDS REQUEST 3 TO SERVER 4
2026-05-29T19:32:44.370167116Z LEADER SERVER 2 RECEIVES REQUEST 11 FROM CLIENT
2026-05-29T19:32:44.377521051Z LEADER SERVER 2 ADDS REQUEST 11 TO LOG ENTRY 11
2026-05-29T19:32:44.379527569Z LEADER SENDS REQUEST 11 TO SERVER 5
2026-05-29T19:32:44.381741095Z LEADER SENDS REQUEST 4 TO SERVER 4
2026-05-29T19:32:44.383983252Z LEADER SENDS REQUEST 3 TO SERVER 4
2026-05-29T19:32:44.386178194Z LEADER SENDS REQUEST 11 TO SERVER 1
2026-05-29T19:32:44.388334682Z LEADER SENDS REQUEST 10 TO SERVER 4
2026-05-29T19:32:44.390328055Z LEADER SENDS REQUEST 1 TO SERVER 5
2026-05-29T19:32:44.393832813Z LEADER SENDS REQUEST 1 TO SERVER 4
2026-05-29T19:32:44.396598388Z LEADER SENDS REQUEST 5 TO SERVER 4
2026-05-29T19:32:44.399704715Z LEADER SENDS REQUEST 8 TO SERVER 4
2026-05-29T19:32:44.402283013Z LEADER SENDS REQUEST 5 TO SERVER 5
2026-05-29T19:32:44.405124384Z LEADER SENDS REQUEST 2 TO SERVER 4
2026-05-29T19:32:44.40807638Z LEADER SENDS REQUEST 9 TO SERVER 4
2026-05-29T19:32:44.41128666Z LEADER SENDS REQUEST 7 TO SERVER 4
2026-05-29T19:32:44.414366642Z LEADER SENDS REQUEST 7 TO SERVER 5
2026-05-29T19:32:44.417393318Z LEADER SENDS REQUEST 6 TO SERVER 4
2026-05-29T19:32:44.420201742Z LEADER SENDS REQUEST 4 TO SERVER 5
2026-05-29T19:32:44.423078142Z LEADER SENDS REQUEST 2 TO SERVER 5
2026-05-29T19:32:44.425869953Z LEADER SENDS REQUEST 11 TO SERVER 3
2026-05-29T19:32:44.429067906Z LEADER SENDS REQUEST 11 TO SERVER 4
2026-05-29T19:32:44.432055065Z LEADER SENDS REQUEST 6 TO SERVER 5
2026-05-29T19:32:44.435174564Z LEADER SENDS REQUEST 3 TO SERVER 5
2026-05-29T19:32:44.43789317Z LEADER SENDS REQUEST 9 TO SERVER 5
2026-05-29T19:32:44.440560658Z LEADER SENDS REQUEST 10 TO SERVER 5
2026-05-29T19:32:44.444693538Z LEADER SENDS REQUEST 8 TO SERVER 5
2026-05-29T19:32:44.44790487Z LEADER RECEIVES ACK FROM SERVER 1 FOR REQUEST 11
2026-05-29T19:32:44.451132929Z LEADER RECEIVES ACK FROM SERVER 3 FOR REQUEST 11
2026-05-29T19:32:44.47322228Z LEADER SENDS REQUEST 10 TO SERVER 4
2026-05-29T19:32:44.47641383Z LEADER SENDS REQUEST 3 TO SERVER 4
2026-05-29T19:32:44.479617648Z LEADER SENDS REQUEST 8 TO SERVER 5
2026-05-29T19:32:44.482506684Z LEADER SENDS REQUEST 11 TO SERVER 5
2026-05-29T19:32:44.485594464Z LEADER SENDS REQUEST 1 TO SERVER 5
2026-05-29T19:32:44.488542863Z LEADER SENDS REQUEST 4 TO SERVER 4
2026-05-29T19:32:44.491694887Z LEADER SENDS REQUEST 1 TO SERVER 4
2026-05-29T19:32:44.494762037Z LEADER SERVER 2 RECEIVES REQUEST 12 FROM CLIENT
2026-05-29T19:32:44.508158236Z LEADER SERVER 2 ADDS REQUEST 12 TO LOG ENTRY 12
2026-05-29T19:32:44.511302328Z LEADER SENDS REQUEST 2 TO SERVER 4
2026-05-29T19:32:44.514712649Z LEADER SENDS REQUEST 7 TO SERVER 5
2026-05-29T19:32:44.517918287Z LEADER SENDS REQUEST 5 TO SERVER 4
2026-05-29T19:32:44.520539362Z LEADER SENDS REQUEST 8 TO SERVER 4
2026-05-29T19:32:44.523476194Z LEADER SENDS REQUEST 5 TO SERVER 5
2026-05-29T19:32:44.526325696Z LEADER SENDS REQUEST 4 TO SERVER 5
2026-05-29T19:32:44.529548137Z LEADER SENDS REQUEST 9 TO SERVER 4
2026-05-29T19:32:44.532575334Z LEADER SENDS REQUEST 7 TO SERVER 4
2026-05-29T19:32:44.5355382Z LEADER SENDS REQUEST 6 TO SERVER 4
2026-05-29T19:32:44.538847742Z LEADER SENDS REQUEST 11 TO SERVER 4
2026-05-29T19:32:44.542496664Z LEADER SENDS REQUEST 2 TO SERVER 5
2026-05-29T19:32:44.545729196Z LEADER SENDS REQUEST 6 TO SERVER 5
2026-05-29T19:32:44.548680917Z LEADER SENDS REQUEST 3 TO SERVER 5
2026-05-29T19:32:44.551999043Z LEADER SENDS REQUEST 9 TO SERVER 5
2026-05-29T19:32:44.555287306Z LEADER SENDS REQUEST 10 TO SERVER 5
2026-05-29T19:32:44.558421668Z LEADER SENDS REQUEST 12 TO SERVER 1
2026-05-29T19:32:44.561460134Z LEADER SENDS REQUEST 12 TO SERVER 3
2026-05-29T19:32:44.56410662Z LEADER SENDS REQUEST 12 TO SERVER 4
2026-05-29T19:32:44.566757351Z LEADER SENDS REQUEST 12 TO SERVER 5
2026-05-29T19:32:44.577658606Z LEADER SENDS REQUEST 10 TO SERVER 4
2026-05-29T19:32:44.581474172Z LEADER RECEIVES ACK FROM SERVER 1 FOR REQUEST 12
2026-05-29T19:32:44.585226528Z LEADER RECEIVES ACK FROM SERVER 3 FOR REQUEST 12
2026-05-29T19:32:44.5886788Z LEADER SENDS REQUEST 8 TO SERVER 5
2026-05-29T19:32:44.592673587Z LEADER SENDS REQUEST 1 TO SERVER 5
2026-05-29T19:32:44.596295561Z LEADER SENDS REQUEST 11 TO SERVER 5
2026-05-29T19:32:44.59914353Z LEADER SENDS REQUEST 3 TO SERVER 4
2026-05-29T19:32:44.602536608Z LEADER SENDS REQUEST 1 TO SERVER 4
2026-05-29T19:32:44.605220296Z LEADER SENDS REQUEST 4 TO SERVER 4
2026-05-29T19:32:44.60782612Z LEADER SENDS REQUEST 11 TO SERVER 4
2026-05-29T19:32:44.610894831Z LEADER SENDS REQUEST 6 TO SERVER 4
2026-05-29T19:32:44.614152958Z LEADER SENDS REQUEST 7 TO SERVER 5
2026-05-29T19:32:44.617722441Z LEADER SENDS REQUEST 9 TO SERVER 5
2026-05-29T19:32:44.621326691Z LEADER SENDS REQUEST 10 TO SERVER 5
2026-05-29T19:32:44.624276858Z LEADER SENDS REQUEST 8 TO SERVER 4
2026-05-29T19:32:44.627393828Z LEADER SENDS REQUEST 5 TO SERVER 5
2026-05-29T19:32:44.630128786Z LEADER SENDS REQUEST 2 TO SERVER 4
2026-05-29T19:32:44.632665771Z LEADER SENDS REQUEST 4 TO SERVER 5
2026-05-29T19:32:44.635010514Z LEADER SENDS REQUEST 2 TO SERVER 5
2026-05-29T19:32:44.63739044Z LEADER SENDS REQUEST 7 TO SERVER 4
2026-05-29T19:32:44.639580407Z LEADER SENDS REQUEST 11 TO SERVER 4
2026-05-29T19:32:44.641912148Z LEADER SENDS REQUEST 9 TO SERVER 4
2026-05-29T19:32:44.644185271Z LEADER SENDS REQUEST 3 TO SERVER 5
2026-05-29T19:32:44.646651921Z LEADER SENDS REQUEST 5 TO SERVER 4
2026-05-29T19:32:44.648881945Z LEADER SENDS REQUEST 12 TO SERVER 4
2026-05-29T19:32:44.651055258Z LEADER SENDS REQUEST 12 TO SERVER 5
2026-05-29T19:32:44.653599604Z LEADER SENDS REQUEST 11 TO SERVER 5
2026-05-29T19:32:44.656046414Z LEADER SENDS REQUEST 1 TO SERVER 4
2026-05-29T19:32:44.658787253Z LEADER SENDS REQUEST 10 TO SERVER 4
2026-05-29T19:32:44.66133025Z LEADER SENDS REQUEST 6 TO SERVER 5
2026-05-29T19:32:44.663894334Z LEADER SENDS REQUEST 9 TO SERVER 5
2026-05-29T19:32:44.666571611Z LEADER SENDS REQUEST 10 TO SERVER 5
2026-05-29T19:32:44.669887255Z LEADER SERVER 2 RECEIVES REQUEST 13 FROM CLIENT
2026-05-29T19:32:44.681104971Z LEADER SERVER 2 ADDS REQUEST 13 TO LOG ENTRY 13
2026-05-29T19:32:44.68568354Z LEADER SENDS REQUEST 13 TO SERVER 3
2026-05-29T19:32:44.688924163Z LEADER SENDS REQUEST 13 TO SERVER 4
2026-05-29T19:32:44.693047517Z LEADER SENDS REQUEST 2 TO SERVER 5
2026-05-29T19:32:44.696477896Z LEADER SENDS REQUEST 9 TO SERVER 4
2026-05-29T19:32:44.699670895Z LEADER SENDS REQUEST 3 TO SERVER 5
2026-05-29T19:32:44.702433Z LEADER SENDS REQUEST 8 TO SERVER 5
2026-05-29T19:32:44.705200156Z LEADER SENDS REQUEST 7 TO SERVER 5
2026-05-29T19:32:44.708268228Z LEADER SENDS REQUEST 3 TO SERVER 4
2026-05-29T19:32:44.711203835Z LEADER SENDS REQUEST 4 TO SERVER 4
2026-05-29T19:32:44.714667254Z LEADER SENDS REQUEST 6 TO SERVER 4
2026-05-29T19:32:44.71732902Z LEADER SENDS REQUEST 1 TO SERVER 5
2026-05-29T19:32:44.720377654Z LEADER SENDS REQUEST 12 TO SERVER 4
2026-05-29T19:32:44.72292166Z LEADER SENDS REQUEST 5 TO SERVER 5
2026-05-29T19:32:44.73020058Z LEADER SENDS REQUEST 8 TO SERVER 4
2026-05-29T19:32:44.733583122Z LEADER SENDS REQUEST 13 TO SERVER 5
2026-05-29T19:32:44.737142514Z LEADER SENDS REQUEST 13 TO SERVER 1
2026-05-29T19:32:44.740272021Z LEADER SENDS REQUEST 4 TO SERVER 5
2026-05-29T19:32:44.74320351Z LEADER SENDS REQUEST 2 TO SERVER 4
2026-05-29T19:32:44.746285544Z LEADER SENDS REQUEST 7 TO SERVER 4
2026-05-29T19:32:44.74903677Z LEADER SENDS REQUEST 11 TO SERVER 4
2026-05-29T19:32:44.752201716Z LEADER SENDS REQUEST 5 TO SERVER 4
2026-05-29T19:32:44.755145445Z LEADER SENDS REQUEST 12 TO SERVER 5
2026-05-29T19:32:44.758449297Z LEADER RECEIVES ACK FROM SERVER 3 FOR REQUEST 13
2026-05-29T19:32:44.761636782Z LEADER SENDS REQUEST 1 TO SERVER 4
2026-05-29T19:32:44.764941768Z LEADER SENDS REQUEST 10 TO SERVER 4
2026-05-29T19:32:44.768981125Z LEADER SENDS REQUEST 9 TO SERVER 5
2026-05-29T19:32:44.772876339Z LEADER SENDS REQUEST 6 TO SERVER 5
2026-05-29T19:32:44.776427769Z LEADER SENDS REQUEST 10 TO SERVER 5
2026-05-29T19:32:44.779401127Z LEADER SENDS REQUEST 7 TO SERVER 5
2026-05-29T19:32:44.782481271Z LEADER SENDS REQUEST 6 TO SERVER 4
2026-05-29T19:32:44.784952007Z LEADER RECEIVES ACK FROM SERVER 1 FOR REQUEST 13
2026-05-29T19:32:44.787784256Z LEADER SENDS REQUEST 11 TO SERVER 5
2026-05-29T19:32:44.790571531Z LEADER SENDS REQUEST 7 TO SERVER 4
2026-05-29T19:32:44.793539555Z LEADER SENDS REQUEST 11 TO SERVER 4
2026-05-29T19:32:44.796917696Z LEADER SENDS REQUEST 5 TO SERVER 4
2026-05-29T19:32:44.800124058Z LEADER SENDS REQUEST 9 TO SERVER 4
2026-05-29T19:32:44.803102639Z LEADER SENDS REQUEST 13 TO SERVER 4
2026-05-29T19:32:44.806918258Z LEADER SERVER 2 RECEIVES REQUEST 14 FROM CLIENT
2026-05-29T19:32:44.818015578Z LEADER SERVER 2 ADDS REQUEST 14 TO LOG ENTRY 14
2026-05-29T19:32:44.820877097Z LEADER SENDS REQUEST 2 TO SERVER 5
2026-05-29T19:32:44.823241331Z LEADER SENDS REQUEST 3 TO SERVER 5
2026-05-29T19:32:44.826093676Z LEADER SENDS REQUEST 8 TO SERVER 5
2026-05-29T19:32:44.828553947Z LEADER SENDS REQUEST 3 TO SERVER 4
2026-05-29T19:32:44.83103698Z LEADER SENDS REQUEST 4 TO SERVER 4
2026-05-29T19:32:44.834323044Z LEADER SENDS REQUEST 5 TO SERVER 5
2026-05-29T19:32:44.837611391Z LEADER SENDS REQUEST 12 TO SERVER 4
2026-05-29T19:32:44.841447845Z LEADER SENDS REQUEST 13 TO SERVER 5
2026-05-29T19:32:44.845418167Z LEADER SENDS REQUEST 8 TO SERVER 4
2026-05-29T19:32:44.849408422Z LEADER SENDS REQUEST 4 TO SERVER 5
2026-05-29T19:32:44.85249648Z LEADER SENDS REQUEST 2 TO SERVER 4
2026-05-29T19:32:44.856505853Z LEADER SENDS REQUEST 10 TO SERVER 4
2026-05-29T19:32:44.860749897Z LEADER SENDS REQUEST 12 TO SERVER 5
2026-05-29T19:32:44.863789983Z LEADER SENDS REQUEST 1 TO SERVER 4
2026-05-29T19:32:44.866648878Z LEADER SENDS REQUEST 9 TO SERVER 5
2026-05-29T19:32:44.869535197Z LEADER SENDS REQUEST 6 TO SERVER 5
2026-05-29T19:32:44.87242765Z LEADER SENDS REQUEST 14 TO SERVER 5
2026-05-29T19:32:44.875545686Z LEADER SENDS REQUEST 14 TO SERVER 1
2026-05-29T19:32:44.878931874Z LEADER SENDS REQUEST 14 TO SERVER 3
2026-05-29T19:32:44.882470049Z LEADER SENDS REQUEST 14 TO SERVER 4
2026-05-29T19:32:44.886412787Z LEADER SENDS REQUEST 10 TO SERVER 5
2026-05-29T19:32:44.891222896Z LEADER SENDS REQUEST 9 TO SERVER 4
2026-05-29T19:32:44.894519372Z LEADER SENDS REQUEST 1 TO SERVER 5
2026-05-29T19:32:44.898041587Z LEADER SENDS REQUEST 7 TO SERVER 5
2026-05-29T19:32:44.901033043Z LEADER SENDS REQUEST 11 TO SERVER 4
2026-05-29T19:32:44.905152264Z LEADER SENDS REQUEST 5 TO SERVER 4
2026-05-29T19:32:44.907978484Z LEADER SENDS REQUEST 3 TO SERVER 4
2026-05-29T19:32:44.911047311Z LEADER SENDS REQUEST 6 TO SERVER 4
2026-05-29T19:32:44.914419904Z LEADER SENDS REQUEST 7 TO SERVER 4
2026-05-29T19:32:44.917631464Z LEADER SENDS REQUEST 11 TO SERVER 5
2026-05-29T19:32:44.920471721Z LEADER SENDS REQUEST 13 TO SERVER 4
2026-05-29T19:32:44.923427713Z LEADER SENDS REQUEST 12 TO SERVER 4
2026-05-29T19:32:44.926376479Z LEADER SENDS REQUEST 12 TO SERVER 5
2026-05-29T19:32:44.929445184Z LEADER RECEIVES ACK FROM SERVER 1 FOR REQUEST 14
2026-05-29T19:32:44.932763284Z LEADER RECEIVES ACK FROM SERVER 3 FOR REQUEST 14
2026-05-29T19:32:44.936255577Z LEADER SENDS REQUEST 3 TO SERVER 5
2026-05-29T19:32:44.940169468Z LEADER SENDS REQUEST 2 TO SERVER 5
2026-05-29T19:32:44.94319606Z LEADER SENDS REQUEST 8 TO SERVER 5
2026-05-29T19:32:44.946471388Z LEADER SENDS REQUEST 5 TO SERVER 5
2026-05-29T19:32:44.949762195Z LEADER SENDS REQUEST 9 TO SERVER 4
2026-05-29T19:32:44.952773967Z LEADER SENDS REQUEST 4 TO SERVER 4
2026-05-29T19:32:44.956024742Z LEADER SENDS REQUEST 4 TO SERVER 5
2026-05-29T19:32:44.959506021Z LEADER SENDS REQUEST 8 TO SERVER 4
2026-05-29T19:32:44.96224879Z LEADER SENDS REQUEST 13 TO SERVER 5
2026-05-29T19:32:44.965414008Z LEADER SENDS REQUEST 9 TO SERVER 5
2026-05-29T19:32:44.968810433Z LEADER SENDS REQUEST 6 TO SERVER 4
2026-05-29T19:32:44.971753601Z LEADER SENDS REQUEST 2 TO SERVER 4
2026-05-29T19:32:44.974753574Z LEADER SENDS REQUEST 10 TO SERVER 4
2026-05-29T19:32:44.977722569Z LEADER SENDS REQUEST 11 TO SERVER 5
2026-05-29T19:32:44.981274181Z LEADER SENDS REQUEST 14 TO SERVER 5
2026-05-29T19:32:44.98483062Z LEADER SENDS REQUEST 14 TO SERVER 4
2026-05-29T19:32:44.988015481Z LEADER SENDS REQUEST 10 TO SERVER 5
2026-05-29T19:32:44.99099052Z LEADER SENDS REQUEST 12 TO SERVER 5
2026-05-29T19:32:44.993634681Z LEADER SENDS REQUEST 3 TO SERVER 4
2026-05-29T19:32:44.99729281Z LEADER SENDS REQUEST 1 TO SERVER 5
2026-05-29T19:32:45.000229142Z LEADER SENDS REQUEST 7 TO SERVER 5
2026-05-29T19:32:45.003172235Z LEADER SENDS REQUEST 11 TO SERVER 4
2026-05-29T19:32:45.005517602Z LEADER SENDS REQUEST 5 TO SERVER 4
2026-05-29T19:32:45.008389461Z LEADER SENDS REQUEST 7 TO SERVER 4
2026-05-29T19:32:45.011404591Z LEADER SENDS REQUEST 2 TO SERVER 5
2026-05-29T19:32:45.014423664Z LEADER SENDS REQUEST 6 TO SERVER 5
2026-05-29T19:32:45.017504888Z LEADER SENDS REQUEST 8 TO SERVER 5
2026-05-29T19:32:45.020430687Z LEADER SENDS REQUEST 13 TO SERVER 4
2026-05-29T19:32:45.023268067Z LEADER SERVER 2 RECEIVES REQUEST 15 FROM CLIENT
2026-05-29T19:32:45.034659907Z LEADER SERVER 2 ADDS REQUEST 15 TO LOG ENTRY 15
2026-05-29T19:32:45.038352573Z LEADER SENDS REQUEST 8 TO SERVER 4
2026-05-29T19:32:45.041182213Z LEADER SENDS REQUEST 12 TO SERVER 4
2026-05-29T19:32:45.043907495Z LEADER SENDS REQUEST 3 TO SERVER 5
2026-05-29T19:32:45.046839209Z LEADER SENDS REQUEST 5 TO SERVER 5
2026-05-29T19:32:45.0494768Z LEADER SENDS REQUEST 9 TO SERVER 4
2026-05-29T19:32:45.052556755Z LEADER SENDS REQUEST 4 TO SERVER 4
2026-05-29T19:32:45.055174751Z LEADER SENDS REQUEST 13 TO SERVER 5
2026-05-29T19:32:45.058062907Z LEADER SENDS REQUEST 4 TO SERVER 5
2026-05-29T19:32:45.061047989Z LEADER SENDS REQUEST 9 TO SERVER 5
2026-05-29T19:32:45.065119591Z LEADER SENDS REQUEST 15 TO SERVER 1
2026-05-29T19:32:45.06829365Z LEADER SENDS REQUEST 15 TO SERVER 3
2026-05-29T19:32:45.071102492Z LEADER SENDS REQUEST 15 TO SERVER 4
2026-05-29T19:32:45.073907243Z LEADER SENDS REQUEST 15 TO SERVER 5
2026-05-29T19:32:45.077127534Z LEADER SENDS REQUEST 6 TO SERVER 4
2026-05-29T19:32:45.080632005Z LEADER SENDS REQUEST 11 TO SERVER 5
2026-05-29T19:32:45.083426436Z LEADER SENDS REQUEST 10 TO SERVER 4
2026-05-29T19:32:45.085825728Z LEADER SENDS REQUEST 14 TO SERVER 5
2026-05-29T19:32:45.088267606Z LEADER SENDS REQUEST 3 TO SERVER 4
2026-05-29T19:32:45.091610853Z LEADER SENDS REQUEST 12 TO SERVER 5
2026-05-29T19:32:45.094344497Z LEADER SENDS REQUEST 10 TO SERVER 5
2026-05-29T19:32:45.096882332Z LEADER SENDS REQUEST 14 TO SERVER 4
2026-05-29T19:32:45.100112441Z LEADER SENDS REQUEST 11 TO SERVER 4
2026-05-29T19:32:45.1027195Z LEADER SENDS REQUEST 7 TO SERVER 5
2026-05-29T19:32:45.105957213Z LEADER SENDS REQUEST 5 TO SERVER 4
2026-05-29T19:32:45.109219884Z LEADER SENDS REQUEST 7 TO SERVER 4
2026-05-29T19:32:45.112504342Z LEADER SENDS REQUEST 6 TO SERVER 5
2026-05-29T19:32:45.115618572Z LEADER SENDS REQUEST 13 TO SERVER 4
2026-05-29T19:32:45.118697527Z LEADER SENDS REQUEST 8 TO SERVER 5
2026-05-29T19:32:45.121596998Z LEADER RECEIVES ACK FROM SERVER 1 FOR REQUEST 15
2026-05-29T19:32:45.12446148Z LEADER RECEIVES ACK FROM SERVER 3 FOR REQUEST 15
2026-05-29T19:32:45.12703905Z LEADER SENDS REQUEST 8 TO SERVER 4
2026-05-29T19:32:45.130244397Z LEADER SENDS REQUEST 12 TO SERVER 4
2026-05-29T19:32:45.133446644Z LEADER SENDS REQUEST 13 TO SERVER 5
2026-05-29T19:32:45.136595296Z LEADER SENDS REQUEST 4 TO SERVER 4
2026-05-29T19:32:45.139553965Z LEADER SENDS REQUEST 9 TO SERVER 4
2026-05-29T19:32:45.142289366Z LEADER SENDS REQUEST 3 TO SERVER 5
2026-05-29T19:32:45.145370328Z LEADER SENDS REQUEST 5 TO SERVER 5
2026-05-29T19:32:45.147916557Z LEADER SENDS REQUEST 9 TO SERVER 5
2026-05-29T19:32:45.150929643Z LEADER SENDS REQUEST 4 TO SERVER 5
2026-05-29T19:32:45.153509096Z LEADER SENDS REQUEST 15 TO SERVER 4
2026-05-29T19:32:45.156151748Z LEADER SENDS REQUEST 15 TO SERVER 5
2026-05-29T19:32:45.158850716Z LEADER SENDS REQUEST 6 TO SERVER 4
2026-05-29T19:32:45.161371704Z LEADER SENDS REQUEST 14 TO SERVER 4
2026-05-29T19:32:45.164023698Z LEADER SENDS REQUEST 10 TO SERVER 5
2026-05-29T19:32:45.166138171Z LEADER SENDS REQUEST 11 TO SERVER 5
2026-05-29T19:32:45.168787098Z LEADER SENDS REQUEST 10 TO SERVER 4
2026-05-29T19:32:45.171859989Z LEADER SENDS REQUEST 12 TO SERVER 5
2026-05-29T19:32:45.174804593Z LEADER SENDS REQUEST 14 TO SERVER 5
2026-05-29T19:32:45.178219988Z LEADER SENDS REQUEST 11 TO SERVER 4
2026-05-29T19:32:45.181086796Z LEADER SENDS REQUEST 7 TO SERVER 5
2026-05-29T19:32:45.183801193Z LEADER SENDS REQUEST 5 TO SERVER 4
2026-05-29T19:32:45.18735795Z LEADER SENDS REQUEST 13 TO SERVER 4
2026-05-29T19:32:45.190317535Z LEADER SENDS REQUEST 8 TO SERVER 5
2026-05-29T19:32:45.193206092Z LEADER SENDS REQUEST 12 TO SERVER 4
2026-05-29T19:32:45.195810314Z LEADER SENDS REQUEST 6 TO SERVER 5
2026-05-29T19:32:45.198710796Z LEADER SENDS REQUEST 7 TO SERVER 4
2026-05-29T19:32:45.201612072Z LEADER SENDS REQUEST 8 TO SERVER 4
2026-05-29T19:32:45.204011611Z LEADER SENDS REQUEST 13 TO SERVER 5
2026-05-29T19:32:45.206490748Z LEADER SENDS REQUEST 4 TO SERVER 4
2026-05-29T19:32:45.209620952Z LEADER SENDS REQUEST 9 TO SERVER 4
2026-05-29T19:32:45.212278988Z LEADER SENDS REQUEST 3 TO SERVER 5
2026-05-29T19:32:45.215294548Z LEADER SENDS REQUEST 5 TO SERVER 5
2026-05-29T19:32:45.218308142Z LEADER SERVER 2 RECEIVES REQUEST 16 FROM CLIENT
2026-05-29T19:32:45.229292969Z LEADER SERVER 2 ADDS REQUEST 16 TO LOG ENTRY 16
2026-05-29T19:32:45.232130926Z LEADER SENDS REQUEST 9 TO SERVER 5
2026-05-29T19:32:45.234880835Z LEADER SENDS REQUEST 14 TO SERVER 4
2026-05-29T19:32:45.237257596Z LEADER SENDS REQUEST 10 TO SERVER 5
2026-05-29T19:32:45.240045952Z LEADER SENDS REQUEST 15 TO SERVER 5
2026-05-29T19:32:45.242807753Z LEADER SENDS REQUEST 4 TO SERVER 5
2026-05-29T19:32:45.245705628Z LEADER SENDS REQUEST 15 TO SERVER 4
2026-05-29T19:32:45.248213612Z LEADER SENDS REQUEST 6 TO SERVER 4
2026-05-29T19:32:45.251033455Z LEADER SENDS REQUEST 10 TO SERVER 4
2026-05-29T19:32:45.254296392Z LEADER SENDS REQUEST 12 TO SERVER 5
2026-05-29T19:32:45.257181245Z LEADER SENDS REQUEST 11 TO SERVER 5
2026-05-29T19:32:45.260367532Z LEADER SENDS REQUEST 16 TO SERVER 4
2026-05-29T19:32:45.263376727Z LEADER SENDS REQUEST 16 TO SERVER 5
2026-05-29T19:32:45.266342162Z LEADER SENDS REQUEST 16 TO SERVER 1
2026-05-29T19:32:45.269471553Z LEADER SENDS REQUEST 16 TO SERVER 3
2026-05-29T19:32:45.271930751Z LEADER SENDS REQUEST 14 TO SERVER 5
2026-05-29T19:32:45.274281499Z LEADER SENDS REQUEST 11 TO SERVER 4
2026-05-29T19:32:45.276915803Z LEADER SENDS REQUEST 7 TO SERVER 5
2026-05-29T19:32:45.279228052Z LEADER SENDS REQUEST 5 TO SERVER 4
2026-05-29T19:32:45.28290955Z LEADER SENDS REQUEST 6 TO SERVER 5
2026-05-29T19:32:45.285908171Z LEADER SENDS REQUEST 8 TO SERVER 5
2026-05-29T19:32:45.288583457Z LEADER SENDS REQUEST 13 TO SERVER 4
2026-05-29T19:32:45.291259621Z LEADER SENDS REQUEST 12 TO SERVER 4
2026-05-29T19:32:45.295341714Z LEADER SENDS REQUEST 7 TO SERVER 4
2026-05-29T19:32:45.29802583Z LEADER SENDS REQUEST 8 TO SERVER 4
2026-05-29T19:32:45.300504372Z LEADER SENDS REQUEST 13 TO SERVER 5
2026-05-29T19:32:45.303169739Z LEADER RECEIVES ACK FROM SERVER 1 FOR REQUEST 16
2026-05-29T19:32:45.305611965Z LEADER SENDS REQUEST 4 TO SERVER 4
2026-05-29T19:32:45.308709984Z LEADER RECEIVES ACK FROM SERVER 3 FOR REQUEST 16
2026-05-29T19:32:45.311234964Z LEADER SENDS REQUEST 5 TO SERVER 5
2026-05-29T19:32:45.313750407Z LEADER SENDS REQUEST 9 TO SERVER 4
2026-05-29T19:32:45.316341085Z LEADER SENDS REQUEST 9 TO SERVER 5
2026-05-29T19:32:45.31888719Z LEADER SENDS REQUEST 10 TO SERVER 5
2026-05-29T19:32:45.321258516Z LEADER SENDS REQUEST 14 TO SERVER 4
2026-05-29T19:32:45.323794656Z LEADER SENDS REQUEST 15 TO SERVER 4
2026-05-29T19:32:45.327006615Z LEADER SENDS REQUEST 6 TO SERVER 4
2026-05-29T19:32:45.330029183Z LEADER SENDS REQUEST 15 TO SERVER 5
2026-05-29T19:32:45.332421575Z LEADER SENDS REQUEST 4 TO SERVER 5
2026-05-29T19:32:45.335064392Z LEADER SENDS REQUEST 10 TO SERVER 4
2026-05-29T19:32:45.337908766Z LEADER SENDS REQUEST 12 TO SERVER 5
2026-05-29T19:32:45.340585619Z LEADER SENDS REQUEST 11 TO SERVER 5
2026-05-29T19:32:45.343311517Z LEADER SENDS REQUEST 16 TO SERVER 5
2026-05-29T19:32:45.345973277Z LEADER SENDS REQUEST 16 TO SERVER 4
2026-05-29T19:32:45.348529186Z LEADER SENDS REQUEST 14 TO SERVER 5
2026-05-29T19:32:45.35140091Z LEADER SENDS REQUEST 7 TO SERVER 5
2026-05-29T19:32:45.353759909Z LEADER SENDS REQUEST 11 TO SERVER 4
2026-05-29T19:32:45.35645381Z LEADER SENDS REQUEST 5 TO SERVER 4
2026-05-29T19:32:45.359022057Z LEADER SENDS REQUEST 8 TO SERVER 5
2026-05-29T19:32:45.361620083Z LEADER SENDS REQUEST 6 TO SERVER 5
2026-05-29T19:32:45.364811441Z LEADER SENDS REQUEST 12 TO SERVER 4
2026-05-29T19:32:45.367657877Z LEADER SENDS REQUEST 13 TO SERVER 4
2026-05-29T19:32:45.370273528Z LEADER SENDS REQUEST 7 TO SERVER 4
2026-05-29T19:32:45.373041192Z LEADER SENDS REQUEST 13 TO SERVER 5
2026-05-29T19:32:45.375888882Z LEADER SENDS REQUEST 8 TO SERVER 4
2026-05-29T19:32:45.379000186Z LEADER SENDS REQUEST 5 TO SERVER 5
2026-05-29T19:32:45.381618841Z LEADER SENDS REQUEST 9 TO SERVER 4
2026-05-29T19:32:45.384609187Z LEADER SENDS REQUEST 9 TO SERVER 5
2026-05-29T19:32:45.387342127Z LEADER SENDS REQUEST 10 TO SERVER 5
2026-05-29T19:32:45.389756657Z LEADER SENDS REQUEST 14 TO SERVER 4
2026-05-29T19:32:45.392206362Z LEADER SENDS REQUEST 6 TO SERVER 4
2026-05-29T19:32:45.394745012Z LEADER SENDS REQUEST 15 TO SERVER 4
2026-05-29T19:32:45.397122036Z LEADER SENDS REQUEST 15 TO SERVER 5
2026-05-29T19:32:45.399511187Z LEADER SERVER 2 RECEIVES REQUEST 17 FROM CLIENT
2026-05-29T19:32:45.411046849Z LEADER SERVER 2 ADDS REQUEST 17 TO LOG ENTRY 17
2026-05-29T19:32:45.414095095Z LEADER SENDS REQUEST 10 TO SERVER 4
2026-05-29T19:32:45.417032818Z LEADER SENDS REQUEST 12 TO SERVER 5
2026-05-29T19:32:45.419717364Z LEADER SENDS REQUEST 11 TO SERVER 5
2026-05-29T19:32:45.423012726Z LEADER SENDS REQUEST 16 TO SERVER 5
2026-05-29T19:32:45.425814352Z LEADER SENDS REQUEST 11 TO SERVER 4
2026-05-29T19:32:45.429321962Z LEADER SENDS REQUEST 14 TO SERVER 5
2026-05-29T19:32:45.432074238Z LEADER SENDS REQUEST 16 TO SERVER 4
2026-05-29T19:32:45.434861647Z LEADER SENDS REQUEST 7 TO SERVER 5
2026-05-29T19:32:45.437607463Z LEADER SENDS REQUEST 5 TO SERVER 4
2026-05-29T19:32:45.440111875Z LEADER SENDS REQUEST 17 TO SERVER 5
2026-05-29T19:32:45.442821962Z LEADER SENDS REQUEST 17 TO SERVER 1
2026-05-29T19:32:45.445357891Z LEADER SENDS REQUEST 17 TO SERVER 3
2026-05-29T19:32:45.44850066Z LEADER SENDS REQUEST 17 TO SERVER 4
2026-05-29T19:32:45.451421983Z LEADER SENDS REQUEST 8 TO SERVER 5
2026-05-29T19:32:45.454550565Z LEADER SENDS REQUEST 6 TO SERVER 5
2026-05-29T19:32:45.457666495Z LEADER SENDS REQUEST 12 TO SERVER 4
2026-05-29T19:32:45.461120322Z LEADER SENDS REQUEST 13 TO SERVER 4
2026-05-29T19:32:45.464009549Z LEADER SENDS REQUEST 7 TO SERVER 4
2026-05-29T19:32:45.466397443Z LEADER SENDS REQUEST 8 TO SERVER 4
2026-05-29T19:32:45.469143255Z LEADER SENDS REQUEST 13 TO SERVER 5
2026-05-29T19:32:45.47173351Z LEADER SENDS REQUEST 9 TO SERVER 4
2026-05-29T19:32:45.474374489Z LEADER SENDS REQUEST 9 TO SERVER 5
2026-05-29T19:32:45.476937053Z LEADER SENDS REQUEST 10 TO SERVER 5
2026-05-29T19:32:45.479448628Z LEADER SENDS REQUEST 14 TO SERVER 4
2026-05-29T19:32:45.482796667Z LEADER SENDS REQUEST 15 TO SERVER 4
2026-05-29T19:32:45.486018799Z LEADER SENDS REQUEST 15 TO SERVER 5
2026-05-29T19:32:45.489382941Z LEADER RECEIVES ACK FROM SERVER 1 FOR REQUEST 17
2026-05-29T19:32:45.492526148Z LEADER RECEIVES ACK FROM SERVER 3 FOR REQUEST 17
2026-05-29T19:32:45.495082517Z LEADER SENDS REQUEST 12 TO SERVER 5
2026-05-29T19:32:45.497891088Z LEADER SENDS REQUEST 10 TO SERVER 4
2026-05-29T19:32:45.500418871Z LEADER SENDS REQUEST 11 TO SERVER 4
2026-05-29T19:32:45.503223043Z LEADER SENDS REQUEST 16 TO SERVER 4
2026-05-29T19:32:45.505676471Z LEADER SENDS REQUEST 16 TO SERVER 5
2026-05-29T19:32:45.508612322Z LEADER SENDS REQUEST 14 TO SERVER 5
2026-05-29T19:32:45.512385902Z LEADER SENDS REQUEST 11 TO SERVER 5
2026-05-29T19:32:45.514993173Z LEADER SENDS REQUEST 7 TO SERVER 5
2026-05-29T19:32:45.517890052Z LEADER SENDS REQUEST 17 TO SERVER 5
2026-05-29T19:32:45.520604722Z LEADER SENDS REQUEST 5 TO SERVER 4
2026-05-29T19:32:45.523643089Z LEADER SENDS REQUEST 8 TO SERVER 5
2026-05-29T19:32:45.526469295Z LEADER SENDS REQUEST 17 TO SERVER 4
2026-05-29T19:32:45.529287014Z LEADER SENDS REQUEST 6 TO SERVER 5
2026-05-29T19:32:45.532550666Z LEADER SENDS REQUEST 14 TO SERVER 4
2026-05-29T19:32:45.535614098Z LEADER SENDS REQUEST 13 TO SERVER 5
2026-05-29T19:32:45.538093419Z LEADER SENDS REQUEST 12 TO SERVER 4
2026-05-29T19:32:45.540586737Z LEADER SENDS REQUEST 13 TO SERVER 4
2026-05-29T19:32:45.543419898Z LEADER SENDS REQUEST 7 TO SERVER 4
2026-05-29T19:32:45.546428814Z LEADER SENDS REQUEST 8 TO SERVER 4
2026-05-29T19:32:45.549114648Z LEADER SENDS REQUEST 9 TO SERVER 4
2026-05-29T19:32:45.551879636Z LEADER SENDS REQUEST 10 TO SERVER 5
2026-05-29T19:32:45.554776068Z LEADER SENDS REQUEST 9 TO SERVER 5
2026-05-29T19:32:45.558006826Z LEADER SENDS REQUEST 15 TO SERVER 4
2026-05-29T19:32:45.561227214Z LEADER SENDS REQUEST 15 TO SERVER 5
2026-05-29T19:32:45.563918936Z LEADER SENDS REQUEST 10 TO SERVER 4
2026-05-29T19:32:45.566890962Z LEADER SENDS REQUEST 12 TO SERVER 5
2026-05-29T19:32:45.569624003Z LEADER SENDS REQUEST 11 TO SERVER 4
2026-05-29T19:32:45.572777269Z LEADER SENDS REQUEST 16 TO SERVER 4
2026-05-29T19:32:45.576104389Z LEADER SENDS REQUEST 16 TO SERVER 5
2026-05-29T19:32:45.578731515Z LEADER SENDS REQUEST 14 TO SERVER 5
2026-05-29T19:32:45.58142716Z LEADER SENDS REQUEST 11 TO SERVER 5
2026-05-29T19:32:45.584101062Z LEADER SERVER 2 RECEIVES REQUEST 18 FROM CLIENT
2026-05-29T19:32:45.594023328Z LEADER SERVER 2 ADDS REQUEST 18 TO LOG ENTRY 18
2026-05-29T19:32:45.604203062Z LEADER SENDS REQUEST 17 TO SERVER 5
2026-05-29T19:32:45.60740066Z LEADER SENDS REQUEST 7 TO SERVER 5
2026-05-29T19:32:45.610454276Z LEADER SENDS REQUEST 8 TO SERVER 5
2026-05-29T19:32:45.613582455Z LEADER SENDS REQUEST 14 TO SERVER 4
2026-05-29T19:32:45.616113445Z LEADER SENDS REQUEST 17 TO SERVER 4
2026-05-29T19:32:45.618838732Z LEADER SENDS REQUEST 6 TO SERVER 5
2026-05-29T19:32:45.621638613Z LEADER SENDS REQUEST 13 TO SERVER 5
2026-05-29T19:32:45.624395295Z LEADER SENDS REQUEST 13 TO SERVER 4
2026-05-29T19:32:45.627093799Z LEADER SENDS REQUEST 12 TO SERVER 4
2026-05-29T19:32:45.629955907Z LEADER SENDS REQUEST 7 TO SERVER 4
2026-05-29T19:32:45.632493297Z LEADER SENDS REQUEST 18 TO SERVER 5
2026-05-29T19:32:45.635147772Z LEADER SENDS REQUEST 18 TO SERVER 1
2026-05-29T19:32:45.638173316Z LEADER SENDS REQUEST 18 TO SERVER 3
2026-05-29T19:32:45.64153109Z LEADER SENDS REQUEST 18 TO SERVER 4
2026-05-29T19:32:45.644588074Z LEADER SENDS REQUEST 9 TO SERVER 4
2026-05-29T19:32:45.647790644Z LEADER SENDS REQUEST 8 TO SERVER 4
2026-05-29T19:32:45.651896175Z LEADER SENDS REQUEST 10 TO SERVER 5
2026-05-29T19:32:45.655505471Z LEADER SENDS REQUEST 9 TO SERVER 5
2026-05-29T19:32:45.658923503Z LEADER SENDS REQUEST 15 TO SERVER 4
2026-05-29T19:32:45.662193435Z LEADER SENDS REQUEST 10 TO SERVER 4
2026-05-29T19:32:45.664890441Z LEADER SENDS REQUEST 12 TO SERVER 5
2026-05-29T19:32:45.667080747Z LEADER SENDS REQUEST 16 TO SERVER 5
2026-05-29T19:32:45.669416812Z LEADER SENDS REQUEST 16 TO SERVER 4
2026-05-29T19:32:45.672280133Z LEADER SENDS REQUEST 11 TO SERVER 4
2026-05-29T19:32:45.675115084Z LEADER SENDS REQUEST 15 TO SERVER 5
2026-05-29T19:32:45.6782722Z LEADER SENDS REQUEST 14 TO SERVER 5
2026-05-29T19:32:45.681948003Z LEADER SENDS REQUEST 11 TO SERVER 5
2026-05-29T19:32:45.685551137Z LEADER RECEIVES ACK FROM SERVER 1 FOR REQUEST 18
2026-05-29T19:32:45.68855308Z LEADER RECEIVES ACK FROM SERVER 3 FOR REQUEST 18
2026-05-29T19:32:45.691187047Z LEADER SENDS REQUEST 14 TO SERVER 4
2026-05-29T19:32:45.693987333Z LEADER SENDS REQUEST 17 TO SERVER 4
2026-05-29T19:32:45.697351533Z LEADER SENDS REQUEST 8 TO SERVER 5
2026-05-29T19:32:45.700056823Z LEADER SENDS REQUEST 17 TO SERVER 5
2026-05-29T19:32:45.702815071Z LEADER SENDS REQUEST 7 TO SERVER 5
2026-05-29T19:32:45.705304925Z LEADER SENDS REQUEST 13 TO SERVER 5
2026-05-29T19:32:45.707788308Z LEADER SENDS REQUEST 13 TO SERVER 4
2026-05-29T19:32:45.71095245Z LEADER SENDS REQUEST 12 TO SERVER 4
2026-05-29T19:32:45.714264804Z LEADER SENDS REQUEST 7 TO SERVER 4
2026-05-29T19:32:45.717227757Z LEADER SENDS REQUEST 18 TO SERVER 5
2026-05-29T19:32:45.720348053Z LEADER SENDS REQUEST 9 TO SERVER 4
2026-05-29T19:32:45.723056616Z LEADER SENDS REQUEST 18 TO SERVER 4
2026-05-29T19:32:45.725668004Z LEADER SENDS REQUEST 10 TO SERVER 5
2026-05-29T19:32:45.72830659Z LEADER SENDS REQUEST 8 TO SERVER 4
2026-05-29T19:32:45.73083164Z LEADER SENDS REQUEST 14 TO SERVER 5
2026-05-29T19:32:45.733612868Z LEADER SENDS REQUEST 16 TO SERVER 5
2026-05-29T19:32:45.736147229Z LEADER SENDS REQUEST 9 TO SERVER 5
2026-05-29T19:32:45.739270941Z LEADER SENDS REQUEST 15 TO SERVER 4
2026-05-29T19:32:45.742007668Z LEADER SENDS REQUEST 10 TO SERVER 4
2026-05-29T19:32:45.744650956Z LEADER SENDS REQUEST 12 TO SERVER 5
2026-05-29T19:32:45.746947916Z LEADER SENDS REQUEST 16 TO SERVER 4
2026-05-29T19:32:45.750073099Z LEADER SENDS REQUEST 11 TO SERVER 4
2026-05-29T19:32:45.752644777Z LEADER SENDS REQUEST 15 TO SERVER 5
2026-05-29T19:32:45.755223458Z LEADER SENDS REQUEST 17 TO SERVER 4
2026-05-29T19:32:45.757869478Z LEADER SENDS REQUEST 14 TO SERVER 4
2026-05-29T19:32:45.760322617Z LEADER SENDS REQUEST 11 TO SERVER 5
2026-05-29T19:32:45.762834054Z LEADER SENDS REQUEST 8 TO SERVER 5
2026-05-29T19:32:45.766024275Z LEADER SENDS REQUEST 17 TO SERVER 5
2026-05-29T19:32:45.768403731Z LEADER SENDS REQUEST 13 TO SERVER 5
2026-05-29T19:32:45.770863684Z LEADER SENDS REQUEST 13 TO SERVER 4
2026-05-29T19:32:45.773790853Z LEADER SERVER 2 RECEIVES REQUEST 19 FROM CLIENT
2026-05-29T19:32:45.783153866Z LEADER SERVER 2 ADDS REQUEST 19 TO LOG ENTRY 19
2026-05-29T19:32:45.78605042Z LEADER SENDS REQUEST 12 TO SERVER 4
2026-05-29T19:32:45.789080208Z LEADER SENDS REQUEST 10 TO SERVER 5
2026-05-29T19:32:45.792216605Z LEADER SENDS REQUEST 18 TO SERVER 5
2026-05-29T19:32:45.795464588Z LEADER SENDS REQUEST 9 TO SERVER 4
2026-05-29T19:32:45.799367969Z LEADER SENDS REQUEST 18 TO SERVER 4
2026-05-29T19:32:45.8031813Z LEADER SENDS REQUEST 8 TO SERVER 4
2026-05-29T19:32:45.806645847Z LEADER SENDS REQUEST 19 TO SERVER 1
2026-05-29T19:32:45.809885721Z LEADER SENDS REQUEST 19 TO SERVER 3
2026-05-29T19:32:45.812615355Z LEADER SENDS REQUEST 19 TO SERVER 4
2026-05-29T19:32:45.815438032Z LEADER SENDS REQUEST 19 TO SERVER 5
2026-05-29T19:32:45.818473569Z LEADER SENDS REQUEST 14 TO SERVER 5
2026-05-29T19:32:45.820675953Z LEADER SENDS REQUEST 16 TO SERVER 5
2026-05-29T19:32:45.823178643Z LEADER SENDS REQUEST 15 TO SERVER 4
2026-05-29T19:32:45.82593309Z LEADER SENDS REQUEST 9 TO SERVER 5
2026-05-29T19:32:45.82911961Z LEADER SENDS REQUEST 12 TO SERVER 5
2026-05-29T19:32:45.832598955Z LEADER SENDS REQUEST 10 TO SERVER 4
2026-05-29T19:32:45.835255483Z LEADER SENDS REQUEST 16 TO SERVER 4
2026-05-29T19:32:45.838139857Z LEADER SENDS REQUEST 11 TO SERVER 4
2026-05-29T19:32:45.841187367Z LEADER SENDS REQUEST 17 TO SERVER 4
2026-05-29T19:32:45.843987493Z LEADER SENDS REQUEST 15 TO SERVER 5
2026-05-29T19:32:45.846527464Z LEADER SENDS REQUEST 13 TO SERVER 4
2026-05-29T19:32:45.849021406Z LEADER SENDS REQUEST 11 TO SERVER 5
2026-05-29T19:32:45.851792328Z LEADER SENDS REQUEST 14 TO SERVER 4
2026-05-29T19:32:45.854734805Z LEADER SENDS REQUEST 13 TO SERVER 5
2026-05-29T19:32:45.857292926Z LEADER SENDS REQUEST 17 TO SERVER 5
2026-05-29T19:32:45.85966942Z LEADER RECEIVES ACK FROM SERVER 1 FOR REQUEST 19
2026-05-29T19:32:45.861565949Z LEADER RECEIVES ACK FROM SERVER 3 FOR REQUEST 19
2026-05-29T19:32:45.864161383Z LEADER SENDS REQUEST 12 TO SERVER 4
2026-05-29T19:32:45.867334043Z LEADER SENDS REQUEST 10 TO SERVER 5
2026-05-29T19:32:45.872138937Z LEADER SENDS REQUEST 8 TO SERVER 4
2026-05-29T19:32:45.875241192Z LEADER SENDS REQUEST 18 TO SERVER 5
2026-05-29T19:32:45.878553992Z LEADER SENDS REQUEST 18 TO SERVER 4
2026-05-29T19:32:45.881581693Z LEADER SENDS REQUEST 9 TO SERVER 4
2026-05-29T19:32:45.884979635Z LEADER SENDS REQUEST 19 TO SERVER 4
2026-05-29T19:32:45.887701417Z LEADER SENDS REQUEST 19 TO SERVER 5
2026-05-29T19:32:45.890756055Z LEADER SENDS REQUEST 14 TO SERVER 5
2026-05-29T19:32:45.893635593Z LEADER SERVER 2 RECEIVES REQUEST 20 FROM CLIENT
2026-05-29T19:32:45.90316185Z LEADER SERVER 2 ADDS REQUEST 20 TO LOG ENTRY 20
2026-05-29T19:32:45.906225462Z LEADER SENDS REQUEST 20 TO SERVER 5
2026-05-29T19:32:45.909541249Z LEADER SENDS REQUEST 20 TO SERVER 4
2026-05-29T19:32:45.912816326Z LEADER SENDS REQUEST 17 TO SERVER 4
2026-05-29T19:32:45.915783283Z LEADER SENDS REQUEST 9 TO SERVER 5
2026-05-29T19:32:45.918433385Z LEADER SENDS REQUEST 16 TO SERVER 5
2026-05-29T19:32:45.921551837Z LEADER SENDS REQUEST 15 TO SERVER 4
2026-05-29T19:32:45.924474459Z LEADER SENDS REQUEST 10 TO SERVER 4
2026-05-29T19:32:45.927365489Z LEADER SENDS REQUEST 12 TO SERVER 5
2026-05-29T19:32:45.930157665Z LEADER SENDS REQUEST 16 TO SERVER 4
2026-05-29T19:32:45.932606352Z LEADER SENDS REQUEST 14 TO SERVER 4
2026-05-29T19:32:45.93605936Z LEADER SENDS REQUEST 11 TO SERVER 5
2026-05-29T19:32:45.938785141Z LEADER SENDS REQUEST 13 TO SERVER 4
2026-05-29T19:32:45.941385223Z LEADER SENDS REQUEST 15 TO SERVER 5
2026-05-29T19:32:45.944884618Z LEADER SENDS REQUEST 13 TO SERVER 5
2026-05-29T19:32:45.947450736Z LEADER SENDS REQUEST 17 TO SERVER 5
2026-05-29T19:32:45.950744615Z LEADER SENDS REQUEST 12 TO SERVER 4
2026-05-29T19:32:45.954147357Z LEADER SENDS REQUEST 20 TO SERVER 1
2026-05-29T19:32:45.957091437Z LEADER SENDS REQUEST 20 TO SERVER 3
2026-05-29T19:32:45.95968544Z LEADER SENDS REQUEST 11 TO SERVER 4
2026-05-29T19:32:45.962304847Z LEADER SENDS REQUEST 10 TO SERVER 5
2026-05-29T19:32:45.964990016Z LEADER SENDS REQUEST 18 TO SERVER 4
2026-05-29T19:32:45.967626794Z LEADER SENDS REQUEST 18 TO SERVER 5
2026-05-29T19:32:45.971138042Z LEADER SENDS REQUEST 17 TO SERVER 4
2026-05-29T19:32:45.973878605Z LEADER RECEIVES ACK FROM SERVER 3 FOR REQUEST 20
2026-05-29T19:32:45.976776686Z LEADER SENDS REQUEST 16 TO SERVER 5
2026-05-29T19:32:45.979011379Z LEADER SENDS REQUEST 19 TO SERVER 4
2026-05-29T19:32:45.981374806Z LEADER SENDS REQUEST 16 TO SERVER 4
2026-05-29T19:32:45.984137669Z LEADER RECEIVES ACK FROM SERVER 1 FOR REQUEST 20
2026-05-29T19:32:45.987066705Z LEADER SENDS REQUEST 19 TO SERVER 5
2026-05-29T19:32:45.989968391Z LEADER SENDS REQUEST 14 TO SERVER 5
2026-05-29T19:32:45.993027232Z LEADER SENDS REQUEST 17 TO SERVER 5
2026-05-29T19:32:45.995876551Z LEADER SENDS REQUEST 18 TO SERVER 4
2026-05-29T19:32:45.999142249Z LEADER SENDS REQUEST 20 TO SERVER 4
2026-05-29T19:32:46.001985777Z LEADER SENDS REQUEST 20 TO SERVER 5
2026-05-29T19:32:46.005068131Z LEADER SENDS REQUEST 15 TO SERVER 4
2026-05-29T19:32:46.00771792Z LEADER SENDS REQUEST 12 TO SERVER 5
2026-05-29T19:32:46.010595177Z LEADER SENDS REQUEST 14 TO SERVER 4
2026-05-29T19:32:46.013350547Z LEADER SENDS REQUEST 11 TO SERVER 5
2026-05-29T19:32:46.016412587Z LEADER SENDS REQUEST 10 TO SERVER 4
2026-05-29T19:32:55.941441096Z SERVER 2 VOTES VOTE FOR SERVER 3
2026-05-29T19:32:56.37495786Z FOLLOWER 2 RECEIVES REQUEST 19
2026-05-29T19:32:56.379043389Z FOLLOWER 2 RECEIVES REQUEST 20
2026-05-29T19:32:56.382206445Z FOLLOWER 2 RECEIVES REQUEST 21
2026-05-29T19:32:56.384912541Z FOLLOWER 2 RECEIVES REQUEST 22
2026-05-29T19:32:56.387801272Z FOLLOWER 2 RECEIVES REQUEST 23
2026-05-29T19:32:56.390778658Z FOLLOWER 2 RECEIVES REQUEST 24
2026-05-29T19:32:56.393953741Z FOLLOWER 2 RECEIVES REQUEST 25
2026-05-29T19:32:56.396871082Z FOLLOWER 2 RECEIVES REQUEST 26
2026-05-29T19:32:56.399370998Z FOLLOWER 2 RECEIVES REQUEST 27
2026-05-29T19:32:56.401809181Z FOLLOWER 2 RECEIVES REQUEST 28
2026-05-29T19:32:56.404417165Z FOLLOWER 2 RECEIVES REQUEST 29
2026-05-29T19:32:56.406932602Z FOLLOWER 2 RECEIVES REQUEST 30
2026-05-29T19:32:56.409724411Z FOLLOWER 2 RECEIVES REQUEST 31
2026-05-29T19:32:56.412278984Z FOLLOWER 2 RECEIVES REQUEST 32
2026-05-29T19:32:56.414554945Z FOLLOWER 2 RECEIVES REQUEST 33
2026-05-29T19:32:56.417627188Z FOLLOWER 2 RECEIVES REQUEST 34
2026-05-29T19:32:56.420596953Z FOLLOWER 2 RECEIVES REQUEST 35
2026-05-29T19:32:56.424725866Z FOLLOWER 2 RECEIVES REQUEST 36
2026-05-29T19:32:56.428434676Z FOLLOWER 2 RECEIVES REQUEST 37
2026-05-29T19:32:56.431525526Z FOLLOWER 2 RECEIVES REQUEST 38
2026-05-29T19:32:56.434611035Z FOLLOWER 2 RECEIVES REQUEST 39
2026-05-29T19:32:56.438162939Z FOLLOWER 2 RECEIVES REQUEST 40
2026-05-29T19:32:56.440904024Z FOLLOWER 2 RECEIVES REQUEST 41
2026-05-29T19:32:56.443815082Z FOLLOWER 2 RECEIVES REQUEST 42
2026-05-29T19:32:56.446493718Z FOLLOWER 2 RECEIVES REQUEST 43
2026-05-29T19:32:56.448751142Z FOLLOWER 2 RECEIVES REQUEST 44
2026-05-29T19:32:56.451102495Z FOLLOWER 2 RECEIVES REQUEST 45
2026-05-29T19:32:56.454151646Z FOLLOWER 2 RECEIVES REQUEST 46
2026-05-29T19:32:56.457457685Z FOLLOWER 2 RECEIVES REQUEST 47
2026-05-29T19:32:56.460595705Z FOLLOWER 2 RECEIVES REQUEST 48
2026-05-29T19:32:56.463626185Z FOLLOWER 2 RECEIVES REQUEST 49
2026-05-29T19:32:56.466780153Z FOLLOWER 2 RECEIVES REQUEST 50
2026-05-29T19:32:56.469682485Z FOLLOWER 2 RECEIVES REQUEST 51
2026-05-29T19:32:56.472418279Z FOLLOWER 2 RECEIVES REQUEST 52
2026-05-29T19:32:56.481376497Z FOLLOWER 2 RECEIVES REQUEST 19
2026-05-29T19:32:56.484229611Z FOLLOWER 2 RECEIVES REQUEST 20
2026-05-29T19:32:56.487028728Z FOLLOWER 2 RECEIVES REQUEST 21
2026-05-29T19:32:56.490272748Z FOLLOWER 2 RECEIVES REQUEST 22
2026-05-29T19:32:56.494394951Z FOLLOWER 2 RECEIVES REQUEST 23
2026-05-29T19:32:56.498949528Z FOLLOWER 2 RECEIVES REQUEST 24
2026-05-29T19:32:56.501701084Z FOLLOWER 2 RECEIVES REQUEST 25
2026-05-29T19:32:56.504445054Z FOLLOWER 2 RECEIVES REQUEST 26
2026-05-29T19:32:56.507137381Z FOLLOWER 2 RECEIVES REQUEST 27
2026-05-29T19:32:56.509596219Z FOLLOWER 2 RECEIVES REQUEST 28
2026-05-29T19:32:56.512621709Z FOLLOWER 2 RECEIVES REQUEST 29
2026-05-29T19:32:56.515711985Z FOLLOWER 2 RECEIVES REQUEST 30
2026-05-29T19:32:56.518325659Z FOLLOWER 2 RECEIVES REQUEST 31
2026-05-29T19:32:56.5217963Z FOLLOWER 2 RECEIVES REQUEST 32
2026-05-29T19:32:56.524707755Z FOLLOWER 2 RECEIVES REQUEST 33
2026-05-29T19:32:56.527481078Z FOLLOWER 2 RECEIVES REQUEST 34
2026-05-29T19:32:56.530543489Z FOLLOWER 2 RECEIVES REQUEST 35
2026-05-29T19:32:56.534000837Z FOLLOWER 2 RECEIVES REQUEST 36
2026-05-29T19:32:56.538492404Z FOLLOWER 2 RECEIVES REQUEST 37
2026-05-29T19:32:56.541541467Z FOLLOWER 2 RECEIVES REQUEST 38
2026-05-29T19:32:56.54464868Z FOLLOWER 2 RECEIVES REQUEST 39
2026-05-29T19:32:56.548615749Z FOLLOWER 2 RECEIVES REQUEST 40
2026-05-29T19:32:56.551660552Z FOLLOWER 2 RECEIVES REQUEST 41
2026-05-29T19:32:56.555273968Z FOLLOWER 2 RECEIVES REQUEST 42
2026-05-29T19:32:56.558451984Z FOLLOWER 2 RECEIVES REQUEST 43
2026-05-29T19:32:56.561139342Z FOLLOWER 2 RECEIVES REQUEST 44
2026-05-29T19:32:56.563944499Z FOLLOWER 2 RECEIVES REQUEST 45
2026-05-29T19:32:56.566600363Z FOLLOWER 2 RECEIVES REQUEST 46
2026-05-29T19:32:56.570152971Z FOLLOWER 2 RECEIVES REQUEST 47
2026-05-29T19:32:56.573516222Z FOLLOWER 2 RECEIVES REQUEST 48
2026-05-29T19:32:56.576011814Z FOLLOWER 2 RECEIVES REQUEST 49
2026-05-29T19:32:56.579065901Z FOLLOWER 2 RECEIVES REQUEST 50
2026-05-29T19:32:56.582141114Z FOLLOWER 2 RECEIVES REQUEST 51
2026-05-29T19:32:56.584956314Z FOLLOWER 2 RECEIVES REQUEST 52
2026-05-29T19:32:56.588079925Z FOLLOWER 2 RECEIVES REQUEST 19
2026-05-29T19:32:56.590972626Z FOLLOWER 2 RECEIVES REQUEST 20
2026-05-29T19:32:56.593736969Z FOLLOWER 2 RECEIVES REQUEST 21
2026-05-29T19:32:56.596533678Z FOLLOWER 2 RECEIVES REQUEST 22
2026-05-29T19:32:56.599255171Z FOLLOWER 2 RECEIVES REQUEST 23
2026-05-29T19:32:56.602294724Z FOLLOWER 2 RECEIVES REQUEST 24
2026-05-29T19:32:56.605142723Z FOLLOWER 2 RECEIVES REQUEST 25
2026-05-29T19:32:56.608273548Z FOLLOWER 2 RECEIVES REQUEST 26
2026-05-29T19:32:56.611143538Z FOLLOWER 2 RECEIVES REQUEST 27
2026-05-29T19:32:56.614729869Z FOLLOWER 2 RECEIVES REQUEST 28
2026-05-29T19:32:56.618723114Z FOLLOWER 2 RECEIVES REQUEST 29
2026-05-29T19:32:56.621928082Z FOLLOWER 2 RECEIVES REQUEST 30
2026-05-29T19:32:56.624598776Z FOLLOWER 2 RECEIVES REQUEST 31
2026-05-29T19:32:56.628110504Z FOLLOWER 2 RECEIVES REQUEST 32
2026-05-29T19:32:56.631186227Z FOLLOWER 2 RECEIVES REQUEST 33
2026-05-29T19:32:56.634215984Z FOLLOWER 2 RECEIVES REQUEST 34
2026-05-29T19:32:56.636883657Z FOLLOWER 2 RECEIVES REQUEST 35
2026-05-29T19:32:56.639442426Z FOLLOWER 2 RECEIVES REQUEST 36
2026-05-29T19:32:56.642756531Z FOLLOWER 2 RECEIVES REQUEST 37
2026-05-29T19:32:56.645326398Z FOLLOWER 2 RECEIVES REQUEST 38
2026-05-29T19:32:56.649051296Z FOLLOWER 2 RECEIVES REQUEST 39
2026-05-29T19:32:56.652528035Z FOLLOWER 2 RECEIVES REQUEST 40
2026-05-29T19:32:56.656232631Z FOLLOWER 2 RECEIVES REQUEST 41
2026-05-29T19:32:56.66350611Z FOLLOWER 2 RECEIVES REQUEST 42
2026-05-29T19:32:56.668286175Z FOLLOWER 2 RECEIVES REQUEST 43
2026-05-29T19:32:56.671337094Z FOLLOWER 2 RECEIVES REQUEST 44
2026-05-29T19:32:56.674320598Z FOLLOWER 2 RECEIVES REQUEST 45
2026-05-29T19:32:56.677046395Z FOLLOWER 2 RECEIVES REQUEST 46
2026-05-29T19:32:56.679775194Z FOLLOWER 2 RECEIVES REQUEST 47
2026-05-29T19:32:56.683069813Z FOLLOWER 2 RECEIVES REQUEST 48
2026-05-29T19:32:56.686347547Z FOLLOWER 2 RECEIVES REQUEST 49
2026-05-29T19:32:56.69059451Z FOLLOWER 2 RECEIVES REQUEST 50
2026-05-29T19:32:56.694521632Z FOLLOWER 2 RECEIVES REQUEST 51
2026-05-29T19:32:56.697316917Z FOLLOWER 2 RECEIVES REQUEST 52
2026-05-29T19:32:56.700658794Z FOLLOWER 2 RECEIVES REQUEST 19
2026-05-29T19:32:56.704586311Z FOLLOWER 2 RECEIVES REQUEST 20
2026-05-29T19:32:56.708547664Z FOLLOWER 2 RECEIVES REQUEST 21
2026-05-29T19:32:56.712054579Z FOLLOWER 2 RECEIVES REQUEST 22
2026-05-29T19:32:56.71478608Z FOLLOWER 2 RECEIVES REQUEST 23
2026-05-29T19:32:56.717704876Z FOLLOWER 2 RECEIVES REQUEST 24
2026-05-29T19:32:56.72053727Z FOLLOWER 2 RECEIVES REQUEST 25
2026-05-29T19:32:56.723154497Z FOLLOWER 2 RECEIVES REQUEST 26
2026-05-29T19:32:56.726380697Z FOLLOWER 2 RECEIVES REQUEST 27
2026-05-29T19:32:56.729215637Z FOLLOWER 2 RECEIVES REQUEST 28
2026-05-29T19:32:56.73241349Z FOLLOWER 2 RECEIVES REQUEST 29
2026-05-29T19:32:56.735565736Z FOLLOWER 2 RECEIVES REQUEST 30
2026-05-29T19:32:56.740473352Z FOLLOWER 2 RECEIVES REQUEST 31
2026-05-29T19:32:56.743788417Z FOLLOWER 2 RECEIVES REQUEST 32
2026-05-29T19:32:56.747024361Z FOLLOWER 2 RECEIVES REQUEST 33
2026-05-29T19:32:56.750900168Z FOLLOWER 2 RECEIVES REQUEST 34
2026-05-29T19:32:56.754157773Z FOLLOWER 2 RECEIVES REQUEST 35
2026-05-29T19:32:56.756941886Z FOLLOWER 2 RECEIVES REQUEST 36
2026-05-29T19:32:56.760051706Z FOLLOWER 2 RECEIVES REQUEST 37
2026-05-29T19:32:56.762645298Z FOLLOWER 2 RECEIVES REQUEST 38
2026-05-29T19:32:56.765406828Z FOLLOWER 2 RECEIVES REQUEST 39
2026-05-29T19:32:56.768531427Z FOLLOWER 2 RECEIVES REQUEST 40
2026-05-29T19:32:56.771332065Z FOLLOWER 2 RECEIVES REQUEST 41
2026-05-29T19:32:56.774999315Z FOLLOWER 2 RECEIVES REQUEST 42
2026-05-29T19:32:56.778061212Z FOLLOWER 2 RECEIVES REQUEST 43
2026-05-29T19:32:56.78077426Z FOLLOWER 2 RECEIVES REQUEST 44
2026-05-29T19:32:56.784152099Z FOLLOWER 2 RECEIVES REQUEST 45
2026-05-29T19:32:56.787292155Z FOLLOWER 2 RECEIVES REQUEST 46
2026-05-29T19:32:56.789576126Z FOLLOWER 2 RECEIVES REQUEST 47
2026-05-29T19:32:56.791892675Z FOLLOWER 2 RECEIVES REQUEST 48
2026-05-29T19:32:56.794666604Z FOLLOWER 2 RECEIVES REQUEST 49
2026-05-29T19:32:56.797085022Z FOLLOWER 2 RECEIVES REQUEST 50
2026-05-29T19:32:56.800848887Z FOLLOWER 2 RECEIVES REQUEST 51
2026-05-29T19:32:56.804976474Z FOLLOWER 2 RECEIVES REQUEST 52
2026-05-29T19:32:56.809686044Z FOLLOWER 2 RECEIVES REQUEST 19
2026-05-29T19:32:56.813956731Z FOLLOWER 2 RECEIVES REQUEST 20
2026-05-29T19:32:56.817968424Z FOLLOWER 2 RECEIVES REQUEST 21
2026-05-29T19:32:56.821150918Z FOLLOWER 2 RECEIVES REQUEST 22
2026-05-29T19:32:56.824529593Z FOLLOWER 2 RECEIVES REQUEST 23
2026-05-29T19:32:56.828221234Z FOLLOWER 2 RECEIVES REQUEST 24
2026-05-29T19:32:56.831595993Z FOLLOWER 2 RECEIVES REQUEST 25
2026-05-29T19:32:56.834700293Z FOLLOWER 2 RECEIVES REQUEST 26
2026-05-29T19:32:56.837671089Z FOLLOWER 2 RECEIVES REQUEST 27
2026-05-29T19:32:56.840438561Z FOLLOWER 2 RECEIVES REQUEST 28
2026-05-29T19:32:56.842914182Z FOLLOWER 2 RECEIVES REQUEST 29
2026-05-29T19:32:56.845199443Z FOLLOWER 2 RECEIVES REQUEST 30
2026-05-29T19:32:56.847887688Z FOLLOWER 2 RECEIVES REQUEST 31
2026-05-29T19:32:56.850636978Z FOLLOWER 2 RECEIVES REQUEST 32
2026-05-29T19:32:56.853523763Z FOLLOWER 2 RECEIVES REQUEST 33
2026-05-29T19:32:56.856353212Z FOLLOWER 2 RECEIVES REQUEST 34
2026-05-29T19:32:56.859888272Z FOLLOWER 2 RECEIVES REQUEST 35
2026-05-29T19:32:56.862657339Z FOLLOWER 2 RECEIVES REQUEST 36
2026-05-29T19:32:56.865579457Z FOLLOWER 2 RECEIVES REQUEST 37
2026-05-29T19:32:56.86823527Z FOLLOWER 2 RECEIVES REQUEST 38
2026-05-29T19:32:56.871038614Z FOLLOWER 2 RECEIVES REQUEST 39
2026-05-29T19:32:56.873552958Z FOLLOWER 2 RECEIVES REQUEST 40
2026-05-29T19:32:56.876231004Z FOLLOWER 2 RECEIVES REQUEST 41
2026-05-29T19:32:56.878853625Z FOLLOWER 2 RECEIVES REQUEST 42
2026-05-29T19:32:56.881228066Z FOLLOWER 2 RECEIVES REQUEST 43
2026-05-29T19:32:56.883622695Z FOLLOWER 2 RECEIVES REQUEST 44
2026-05-29T19:32:56.886204368Z FOLLOWER 2 RECEIVES REQUEST 45
2026-05-29T19:32:56.888807426Z FOLLOWER 2 RECEIVES REQUEST 46
2026-05-29T19:32:56.892141623Z FOLLOWER 2 RECEIVES REQUEST 47
2026-05-29T19:32:56.89496911Z FOLLOWER 2 RECEIVES REQUEST 48
2026-05-29T19:32:56.897689226Z FOLLOWER 2 RECEIVES REQUEST 49
2026-05-29T19:32:56.900381846Z FOLLOWER 2 RECEIVES REQUEST 50
2026-05-29T19:32:56.903738852Z FOLLOWER 2 RECEIVES REQUEST 51
2026-05-29T19:32:56.907330653Z FOLLOWER 2 RECEIVES REQUEST 52
2026-05-29T19:32:56.910350563Z FOLLOWER 2 RECEIVES REQUEST 53
2026-05-29T19:32:56.921563614Z FOLLOWER 2 RECEIVES REQUEST 53
2026-05-29T19:32:56.92777672Z FOLLOWER 2 RECEIVES REQUEST 53
2026-05-29T19:32:56.963714269Z FOLLOWER 2 RECEIVES REQUEST 54
2026-05-29T19:32:57.042597666Z FOLLOWER 2 RECEIVES REQUEST 55
2026-05-29T19:32:57.117051013Z FOLLOWER 2 RECEIVES REQUEST 56
2026-05-29T19:32:57.138619007Z FOLLOWER 2 RECEIVES REQUEST 56
2026-05-29T19:32:57.21237933Z FOLLOWER 2 RECEIVES REQUEST 57
2026-05-29T19:32:57.30917464Z FOLLOWER 2 RECEIVES REQUEST 58
2026-05-29T19:32:57.426756215Z FOLLOWER 2 RECEIVES REQUEST 59
2026-05-29T19:32:57.441821658Z FOLLOWER 2 RECEIVES REQUEST 59
2026-05-29T19:32:57.529698865Z FOLLOWER 2 RECEIVES REQUEST 60
2026-05-29T19:32:57.614746419Z FOLLOWER 2 RECEIVES REQUEST 61
2026-05-29T19:32:57.694140944Z FOLLOWER 2 RECEIVES REQUEST 62
2026-05-29T19:32:57.729524663Z FOLLOWER 2 RECEIVES REQUEST 62
2026-05-29T19:32:57.81611104Z FOLLOWER 2 RECEIVES REQUEST 63
2026-05-29T19:32:57.917274612Z FOLLOWER 2 RECEIVES REQUEST 64
2026-05-29T19:32:58.048787879Z FOLLOWER 2 RECEIVES REQUEST 65
2026-05-29T19:32:58.070506338Z FOLLOWER 2 RECEIVES REQUEST 65
2026-05-29T19:32:58.236401615Z FOLLOWER 2 RECEIVES REQUEST 66
2026-05-29T19:32:58.349304648Z FOLLOWER 2 RECEIVES REQUEST 67
2026-05-29T19:32:58.456899874Z FOLLOWER 2 RECEIVES REQUEST 68
2026-05-29T19:32:58.580149553Z FOLLOWER 2 RECEIVES REQUEST 69
2026-05-29T19:32:58.592543669Z FOLLOWER 2 RECEIVES REQUEST 69
2026-05-29T19:32:58.664631717Z FOLLOWER 2 RECEIVES REQUEST 70
2026-05-29T19:32:58.781601702Z FOLLOWER 2 RECEIVES REQUEST 71
2026-05-29T19:32:58.867456436Z FOLLOWER 2 RECEIVES REQUEST 72
2026-05-29T19:32:58.891032166Z FOLLOWER 2 RECEIVES REQUEST 72
2026-05-29T19:32:58.990008832Z FOLLOWER 2 RECEIVES REQUEST 73
2026-05-29T19:32:59.093117935Z FOLLOWER 2 RECEIVES REQUEST 74
2026-05-29T19:32:59.193868135Z FOLLOWER 2 RECEIVES REQUEST 75
2026-05-29T19:32:59.278784844Z FOLLOWER 2 RECEIVES REQUEST 76
2026-05-29T19:32:59.443577337Z FOLLOWER 2 RECEIVES REQUEST 77
2026-05-29T19:32:59.478955848Z FOLLOWER 2 RECEIVES REQUEST 77
2026-05-29T19:32:59.599620899Z FOLLOWER 2 RECEIVES REQUEST 78
2026-05-29T19:32:59.672421653Z FOLLOWER 2 RECEIVES REQUEST 79
2026-05-29T19:32:59.789715519Z FOLLOWER 2 RECEIVES REQUEST 80
2026-05-29T19:32:59.882566142Z FOLLOWER 2 RECEIVES REQUEST 81
2026-05-29T19:33:00.003809317Z FOLLOWER 2 RECEIVES REQUEST 82
2026-05-29T19:33:00.018903418Z FOLLOWER 2 RECEIVES REQUEST 82
2026-05-29T19:33:00.089859921Z FOLLOWER 2 RECEIVES REQUEST 83
2026-05-29T19:33:00.194940737Z FOLLOWER 2 RECEIVES REQUEST 84
2026-05-29T19:33:00.281942514Z FOLLOWER 2 RECEIVES REQUEST 85
2026-05-29T19:33:00.405798448Z FOLLOWER 2 RECEIVES REQUEST 86
2026-05-29T19:33:00.502603886Z FOLLOWER 2 RECEIVES REQUEST 87
2026-05-29T19:33:00.622269549Z FOLLOWER 2 RECEIVES REQUEST 88
2026-05-29T19:33:00.648187666Z FOLLOWER 2 RECEIVES REQUEST 88
2026-05-29T19:33:00.786874373Z FOLLOWER 2 RECEIVES REQUEST 89
2026-05-29T19:33:00.881119157Z FOLLOWER 2 RECEIVES REQUEST 90
2026-05-29T19:33:00.929277383Z FOLLOWER 2 RECEIVES REQUEST 90
